Mplus VERSION 8.4 (Mac)
MUTHEN & MUTHEN
06/28/2020   9:09 PM

INPUT INSTRUCTIONS

  TITLE:
  Antagonism and Constraint BSEM CFA 3+3 Parcels, Flanker ACC Mod
  DATA:
  FILE = "flanker_acc_mplus.dat";

  VARIABLE:
  NAMES = id correct rt cond block trial block_number trial_z rt_inv run_trial
       run_trial_z prev_rt prev_rt_inv prev_error exclude prev_rt_z MPS_agR AGG
       MISTRUST MPS_alR MANIP PROPER MPS_clR IMPUL MPS_tdR MPS_acR HDWK K10;
   MISSING=.;

      WITHIN = cond block prev_rt_z prev_error;
      USEVARIABLES = id correct cond block prev_rt_z prev_error
            MANIP p1 p2 p3 p4 p5;
      BETWEEN = MANIP p1 p2 p3 p4 p5;
      CLUSTER = id;
      CATEGORICAL = correct;

  DEFINE:

      p1=MEAN(MISTRUST MPS_alR);
      p2=MEAN(PROPER MPS_tdR);
      p3=MEAN(MPS_clR IMPUL);
      p4=MEAN(MPS_acR HDWK);
      p5=MEAN(MPS_agR AGG);
      cond = cond - 1; ! 0=congruent, 1=incongruent
      block = block - 1; ! 0=most_incon, 1=most_con

  ANALYSIS:

      TYPE=TWOLEVEL RANDOM;
      ESTIMATOR=BAYES;
      BITERATIONS=(10000);
      CHAINS=2;
      PROCESSORS=4;

  MODEL:

      %WITHIN%
      correct ON block;
      condslo | correct ON cond;        !random slope of cond
      prevslo | correct ON prev_rt_z;   !random slope of rt autocorrelation
      errslo | correct ON prev_error;   !random slope of previous error

      %BETWEEN%
      !means of random slopes
      [condslo];
      [prevslo];
      [errslo];

      !variances of random slopes
      condslo;
      prevslo;
      errslo;

      !slope correlations
      condslo prevslo errslo WITH
         condslo prevslo errslo;

      [correct$1]; !intercept: average correct

      !TRAIT MODEL

      antag BY p5*1 ! MPS_agR AGG
        p1        ! MISTRUST MPS_alR
        MANIP;
      antag@1;

      constraint BY
        p2*  !PROPER MPS_tdR
        p3  !MPS_clR IMPUL
        p1        ! ADD IN MISTRUST MPS_alR
        p4; !MPS_acR HDWK;
      constraint@1;

      antag WITH constraint;

      constraint BY P1; !modification index cross-loading for fit

      !TRAIT MODERATION

      ! trait moderates flanker performance -- incongruency effect and stickiness of RT
      condslo ON antag constraint;
      prevslo ON antag constraint;
      errslo ON antag constraint;

      correct ON antag constraint;

  OUTPUT:
  TECH1 TECH8 STANDARDIZED CINTERVAL;
  PLOT:
  TYPE = PLOT2;



*** WARNING in VARIABLE command
  Note that only the first 8 characters of variable names are used in the output.
  Shorten variable names to avoid any confusion.
*** WARNING in PLOT command
  Note that only the first 8 characters of variable names are used in plots.
  If variable names are not unique within the first 8 characters, problems
  may occur.
*** WARNING
  One or more individual-level variables have no variation within a
  cluster for the following clusters.

     Variable   Cluster IDs with no within-cluster variation

      CORRECT     90 15 11 13 52 20 66 5 86 91 93 95 106 107 114
      PREV_ERR    90 15 11 13 52 20 66 5 86 6 91 93 95 106 107 114

*** WARNING
  Data set contains cases with missing on x-variables.
  These cases were not included in the analysis.
  Number of cases with missing on x-variables:  496
   4 WARNING(S) FOUND IN THE INPUT INSTRUCTIONS




Antagonism and Constraint BSEM CFA 3+3 Parcels, Flanker ACC Mod

SUMMARY OF ANALYSIS

Number of groups                                                 1
Number of observations                                       15504

Number of dependent variables                                    7
Number of independent variables                                  4
Number of continuous latent variables                            5

Observed dependent variables

  Continuous
   MANIP       P1          P2          P3          P4          P5

  Binary and ordered categorical (ordinal)
   CORRECT

Observed independent variables
   COND        BLOCK       PREV_RT_    PREV_ERR

Continuous latent variables
   ANTAG       CONSTRAI    CONDSLO     PREVSLO     ERRSLO

Variables with special functions

  Cluster variable      ID

  Within variables
   COND        BLOCK       PREV_RT_    PREV_ERR

  Between variables
   MANIP       P1          P2          P3          P4          P5


Estimator                                                    BAYES
Specifications for Bayesian Estimation
  Point estimate                                            MEDIAN
  Number of Markov chain Monte Carlo (MCMC) chains               2
  Random seed for the first chain                                0
  Starting value information                           UNPERTURBED
  Algorithm used for Markov chain Monte Carlo           GIBBS(PX1)
  Convergence criterion                                  0.500D-01
  Maximum number of iterations                               50000
  K-th iteration used for thinning                               1
Link                                                        PROBIT

Input data file(s)
  flanker_acc_mplus.dat
Input data format  FREE


SUMMARY OF DATA

     Number of clusters                        100

       Size (s)    Cluster ID with Size s

        137        62
        144        92
        146        36
        150        73 45
        151        35
        152        110
        153        90 65 42
        154        89 15 24 109 46
        155        57 58 32 33 68 34 18 21 22 99 102 105 14 27 113
        156        10 11 12 13 37 40 41 1 43 2 16 49 50 52 53 54 56 17
                   3 59 60 61 19 63 64 20 66 67 4 69 70 71 72 5 74 75 76
                   77 78 79 81 84 86 87 88 6 25 91 26 93 94 95 96 97 98
                   8 101 28 103 104 29 106 107 108 30 31 111 112 9 114



COVARIANCE COVERAGE OF DATA

Minimum covariance coverage value   0.100

     Number of missing data patterns             2


     PROPORTION OF DATA PRESENT


           Covariance Coverage
              CORRECT       MANIP         P1            P2            P3
              ________      ________      ________      ________      ________
 CORRECT        0.982
 MANIP          0.982         1.000
 P1             0.982         1.000         1.000
 P2             0.982         1.000         1.000         1.000
 P3             0.982         1.000         1.000         1.000         1.000
 P4             0.982         1.000         1.000         1.000         1.000
 P5             0.982         1.000         1.000         1.000         1.000
 COND           0.982         1.000         1.000         1.000         1.000
 BLOCK          0.982         1.000         1.000         1.000         1.000
 PREV_RT_       0.982         1.000         1.000         1.000         1.000
 PREV_ERR       0.982         1.000         1.000         1.000         1.000


           Covariance Coverage
              P4            P5            COND          BLOCK         PREV_RT_
              ________      ________      ________      ________      ________
 P4             1.000
 P5             1.000         1.000
 COND           1.000         1.000         1.000
 BLOCK          1.000         1.000         1.000         1.000
 PREV_RT_       1.000         1.000         1.000         1.000         1.000
 PREV_ERR       1.000         1.000         1.000         1.000         1.000


           Covariance Coverage
              PREV_ERR
              ________
 PREV_ERR       1.000


UNIVARIATE PROPORTIONS AND COUNTS FOR CATEGORICAL VARIABLES

    CORRECT
      Category 1    0.031          471.000
      Category 2    0.969        14751.000



UNIVARIATE SAMPLE STATISTICS


     UNIVARIATE HIGHER-ORDER MOMENT DESCRIPTIVE STATISTICS

         Variable/         Mean/     Skewness/   Minimum/ % with                Percentiles
        Sample Size      Variance    Kurtosis    Maximum  Min/Max      20%/60%    40%/80%    Median

     MANIP                 0.020       0.065      -1.701    7.00%      -0.898     -0.095      0.172
             100.000       1.006      -0.475       2.849    1.00%       0.440      0.708
     P1                    0.018       1.093      -1.197    5.00%      -0.819     -0.370     -0.108
             100.000       0.886       1.171       3.011    1.00%       0.078      0.645
     P2                    0.005       0.135      -1.749    1.00%      -0.801     -0.289     -0.051
             100.000       0.833      -0.639       2.240    1.00%       0.225      0.857
     P3                   -0.012       0.902      -1.396    1.00%      -0.866     -0.371     -0.231
             100.000       0.887       0.345       2.672    1.00%      -0.008      0.753
     P4                   -0.006      -0.027      -1.783    1.00%      -0.919     -0.313     -0.023
             100.000       0.902      -1.019       1.799    1.00%       0.255      0.909
     P5                    0.007       1.054      -1.149    7.00%      -0.845     -0.463     -0.199
             100.000       0.897       0.848       3.259    1.00%       0.065      0.752
     COND                  0.502      -0.007       0.000   49.82%       0.000      0.000      1.000
           15504.000       0.250      -2.000       1.000   50.18%       1.000      1.000
     BLOCK                 0.499       0.003       0.000   50.08%       0.000      0.000      0.000
           15504.000       0.250      -2.000       1.000   49.92%       1.000      1.000
     PREV_RT_Z            -0.020       1.617      -2.625    0.01%      -0.751     -0.367     -0.187
           15504.000       0.979       4.909       6.508    0.01%       0.017      0.559
     PREV_ERROR            0.035       5.048       0.000   96.48%       0.000      0.000      0.000
           15504.000       0.034      23.484       1.000    3.52%       0.000      0.000


THE MODEL ESTIMATION TERMINATED NORMALLY

     USE THE FBITERATIONS OPTION TO INCREASE THE NUMBER OF ITERATIONS BY A FACTOR
     OF AT LEAST TWO TO CHECK CONVERGENCE AND THAT THE PSR VALUE DOES NOT INCREASE.



MODEL FIT INFORMATION

Number of Free Parameters                              40



MODEL RESULTS

                                Posterior  One-Tailed         95% C.I.
                    Estimate       S.D.      P-Value   Lower 2.5%  Upper 2.5%  Significance

Within Level

 CORRECT    ON
    BLOCK             -0.101       0.053      0.025      -0.206       0.000      *

Between Level

 ANTAG    BY
    P5                 0.817       0.101      0.000       0.630       1.027      *
    P1                 0.674       0.120      0.000       0.452       0.915      *
    MANIP              0.784       0.110      0.000       0.581       1.011      *

 CONSTRAI BY
    P2                 0.613       0.126      0.000       0.376       0.868      *
    P3                 0.647       0.135      0.000       0.389       0.920      *
    P1                -0.317       0.124      0.003      -0.575      -0.086      *
    P4                 0.500       0.131      0.000       0.249       0.764      *

 CONDSLO    ON
    ANTAG              0.077       0.092      0.196      -0.107       0.257
    CONSTRAINT         0.050       0.108      0.317      -0.157       0.266

 PREVSLO    ON
    ANTAG             -0.023       0.060      0.350      -0.142       0.097
    CONSTRAINT         0.038       0.068      0.290      -0.094       0.172

 ERRSLO     ON
    ANTAG             -0.342       0.367      0.075      -1.521       0.120
    CONSTRAINT         0.205       0.368      0.236      -0.328       1.273

 CORRECT    ON
    ANTAG             -0.271       0.083      0.001      -0.438      -0.107      *
    CONSTRAINT         0.027       0.094      0.387      -0.165       0.206

 CONDSLO  WITH
    PREVSLO            0.021       0.026      0.193      -0.028       0.073
    ERRSLO             0.152       0.102      0.025       0.001       0.404      *

 PREVSLO  WITH
    ERRSLO             0.090       0.066      0.044      -0.016       0.243

 ANTAG    WITH
    CONSTRAINT         0.295       0.138      0.020       0.014       0.556      *

 Intercepts
    MANIP              0.019       0.104      0.429      -0.189       0.221
    P1                 0.017       0.098      0.434      -0.176       0.207
    P2                 0.004       0.097      0.484      -0.188       0.193
    P3                -0.014       0.099      0.444      -0.206       0.185
    P4                -0.006       0.100      0.475      -0.202       0.190
    P5                 0.006       0.100      0.480      -0.193       0.196
    CONDSLO           -0.488       0.081      0.000      -0.644      -0.325      *
    PREVSLO            0.291       0.054      0.000       0.190       0.402      *
    ERRSLO             1.133       0.582      0.000       0.493       3.196      *

 Thresholds
    CORRECT$1         -2.561       0.082      0.000      -2.727      -2.411      *

 Variances
    ANTAG              1.000       0.000      0.000       1.000       1.000
    CONSTRAINT         1.000       0.000      0.000       1.000       1.000

 Residual Variances
    CORRECT            0.140       0.046      0.000       0.072       0.250      *
    MANIP              0.472       0.111      0.000       0.277       0.718      *
    P1                 0.525       0.108      0.000       0.332       0.766      *
    P2                 0.520       0.128      0.000       0.273       0.782      *
    P3                 0.535       0.148      0.000       0.231       0.833      *
    P4                 0.704       0.135      0.000       0.467       1.000      *
    P5                 0.309       0.101      0.000       0.098       0.510      *
    CONDSLO            0.212       0.058      0.000       0.126       0.350      *
    PREVSLO            0.098       0.027      0.000       0.060       0.164      *
    ERRSLO             0.593       0.429      0.000       0.232       1.905      *


STANDARDIZED MODEL RESULTS


STDYX Standardization

                                Posterior  One-Tailed         95% C.I.
                    Estimate       S.D.      P-Value   Lower 2.5%  Upper 2.5%  Significance

Within-Level Standardized Estimates Averaged Over Clusters

 CONDSLO | CORRECT ON
    COND              -0.215       0.026      0.000      -0.263      -0.161      *

 PREVSLO | CORRECT ON
    PREV_RT_Z          0.173       0.023      0.000       0.129       0.222      *

 ERRSLO | CORRECT ON
    PREV_ERROR         0.155       0.075      0.000       0.081       0.323      *

 CORRECT    ON
    BLOCK             -0.047       0.023      0.025      -0.091       0.000      *

Between Level

 ANTAG    BY
    P5                 0.826       0.065      0.000       0.690       0.952      *
    P1                 0.685       0.097      0.000       0.484       0.867      *
    MANIP              0.752       0.070      0.000       0.600       0.871      *

 CONSTRAI BY
    P2                 0.647       0.109      0.000       0.415       0.842      *
    P3                 0.660       0.115      0.000       0.419       0.874      *
    P1                -0.321       0.122      0.003      -0.573      -0.088      *
    P4                 0.510       0.117      0.000       0.262       0.722      *

 CONDSLO    ON
    ANTAG              0.160       0.179      0.196      -0.218       0.487
    CONSTRAINT         0.104       0.214      0.317      -0.306       0.515

 PREVSLO    ON
    ANTAG             -0.070       0.177      0.350      -0.409       0.288
    CONSTRAINT         0.118       0.200      0.290      -0.291       0.492

 ERRSLO     ON
    ANTAG             -0.395       0.241      0.075      -0.783       0.161
    CONSTRAINT         0.238       0.295      0.236      -0.352       0.761

 CORRECT    ON
    ANTAG             -0.587       0.147      0.001      -0.815      -0.241      *
    CONSTRAINT         0.058       0.194      0.387      -0.337       0.417

 CONDSLO  WITH
    PREVSLO            0.147       0.164      0.193      -0.189       0.447
    ERRSLO             0.444       0.191      0.025       0.003       0.749      *

 PREVSLO  WITH
    ERRSLO             0.390       0.198      0.044      -0.066       0.696

 ANTAG    WITH
    CONSTRAINT         0.295       0.138      0.020       0.014       0.556      *

 Intercepts
    MANIP              0.018       0.099      0.429      -0.179       0.209
    P1                 0.017       0.099      0.434      -0.178       0.209
    P2                 0.004       0.101      0.484      -0.197       0.200
    P3                -0.014       0.101      0.444      -0.208       0.185
    P4                -0.006       0.101      0.475      -0.204       0.192
    P5                 0.006       0.100      0.480      -0.191       0.196
    CONDSLO           -1.001       0.218      0.000      -1.457      -0.604      *
    PREVSLO            0.889       0.183      0.000       0.548       1.274      *
    ERRSLO             1.256       0.283      0.000       0.682       1.803      *

 Variances
    ANTAG              1.000       0.000      0.000       1.000       1.000
    CONSTRAINT         1.000       0.000      0.000       1.000       1.000

 Residual Variances
    CORRECT            0.642       0.137      0.000       0.372       0.901      *
    MANIP              0.435       0.102      0.000       0.241       0.639      *
    P1                 0.548       0.110      0.000       0.333       0.763      *
    P2                 0.582       0.137      0.000       0.292       0.828      *
    P3                 0.564       0.149      0.000       0.236       0.825      *
    P4                 0.739       0.117      0.000       0.478       0.931      *
    P5                 0.317       0.107      0.000       0.093       0.525      *
    CONDSLO            0.910       0.088      0.000       0.672       0.996      *
    PREVSLO            0.945       0.069      0.000       0.742       0.998      *
    ERRSLO             0.777       0.188      0.000       0.312       0.987      *


STDY Standardization

                                Posterior  One-Tailed         95% C.I.
                    Estimate       S.D.      P-Value   Lower 2.5%  Upper 2.5%  Significance

Within-Level Standardized Estimates Averaged Over Clusters

 CONDSLO | CORRECT ON
    COND              -0.430       0.053      0.000      -0.526      -0.321      *

 PREVSLO | CORRECT ON
    PREV_RT_Z          0.251       0.035      0.000       0.182       0.323      *

 ERRSLO | CORRECT ON
    PREV_ERROR         1.293       0.694      0.000       0.657       2.935      *

 CORRECT    ON
    BLOCK             -0.095       0.046      0.025      -0.182       0.000      *

Between Level

 ANTAG    BY
    P5                 0.826       0.065      0.000       0.690       0.952      *
    P1                 0.685       0.097      0.000       0.484       0.867      *
    MANIP              0.752       0.070      0.000       0.600       0.871      *

 CONSTRAI BY
    P2                 0.647       0.109      0.000       0.415       0.842      *
    P3                 0.660       0.115      0.000       0.419       0.874      *
    P1                -0.321       0.122      0.003      -0.573      -0.088      *
    P4                 0.510       0.117      0.000       0.262       0.722      *

 CONDSLO    ON
    ANTAG              0.160       0.179      0.196      -0.218       0.487
    CONSTRAINT         0.104       0.214      0.317      -0.306       0.515

 PREVSLO    ON
    ANTAG             -0.070       0.177      0.350      -0.409       0.288
    CONSTRAINT         0.118       0.200      0.290      -0.291       0.492

 ERRSLO     ON
    ANTAG             -0.395       0.241      0.075      -0.783       0.161
    CONSTRAINT         0.238       0.295      0.236      -0.352       0.761

 CORRECT    ON
    ANTAG             -0.587       0.147      0.001      -0.815      -0.241      *
    CONSTRAINT         0.058       0.194      0.387      -0.337       0.417

 CONDSLO  WITH
    PREVSLO            0.147       0.164      0.193      -0.189       0.447
    ERRSLO             0.444       0.191      0.025       0.003       0.749      *

 PREVSLO  WITH
    ERRSLO             0.390       0.198      0.044      -0.066       0.696

 ANTAG    WITH
    CONSTRAINT         0.295       0.138      0.020       0.014       0.556      *

 Intercepts
    MANIP              0.018       0.099      0.429      -0.179       0.209
    P1                 0.017       0.099      0.434      -0.178       0.209
    P2                 0.004       0.101      0.484      -0.197       0.200
    P3                -0.014       0.101      0.444      -0.208       0.185
    P4                -0.006       0.101      0.475      -0.204       0.192
    P5                 0.006       0.100      0.480      -0.191       0.196
    CONDSLO           -1.001       0.218      0.000      -1.457      -0.604      *
    PREVSLO            0.889       0.183      0.000       0.548       1.274      *
    ERRSLO             1.256       0.283      0.000       0.682       1.803      *

 Variances
    ANTAG              1.000       0.000      0.000       1.000       1.000
    CONSTRAINT         1.000       0.000      0.000       1.000       1.000

 Residual Variances
    CORRECT            0.642       0.137      0.000       0.372       0.901      *
    MANIP              0.435       0.102      0.000       0.241       0.639      *
    P1                 0.548       0.110      0.000       0.333       0.763      *
    P2                 0.582       0.137      0.000       0.292       0.828      *
    P3                 0.564       0.149      0.000       0.236       0.825      *
    P4                 0.739       0.117      0.000       0.478       0.931      *
    P5                 0.317       0.107      0.000       0.093       0.525      *
    CONDSLO            0.910       0.088      0.000       0.672       0.996      *
    PREVSLO            0.945       0.069      0.000       0.742       0.998      *
    ERRSLO             0.777       0.188      0.000       0.312       0.987      *


STD Standardization

                                Posterior  One-Tailed         95% C.I.
                    Estimate       S.D.      P-Value   Lower 2.5%  Upper 2.5%  Significance

Within-Level Standardized Estimates Averaged Over Clusters

 CONDSLO | CORRECT ON
    COND              -0.502       0.063      0.000      -0.632      -0.381      *

 PREVSLO | CORRECT ON
    PREV_RT_Z          0.292       0.041      0.000       0.212       0.374      *

 ERRSLO | CORRECT ON
    PREV_ERROR         1.449       0.886      0.000       0.711       3.588      *

 CORRECT    ON
    BLOCK             -0.107       0.052      0.025      -0.202       0.000      *

Between Level

 ANTAG    BY
    P5                 0.817       0.101      0.000       0.630       1.027      *
    P1                 0.674       0.120      0.000       0.452       0.915      *
    MANIP              0.784       0.110      0.000       0.581       1.011      *

 CONSTRAI BY
    P2                 0.613       0.126      0.000       0.376       0.868      *
    P3                 0.647       0.135      0.000       0.389       0.920      *
    P1                -0.317       0.124      0.003      -0.575      -0.086      *
    P4                 0.500       0.131      0.000       0.249       0.764      *

 CONDSLO    ON
    ANTAG              0.160       0.179      0.196      -0.218       0.487
    CONSTRAINT         0.104       0.214      0.317      -0.306       0.515

 PREVSLO    ON
    ANTAG             -0.070       0.177      0.350      -0.409       0.288
    CONSTRAINT         0.118       0.200      0.290      -0.291       0.492

 ERRSLO     ON
    ANTAG             -0.395       0.241      0.075      -0.783       0.161
    CONSTRAINT         0.238       0.295      0.236      -0.352       0.761

 CORRECT    ON
    ANTAG             -0.271       0.083      0.001      -0.438      -0.107      *
    CONSTRAINT         0.027       0.094      0.387      -0.165       0.206

 CONDSLO  WITH
    PREVSLO            0.147       0.164      0.193      -0.189       0.447
    ERRSLO             0.444       0.191      0.025       0.003       0.749      *

 PREVSLO  WITH
    ERRSLO             0.390       0.198      0.044      -0.066       0.696

 ANTAG    WITH
    CONSTRAINT         0.295       0.138      0.020       0.014       0.556      *

 Intercepts
    MANIP              0.019       0.104      0.429      -0.189       0.221
    P1                 0.017       0.098      0.434      -0.176       0.207
    P2                 0.004       0.097      0.484      -0.188       0.193
    P3                -0.014       0.099      0.444      -0.206       0.185
    P4                -0.006       0.100      0.475      -0.202       0.190
    P5                 0.006       0.100      0.480      -0.193       0.196
    CONDSLO           -1.001       0.218      0.000      -1.457      -0.604      *
    PREVSLO            0.889       0.183      0.000       0.548       1.274      *
    ERRSLO             1.256       0.283      0.000       0.682       1.803      *

 Variances
    ANTAG              1.000       0.000      0.000       1.000       1.000
    CONSTRAINT         1.000       0.000      0.000       1.000       1.000

 Residual Variances
    CORRECT            0.140       0.046      0.000       0.072       0.250      *
    MANIP              0.472       0.111      0.000       0.277       0.718      *
    P1                 0.525       0.108      0.000       0.332       0.766      *
    P2                 0.520       0.128      0.000       0.273       0.782      *
    P3                 0.535       0.148      0.000       0.231       0.833      *
    P4                 0.704       0.135      0.000       0.467       1.000      *
    P5                 0.309       0.101      0.000       0.098       0.510      *
    CONDSLO            0.910       0.088      0.000       0.672       0.996      *
    PREVSLO            0.945       0.069      0.000       0.742       0.998      *
    ERRSLO             0.777       0.188      0.000       0.312       0.987      *


R-SQUARE

Within-Level R-Square Averaged Across Clusters

                                Posterior  One-Tailed         95% C.I.
    Variable        Estimate       S.D.      P-Value   Lower 2.5%  Upper 2.5%

    CORRECT            0.187       0.045      0.000       0.140       0.294

Between Level

                                Posterior  One-Tailed         95% C.I.
    Variable        Estimate       S.D.      P-Value   Lower 2.5%  Upper 2.5%

    CORRECT            0.358       0.137      0.000       0.098       0.627
    MANIP              0.565       0.102      0.000       0.360       0.759
    P1                 0.452       0.110      0.000       0.237       0.667
    P2                 0.418       0.137      0.000       0.172       0.708
    P3                 0.436       0.149      0.000       0.175       0.764
    P4                 0.261       0.117      0.000       0.069       0.522
    P5                 0.683       0.107      0.000       0.475       0.907

                                Posterior  One-Tailed         95% C.I.
    Variable        Estimate       S.D.      P-Value   Lower 2.5%  Upper 2.5%

    CONDSLO            0.090       0.088      0.000       0.004       0.328
    PREVSLO            0.055       0.069      0.000       0.002       0.258
    ERRSLO             0.223       0.188      0.000       0.013       0.688


CREDIBILITY INTERVALS OF MODEL RESULTS

                  Lower .5%  Lower 2.5%    Lower 5%    Estimate    Upper 5%  Upper 2.5%   Upper .5%

Within Level

 CORRECT  ON
    BLOCK           -0.235      -0.206      -0.190      -0.101      -0.015       0.000       0.030

 Thresholds
    CORRECT$1       -2.782      -2.727      -2.699      -2.561      -2.433      -2.411      -2.358

Between Level

 ANTAG    BY
    P5               0.572       0.630       0.659       0.817       0.992       1.027       1.089
    P1               0.377       0.452       0.484       0.674       0.874       0.915       1.007
    MANIP            0.518       0.581       0.613       0.784       0.972       1.011       1.097

 CONSTRAI BY
    P2               0.297       0.376       0.413       0.613       0.828       0.868       0.950
    P3               0.316       0.389       0.434       0.647       0.874       0.920       0.996
    P1              -0.679      -0.575      -0.525      -0.317      -0.121      -0.086      -0.018
    P4               0.170       0.249       0.290       0.500       0.720       0.764       0.865

 CONDSLO  ON
    ANTAG           -0.161      -0.107      -0.073       0.077       0.229       0.257       0.317
    CONSTRAINT      -0.225      -0.157      -0.125       0.050       0.231       0.266       0.338

 PREVSLO  ON
    ANTAG           -0.180      -0.142      -0.124      -0.023       0.075       0.097       0.139
    CONSTRAINT      -0.143      -0.094      -0.073       0.038       0.150       0.172       0.214

 ERRSLO   ON
    ANTAG           -2.010      -1.521      -1.073      -0.342       0.050       0.120       0.251
    CONSTRAINT      -0.497      -0.328      -0.241       0.205       0.893       1.273       1.702

 CORRECT  ON
    ANTAG           -0.494      -0.438      -0.410      -0.271      -0.136      -0.107      -0.054
    CONSTRAINT      -0.233      -0.165      -0.130       0.027       0.176       0.206       0.265

 CONDSLO  WITH
    PREVSLO         -0.046      -0.028      -0.020       0.021       0.064       0.073       0.096
    ERRSLO          -0.054       0.001       0.026       0.152       0.349       0.404       0.520

 PREVSLO  WITH
    ERRSLO          -0.062      -0.016       0.002       0.090       0.215       0.243       0.321

 ANTAG    WITH
    CONSTRAINT      -0.079       0.014       0.061       0.295       0.514       0.556       0.632

 Intercepts
    MANIP           -0.256      -0.189      -0.154       0.019       0.186       0.221       0.288
    P1              -0.251      -0.176      -0.145       0.017       0.178       0.207       0.264
    P2              -0.248      -0.188      -0.159       0.004       0.164       0.193       0.249
    P3              -0.274      -0.206      -0.176      -0.014       0.151       0.185       0.248
    P4              -0.263      -0.202      -0.173      -0.006       0.158       0.190       0.251
    P5              -0.251      -0.193      -0.163       0.006       0.165       0.196       0.256
    CONDSLO         -0.693      -0.644      -0.621      -0.488      -0.356      -0.325      -0.278
    PREVSLO          0.154       0.190       0.206       0.291       0.384       0.402       0.438
    ERRSLO           0.357       0.493       0.578       1.133       2.504       3.196       3.613

 Thresholds
    CORRECT$1       -2.782      -2.727      -2.699      -2.561      -2.433      -2.411      -2.358

 Variances
    ANTAG            1.000       1.000       1.000       1.000       1.000       1.000       1.000
    CONSTRAINT       1.000       1.000       1.000       1.000       1.000       1.000       1.000

 Residual Variances
    CORRECT          0.055       0.072       0.081       0.140       0.227       0.250       0.316
    MANIP            0.230       0.277       0.304       0.472       0.673       0.718       0.804
    P1               0.280       0.332       0.363       0.525       0.721       0.766       0.857
    P2               0.206       0.273       0.313       0.520       0.737       0.782       0.897
    P3               0.147       0.231       0.289       0.535       0.780       0.833       0.937
    P4               0.372       0.467       0.507       0.704       0.942       1.000       1.115
    P5               0.026       0.098       0.142       0.309       0.474       0.510       0.578
    CONDSLO          0.105       0.126       0.137       0.212       0.325       0.350       0.404
    PREVSLO          0.052       0.060       0.065       0.098       0.151       0.164       0.194
    ERRSLO           0.175       0.232       0.266       0.593       1.537       1.905       2.632


CREDIBILITY INTERVALS OF STANDARDIZED MODEL RESULTS


STDYX Standardization

                  Lower .5%  Lower 2.5%    Lower 5%    Estimate    Upper 5%  Upper 2.5%   Upper .5%

Within Level

 CORRECT  ON
    BLOCK            0.000      -0.091       0.000      -0.047       0.000       0.000       0.000

Between Level

 ANTAG    BY
    P5               0.636       0.690       0.713       0.826       0.929       0.952       0.986
    P1               0.409       0.484       0.520       0.685       0.837       0.867       0.940
    MANIP            0.546       0.600       0.626       0.752       0.856       0.871       0.896

 CONSTRAI BY
    P2               0.330       0.415       0.456       0.647       0.814       0.842       0.884
    P3               0.336       0.419       0.462       0.660       0.842       0.874       0.922
    P1              -0.668      -0.573      -0.523      -0.321      -0.125      -0.088      -0.018
    P4               0.180       0.262       0.308       0.510       0.689       0.722       0.796

 CONDSLO  ON
    ANTAG           -0.331      -0.218      -0.147       0.160       0.442       0.487       0.565
    CONSTRAINT      -0.431      -0.306      -0.246       0.104       0.455       0.515       0.628

 PREVSLO  ON
    ANTAG           -0.496      -0.409      -0.357      -0.070       0.225       0.288       0.403
    CONSTRAINT      -0.413      -0.291      -0.224       0.118       0.433       0.492       0.588

 ERRSLO   ON
    ANTAG           -0.912      -0.783      -0.728      -0.395       0.064       0.161       0.333
    CONSTRAINT      -0.481      -0.352      -0.273       0.238       0.697       0.761       0.855

 CORRECT  ON
    ANTAG           -0.870      -0.815      -0.787      -0.587      -0.306      -0.241      -0.118
    CONSTRAINT      -0.462      -0.337      -0.270       0.058       0.366       0.417       0.510

 CONDSLO  WITH
    PREVSLO         -0.294      -0.189      -0.134       0.147       0.402       0.447       0.530
    ERRSLO          -0.152       0.003       0.086       0.444       0.706       0.749       0.826

 PREVSLO  WITH
    ERRSLO          -0.224      -0.066       0.011       0.390       0.659       0.696       0.758

 ANTAG    WITH
    CONSTRAINT      -0.079       0.014       0.061       0.295       0.514       0.556       0.632

 Intercepts
    MANIP           -0.237      -0.179      -0.147       0.018       0.177       0.209       0.270
    P1              -0.249      -0.178      -0.147       0.017       0.179       0.209       0.266
    P2              -0.260      -0.197      -0.166       0.004       0.172       0.200       0.254
    P3              -0.277      -0.208      -0.178      -0.014       0.154       0.185       0.245
    P4              -0.266      -0.204      -0.173      -0.006       0.160       0.192       0.249
    P5              -0.251      -0.191      -0.161       0.006       0.167       0.196       0.253
    CONDSLO         -1.618      -1.457      -1.377      -1.001      -0.660      -0.604      -0.508
    PREVSLO          0.453       0.548       0.600       0.889       1.209       1.274       1.397
    ERRSLO           0.503       0.682       0.780       1.256       1.716       1.803       2.019

 Variances
    ANTAG            1.000       1.000       1.000       1.000       1.000       1.000       1.000
    CONSTRAINT       1.000       1.000       1.000       1.000       1.000       1.000       1.000

 Residual Variances
    CORRECT          0.303       0.372       0.410       0.642       0.866       0.901       0.955
    MANIP            0.196       0.241       0.267       0.435       0.608       0.639       0.701
    P1               0.274       0.333       0.365       0.548       0.734       0.763       0.829
    P2               0.217       0.292       0.338       0.582       0.792       0.828       0.891
    P3               0.149       0.236       0.291       0.564       0.786       0.825       0.886
    P4               0.366       0.478       0.525       0.739       0.905       0.931       0.967
    P5               0.028       0.093       0.137       0.317       0.492       0.525       0.596
    CONDSLO          0.576       0.672       0.717       0.910       0.992       0.996       0.999
    PREVSLO          0.673       0.742       0.785       0.945       0.996       0.998       1.000
    ERRSLO           0.160       0.312       0.380       0.777       0.976       0.987       0.998


STDY Standardization

                  Lower .5%  Lower 2.5%    Lower 5%    Estimate    Upper 5%  Upper 2.5%   Upper .5%

Within Level

 CORRECT  ON
    BLOCK            0.000      -0.182       0.000      -0.095       0.000       0.000       0.000

Between Level

 ANTAG    BY
    P5               0.636       0.690       0.713       0.826       0.929       0.952       0.986
    P1               0.409       0.484       0.520       0.685       0.837       0.867       0.940
    MANIP            0.546       0.600       0.626       0.752       0.856       0.871       0.896

 CONSTRAI BY
    P2               0.330       0.415       0.456       0.647       0.814       0.842       0.884
    P3               0.336       0.419       0.462       0.660       0.842       0.874       0.922
    P1              -0.668      -0.573      -0.523      -0.321      -0.125      -0.088      -0.018
    P4               0.180       0.262       0.308       0.510       0.689       0.722       0.796

 CONDSLO  ON
    ANTAG           -0.331      -0.218      -0.147       0.160       0.442       0.487       0.565
    CONSTRAINT      -0.431      -0.306      -0.246       0.104       0.455       0.515       0.628

 PREVSLO  ON
    ANTAG           -0.496      -0.409      -0.357      -0.070       0.225       0.288       0.403
    CONSTRAINT      -0.413      -0.291      -0.224       0.118       0.433       0.492       0.588

 ERRSLO   ON
    ANTAG           -0.912      -0.783      -0.728      -0.395       0.064       0.161       0.333
    CONSTRAINT      -0.481      -0.352      -0.273       0.238       0.697       0.761       0.855

 CORRECT  ON
    ANTAG           -0.870      -0.815      -0.787      -0.587      -0.306      -0.241      -0.118
    CONSTRAINT      -0.462      -0.337      -0.270       0.058       0.366       0.417       0.510

 CONDSLO  WITH
    PREVSLO         -0.294      -0.189      -0.134       0.147       0.402       0.447       0.530
    ERRSLO          -0.152       0.003       0.086       0.444       0.706       0.749       0.826

 PREVSLO  WITH
    ERRSLO          -0.224      -0.066       0.011       0.390       0.659       0.696       0.758

 ANTAG    WITH
    CONSTRAINT      -0.079       0.014       0.061       0.295       0.514       0.556       0.632

 Intercepts
    MANIP           -0.237      -0.179      -0.147       0.018       0.177       0.209       0.270
    P1              -0.249      -0.178      -0.147       0.017       0.179       0.209       0.266
    P2              -0.260      -0.197      -0.166       0.004       0.172       0.200       0.254
    P3              -0.277      -0.208      -0.178      -0.014       0.154       0.185       0.245
    P4              -0.266      -0.204      -0.173      -0.006       0.160       0.192       0.249
    P5              -0.251      -0.191      -0.161       0.006       0.167       0.196       0.253
    CONDSLO         -1.618      -1.457      -1.377      -1.001      -0.660      -0.604      -0.508
    PREVSLO          0.453       0.548       0.600       0.889       1.209       1.274       1.397
    ERRSLO           0.503       0.682       0.780       1.256       1.716       1.803       2.019

 Variances
    ANTAG            1.000       1.000       1.000       1.000       1.000       1.000       1.000
    CONSTRAINT       1.000       1.000       1.000       1.000       1.000       1.000       1.000

 Residual Variances
    CORRECT          0.303       0.372       0.410       0.642       0.866       0.901       0.955
    MANIP            0.196       0.241       0.267       0.435       0.608       0.639       0.701
    P1               0.274       0.333       0.365       0.548       0.734       0.763       0.829
    P2               0.217       0.292       0.338       0.582       0.792       0.828       0.891
    P3               0.149       0.236       0.291       0.564       0.786       0.825       0.886
    P4               0.366       0.478       0.525       0.739       0.905       0.931       0.967
    P5               0.028       0.093       0.137       0.317       0.492       0.525       0.596
    CONDSLO          0.576       0.672       0.717       0.910       0.992       0.996       0.999
    PREVSLO          0.673       0.742       0.785       0.945       0.996       0.998       1.000
    ERRSLO           0.160       0.312       0.380       0.777       0.976       0.987       0.998


STD Standardization

                  Lower .5%  Lower 2.5%    Lower 5%    Estimate    Upper 5%  Upper 2.5%   Upper .5%

Within Level

 CORRECT  ON
    BLOCK            0.000      -0.202       0.000      -0.107       0.000       0.000       0.000

Between Level

 ANTAG    BY
    P5               0.572       0.630       0.659       0.817       0.992       1.027       1.089
    P1               0.377       0.452       0.484       0.674       0.874       0.915       1.007
    MANIP            0.518       0.581       0.613       0.784       0.972       1.011       1.097

 CONSTRAI BY
    P2               0.297       0.376       0.413       0.613       0.828       0.868       0.950
    P3               0.316       0.389       0.434       0.647       0.874       0.920       0.996
    P1              -0.679      -0.575      -0.525      -0.317      -0.121      -0.086      -0.018
    P4               0.170       0.249       0.290       0.500       0.720       0.764       0.865

 CONDSLO  ON
    ANTAG           -0.331      -0.218      -0.147       0.160       0.442       0.487       0.565
    CONSTRAINT      -0.431      -0.306      -0.246       0.104       0.455       0.515       0.628

 PREVSLO  ON
    ANTAG           -0.496      -0.409      -0.357      -0.070       0.225       0.288       0.403
    CONSTRAINT      -0.413      -0.291      -0.224       0.118       0.433       0.492       0.588

 ERRSLO   ON
    ANTAG           -0.912      -0.783      -0.728      -0.395       0.064       0.161       0.333
    CONSTRAINT      -0.481      -0.352      -0.273       0.238       0.697       0.761       0.855

 CORRECT  ON
    ANTAG           -0.494      -0.438      -0.410      -0.271      -0.136      -0.107      -0.054
    CONSTRAINT      -0.233      -0.165      -0.130       0.027       0.176       0.206       0.265

 CONDSLO  WITH
    PREVSLO         -0.294      -0.189      -0.134       0.147       0.402       0.447       0.530
    ERRSLO          -0.152       0.003       0.086       0.444       0.706       0.749       0.826

 PREVSLO  WITH
    ERRSLO          -0.224      -0.066       0.011       0.390       0.659       0.696       0.758

 ANTAG    WITH
    CONSTRAINT      -0.079       0.014       0.061       0.295       0.514       0.556       0.632

 Intercepts
    MANIP           -0.256      -0.189      -0.154       0.019       0.186       0.221       0.288
    P1              -0.251      -0.176      -0.145       0.017       0.178       0.207       0.264
    P2              -0.248      -0.188      -0.159       0.004       0.164       0.193       0.249
    P3              -0.274      -0.206      -0.176      -0.014       0.151       0.185       0.248
    P4              -0.263      -0.202      -0.173      -0.006       0.158       0.190       0.251
    P5              -0.251      -0.193      -0.163       0.006       0.165       0.196       0.256
    CONDSLO         -1.618      -1.457      -1.377      -1.001      -0.660      -0.604      -0.508
    PREVSLO          0.453       0.548       0.600       0.889       1.209       1.274       1.397
    ERRSLO           0.503       0.682       0.780       1.256       1.716       1.803       2.019

 Variances
    ANTAG            1.000       1.000       1.000       1.000       1.000       1.000       1.000
    CONSTRAINT       1.000       1.000       1.000       1.000       1.000       1.000       1.000

 Residual Variances
    CORRECT          0.055       0.072       0.081       0.140       0.227       0.250       0.316
    MANIP            0.230       0.277       0.304       0.472       0.673       0.718       0.804
    P1               0.280       0.332       0.363       0.525       0.721       0.766       0.857
    P2               0.206       0.273       0.313       0.520       0.737       0.782       0.897
    P3               0.147       0.231       0.289       0.535       0.780       0.833       0.937
    P4               0.372       0.467       0.507       0.704       0.942       1.000       1.115
    P5               0.026       0.098       0.142       0.309       0.474       0.510       0.578
    CONDSLO          0.576       0.672       0.717       0.910       0.992       0.996       0.999
    PREVSLO          0.673       0.742       0.785       0.945       0.996       0.998       1.000
    ERRSLO           0.160       0.312       0.380       0.777       0.976       0.987       0.998


TECHNICAL 1 OUTPUT


     PARAMETER SPECIFICATION FOR WITHIN


           TAU
              CORRECT$
              ________
                    0


           NU
              CORRECT       COND          BLOCK         PREV_RT_      PREV_ERR
              ________      ________      ________      ________      ________
                    0             0             0             0             0


           LAMBDA
              CORRECT       COND          BLOCK         PREV_RT_      PREV_ERR
              ________      ________      ________      ________      ________
 CORRECT            0             0             0             0             0
 COND               0             0             0             0             0
 BLOCK              0             0             0             0             0
 PREV_RT_           0             0             0             0             0
 PREV_ERR           0             0             0             0             0


           THETA
              CORRECT       COND          BLOCK         PREV_RT_      PREV_ERR
              ________      ________      ________      ________      ________
 CORRECT            0
 COND               0             0
 BLOCK              0             0             0
 PREV_RT_           0             0             0             0
 PREV_ERR           0             0             0             0             0


           ALPHA
              CORRECT       COND          BLOCK         PREV_RT_      PREV_ERR
              ________      ________      ________      ________      ________
                    0             0             0             0             0


           BETA
              CORRECT       COND          BLOCK         PREV_RT_      PREV_ERR
              ________      ________      ________      ________      ________
 CORRECT            0             0             1             0             0
 COND               0             0             0             0             0
 BLOCK              0             0             0             0             0
 PREV_RT_           0             0             0             0             0
 PREV_ERR           0             0             0             0             0


           PSI
              CORRECT       COND          BLOCK         PREV_RT_      PREV_ERR
              ________      ________      ________      ________      ________
 CORRECT            0
 COND               0             0
 BLOCK              0             0             0
 PREV_RT_           0             0             0             0
 PREV_ERR           0             0             0             0             0


     PARAMETER SPECIFICATION FOR BETWEEN


           TAU
              CORRECT$
              ________
                   40


           NU
              CORRECT       MANIP         P1            P2            P3
              ________      ________      ________      ________      ________
                    0             2             3             4             5


           NU
              P4            P5
              ________      ________
                    6             7


           LAMBDA
              ANTAG         CONSTRAI      CONDSLO       PREVSLO       ERRSLO
              ________      ________      ________      ________      ________
 CORRECT            0             0             0             0             0
 MANIP              8             0             0             0             0
 P1                 9            10             0             0             0
 P2                 0            11             0             0             0
 P3                 0            12             0             0             0
 P4                 0            13             0             0             0
 P5                14             0             0             0             0


           LAMBDA
              CORRECT
              ________
 CORRECT            0
 MANIP              0
 P1                 0
 P2                 0
 P3                 0
 P4                 0
 P5                 0


           THETA
              CORRECT       MANIP         P1            P2            P3
              ________      ________      ________      ________      ________
 CORRECT            0
 MANIP              0            15
 P1                 0             0            16
 P2                 0             0             0            17
 P3                 0             0             0             0            18
 P4                 0             0             0             0             0
 P5                 0             0             0             0             0


           THETA
              P4            P5
              ________      ________
 P4                19
 P5                 0            20


           ALPHA
              ANTAG         CONSTRAI      CONDSLO       PREVSLO       ERRSLO
              ________      ________      ________      ________      ________
                    0             0            21            22            23


           ALPHA
              CORRECT
              ________
                    0


           BETA
              ANTAG         CONSTRAI      CONDSLO       PREVSLO       ERRSLO
              ________      ________      ________      ________      ________
 ANTAG              0             0             0             0             0
 CONSTRAI           0             0             0             0             0
 CONDSLO           24            25             0             0             0
 PREVSLO           26            27             0             0             0
 ERRSLO            28            29             0             0             0
 CORRECT           30            31             0             0             0


           BETA
              CORRECT
              ________
 ANTAG              0
 CONSTRAI           0
 CONDSLO            0
 PREVSLO            0
 ERRSLO             0
 CORRECT            0


           PSI
              ANTAG         CONSTRAI      CONDSLO       PREVSLO       ERRSLO
              ________      ________      ________      ________      ________
 ANTAG              0
 CONSTRAI          32             0
 CONDSLO            0             0            33
 PREVSLO            0             0            34            35
 ERRSLO             0             0            36            37            38
 CORRECT            0             0             0             0             0


           PSI
              CORRECT
              ________
 CORRECT           39


     STARTING VALUES FOR WITHIN


           TAU
              CORRECT$
              ________
                0.000


           NU
              CORRECT       COND          BLOCK         PREV_RT_      PREV_ERR
              ________      ________      ________      ________      ________
                0.000         0.000         0.000         0.000         0.000


           LAMBDA
              CORRECT       COND          BLOCK         PREV_RT_      PREV_ERR
              ________      ________      ________      ________      ________
 CORRECT        1.000         0.000         0.000         0.000         0.000
 COND           0.000         1.000         0.000         0.000         0.000
 BLOCK          0.000         0.000         1.000         0.000         0.000
 PREV_RT_       0.000         0.000         0.000         1.000         0.000
 PREV_ERR       0.000         0.000         0.000         0.000         1.000


           THETA
              CORRECT       COND          BLOCK         PREV_RT_      PREV_ERR
              ________      ________      ________      ________      ________
 CORRECT        0.000
 COND           0.000         0.000
 BLOCK          0.000         0.000         0.000
 PREV_RT_       0.000         0.000         0.000         0.000
 PREV_ERR       0.000         0.000         0.000         0.000         0.000


           ALPHA
              CORRECT       COND          BLOCK         PREV_RT_      PREV_ERR
              ________      ________      ________      ________      ________
                0.000         0.000         0.000         0.000         0.000


           BETA
              CORRECT       COND          BLOCK         PREV_RT_      PREV_ERR
              ________      ________      ________      ________      ________
 CORRECT        0.000         0.000         0.000         0.000         0.000
 COND           0.000         0.000         0.000         0.000         0.000
 BLOCK          0.000         0.000         0.000         0.000         0.000
 PREV_RT_       0.000         0.000         0.000         0.000         0.000
 PREV_ERR       0.000         0.000         0.000         0.000         0.000


           PSI
              CORRECT       COND          BLOCK         PREV_RT_      PREV_ERR
              ________      ________      ________      ________      ________
 CORRECT        1.000
 COND           0.000         0.125
 BLOCK          0.000         0.000         0.125
 PREV_RT_       0.000         0.000         0.000         0.489
 PREV_ERR       0.000         0.000         0.000         0.000         0.017


     STARTING VALUES FOR BETWEEN


           TAU
              CORRECT$
              ________
               -1.913


           NU
              CORRECT       MANIP         P1            P2            P3
              ________      ________      ________      ________      ________
                0.000         0.015         0.014         0.004        -0.014


           NU
              P4            P5
              ________      ________
               -0.008         0.003


           LAMBDA
              ANTAG         CONSTRAI      CONDSLO       PREVSLO       ERRSLO
              ________      ________      ________      ________      ________
 CORRECT        0.000         0.000         0.000         0.000         0.000
 MANIP          1.000         0.000         0.000         0.000         0.000
 P1             1.000         1.000         0.000         0.000         0.000
 P2             0.000         1.000         0.000         0.000         0.000
 P3             0.000         1.000         0.000         0.000         0.000
 P4             0.000         1.000         0.000         0.000         0.000
 P5             1.000         0.000         0.000         0.000         0.000


           LAMBDA
              CORRECT
              ________
 CORRECT        1.000
 MANIP          0.000
 P1             0.000
 P2             0.000
 P3             0.000
 P4             0.000
 P5             0.000


           THETA
              CORRECT       MANIP         P1            P2            P3
              ________      ________      ________      ________      ________
 CORRECT        0.000
 MANIP          0.000         0.500
 P1             0.000         0.000         0.441
 P2             0.000         0.000         0.000         0.417
 P3             0.000         0.000         0.000         0.000         0.442
 P4             0.000         0.000         0.000         0.000         0.000
 P5             0.000         0.000         0.000         0.000         0.000


           THETA
              P4            P5
              ________      ________
 P4             0.452
 P5             0.000         0.444


           ALPHA
              ANTAG         CONSTRAI      CONDSLO       PREVSLO       ERRSLO
              ________      ________      ________      ________      ________
                0.000         0.000         0.000         0.000         0.000


           ALPHA
              CORRECT
              ________
                0.000


           BETA
              ANTAG         CONSTRAI      CONDSLO       PREVSLO       ERRSLO
              ________      ________      ________      ________      ________
 ANTAG          0.000         0.000         0.000         0.000         0.000
 CONSTRAI       0.000         0.000         0.000         0.000         0.000
 CONDSLO        0.000         0.000         0.000         0.000         0.000
 PREVSLO        0.000         0.000         0.000         0.000         0.000
 ERRSLO         0.000         0.000         0.000         0.000         0.000
 CORRECT        0.000         0.000         0.000         0.000         0.000


           BETA
              CORRECT
              ________
 ANTAG          0.000
 CONSTRAI       0.000
 CONDSLO        0.000
 PREVSLO        0.000
 ERRSLO         0.000
 CORRECT        0.000


           PSI
              ANTAG         CONSTRAI      CONDSLO       PREVSLO       ERRSLO
              ________      ________      ________      ________      ________
 ANTAG          1.000
 CONSTRAI       0.000         1.000
 CONDSLO        0.000         0.000         1.000
 PREVSLO        0.000         0.000         0.000         1.000
 ERRSLO         0.000         0.000         0.000         0.000         1.000
 CORRECT        0.000         0.000         0.000         0.000         0.000


           PSI
              CORRECT
              ________
 CORRECT        1.000



     PRIORS FOR ALL PARAMETERS            PRIOR MEAN      PRIOR VARIANCE     PRIOR STD. DEV.

     Parameter 1~N(0.000,5.000)              0.0000              5.0000              2.2361
     Parameter 2~N(0.000,infinity)           0.0000            infinity            infinity
     Parameter 3~N(0.000,infinity)           0.0000            infinity            infinity
     Parameter 4~N(0.000,infinity)           0.0000            infinity            infinity
     Parameter 5~N(0.000,infinity)           0.0000            infinity            infinity
     Parameter 6~N(0.000,infinity)           0.0000            infinity            infinity
     Parameter 7~N(0.000,infinity)           0.0000            infinity            infinity
     Parameter 8~N(0.000,infinity)           0.0000            infinity            infinity
     Parameter 9~N(0.000,infinity)           0.0000            infinity            infinity
     Parameter 10~N(0.000,infinity)          0.0000            infinity            infinity
     Parameter 11~N(0.000,infinity)          0.0000            infinity            infinity
     Parameter 12~N(0.000,infinity)          0.0000            infinity            infinity
     Parameter 13~N(0.000,infinity)          0.0000            infinity            infinity
     Parameter 14~N(0.000,infinity)          0.0000            infinity            infinity
     Parameter 15~IG(-1.000,0.000)         infinity            infinity            infinity
     Parameter 16~IG(-1.000,0.000)         infinity            infinity            infinity
     Parameter 17~IG(-1.000,0.000)         infinity            infinity            infinity
     Parameter 18~IG(-1.000,0.000)         infinity            infinity            infinity
     Parameter 19~IG(-1.000,0.000)         infinity            infinity            infinity
     Parameter 20~IG(-1.000,0.000)         infinity            infinity            infinity
     Parameter 21~N(0.000,infinity)          0.0000            infinity            infinity
     Parameter 22~N(0.000,infinity)          0.0000            infinity            infinity
     Parameter 23~N(0.000,infinity)          0.0000            infinity            infinity
     Parameter 24~N(0.000,infinity)          0.0000            infinity            infinity
     Parameter 25~N(0.000,infinity)          0.0000            infinity            infinity
     Parameter 26~N(0.000,infinity)          0.0000            infinity            infinity
     Parameter 27~N(0.000,infinity)          0.0000            infinity            infinity
     Parameter 28~N(0.000,infinity)          0.0000            infinity            infinity
     Parameter 29~N(0.000,infinity)          0.0000            infinity            infinity
     Parameter 30~N(0.000,5.000)             0.0000              5.0000              2.2361
     Parameter 31~N(0.000,5.000)             0.0000              5.0000              2.2361
     Parameter 32~IW(0.000,3)
     Parameter 33~IW(1.000,4)              infinity            infinity            infinity
     Parameter 34~IW(0.000,4)              infinity            infinity            infinity
     Parameter 35~IW(1.000,4)              infinity            infinity            infinity
     Parameter 36~IW(0.000,4)              infinity            infinity            infinity
     Parameter 37~IW(0.000,4)              infinity            infinity            infinity
     Parameter 38~IW(1.000,4)              infinity            infinity            infinity
     Parameter 39~IG(-1.000,0.000)         infinity            infinity            infinity
     Parameter 40~N(0.000,5.000)             0.0000              5.0000              2.2361


TECHNICAL 8 OUTPUT


   TECHNICAL 8 OUTPUT FOR BAYES ESTIMATION

     CHAIN    BSEED
     1        0
     2        285380
     3        253358
     4        93468

                     POTENTIAL       PARAMETER WITH
     ITERATION    SCALE REDUCTION      HIGHEST PSR
     100              2.501               38
     200              1.505               25
     300              1.410               33
     400              1.171               33
     500              1.138               31
     600              1.210               39
     700              1.351               40
     800              1.445               40
     900              1.295               40
     1000             1.168               23
     1100             1.084               23
     1200             1.053               31
     1300             1.110               20
     1400             1.108               20
     1500             1.106               20
     1600             1.132               20
     1700             1.077               20
     1800             1.070               20
     1900             1.051               20
     2000             1.068               1
     2100             1.061               1
     2200             1.061               1
     2300             1.088               1
     2400             1.088               1
     2500             1.104               1
     2600             1.129               1
     2700             1.144               40
     2800             1.141               40
     2900             1.131               40
     3000             1.080               40
     3100             1.041               21
     3200             1.047               1
     3300             1.033               1
     3400             1.021               28
     3500             1.049               38
     3600             1.063               23
     3700             1.052               23
     3800             1.059               23
     3900             1.056               28
     4000             1.051               28
     4100             1.057               38
     4200             1.048               38
     4300             1.049               37
     4400             1.046               37
     4500             1.051               37
     4600             1.064               37
     4700             1.050               37
     4800             1.040               38
     4900             1.034               22
     5000             1.032               38
     5100             1.034               38
     5200             1.031               38
     5300             1.036               38
     5400             1.034               38
     5500             1.038               38
     5600             1.038               38
     5700             1.039               38
     5800             1.033               38
     5900             1.030               38
     6000             1.026               38
     6100             1.027               38
     6200             1.028               38
     6300             1.026               38
     6400             1.013               25
     6500             1.012               25
     6600             1.013               38
     6700             1.013               38
     6800             1.010               38
     6900             1.009               38
     7000             1.012               26
     7100             1.015               26
     7200             1.016               26
     7300             1.019               26
     7400             1.019               26
     7500             1.016               26
     7600             1.015               26
     7700             1.015               26
     7800             1.014               26
     7900             1.015               29
     8000             1.017               20
     8100             1.015               20
     8200             1.012               20
     8300             1.010               20
     8400             1.009               20
     8500             1.008               20
     8600             1.008               29
     8700             1.009               29
     8800             1.007               26
     8900             1.007               26
     9000             1.008               20
     9100             1.010               20
     9200             1.011               20
     9300             1.011               20
     9400             1.011               20
     9500             1.012               36
     9600             1.016               23
     9700             1.022               23
     9800             1.032               23
     9900             1.044               23
     10000            1.055               23


PLOT INFORMATION

The following plots are available:

  Sample proportions
  Bayesian posterior parameter distributions
  Bayesian posterior parameter trace plots
  Bayesian autocorrelation plots
  Bayesian prior parameter distributions

     Beginning Time:  21:09:32
        Ending Time:  21:13:42
       Elapsed Time:  00:04:10



MUTHEN & MUTHEN
3463 Stoner Ave.
Los Angeles, CA  90066

Tel: (310) 391-9971
Fax: (310) 391-8971
Web: www.StatModel.com
Support: Support@StatModel.com

Copyright (c) 1998-2019 Muthen & Muthen
