Mplus VERSION 8.4 (Mac)
MUTHEN & MUTHEN
06/28/2020   8:45 PM

INPUT INSTRUCTIONS

  TITLE:
  Antagonism and Constraint BSEM CFA 3+3 Parcels, Flanker ACC
  DATA:
  FILE = "flanker_acc_mplus.dat";

  VARIABLE:
  NAMES = id correct rt cond block trial block_number trial_z rt_inv run_trial
       run_trial_z prev_rt prev_rt_inv prev_error exclude prev_rt_z MPS_agR AGG
       MISTRUST MPS_alR MANIP PROPER MPS_clR IMPUL MPS_tdR MPS_acR HDWK K10;
   MISSING=.;

      WITHIN = cond block prev_rt_z prev_error;
      USEVARIABLES = id correct cond block prev_rt_z prev_error
            MANIP p1 p2 p3 p4 p5;
      BETWEEN = MANIP p1 p2 p3 p4 p5;
      CLUSTER = id;
      CATEGORICAL = correct;

  DEFINE:

      p1=MEAN(MISTRUST MPS_alR);
      p2=MEAN(PROPER MPS_tdR);
      p3=MEAN(MPS_clR IMPUL);
      p4=MEAN(MPS_acR HDWK);
      p5=MEAN(MPS_agR AGG);
      cond = cond - 1; ! 0=congruent, 1=incongruent
      block = block - 1; ! 0=most_incon, 1=most_con

  ANALYSIS:

      TYPE=TWOLEVEL RANDOM;
      ESTIMATOR=BAYES;
      BITERATIONS=(20000) 100000;
      CHAINS=2;
      PROCESSORS=4;

  MODEL:

      %WITHIN%
      correct ON block;
      condslo | correct ON cond;        !random slope of cond
      prevslo | correct ON prev_rt_z;   !random slope of rt autocorrelation
      errslo | correct ON prev_error;   !random slope of previous error

      %BETWEEN%
      !means of random slopes
      [condslo];
      [prevslo];
      [errslo];

      !variances of random slopes
      condslo;
      prevslo;
      errslo;

      !slope correlations
      condslo prevslo errslo WITH
         condslo prevslo errslo;

      [correct$1]; !intercept: average correct

      !TRAIT MODEL

      antag BY p5*1 ! MPS_agR AGG
        p1        ! MISTRUST MPS_alR
        MANIP;
      antag@1;

      constraint BY
        p2*  !PROPER MPS_tdR
        p3  !MPS_clR IMPUL
        p4; !MPS_acR HDWK;
      constraint@1;

      antag WITH constraint;

      !TRAIT MODERATION

      ! trait moderates flanker performance -- incongruency effect and stickiness of RT
      condslo ON antag constraint;
      prevslo ON antag constraint;
      errslo ON antag constraint;

      correct ON antag constraint;

  OUTPUT:
  TECH1 TECH8 STANDARDIZED CINTERVAL;
  PLOT:
  TYPE = PLOT2;



*** WARNING in VARIABLE command
  Note that only the first 8 characters of variable names are used in the output.
  Shorten variable names to avoid any confusion.
*** WARNING in PLOT command
  Note that only the first 8 characters of variable names are used in plots.
  If variable names are not unique within the first 8 characters, problems
  may occur.
*** WARNING
  One or more individual-level variables have no variation within a
  cluster for the following clusters.

     Variable   Cluster IDs with no within-cluster variation

      CORRECT     90 15 11 13 52 20 66 5 86 91 93 95 106 107 114
      PREV_ERR    90 15 11 13 52 20 66 5 86 6 91 93 95 106 107 114

*** WARNING
  Data set contains cases with missing on x-variables.
  These cases were not included in the analysis.
  Number of cases with missing on x-variables:  496
   4 WARNING(S) FOUND IN THE INPUT INSTRUCTIONS




Antagonism and Constraint BSEM CFA 3+3 Parcels, Flanker ACC

SUMMARY OF ANALYSIS

Number of groups                                                 1
Number of observations                                       15504

Number of dependent variables                                    7
Number of independent variables                                  4
Number of continuous latent variables                            5

Observed dependent variables

  Continuous
   MANIP       P1          P2          P3          P4          P5

  Binary and ordered categorical (ordinal)
   CORRECT

Observed independent variables
   COND        BLOCK       PREV_RT_    PREV_ERR

Continuous latent variables
   ANTAG       CONSTRAI    CONDSLO     PREVSLO     ERRSLO

Variables with special functions

  Cluster variable      ID

  Within variables
   COND        BLOCK       PREV_RT_    PREV_ERR

  Between variables
   MANIP       P1          P2          P3          P4          P5


Estimator                                                    BAYES
Specifications for Bayesian Estimation
  Point estimate                                            MEDIAN
  Number of Markov chain Monte Carlo (MCMC) chains               2
  Random seed for the first chain                                0
  Starting value information                           UNPERTURBED
  Algorithm used for Markov chain Monte Carlo           GIBBS(PX1)
  Convergence criterion                                  0.500D-01
  Maximum number of iterations                               50000
  K-th iteration used for thinning                               1
Link                                                        PROBIT

Input data file(s)
  flanker_acc_mplus.dat
Input data format  FREE


SUMMARY OF DATA

     Number of clusters                        100

       Size (s)    Cluster ID with Size s

        137        62
        144        92
        146        36
        150        73 45
        151        35
        152        110
        153        90 65 42
        154        89 15 24 109 46
        155        57 58 32 33 68 34 18 21 22 99 102 105 14 27 113
        156        10 11 12 13 37 40 41 1 43 2 16 49 50 52 53 54 56 17
                   3 59 60 61 19 63 64 20 66 67 4 69 70 71 72 5 74 75 76
                   77 78 79 81 84 86 87 88 6 25 91 26 93 94 95 96 97 98
                   8 101 28 103 104 29 106 107 108 30 31 111 112 9 114



COVARIANCE COVERAGE OF DATA

Minimum covariance coverage value   0.100

     Number of missing data patterns             2


     PROPORTION OF DATA PRESENT


           Covariance Coverage
              CORRECT       MANIP         P1            P2            P3
              ________      ________      ________      ________      ________
 CORRECT        0.982
 MANIP          0.982         1.000
 P1             0.982         1.000         1.000
 P2             0.982         1.000         1.000         1.000
 P3             0.982         1.000         1.000         1.000         1.000
 P4             0.982         1.000         1.000         1.000         1.000
 P5             0.982         1.000         1.000         1.000         1.000
 COND           0.982         1.000         1.000         1.000         1.000
 BLOCK          0.982         1.000         1.000         1.000         1.000
 PREV_RT_       0.982         1.000         1.000         1.000         1.000
 PREV_ERR       0.982         1.000         1.000         1.000         1.000


           Covariance Coverage
              P4            P5            COND          BLOCK         PREV_RT_
              ________      ________      ________      ________      ________
 P4             1.000
 P5             1.000         1.000
 COND           1.000         1.000         1.000
 BLOCK          1.000         1.000         1.000         1.000
 PREV_RT_       1.000         1.000         1.000         1.000         1.000
 PREV_ERR       1.000         1.000         1.000         1.000         1.000


           Covariance Coverage
              PREV_ERR
              ________
 PREV_ERR       1.000


UNIVARIATE PROPORTIONS AND COUNTS FOR CATEGORICAL VARIABLES

    CORRECT
      Category 1    0.031          471.000
      Category 2    0.969        14751.000



UNIVARIATE SAMPLE STATISTICS


     UNIVARIATE HIGHER-ORDER MOMENT DESCRIPTIVE STATISTICS

         Variable/         Mean/     Skewness/   Minimum/ % with                Percentiles
        Sample Size      Variance    Kurtosis    Maximum  Min/Max      20%/60%    40%/80%    Median

     MANIP                 0.020       0.065      -1.701    7.00%      -0.898     -0.095      0.172
             100.000       1.006      -0.475       2.849    1.00%       0.440      0.708
     P1                    0.018       1.093      -1.197    5.00%      -0.819     -0.370     -0.108
             100.000       0.886       1.171       3.011    1.00%       0.078      0.645
     P2                    0.005       0.135      -1.749    1.00%      -0.801     -0.289     -0.051
             100.000       0.833      -0.639       2.240    1.00%       0.225      0.857
     P3                   -0.012       0.902      -1.396    1.00%      -0.866     -0.371     -0.231
             100.000       0.887       0.345       2.672    1.00%      -0.008      0.753
     P4                   -0.006      -0.027      -1.783    1.00%      -0.919     -0.313     -0.023
             100.000       0.902      -1.019       1.799    1.00%       0.255      0.909
     P5                    0.007       1.054      -1.149    7.00%      -0.845     -0.463     -0.199
             100.000       0.897       0.848       3.259    1.00%       0.065      0.752
     COND                  0.502      -0.007       0.000   49.82%       0.000      0.000      1.000
           15504.000       0.250      -2.000       1.000   50.18%       1.000      1.000
     BLOCK                 0.499       0.003       0.000   50.08%       0.000      0.000      0.000
           15504.000       0.250      -2.000       1.000   49.92%       1.000      1.000
     PREV_RT_Z            -0.020       1.617      -2.625    0.01%      -0.751     -0.367     -0.187
           15504.000       0.979       4.909       6.508    0.01%       0.017      0.559
     PREV_ERROR            0.035       5.048       0.000   96.48%       0.000      0.000      0.000
           15504.000       0.034      23.484       1.000    3.52%       0.000      0.000


THE MODEL ESTIMATION TERMINATED NORMALLY

     USE THE FBITERATIONS OPTION TO INCREASE THE NUMBER OF ITERATIONS BY A FACTOR
     OF AT LEAST TWO TO CHECK CONVERGENCE AND THAT THE PSR VALUE DOES NOT INCREASE.



MODEL FIT INFORMATION

Number of Free Parameters                              39



MODEL RESULTS

                                Posterior  One-Tailed         95% C.I.
                    Estimate       S.D.      P-Value   Lower 2.5%  Upper 2.5%  Significance

Within Level

 CORRECT    ON
    BLOCK             -0.094       0.052      0.038      -0.197       0.011

Between Level

 ANTAG    BY
    P5                 0.835       0.112      0.000       0.632       1.067      *
    P1                 0.562       0.108      0.000       0.358       0.780      *
    MANIP              0.785       0.111      0.000       0.576       1.007      *

 CONSTRAI BY
    P2                 0.625       0.136      0.000       0.358       0.890      *
    P3                 0.666       0.146      0.000       0.386       0.957      *
    P4                 0.460       0.128      0.000       0.213       0.715      *

 CONDSLO    ON
    ANTAG              0.073       0.086      0.191      -0.092       0.244
    CONSTRAINT         0.056       0.104      0.292      -0.152       0.256

 PREVSLO    ON
    ANTAG             -0.023       0.059      0.347      -0.141       0.089
    CONSTRAINT         0.036       0.065      0.288      -0.094       0.162

 ERRSLO     ON
    ANTAG             -0.307       0.251      0.079      -0.870       0.119
    CONSTRAINT         0.143       0.289      0.307      -0.418       0.724

 CORRECT    ON
    ANTAG             -0.265       0.077      0.001      -0.422      -0.120      *
    CONSTRAINT         0.010       0.093      0.454      -0.174       0.196

 CONDSLO  WITH
    PREVSLO            0.020       0.025      0.203      -0.030       0.072
    ERRSLO             0.143       0.093      0.026      -0.002       0.364

 PREVSLO  WITH
    ERRSLO             0.094       0.064      0.031      -0.005       0.243

 ANTAG    WITH
    CONSTRAINT         0.245       0.138      0.047      -0.042       0.497

 Intercepts
    MANIP              0.021       0.106      0.424      -0.187       0.230
    P1                 0.018       0.099      0.425      -0.177       0.213
    P2                 0.003       0.095      0.488      -0.183       0.190
    P3                -0.013       0.098      0.447      -0.207       0.179
    P4                -0.007       0.099      0.472      -0.206       0.184
    P5                 0.006       0.099      0.474      -0.186       0.202
    CONDSLO           -0.485       0.081      0.000      -0.641      -0.322      *
    PREVSLO            0.292       0.055      0.000       0.188       0.402      *
    ERRSLO             1.088       0.387      0.000       0.456       1.982      *

 Thresholds
    CORRECT$1         -2.547       0.084      0.000      -2.716      -2.382      *

 Variances
    ANTAG              1.000       0.000      0.000       1.000       1.000
    CONSTRAINT         1.000       0.000      0.000       1.000       1.000

 Residual Variances
    CORRECT            0.136       0.046      0.000       0.065       0.243      *
    MANIP              0.476       0.116      0.000       0.267       0.727      *
    P1                 0.629       0.109      0.000       0.453       0.882      *
    P2                 0.503       0.147      0.000       0.210       0.789      *
    P3                 0.511       0.170      0.000       0.148       0.824      *
    P4                 0.739       0.132      0.000       0.517       1.034      *
    P5                 0.284       0.113      0.000       0.046       0.506      *
    CONDSLO            0.205       0.055      0.000       0.122       0.336      *
    PREVSLO            0.097       0.027      0.000       0.059       0.162      *
    ERRSLO             0.585       0.368      0.000       0.216       1.634      *


STANDARDIZED MODEL RESULTS


STDYX Standardization

                                Posterior  One-Tailed         95% C.I.
                    Estimate       S.D.      P-Value   Lower 2.5%  Upper 2.5%  Significance

Within-Level Standardized Estimates Averaged Over Clusters

 CONDSLO | CORRECT ON
    COND              -0.203       0.030      0.000      -0.260      -0.141      *

 PREVSLO | CORRECT ON
    PREV_RT_Z          0.173       0.024      0.000       0.123       0.219      *

 ERRSLO | CORRECT ON
    PREV_ERROR         0.134       0.040      0.000       0.054       0.219      *

 CORRECT    ON
    BLOCK             -0.043       0.023      0.036      -0.086       0.006

Between Level

 ANTAG    BY
    P5                 0.843       0.072      0.000       0.689       0.976      *
    P1                 0.578       0.087      0.000       0.388       0.726      *
    MANIP              0.751       0.073      0.000       0.591       0.874      *

 CONSTRAI BY
    P2                 0.660       0.123      0.000       0.399       0.877      *
    P3                 0.679       0.129      0.000       0.416       0.920      *
    P4                 0.470       0.115      0.000       0.225       0.679      *

 CONDSLO    ON
    ANTAG              0.154       0.172      0.191      -0.192       0.475
    CONSTRAINT         0.119       0.209      0.292      -0.310       0.509

 PREVSLO    ON
    ANTAG             -0.071       0.175      0.347      -0.410       0.272
    CONSTRAINT         0.114       0.194      0.288      -0.281       0.469

 ERRSLO     ON
    ANTAG             -0.358       0.228      0.079      -0.727       0.152
    CONSTRAINT         0.167       0.300      0.307      -0.442       0.698

 CORRECT    ON
    ANTAG             -0.578       0.137      0.001      -0.808      -0.273      *
    CONSTRAINT         0.023       0.197      0.454      -0.357       0.414

 CONDSLO  WITH
    PREVSLO            0.143       0.165      0.203      -0.199       0.445
    ERRSLO             0.433       0.193      0.026      -0.006       0.731

 PREVSLO  WITH
    ERRSLO             0.411       0.187      0.031      -0.022       0.694

 ANTAG    WITH
    CONSTRAINT         0.245       0.138      0.047      -0.042       0.497

 Intercepts
    MANIP              0.020       0.100      0.424      -0.177       0.218
    P1                 0.019       0.101      0.425      -0.179       0.215
    P2                 0.003       0.100      0.488      -0.192       0.199
    P3                -0.013       0.100      0.447      -0.210       0.183
    P4                -0.007       0.100      0.472      -0.206       0.186
    P5                 0.006       0.100      0.474      -0.188       0.203
    CONDSLO           -1.008       0.222      0.000      -1.483      -0.603      *
    PREVSLO            0.898       0.179      0.000       0.562       1.266      *
    ERRSLO             1.225       0.279      0.000       0.664       1.758      *

 Variances
    ANTAG              1.000       0.000      0.000       1.000       1.000
    CONSTRAINT         1.000       0.000      0.000       1.000       1.000

 Residual Variances
    CORRECT            0.637       0.138      0.000       0.350       0.886      *
    MANIP              0.436       0.106      0.000       0.236       0.650      *
    P1                 0.666       0.097      0.000       0.473       0.850      *
    P2                 0.565       0.158      0.000       0.230       0.841      *
    P3                 0.538       0.174      0.000       0.153       0.827      *
    P4                 0.779       0.106      0.000       0.539       0.949      *
    P5                 0.289       0.120      0.000       0.047       0.525      *
    CONDSLO            0.910       0.089      0.000       0.665       0.996      *
    PREVSLO            0.946       0.069      0.000       0.745       0.998      *
    ERRSLO             0.791       0.164      0.000       0.398       0.989      *


STDY Standardization

                                Posterior  One-Tailed         95% C.I.
                    Estimate       S.D.      P-Value   Lower 2.5%  Upper 2.5%  Significance

Within-Level Standardized Estimates Averaged Over Clusters

 CONDSLO | CORRECT ON
    COND              -0.407       0.059      0.000      -0.519      -0.282      *

 PREVSLO | CORRECT ON
    PREV_RT_Z          0.249       0.034      0.000       0.179       0.316      *

 ERRSLO | CORRECT ON
    PREV_ERROR         1.123       0.347      0.000       0.427       1.844      *

 CORRECT    ON
    BLOCK             -0.085       0.046      0.036      -0.171       0.012

Between Level

 ANTAG    BY
    P5                 0.843       0.072      0.000       0.689       0.976      *
    P1                 0.578       0.087      0.000       0.388       0.726      *
    MANIP              0.751       0.073      0.000       0.591       0.874      *

 CONSTRAI BY
    P2                 0.660       0.123      0.000       0.399       0.877      *
    P3                 0.679       0.129      0.000       0.416       0.920      *
    P4                 0.470       0.115      0.000       0.225       0.679      *

 CONDSLO    ON
    ANTAG              0.154       0.172      0.191      -0.192       0.475
    CONSTRAINT         0.119       0.209      0.292      -0.310       0.509

 PREVSLO    ON
    ANTAG             -0.071       0.175      0.347      -0.410       0.272
    CONSTRAINT         0.114       0.194      0.288      -0.281       0.469

 ERRSLO     ON
    ANTAG             -0.358       0.228      0.079      -0.727       0.152
    CONSTRAINT         0.167       0.300      0.307      -0.442       0.698

 CORRECT    ON
    ANTAG             -0.578       0.137      0.001      -0.808      -0.273      *
    CONSTRAINT         0.023       0.197      0.454      -0.357       0.414

 CONDSLO  WITH
    PREVSLO            0.143       0.165      0.203      -0.199       0.445
    ERRSLO             0.433       0.193      0.026      -0.006       0.731

 PREVSLO  WITH
    ERRSLO             0.411       0.187      0.031      -0.022       0.694

 ANTAG    WITH
    CONSTRAINT         0.245       0.138      0.047      -0.042       0.497

 Intercepts
    MANIP              0.020       0.100      0.424      -0.177       0.218
    P1                 0.019       0.101      0.425      -0.179       0.215
    P2                 0.003       0.100      0.488      -0.192       0.199
    P3                -0.013       0.100      0.447      -0.210       0.183
    P4                -0.007       0.100      0.472      -0.206       0.186
    P5                 0.006       0.100      0.474      -0.188       0.203
    CONDSLO           -1.008       0.222      0.000      -1.483      -0.603      *
    PREVSLO            0.898       0.179      0.000       0.562       1.266      *
    ERRSLO             1.225       0.279      0.000       0.664       1.758      *

 Variances
    ANTAG              1.000       0.000      0.000       1.000       1.000
    CONSTRAINT         1.000       0.000      0.000       1.000       1.000

 Residual Variances
    CORRECT            0.637       0.138      0.000       0.350       0.886      *
    MANIP              0.436       0.106      0.000       0.236       0.650      *
    P1                 0.666       0.097      0.000       0.473       0.850      *
    P2                 0.565       0.158      0.000       0.230       0.841      *
    P3                 0.538       0.174      0.000       0.153       0.827      *
    P4                 0.779       0.106      0.000       0.539       0.949      *
    P5                 0.289       0.120      0.000       0.047       0.525      *
    CONDSLO            0.910       0.089      0.000       0.665       0.996      *
    PREVSLO            0.946       0.069      0.000       0.745       0.998      *
    ERRSLO             0.791       0.164      0.000       0.398       0.989      *


STD Standardization

                                Posterior  One-Tailed         95% C.I.
                    Estimate       S.D.      P-Value   Lower 2.5%  Upper 2.5%  Significance

Within-Level Standardized Estimates Averaged Over Clusters

 CONDSLO | CORRECT ON
    COND              -0.467       0.068      0.000      -0.599      -0.329      *

 PREVSLO | CORRECT ON
    PREV_RT_Z          0.283       0.041      0.000       0.201       0.360      *

 ERRSLO | CORRECT ON
    PREV_ERROR         1.243       0.407      0.000       0.463       2.109      *

 CORRECT    ON
    BLOCK             -0.094       0.051      0.036      -0.191       0.014

Between Level

 ANTAG    BY
    P5                 0.835       0.112      0.000       0.632       1.067      *
    P1                 0.562       0.108      0.000       0.358       0.780      *
    MANIP              0.785       0.111      0.000       0.576       1.007      *

 CONSTRAI BY
    P2                 0.625       0.136      0.000       0.358       0.890      *
    P3                 0.666       0.146      0.000       0.386       0.957      *
    P4                 0.460       0.128      0.000       0.213       0.715      *

 CONDSLO    ON
    ANTAG              0.154       0.172      0.191      -0.192       0.475
    CONSTRAINT         0.119       0.209      0.292      -0.310       0.509

 PREVSLO    ON
    ANTAG             -0.071       0.175      0.347      -0.410       0.272
    CONSTRAINT         0.114       0.194      0.288      -0.281       0.469

 ERRSLO     ON
    ANTAG             -0.358       0.228      0.079      -0.727       0.152
    CONSTRAINT         0.167       0.300      0.307      -0.442       0.698

 CORRECT    ON
    ANTAG             -0.265       0.077      0.001      -0.422      -0.120      *
    CONSTRAINT         0.010       0.093      0.454      -0.174       0.196

 CONDSLO  WITH
    PREVSLO            0.143       0.165      0.203      -0.199       0.445
    ERRSLO             0.433       0.193      0.026      -0.006       0.731

 PREVSLO  WITH
    ERRSLO             0.411       0.187      0.031      -0.022       0.694

 ANTAG    WITH
    CONSTRAINT         0.245       0.138      0.047      -0.042       0.497

 Intercepts
    MANIP              0.021       0.106      0.424      -0.187       0.230
    P1                 0.018       0.099      0.425      -0.177       0.213
    P2                 0.003       0.095      0.488      -0.183       0.190
    P3                -0.013       0.098      0.447      -0.207       0.179
    P4                -0.007       0.099      0.472      -0.206       0.184
    P5                 0.006       0.099      0.474      -0.186       0.202
    CONDSLO           -1.008       0.222      0.000      -1.483      -0.603      *
    PREVSLO            0.898       0.179      0.000       0.562       1.266      *
    ERRSLO             1.225       0.279      0.000       0.664       1.758      *

 Variances
    ANTAG              1.000       0.000      0.000       1.000       1.000
    CONSTRAINT         1.000       0.000      0.000       1.000       1.000

 Residual Variances
    CORRECT            0.136       0.046      0.000       0.065       0.243      *
    MANIP              0.476       0.116      0.000       0.267       0.727      *
    P1                 0.629       0.109      0.000       0.453       0.882      *
    P2                 0.503       0.147      0.000       0.210       0.789      *
    P3                 0.511       0.170      0.000       0.148       0.824      *
    P4                 0.739       0.132      0.000       0.517       1.034      *
    P5                 0.284       0.113      0.000       0.046       0.506      *
    CONDSLO            0.910       0.089      0.000       0.665       0.996      *
    PREVSLO            0.946       0.069      0.000       0.745       0.998      *
    ERRSLO             0.791       0.164      0.000       0.398       0.989      *


R-SQUARE

Within-Level R-Square Averaged Across Clusters

                                Posterior  One-Tailed         95% C.I.
    Variable        Estimate       S.D.      P-Value   Lower 2.5%  Upper 2.5%

    CORRECT            0.169       0.022      0.000       0.135       0.225

Between Level

                                Posterior  One-Tailed         95% C.I.
    Variable        Estimate       S.D.      P-Value   Lower 2.5%  Upper 2.5%

    CORRECT            0.363       0.138      0.000       0.114       0.650
    MANIP              0.564       0.106      0.000       0.350       0.764
    P1                 0.334       0.097      0.000       0.150       0.527
    P2                 0.435       0.158      0.000       0.159       0.769
    P3                 0.462       0.174      0.000       0.173       0.847
    P4                 0.221       0.106      0.000       0.051       0.461
    P5                 0.711       0.120      0.000       0.475       0.953

                                Posterior  One-Tailed         95% C.I.
    Variable        Estimate       S.D.      P-Value   Lower 2.5%  Upper 2.5%

    CONDSLO            0.090       0.089      0.000       0.004       0.335
    PREVSLO            0.054       0.069      0.000       0.002       0.255
    ERRSLO             0.209       0.164      0.000       0.011       0.602


CREDIBILITY INTERVALS OF MODEL RESULTS

                  Lower .5%  Lower 2.5%    Lower 5%    Estimate    Upper 5%  Upper 2.5%   Upper .5%

Within Level

 CORRECT  ON
    BLOCK           -0.222      -0.197      -0.181      -0.094      -0.009       0.011       0.042

 Thresholds
    CORRECT$1       -2.768      -2.716      -2.687      -2.547      -2.408      -2.382      -2.333

Between Level

 ANTAG    BY
    P5               0.574       0.632       0.662       0.835       1.023       1.067       1.199
    P1               0.295       0.358       0.391       0.562       0.743       0.780       0.854
    MANIP            0.513       0.576       0.608       0.785       0.971       1.007       1.086

 CONSTRAI BY
    P2               0.281       0.358       0.402       0.625       0.849       0.890       0.973
    P3               0.311       0.386       0.431       0.666       0.913       0.957       1.034
    P4               0.140       0.213       0.253       0.460       0.674       0.715       0.804

 CONDSLO  ON
    ANTAG           -0.150      -0.092      -0.066       0.073       0.215       0.244       0.302
    CONSTRAINT      -0.220      -0.152      -0.118       0.056       0.224       0.256       0.315

 PREVSLO  ON
    ANTAG           -0.183      -0.141      -0.121      -0.023       0.070       0.089       0.128
    CONSTRAINT      -0.137      -0.094      -0.072       0.036       0.142       0.162       0.203

 ERRSLO   ON
    ANTAG           -1.069      -0.870      -0.769      -0.307       0.050       0.119       0.256
    CONSTRAINT      -0.593      -0.418      -0.318       0.143       0.621       0.724       0.935

 CORRECT  ON
    ANTAG           -0.475      -0.422      -0.395      -0.265      -0.144      -0.120      -0.076
    CONSTRAINT      -0.229      -0.174      -0.143       0.010       0.164       0.196       0.257

 CONDSLO  WITH
    PREVSLO         -0.046      -0.030      -0.021       0.020       0.062       0.072       0.095
    ERRSLO          -0.048      -0.002       0.021       0.143       0.317       0.364       0.466

 PREVSLO  WITH
    ERRSLO          -0.039      -0.005       0.010       0.094       0.214       0.243       0.313

 ANTAG    WITH
    CONSTRAINT      -0.136      -0.042       0.006       0.245       0.460       0.497       0.567

 Intercepts
    MANIP           -0.247      -0.187      -0.154       0.021       0.197       0.230       0.296
    P1              -0.240      -0.177      -0.145       0.018       0.181       0.213       0.278
    P2              -0.246      -0.183      -0.153       0.003       0.160       0.190       0.248
    P3              -0.268      -0.207      -0.175      -0.013       0.149       0.179       0.243
    P4              -0.266      -0.206      -0.171      -0.007       0.155       0.184       0.251
    P5              -0.250      -0.186      -0.155       0.006       0.171       0.202       0.261
    CONDSLO         -0.688      -0.641      -0.616      -0.485      -0.349      -0.322      -0.269
    PREVSLO          0.158       0.188       0.205       0.292       0.383       0.402       0.438
    ERRSLO           0.338       0.456       0.537       1.088       1.813       1.982       2.326

 Thresholds
    CORRECT$1       -2.768      -2.716      -2.687      -2.547      -2.408      -2.382      -2.333

 Variances
    ANTAG            1.000       1.000       1.000       1.000       1.000       1.000       1.000
    CONSTRAINT       1.000       1.000       1.000       1.000       1.000       1.000       1.000

 Residual Variances
    CORRECT          0.048       0.065       0.075       0.136       0.222       0.243       0.291
    MANIP            0.207       0.267       0.299       0.476       0.683       0.727       0.816
    P1               0.409       0.453       0.477       0.629       0.833       0.882       0.979
    P2               0.113       0.210       0.263       0.503       0.742       0.789       0.894
    P3               0.068       0.148       0.207       0.511       0.770       0.824       0.942
    P4               0.453       0.517       0.549       0.739       0.982       1.034       1.146
    P5               0.004       0.046       0.091       0.284       0.468       0.506       0.580
    CONDSLO          0.102       0.122       0.133       0.205       0.310       0.336       0.390
    PREVSLO          0.051       0.059       0.064       0.097       0.150       0.162       0.187
    ERRSLO           0.162       0.216       0.251       0.585       1.375       1.634       2.202


CREDIBILITY INTERVALS OF STANDARDIZED MODEL RESULTS


STDYX Standardization

                  Lower .5%  Lower 2.5%    Lower 5%    Estimate    Upper 5%  Upper 2.5%   Upper .5%

Within Level

 CORRECT  ON
    BLOCK            0.000      -0.086       0.000      -0.043       0.000       0.006       0.000

Between Level

 ANTAG    BY
    P5               0.637       0.689       0.714       0.843       0.954       0.976       0.999
    P1               0.319       0.388       0.420       0.578       0.705       0.726       0.764
    MANIP            0.537       0.591       0.618       0.751       0.857       0.874       0.906

 CONSTRAI BY
    P2               0.316       0.399       0.442       0.660       0.846       0.877       0.937
    P3               0.333       0.416       0.460       0.679       0.889       0.920       0.965
    P4               0.143       0.225       0.268       0.470       0.646       0.679       0.734

 CONDSLO  ON
    ANTAG           -0.307      -0.192      -0.138       0.154       0.427       0.475       0.560
    CONSTRAINT      -0.423      -0.310      -0.241       0.119       0.451       0.509       0.603

 PREVSLO  ON
    ANTAG           -0.514      -0.410      -0.359      -0.071       0.219       0.272       0.382
    CONSTRAINT      -0.398      -0.281      -0.220       0.114       0.420       0.469       0.563

 ERRSLO   ON
    ANTAG           -0.810      -0.727      -0.680      -0.358       0.065       0.152       0.312
    CONSTRAINT      -0.586      -0.442      -0.352       0.167       0.627       0.698       0.804

 CORRECT  ON
    ANTAG           -0.870      -0.808      -0.776      -0.578      -0.329      -0.273      -0.169
    CONSTRAINT      -0.456      -0.357      -0.302       0.023       0.352       0.414       0.531

 CONDSLO  WITH
    PREVSLO         -0.298      -0.199      -0.146       0.143       0.400       0.445       0.527
    ERRSLO          -0.155      -0.006       0.067       0.433       0.698       0.731       0.789

 PREVSLO  WITH
    ERRSLO          -0.180      -0.022       0.050       0.411       0.658       0.694       0.758

 ANTAG    WITH
    CONSTRAINT      -0.136      -0.042       0.006       0.245       0.460       0.497       0.567

 Intercepts
    MANIP           -0.233      -0.177      -0.146       0.020       0.187       0.218       0.278
    P1              -0.241      -0.179      -0.147       0.019       0.183       0.215       0.279
    P2              -0.258      -0.192      -0.159       0.003       0.168       0.199       0.258
    P3              -0.270      -0.210      -0.177      -0.013       0.152       0.183       0.244
    P4              -0.267      -0.206      -0.172      -0.007       0.156       0.186       0.253
    P5              -0.250      -0.188      -0.155       0.006       0.171       0.203       0.257
    CONDSLO         -1.668      -1.483      -1.395      -1.008      -0.663      -0.603      -0.497
    PREVSLO          0.466       0.562       0.612       0.898       1.203       1.266       1.388
    ERRSLO           0.498       0.664       0.751       1.225       1.669       1.758       1.938

 Variances
    ANTAG            1.000       1.000       1.000       1.000       1.000       1.000       1.000
    CONSTRAINT       1.000       1.000       1.000       1.000       1.000       1.000       1.000

 Residual Variances
    CORRECT          0.269       0.350       0.398       0.637       0.850       0.886       0.938
    MANIP            0.178       0.236       0.266       0.436       0.618       0.650       0.711
    P1               0.415       0.473       0.503       0.666       0.824       0.850       0.898
    P2               0.122       0.230       0.285       0.565       0.804       0.841       0.900
    P3               0.068       0.153       0.210       0.538       0.789       0.827       0.889
    P4               0.461       0.539       0.583       0.779       0.928       0.949       0.979
    P5               0.003       0.047       0.090       0.289       0.490       0.525       0.594
    CONDSLO          0.581       0.665       0.712       0.910       0.992       0.996       0.999
    PREVSLO          0.653       0.745       0.787       0.946       0.996       0.998       1.000
    ERRSLO           0.293       0.398       0.454       0.791       0.978       0.989       0.998


STDY Standardization

                  Lower .5%  Lower 2.5%    Lower 5%    Estimate    Upper 5%  Upper 2.5%   Upper .5%

Within Level

 CORRECT  ON
    BLOCK            0.000      -0.171       0.000      -0.085       0.000       0.012       0.000

Between Level

 ANTAG    BY
    P5               0.637       0.689       0.714       0.843       0.954       0.976       0.999
    P1               0.319       0.388       0.420       0.578       0.705       0.726       0.764
    MANIP            0.537       0.591       0.618       0.751       0.857       0.874       0.906

 CONSTRAI BY
    P2               0.316       0.399       0.442       0.660       0.846       0.877       0.937
    P3               0.333       0.416       0.460       0.679       0.889       0.920       0.965
    P4               0.143       0.225       0.268       0.470       0.646       0.679       0.734

 CONDSLO  ON
    ANTAG           -0.307      -0.192      -0.138       0.154       0.427       0.475       0.560
    CONSTRAINT      -0.423      -0.310      -0.241       0.119       0.451       0.509       0.603

 PREVSLO  ON
    ANTAG           -0.514      -0.410      -0.359      -0.071       0.219       0.272       0.382
    CONSTRAINT      -0.398      -0.281      -0.220       0.114       0.420       0.469       0.563

 ERRSLO   ON
    ANTAG           -0.810      -0.727      -0.680      -0.358       0.065       0.152       0.312
    CONSTRAINT      -0.586      -0.442      -0.352       0.167       0.627       0.698       0.804

 CORRECT  ON
    ANTAG           -0.870      -0.808      -0.776      -0.578      -0.329      -0.273      -0.169
    CONSTRAINT      -0.456      -0.357      -0.302       0.023       0.352       0.414       0.531

 CONDSLO  WITH
    PREVSLO         -0.298      -0.199      -0.146       0.143       0.400       0.445       0.527
    ERRSLO          -0.155      -0.006       0.067       0.433       0.698       0.731       0.789

 PREVSLO  WITH
    ERRSLO          -0.180      -0.022       0.050       0.411       0.658       0.694       0.758

 ANTAG    WITH
    CONSTRAINT      -0.136      -0.042       0.006       0.245       0.460       0.497       0.567

 Intercepts
    MANIP           -0.233      -0.177      -0.146       0.020       0.187       0.218       0.278
    P1              -0.241      -0.179      -0.147       0.019       0.183       0.215       0.279
    P2              -0.258      -0.192      -0.159       0.003       0.168       0.199       0.258
    P3              -0.270      -0.210      -0.177      -0.013       0.152       0.183       0.244
    P4              -0.267      -0.206      -0.172      -0.007       0.156       0.186       0.253
    P5              -0.250      -0.188      -0.155       0.006       0.171       0.203       0.257
    CONDSLO         -1.668      -1.483      -1.395      -1.008      -0.663      -0.603      -0.497
    PREVSLO          0.466       0.562       0.612       0.898       1.203       1.266       1.388
    ERRSLO           0.498       0.664       0.751       1.225       1.669       1.758       1.938

 Variances
    ANTAG            1.000       1.000       1.000       1.000       1.000       1.000       1.000
    CONSTRAINT       1.000       1.000       1.000       1.000       1.000       1.000       1.000

 Residual Variances
    CORRECT          0.269       0.350       0.398       0.637       0.850       0.886       0.938
    MANIP            0.178       0.236       0.266       0.436       0.618       0.650       0.711
    P1               0.415       0.473       0.503       0.666       0.824       0.850       0.898
    P2               0.122       0.230       0.285       0.565       0.804       0.841       0.900
    P3               0.068       0.153       0.210       0.538       0.789       0.827       0.889
    P4               0.461       0.539       0.583       0.779       0.928       0.949       0.979
    P5               0.003       0.047       0.090       0.289       0.490       0.525       0.594
    CONDSLO          0.581       0.665       0.712       0.910       0.992       0.996       0.999
    PREVSLO          0.653       0.745       0.787       0.946       0.996       0.998       1.000
    ERRSLO           0.293       0.398       0.454       0.791       0.978       0.989       0.998


STD Standardization

                  Lower .5%  Lower 2.5%    Lower 5%    Estimate    Upper 5%  Upper 2.5%   Upper .5%

Within Level

 CORRECT  ON
    BLOCK            0.000      -0.191       0.000      -0.094       0.000       0.014       0.000

Between Level

 ANTAG    BY
    P5               0.574       0.632       0.662       0.835       1.023       1.067       1.199
    P1               0.295       0.358       0.391       0.562       0.743       0.780       0.854
    MANIP            0.513       0.576       0.608       0.785       0.971       1.007       1.086

 CONSTRAI BY
    P2               0.281       0.358       0.402       0.625       0.849       0.890       0.973
    P3               0.311       0.386       0.431       0.666       0.913       0.957       1.034
    P4               0.140       0.213       0.253       0.460       0.674       0.715       0.804

 CONDSLO  ON
    ANTAG           -0.307      -0.192      -0.138       0.154       0.427       0.475       0.560
    CONSTRAINT      -0.423      -0.310      -0.241       0.119       0.451       0.509       0.603

 PREVSLO  ON
    ANTAG           -0.514      -0.410      -0.359      -0.071       0.219       0.272       0.382
    CONSTRAINT      -0.398      -0.281      -0.220       0.114       0.420       0.469       0.563

 ERRSLO   ON
    ANTAG           -0.810      -0.727      -0.680      -0.358       0.065       0.152       0.312
    CONSTRAINT      -0.586      -0.442      -0.352       0.167       0.627       0.698       0.804

 CORRECT  ON
    ANTAG           -0.475      -0.422      -0.395      -0.265      -0.144      -0.120      -0.076
    CONSTRAINT      -0.229      -0.174      -0.143       0.010       0.164       0.196       0.257

 CONDSLO  WITH
    PREVSLO         -0.298      -0.199      -0.146       0.143       0.400       0.445       0.527
    ERRSLO          -0.155      -0.006       0.067       0.433       0.698       0.731       0.789

 PREVSLO  WITH
    ERRSLO          -0.180      -0.022       0.050       0.411       0.658       0.694       0.758

 ANTAG    WITH
    CONSTRAINT      -0.136      -0.042       0.006       0.245       0.460       0.497       0.567

 Intercepts
    MANIP           -0.247      -0.187      -0.154       0.021       0.197       0.230       0.296
    P1              -0.240      -0.177      -0.145       0.018       0.181       0.213       0.278
    P2              -0.246      -0.183      -0.153       0.003       0.160       0.190       0.248
    P3              -0.268      -0.207      -0.175      -0.013       0.149       0.179       0.243
    P4              -0.266      -0.206      -0.171      -0.007       0.155       0.184       0.251
    P5              -0.250      -0.186      -0.155       0.006       0.171       0.202       0.261
    CONDSLO         -1.668      -1.483      -1.395      -1.008      -0.663      -0.603      -0.497
    PREVSLO          0.466       0.562       0.612       0.898       1.203       1.266       1.388
    ERRSLO           0.498       0.664       0.751       1.225       1.669       1.758       1.938

 Variances
    ANTAG            1.000       1.000       1.000       1.000       1.000       1.000       1.000
    CONSTRAINT       1.000       1.000       1.000       1.000       1.000       1.000       1.000

 Residual Variances
    CORRECT          0.048       0.065       0.075       0.136       0.222       0.243       0.291
    MANIP            0.207       0.267       0.299       0.476       0.683       0.727       0.816
    P1               0.409       0.453       0.477       0.629       0.833       0.882       0.979
    P2               0.113       0.210       0.263       0.503       0.742       0.789       0.894
    P3               0.068       0.148       0.207       0.511       0.770       0.824       0.942
    P4               0.453       0.517       0.549       0.739       0.982       1.034       1.146
    P5               0.004       0.046       0.091       0.284       0.468       0.506       0.580
    CONDSLO          0.581       0.665       0.712       0.910       0.992       0.996       0.999
    PREVSLO          0.653       0.745       0.787       0.946       0.996       0.998       1.000
    ERRSLO           0.293       0.398       0.454       0.791       0.978       0.989       0.998


TECHNICAL 1 OUTPUT


     PARAMETER SPECIFICATION FOR WITHIN


           TAU
              CORRECT$
              ________
                    0


           NU
              CORRECT       COND          BLOCK         PREV_RT_      PREV_ERR
              ________      ________      ________      ________      ________
                    0             0             0             0             0


           LAMBDA
              CORRECT       COND          BLOCK         PREV_RT_      PREV_ERR
              ________      ________      ________      ________      ________
 CORRECT            0             0             0             0             0
 COND               0             0             0             0             0
 BLOCK              0             0             0             0             0
 PREV_RT_           0             0             0             0             0
 PREV_ERR           0             0             0             0             0


           THETA
              CORRECT       COND          BLOCK         PREV_RT_      PREV_ERR
              ________      ________      ________      ________      ________
 CORRECT            0
 COND               0             0
 BLOCK              0             0             0
 PREV_RT_           0             0             0             0
 PREV_ERR           0             0             0             0             0


           ALPHA
              CORRECT       COND          BLOCK         PREV_RT_      PREV_ERR
              ________      ________      ________      ________      ________
                    0             0             0             0             0


           BETA
              CORRECT       COND          BLOCK         PREV_RT_      PREV_ERR
              ________      ________      ________      ________      ________
 CORRECT            0             0             1             0             0
 COND               0             0             0             0             0
 BLOCK              0             0             0             0             0
 PREV_RT_           0             0             0             0             0
 PREV_ERR           0             0             0             0             0


           PSI
              CORRECT       COND          BLOCK         PREV_RT_      PREV_ERR
              ________      ________      ________      ________      ________
 CORRECT            0
 COND               0             0
 BLOCK              0             0             0
 PREV_RT_           0             0             0             0
 PREV_ERR           0             0             0             0             0


     PARAMETER SPECIFICATION FOR BETWEEN


           TAU
              CORRECT$
              ________
                   39


           NU
              CORRECT       MANIP         P1            P2            P3
              ________      ________      ________      ________      ________
                    0             2             3             4             5


           NU
              P4            P5
              ________      ________
                    6             7


           LAMBDA
              ANTAG         CONSTRAI      CONDSLO       PREVSLO       ERRSLO
              ________      ________      ________      ________      ________
 CORRECT            0             0             0             0             0
 MANIP              8             0             0             0             0
 P1                 9             0             0             0             0
 P2                 0            10             0             0             0
 P3                 0            11             0             0             0
 P4                 0            12             0             0             0
 P5                13             0             0             0             0


           LAMBDA
              CORRECT
              ________
 CORRECT            0
 MANIP              0
 P1                 0
 P2                 0
 P3                 0
 P4                 0
 P5                 0


           THETA
              CORRECT       MANIP         P1            P2            P3
              ________      ________      ________      ________      ________
 CORRECT            0
 MANIP              0            14
 P1                 0             0            15
 P2                 0             0             0            16
 P3                 0             0             0             0            17
 P4                 0             0             0             0             0
 P5                 0             0             0             0             0


           THETA
              P4            P5
              ________      ________
 P4                18
 P5                 0            19


           ALPHA
              ANTAG         CONSTRAI      CONDSLO       PREVSLO       ERRSLO
              ________      ________      ________      ________      ________
                    0             0            20            21            22


           ALPHA
              CORRECT
              ________
                    0


           BETA
              ANTAG         CONSTRAI      CONDSLO       PREVSLO       ERRSLO
              ________      ________      ________      ________      ________
 ANTAG              0             0             0             0             0
 CONSTRAI           0             0             0             0             0
 CONDSLO           23            24             0             0             0
 PREVSLO           25            26             0             0             0
 ERRSLO            27            28             0             0             0
 CORRECT           29            30             0             0             0


           BETA
              CORRECT
              ________
 ANTAG              0
 CONSTRAI           0
 CONDSLO            0
 PREVSLO            0
 ERRSLO             0
 CORRECT            0


           PSI
              ANTAG         CONSTRAI      CONDSLO       PREVSLO       ERRSLO
              ________      ________      ________      ________      ________
 ANTAG              0
 CONSTRAI          31             0
 CONDSLO            0             0            32
 PREVSLO            0             0            33            34
 ERRSLO             0             0            35            36            37
 CORRECT            0             0             0             0             0


           PSI
              CORRECT
              ________
 CORRECT           38


     STARTING VALUES FOR WITHIN


           TAU
              CORRECT$
              ________
                0.000


           NU
              CORRECT       COND          BLOCK         PREV_RT_      PREV_ERR
              ________      ________      ________      ________      ________
                0.000         0.000         0.000         0.000         0.000


           LAMBDA
              CORRECT       COND          BLOCK         PREV_RT_      PREV_ERR
              ________      ________      ________      ________      ________
 CORRECT        1.000         0.000         0.000         0.000         0.000
 COND           0.000         1.000         0.000         0.000         0.000
 BLOCK          0.000         0.000         1.000         0.000         0.000
 PREV_RT_       0.000         0.000         0.000         1.000         0.000
 PREV_ERR       0.000         0.000         0.000         0.000         1.000


           THETA
              CORRECT       COND          BLOCK         PREV_RT_      PREV_ERR
              ________      ________      ________      ________      ________
 CORRECT        0.000
 COND           0.000         0.000
 BLOCK          0.000         0.000         0.000
 PREV_RT_       0.000         0.000         0.000         0.000
 PREV_ERR       0.000         0.000         0.000         0.000         0.000


           ALPHA
              CORRECT       COND          BLOCK         PREV_RT_      PREV_ERR
              ________      ________      ________      ________      ________
                0.000         0.000         0.000         0.000         0.000


           BETA
              CORRECT       COND          BLOCK         PREV_RT_      PREV_ERR
              ________      ________      ________      ________      ________
 CORRECT        0.000         0.000         0.000         0.000         0.000
 COND           0.000         0.000         0.000         0.000         0.000
 BLOCK          0.000         0.000         0.000         0.000         0.000
 PREV_RT_       0.000         0.000         0.000         0.000         0.000
 PREV_ERR       0.000         0.000         0.000         0.000         0.000


           PSI
              CORRECT       COND          BLOCK         PREV_RT_      PREV_ERR
              ________      ________      ________      ________      ________
 CORRECT        1.000
 COND           0.000         0.125
 BLOCK          0.000         0.000         0.125
 PREV_RT_       0.000         0.000         0.000         0.489
 PREV_ERR       0.000         0.000         0.000         0.000         0.017


     STARTING VALUES FOR BETWEEN


           TAU
              CORRECT$
              ________
               -1.913


           NU
              CORRECT       MANIP         P1            P2            P3
              ________      ________      ________      ________      ________
                0.000         0.015         0.014         0.004        -0.014


           NU
              P4            P5
              ________      ________
               -0.008         0.003


           LAMBDA
              ANTAG         CONSTRAI      CONDSLO       PREVSLO       ERRSLO
              ________      ________      ________      ________      ________
 CORRECT        0.000         0.000         0.000         0.000         0.000
 MANIP          1.000         0.000         0.000         0.000         0.000
 P1             1.000         0.000         0.000         0.000         0.000
 P2             0.000         1.000         0.000         0.000         0.000
 P3             0.000         1.000         0.000         0.000         0.000
 P4             0.000         1.000         0.000         0.000         0.000
 P5             1.000         0.000         0.000         0.000         0.000


           LAMBDA
              CORRECT
              ________
 CORRECT        1.000
 MANIP          0.000
 P1             0.000
 P2             0.000
 P3             0.000
 P4             0.000
 P5             0.000


           THETA
              CORRECT       MANIP         P1            P2            P3
              ________      ________      ________      ________      ________
 CORRECT        0.000
 MANIP          0.000         0.500
 P1             0.000         0.000         0.441
 P2             0.000         0.000         0.000         0.417
 P3             0.000         0.000         0.000         0.000         0.442
 P4             0.000         0.000         0.000         0.000         0.000
 P5             0.000         0.000         0.000         0.000         0.000


           THETA
              P4            P5
              ________      ________
 P4             0.452
 P5             0.000         0.444


           ALPHA
              ANTAG         CONSTRAI      CONDSLO       PREVSLO       ERRSLO
              ________      ________      ________      ________      ________
                0.000         0.000         0.000         0.000         0.000


           ALPHA
              CORRECT
              ________
                0.000


           BETA
              ANTAG         CONSTRAI      CONDSLO       PREVSLO       ERRSLO
              ________      ________      ________      ________      ________
 ANTAG          0.000         0.000         0.000         0.000         0.000
 CONSTRAI       0.000         0.000         0.000         0.000         0.000
 CONDSLO        0.000         0.000         0.000         0.000         0.000
 PREVSLO        0.000         0.000         0.000         0.000         0.000
 ERRSLO         0.000         0.000         0.000         0.000         0.000
 CORRECT        0.000         0.000         0.000         0.000         0.000


           BETA
              CORRECT
              ________
 ANTAG          0.000
 CONSTRAI       0.000
 CONDSLO        0.000
 PREVSLO        0.000
 ERRSLO         0.000
 CORRECT        0.000


           PSI
              ANTAG         CONSTRAI      CONDSLO       PREVSLO       ERRSLO
              ________      ________      ________      ________      ________
 ANTAG          1.000
 CONSTRAI       0.000         1.000
 CONDSLO        0.000         0.000         1.000
 PREVSLO        0.000         0.000         0.000         1.000
 ERRSLO         0.000         0.000         0.000         0.000         1.000
 CORRECT        0.000         0.000         0.000         0.000         0.000


           PSI
              CORRECT
              ________
 CORRECT        1.000



     PRIORS FOR ALL PARAMETERS            PRIOR MEAN      PRIOR VARIANCE     PRIOR STD. DEV.

     Parameter 1~N(0.000,5.000)              0.0000              5.0000              2.2361
     Parameter 2~N(0.000,infinity)           0.0000            infinity            infinity
     Parameter 3~N(0.000,infinity)           0.0000            infinity            infinity
     Parameter 4~N(0.000,infinity)           0.0000            infinity            infinity
     Parameter 5~N(0.000,infinity)           0.0000            infinity            infinity
     Parameter 6~N(0.000,infinity)           0.0000            infinity            infinity
     Parameter 7~N(0.000,infinity)           0.0000            infinity            infinity
     Parameter 8~N(0.000,infinity)           0.0000            infinity            infinity
     Parameter 9~N(0.000,infinity)           0.0000            infinity            infinity
     Parameter 10~N(0.000,infinity)          0.0000            infinity            infinity
     Parameter 11~N(0.000,infinity)          0.0000            infinity            infinity
     Parameter 12~N(0.000,infinity)          0.0000            infinity            infinity
     Parameter 13~N(0.000,infinity)          0.0000            infinity            infinity
     Parameter 14~IG(-1.000,0.000)         infinity            infinity            infinity
     Parameter 15~IG(-1.000,0.000)         infinity            infinity            infinity
     Parameter 16~IG(-1.000,0.000)         infinity            infinity            infinity
     Parameter 17~IG(-1.000,0.000)         infinity            infinity            infinity
     Parameter 18~IG(-1.000,0.000)         infinity            infinity            infinity
     Parameter 19~IG(-1.000,0.000)         infinity            infinity            infinity
     Parameter 20~N(0.000,infinity)          0.0000            infinity            infinity
     Parameter 21~N(0.000,infinity)          0.0000            infinity            infinity
     Parameter 22~N(0.000,infinity)          0.0000            infinity            infinity
     Parameter 23~N(0.000,infinity)          0.0000            infinity            infinity
     Parameter 24~N(0.000,infinity)          0.0000            infinity            infinity
     Parameter 25~N(0.000,infinity)          0.0000            infinity            infinity
     Parameter 26~N(0.000,infinity)          0.0000            infinity            infinity
     Parameter 27~N(0.000,infinity)          0.0000            infinity            infinity
     Parameter 28~N(0.000,infinity)          0.0000            infinity            infinity
     Parameter 29~N(0.000,5.000)             0.0000              5.0000              2.2361
     Parameter 30~N(0.000,5.000)             0.0000              5.0000              2.2361
     Parameter 31~IW(0.000,3)
     Parameter 32~IW(1.000,4)              infinity            infinity            infinity
     Parameter 33~IW(0.000,4)              infinity            infinity            infinity
     Parameter 34~IW(1.000,4)              infinity            infinity            infinity
     Parameter 35~IW(0.000,4)              infinity            infinity            infinity
     Parameter 36~IW(0.000,4)              infinity            infinity            infinity
     Parameter 37~IW(1.000,4)              infinity            infinity            infinity
     Parameter 38~IG(-1.000,0.000)         infinity            infinity            infinity
     Parameter 39~N(0.000,5.000)             0.0000              5.0000              2.2361


TECHNICAL 8 OUTPUT


   TECHNICAL 8 OUTPUT FOR BAYES ESTIMATION

     CHAIN    BSEED
     1        0
     2        285380
     3        253358
     4        93468

                     POTENTIAL       PARAMETER WITH
     ITERATION    SCALE REDUCTION      HIGHEST PSR
     100              1.602               27
     200              1.288               17
     300              1.486               36
     400              1.410               34
     500              1.797               27
     600              2.216               27
     700              1.592               27
     800              1.360               39
     900              1.371               39
     1000             1.318               39
     1100             1.235               27
     1200             1.181               27
     1300             1.310               27
     1400             1.296               27
     1500             1.357               27
     1600             1.395               27
     1700             1.393               27
     1800             1.308               27
     1900             1.268               27
     2000             1.239               27
     2100             1.237               27
     2200             1.269               27
     2300             1.250               27
     2400             1.185               27
     2500             1.177               27
     2600             1.157               27
     2700             1.171               27
     2800             1.141               27
     2900             1.122               10
     3000             1.119               22
     3100             1.115               22
     3200             1.085               17
     3300             1.077               17
     3400             1.055               22
     3500             1.074               22
     3600             1.069               22
     3700             1.058               1
     3800             1.055               1
     3900             1.054               1
     4000             1.063               22
     4100             1.084               22
     4200             1.097               22
     4300             1.095               22
     4400             1.087               22
     4500             1.089               22
     4600             1.091               22
     4700             1.056               22
     4800             1.039               22
     4900             1.032               36
     5000             1.038               36
     5100             1.032               36
     5200             1.032               24
     5300             1.036               30
     5400             1.044               30
     5500             1.046               30
     5600             1.051               30
     5700             1.057               30
     5800             1.056               30
     5900             1.059               30
     6000             1.050               30
     6100             1.045               30
     6200             1.054               30
     6300             1.057               30
     6400             1.062               30
     6500             1.057               30
     6600             1.056               30
     6700             1.055               30
     6800             1.053               30
     6900             1.049               30
     7000             1.044               30
     7100             1.029               38
     7200             1.027               38
     7300             1.024               38
     7400             1.020               38
     7500             1.022               38
     7600             1.028               38
     7700             1.030               38
     7800             1.032               38
     7900             1.031               38
     8000             1.030               38
     8100             1.025               38
     8200             1.027               38
     8300             1.030               38
     8400             1.026               38
     8500             1.020               38
     8600             1.021               21
     8700             1.017               21
     8800             1.015               21
     8900             1.014               21
     9000             1.012               21
     9100             1.010               21
     9200             1.011               21
     9300             1.011               21
     9400             1.011               21
     9500             1.010               21
     9600             1.008               21
     9700             1.008               21
     9800             1.008               21
     9900             1.007               21
     10000            1.007               27
     10100            1.007               27
     10200            1.006               27
     10300            1.009               28
     10400            1.008               1
     10500            1.010               1
     10600            1.011               1
     10700            1.009               28
     10800            1.011               28
     10900            1.010               28
     11000            1.009               28
     11100            1.010               28
     11200            1.009               28
     11300            1.009               1
     11400            1.009               28
     11500            1.008               1
     11600            1.011               1
     11700            1.014               1
     11800            1.012               1
     11900            1.015               1
     12000            1.018               1
     12100            1.020               1
     12200            1.020               1
     12300            1.023               1
     12400            1.024               1
     12500            1.021               1
     12600            1.020               1
     12700            1.022               1
     12800            1.024               1
     12900            1.022               1
     13000            1.023               1
     13100            1.019               1
     13200            1.022               1
     13300            1.028               22
     13400            1.030               22
     13500            1.028               1
     13600            1.026               22
     13700            1.025               22
     13800            1.023               39
     13900            1.025               39
     14000            1.024               39
     14100            1.022               39
     14200            1.023               39
     14300            1.027               39
     14400            1.028               39
     14500            1.031               39
     14600            1.029               39
     14700            1.027               39
     14800            1.026               39
     14900            1.026               39
     15000            1.026               39
     15100            1.028               39
     15200            1.027               39
     15300            1.027               39
     15400            1.028               39
     15500            1.027               39
     15600            1.026               39
     15700            1.022               39
     15800            1.022               39
     15900            1.022               39
     16000            1.022               39
     16100            1.026               39
     16200            1.027               39
     16300            1.024               39
     16400            1.024               39
     16500            1.026               39
     16600            1.028               39
     16700            1.029               39
     16800            1.030               39
     16900            1.031               39
     17000            1.034               39
     17100            1.034               39
     17200            1.034               39
     17300            1.033               39
     17400            1.032               39
     17500            1.032               39
     17600            1.031               39
     17700            1.032               39
     17800            1.031               39
     17900            1.033               39
     18000            1.035               39
     18100            1.033               39
     18200            1.029               39
     18300            1.028               39
     18400            1.028               39
     18500            1.027               1
     18600            1.025               1
     18700            1.022               39
     18800            1.022               39
     18900            1.024               39
     19000            1.025               39
     19100            1.027               39
     19200            1.025               39
     19300            1.025               39
     19400            1.026               39
     19500            1.029               1
     19600            1.031               1
     19700            1.031               1
     19800            1.031               1
     19900            1.030               1
     20000            1.030               1


PLOT INFORMATION

The following plots are available:

  Sample proportions
  Bayesian posterior parameter distributions
  Bayesian posterior parameter trace plots
  Bayesian autocorrelation plots
  Bayesian prior parameter distributions

     Beginning Time:  20:45:16
        Ending Time:  20:54:39
       Elapsed Time:  00:09:23



MUTHEN & MUTHEN
3463 Stoner Ave.
Los Angeles, CA  90066

Tel: (310) 391-9971
Fax: (310) 391-8971
Web: www.StatModel.com
Support: Support@StatModel.com

Copyright (c) 1998-2019 Muthen & Muthen
