Mplus VERSION 8.4 (Mac)
MUTHEN & MUTHEN
06/02/2020   2:10 PM

INPUT INSTRUCTIONS

  TITLE:
  Antagonism and Disinhibition BSEM CFA 3+3 Parcels, Flanker ACC
  DATA:
  FILE = "flanker_acc_mplus_297ccf19e91234bcc58c45acbab3f48c.dat";

  VARIABLE:
  NAMES = id correct rt cond block prev_rt prev_error prev_rt_z MPS_agR AGG MISTRUST
       MPS_alR MANIP PROPER MPS_clR IMPUL MPS_tdR MPS_acR HDWK;
   MISSING=.;

      WITHIN = cond block prev_rt_z prev_error;
      USEVARIABLES = id correct cond block prev_rt_z prev_error
            MANIP p1 p2 p3 p4 p5;
      BETWEEN = MANIP p1 p2 p3 p4 p5;
      CLUSTER = id;
      CATEGORICAL = correct;

  DEFINE:

      p1=MEAN(MISTRUST MPS_alR);
      p2=MEAN(PROPER MPS_tdR);
      p3=MEAN(MPS_clR IMPUL);
      p4=MEAN(MPS_acR HDWK);
      p5=MEAN(MPS_agR AGG);
      cond = cond - 1; ! 0=congruent, 1=incongruent
      block = block - 1; ! 0=most_incon, 1=most_con

  ANALYSIS:

      TYPE=TWOLEVEL RANDOM;
      ESTIMATOR=BAYES;
      BITERATIONS=(10000);
      CHAINS=2;
      PROCESSORS=4;

  MODEL:

      %WITHIN%
      correct ON block;
      condslo | correct ON cond;        !random slope of cond
      prevslo | correct ON prev_rt_z;   !random slope of rt autocorrelation
      errslo | correct ON prev_error;   !random slope of previous error

      %BETWEEN%
      !means of random slopes
      [condslo];
      [prevslo];
      [errslo];

      !variances of random slopes
      condslo;
      prevslo;
      errslo;

      !slope correlations
      condslo prevslo errslo WITH
         condslo prevslo errslo;

      [correct$1]; !intercept: average correct

      !TRAIT MODEL

      antag BY p5*1 ! MPS_agR AGG
        p1        ! MISTRUST MPS_alR
        MANIP;
      antag@1;

      inhib BY
        p2*  !PROPER MPS_tdR
        p3  !MPS_clR IMPUL
        p4; !MPS_acR HDWK;
      inhib@1;

      antag WITH inhib;

      !TRAIT MODERATION

      ! trait moderates flanker performance -- incongruency effect and stickiness of RT
      condslo ON antag inhib;
      prevslo ON antag inhib;
      errslo ON antag inhib; !highly non-significant

      correct ON antag inhib;

  OUTPUT:
  TECH1 TECH8 STANDARDIZED CINTERVAL;
  PLOT:
  TYPE = PLOT2;



*** WARNING in VARIABLE command
  Note that only the first 8 characters of variable names are used in the output.
  Shorten variable names to avoid any confusion.
*** WARNING in PLOT command
  Note that only the first 8 characters of variable names are used in plots.
  If variable names are not unique within the first 8 characters, problems
  may occur.
*** WARNING
  One or more individual-level variables have no variation within a
  cluster for the following clusters.

     Variable   Cluster IDs with no within-cluster variation

      CORRECT     90 15 11 114 13 5 52 106 66 86 20 107 91 93 95
      PREV_ERR    90 15 11 114 13 5 52 6 106 66 86 20 107 91 93 95

*** WARNING
  Data set contains cases with missing on x-variables.
  These cases were not included in the analysis.
  Number of cases with missing on x-variables:  496
   4 WARNING(S) FOUND IN THE INPUT INSTRUCTIONS




Antagonism and Disinhibition BSEM CFA 3+3 Parcels, Flanker ACC

SUMMARY OF ANALYSIS

Number of groups                                                 1
Number of observations                                       15504

Number of dependent variables                                    7
Number of independent variables                                  4
Number of continuous latent variables                            5

Observed dependent variables

  Continuous
   MANIP       P1          P2          P3          P4          P5

  Binary and ordered categorical (ordinal)
   CORRECT

Observed independent variables
   COND        BLOCK       PREV_RT_    PREV_ERR

Continuous latent variables
   ANTAG       INHIB       CONDSLO     PREVSLO     ERRSLO

Variables with special functions

  Cluster variable      ID

  Within variables
   COND        BLOCK       PREV_RT_    PREV_ERR

  Between variables
   MANIP       P1          P2          P3          P4          P5


Estimator                                                    BAYES
Specifications for Bayesian Estimation
  Point estimate                                            MEDIAN
  Number of Markov chain Monte Carlo (MCMC) chains               2
  Random seed for the first chain                                0
  Starting value information                           UNPERTURBED
  Algorithm used for Markov chain Monte Carlo           GIBBS(PX1)
  Convergence criterion                                  0.500D-01
  Maximum number of iterations                               50000
  K-th iteration used for thinning                               1
Link                                                        PROBIT

Input data file(s)
  flanker_acc_mplus_297ccf19e91234bcc58c45acbab3f48c.dat
Input data format  FREE


SUMMARY OF DATA

     Number of clusters                        100

       Size (s)    Cluster ID with Size s

        137        62
        144        92
        146        36
        150        73 45
        151        35
        152        110
        153        42 90 65
        154        24 109 89 46 15
        155        113 14 102 18 21 57 58 22 105 68 27 32 33 34 99
        156        25 26 11 28 29 3 30 31 1 111 112 103 114 37 4 40 41
                   12 43 13 104 49 5 50 52 53 54 56 10 16 59 6 60 61 17
                   63 64 106 66 67 19 69 70 71 72 2 74 75 76 77 78 79 8
                   81 84 86 87 88 20 9 107 91 108 93 94 95 96 97 98 101



COVARIANCE COVERAGE OF DATA

Minimum covariance coverage value   0.100

     Number of missing data patterns             2


     PROPORTION OF DATA PRESENT


           Covariance Coverage
              CORRECT       MANIP         P1            P2            P3
              ________      ________      ________      ________      ________
 CORRECT        0.982
 MANIP          0.982         1.000
 P1             0.982         1.000         1.000
 P2             0.982         1.000         1.000         1.000
 P3             0.982         1.000         1.000         1.000         1.000
 P4             0.982         1.000         1.000         1.000         1.000
 P5             0.982         1.000         1.000         1.000         1.000
 COND           0.982         1.000         1.000         1.000         1.000
 BLOCK          0.982         1.000         1.000         1.000         1.000
 PREV_RT_       0.982         1.000         1.000         1.000         1.000
 PREV_ERR       0.982         1.000         1.000         1.000         1.000


           Covariance Coverage
              P4            P5            COND          BLOCK         PREV_RT_
              ________      ________      ________      ________      ________
 P4             1.000
 P5             1.000         1.000
 COND           1.000         1.000         1.000
 BLOCK          1.000         1.000         1.000         1.000
 PREV_RT_       1.000         1.000         1.000         1.000         1.000
 PREV_ERR       1.000         1.000         1.000         1.000         1.000


           Covariance Coverage
              PREV_ERR
              ________
 PREV_ERR       1.000


UNIVARIATE PROPORTIONS AND COUNTS FOR CATEGORICAL VARIABLES

    CORRECT
      Category 1    0.031          471.000
      Category 2    0.969        14751.000



UNIVARIATE SAMPLE STATISTICS


     UNIVARIATE HIGHER-ORDER MOMENT DESCRIPTIVE STATISTICS

         Variable/         Mean/     Skewness/   Minimum/ % with                Percentiles
        Sample Size      Variance    Kurtosis    Maximum  Min/Max      20%/60%    40%/80%    Median

     MANIP                 0.020       0.065      -1.701    7.00%      -0.898     -0.095      0.172
             100.000       1.006      -0.475       2.849    1.00%       0.440      0.708
     P1                    0.018       1.093      -1.197    5.00%      -0.819     -0.370     -0.108
             100.000       0.886       1.171       3.011    1.00%       0.078      0.645
     P2                   -0.005      -0.135      -2.240    1.00%      -0.857     -0.225      0.051
             100.000       0.833      -0.639       1.749    1.00%       0.286      0.762
     P3                    0.012      -0.902      -2.672    1.00%      -0.788     -0.027      0.231
             100.000       0.887       0.345       1.396    1.00%       0.371      0.817
     P4                    0.006       0.027      -1.799    1.00%      -0.946     -0.304      0.023
             100.000       0.902      -1.019       1.783    1.00%       0.313      0.795
     P5                    0.007       1.054      -1.149    7.00%      -0.845     -0.463     -0.199
             100.000       0.897       0.848       3.259    1.00%       0.065      0.752
     COND                  0.502      -0.007       0.000   49.82%       0.000      0.000      1.000
           15504.000       0.250      -2.000       1.000   50.18%       1.000      1.000
     BLOCK                 0.499       0.003       0.000   50.08%       0.000      0.000      0.000
           15504.000       0.250      -2.000       1.000   49.92%       1.000      1.000
     PREV_RT_Z            -0.020       1.617      -2.625    0.01%      -0.751     -0.367     -0.187
           15504.000       0.979       4.909       6.508    0.01%       0.017      0.559
     PREV_ERROR            0.035       5.048       0.000   96.48%       0.000      0.000      0.000
           15504.000       0.034      23.484       1.000    3.52%       0.000      0.000


THE MODEL ESTIMATION TERMINATED NORMALLY

     USE THE FBITERATIONS OPTION TO INCREASE THE NUMBER OF ITERATIONS BY A FACTOR
     OF AT LEAST TWO TO CHECK CONVERGENCE AND THAT THE PSR VALUE DOES NOT INCREASE.



MODEL FIT INFORMATION

Number of Free Parameters                              39



MODEL RESULTS

                                Posterior  One-Tailed         95% C.I.
                    Estimate       S.D.      P-Value   Lower 2.5%  Upper 2.5%  Significance

Within Level

 CORRECT    ON
    BLOCK             -0.095       0.051      0.024      -0.199      -0.001      *

Between Level

 ANTAG    BY
    P5                 0.837       0.108      0.000       0.633       1.053      *
    P1                 0.562       0.107      0.000       0.361       0.783      *
    MANIP              0.787       0.110      0.000       0.573       1.005      *

 INHIB    BY
    P2                 0.639       0.149      0.000       0.366       0.950      *
    P3                 0.654       0.156      0.000       0.373       0.974      *
    P4                 0.454       0.127      0.000       0.214       0.707      *

 CONDSLO    ON
    ANTAG              0.082       0.089      0.176      -0.092       0.257
    INHIB             -0.042       0.105      0.350      -0.249       0.158

 PREVSLO    ON
    ANTAG             -0.025       0.057      0.333      -0.140       0.085
    INHIB             -0.038       0.070      0.286      -0.181       0.094

 ERRSLO     ON
    ANTAG             -0.344       0.340      0.073      -1.297       0.110
    INHIB             -0.190       0.333      0.238      -0.975       0.329

 CORRECT    ON
    ANTAG             -0.274       0.080      0.001      -0.436      -0.121      *
    INHIB             -0.022       0.098      0.410      -0.213       0.165

 CONDSLO  WITH
    PREVSLO            0.020       0.026      0.202      -0.028       0.074
    ERRSLO             0.152       0.104      0.021       0.005       0.402      *

 PREVSLO  WITH
    ERRSLO             0.092       0.071      0.034      -0.008       0.271

 ANTAG    WITH
    INHIB             -0.242       0.138      0.047      -0.500       0.041

 Intercepts
    MANIP              0.020       0.108      0.428      -0.186       0.232
    P1                 0.018       0.099      0.430      -0.177       0.215
    P2                -0.003       0.094      0.484      -0.186       0.184
    P3                 0.014       0.098      0.441      -0.175       0.209
    P4                 0.008       0.099      0.469      -0.186       0.204
    P5                 0.007       0.104      0.469      -0.197       0.210
    CONDSLO           -0.487       0.083      0.000      -0.646      -0.321      *
    PREVSLO            0.294       0.055      0.000       0.189       0.404      *
    ERRSLO             1.132       0.601      0.000       0.469       3.072      *

 Thresholds
    CORRECT$1         -2.545       0.085      0.000      -2.718      -2.380      *

 Variances
    ANTAG              1.000       0.000      0.000       1.000       1.000
    INHIB              1.000       0.000      0.000       1.000       1.000

 Residual Variances
    CORRECT            0.132       0.044      0.000       0.061       0.233      *
    MANIP              0.477       0.117      0.000       0.272       0.729      *
    P1                 0.628       0.111      0.000       0.449       0.882      *
    P2                 0.489       0.173      0.000       0.104       0.793      *
    P3                 0.526       0.183      0.000       0.126       0.856      *
    P4                 0.745       0.135      0.000       0.519       1.044      *
    P5                 0.291       0.114      0.000       0.047       0.513      *
    CONDSLO            0.203       0.055      0.000       0.121       0.334      *
    PREVSLO            0.097       0.027      0.000       0.058       0.161      *
    ERRSLO             0.609       0.623      0.000       0.210       2.435      *


STANDARDIZED MODEL RESULTS


STDYX Standardization

                                Posterior  One-Tailed         95% C.I.
                    Estimate       S.D.      P-Value   Lower 2.5%  Upper 2.5%  Significance

Within-Level Standardized Estimates Averaged Over Clusters

 CONDSLO | CORRECT ON
    COND              -0.219       0.028      0.000      -0.268      -0.164      *

 PREVSLO | CORRECT ON
    PREV_RT_Z          0.174       0.025      0.000       0.128       0.226      *

 ERRSLO | CORRECT ON
    PREV_ERROR         0.133       0.084      0.000       0.055       0.334      *

 CORRECT    ON
    BLOCK             -0.044       0.022      0.014      -0.097      -0.003      *

Between Level

 ANTAG    BY
    P5                 0.840       0.072      0.000       0.688       0.976      *
    P1                 0.578       0.087      0.000       0.390       0.728      *
    MANIP              0.750       0.072      0.000       0.589       0.874      *

 INHIB    BY
    P2                 0.673       0.138      0.000       0.405       0.944      *
    P3                 0.667       0.139      0.000       0.398       0.936      *
    P4                 0.464       0.116      0.000       0.223       0.674      *

 CONDSLO    ON
    ANTAG              0.174       0.177      0.176      -0.193       0.499
    INHIB             -0.089       0.211      0.350      -0.484       0.317

 PREVSLO    ON
    ANTAG             -0.077       0.172      0.333      -0.405       0.263
    INHIB             -0.119       0.206      0.286      -0.517       0.283

 ERRSLO     ON
    ANTAG             -0.377       0.230      0.073      -0.760       0.140
    INHIB             -0.218       0.290      0.238      -0.743       0.360

 CORRECT    ON
    ANTAG             -0.597       0.144      0.001      -0.829      -0.268      *
    INHIB             -0.048       0.207      0.410      -0.452       0.343

 CONDSLO  WITH
    PREVSLO            0.149       0.168      0.202      -0.196       0.458
    ERRSLO             0.447       0.187      0.021       0.014       0.732      *

 PREVSLO  WITH
    ERRSLO             0.402       0.188      0.034      -0.030       0.687

 ANTAG    WITH
    INHIB             -0.242       0.138      0.047      -0.500       0.041

 Intercepts
    MANIP              0.019       0.102      0.428      -0.175       0.218
    P1                 0.018       0.101      0.430      -0.179       0.219
    P2                -0.003       0.098      0.484      -0.194       0.191
    P3                 0.015       0.099      0.441      -0.178       0.215
    P4                 0.008       0.100      0.469      -0.187       0.206
    P5                 0.007       0.104      0.469      -0.195       0.207
    CONDSLO           -1.018       0.230      0.000      -1.507      -0.605      *
    PREVSLO            0.900       0.182      0.000       0.574       1.283      *
    ERRSLO             1.242       0.284      0.000       0.669       1.783      *

 Variances
    ANTAG              1.000       0.000      0.000       1.000       1.000
    INHIB              1.000       0.000      0.000       1.000       1.000

 Residual Variances
    CORRECT            0.617       0.144      0.000       0.335       0.882      *
    MANIP              0.437       0.106      0.000       0.237       0.653      *
    P1                 0.666       0.097      0.000       0.470       0.847      *
    P2                 0.548       0.188      0.000       0.109       0.836      *
    P3                 0.556       0.187      0.000       0.125       0.842      *
    P4                 0.785       0.105      0.000       0.546       0.950      *
    P5                 0.294       0.119      0.000       0.046       0.527      *
    CONDSLO            0.908       0.087      0.000       0.680       0.995      *
    PREVSLO            0.942       0.077      0.000       0.717       0.998      *
    ERRSLO             0.775       0.178      0.000       0.340       0.988      *


STDY Standardization

                                Posterior  One-Tailed         95% C.I.
                    Estimate       S.D.      P-Value   Lower 2.5%  Upper 2.5%  Significance

Within-Level Standardized Estimates Averaged Over Clusters

 CONDSLO | CORRECT ON
    COND              -0.439       0.055      0.000      -0.536      -0.328      *

 PREVSLO | CORRECT ON
    PREV_RT_Z          0.251       0.036      0.000       0.186       0.327      *

 ERRSLO | CORRECT ON
    PREV_ERROR         1.105       0.763      0.000       0.410       3.035      *

 CORRECT    ON
    BLOCK             -0.088       0.045      0.014      -0.194      -0.006      *

Between Level

 ANTAG    BY
    P5                 0.840       0.072      0.000       0.688       0.976      *
    P1                 0.578       0.087      0.000       0.390       0.728      *
    MANIP              0.750       0.072      0.000       0.589       0.874      *

 INHIB    BY
    P2                 0.673       0.138      0.000       0.405       0.944      *
    P3                 0.667       0.139      0.000       0.398       0.936      *
    P4                 0.464       0.116      0.000       0.223       0.674      *

 CONDSLO    ON
    ANTAG              0.174       0.177      0.176      -0.193       0.499
    INHIB             -0.089       0.211      0.350      -0.484       0.317

 PREVSLO    ON
    ANTAG             -0.077       0.172      0.333      -0.405       0.263
    INHIB             -0.119       0.206      0.286      -0.517       0.283

 ERRSLO     ON
    ANTAG             -0.377       0.230      0.073      -0.760       0.140
    INHIB             -0.218       0.290      0.238      -0.743       0.360

 CORRECT    ON
    ANTAG             -0.597       0.144      0.001      -0.829      -0.268      *
    INHIB             -0.048       0.207      0.410      -0.452       0.343

 CONDSLO  WITH
    PREVSLO            0.149       0.168      0.202      -0.196       0.458
    ERRSLO             0.447       0.187      0.021       0.014       0.732      *

 PREVSLO  WITH
    ERRSLO             0.402       0.188      0.034      -0.030       0.687

 ANTAG    WITH
    INHIB             -0.242       0.138      0.047      -0.500       0.041

 Intercepts
    MANIP              0.019       0.102      0.428      -0.175       0.218
    P1                 0.018       0.101      0.430      -0.179       0.219
    P2                -0.003       0.098      0.484      -0.194       0.191
    P3                 0.015       0.099      0.441      -0.178       0.215
    P4                 0.008       0.100      0.469      -0.187       0.206
    P5                 0.007       0.104      0.469      -0.195       0.207
    CONDSLO           -1.018       0.230      0.000      -1.507      -0.605      *
    PREVSLO            0.900       0.182      0.000       0.574       1.283      *
    ERRSLO             1.242       0.284      0.000       0.669       1.783      *

 Variances
    ANTAG              1.000       0.000      0.000       1.000       1.000
    INHIB              1.000       0.000      0.000       1.000       1.000

 Residual Variances
    CORRECT            0.617       0.144      0.000       0.335       0.882      *
    MANIP              0.437       0.106      0.000       0.237       0.653      *
    P1                 0.666       0.097      0.000       0.470       0.847      *
    P2                 0.548       0.188      0.000       0.109       0.836      *
    P3                 0.556       0.187      0.000       0.125       0.842      *
    P4                 0.785       0.105      0.000       0.546       0.950      *
    P5                 0.294       0.119      0.000       0.046       0.527      *
    CONDSLO            0.908       0.087      0.000       0.680       0.995      *
    PREVSLO            0.942       0.077      0.000       0.717       0.998      *
    ERRSLO             0.775       0.178      0.000       0.340       0.988      *


STD Standardization

                                Posterior  One-Tailed         95% C.I.
                    Estimate       S.D.      P-Value   Lower 2.5%  Upper 2.5%  Significance

Within-Level Standardized Estimates Averaged Over Clusters

 CONDSLO | CORRECT ON
    COND              -0.508       0.060      0.000      -0.613      -0.384      *

 PREVSLO | CORRECT ON
    PREV_RT_Z          0.291       0.041      0.000       0.214       0.381      *

 ERRSLO | CORRECT ON
    PREV_ERROR         1.223       0.968      0.000       0.459       3.807      *

 CORRECT    ON
    BLOCK             -0.099       0.050      0.014      -0.213      -0.007      *

Between Level

 ANTAG    BY
    P5                 0.837       0.108      0.000       0.633       1.053      *
    P1                 0.562       0.107      0.000       0.361       0.783      *
    MANIP              0.787       0.110      0.000       0.573       1.005      *

 INHIB    BY
    P2                 0.639       0.149      0.000       0.366       0.950      *
    P3                 0.654       0.156      0.000       0.373       0.974      *
    P4                 0.454       0.127      0.000       0.214       0.707      *

 CONDSLO    ON
    ANTAG              0.174       0.177      0.176      -0.193       0.499
    INHIB             -0.089       0.211      0.350      -0.484       0.317

 PREVSLO    ON
    ANTAG             -0.077       0.172      0.333      -0.405       0.263
    INHIB             -0.119       0.206      0.286      -0.517       0.283

 ERRSLO     ON
    ANTAG             -0.377       0.230      0.073      -0.760       0.140
    INHIB             -0.218       0.290      0.238      -0.743       0.360

 CORRECT    ON
    ANTAG             -0.274       0.080      0.001      -0.436      -0.121      *
    INHIB             -0.022       0.098      0.410      -0.213       0.165

 CONDSLO  WITH
    PREVSLO            0.149       0.168      0.202      -0.196       0.458
    ERRSLO             0.447       0.187      0.021       0.014       0.732      *

 PREVSLO  WITH
    ERRSLO             0.402       0.188      0.034      -0.030       0.687

 ANTAG    WITH
    INHIB             -0.242       0.138      0.047      -0.500       0.041

 Intercepts
    MANIP              0.020       0.108      0.428      -0.186       0.232
    P1                 0.018       0.099      0.430      -0.177       0.215
    P2                -0.003       0.094      0.484      -0.186       0.184
    P3                 0.014       0.098      0.441      -0.175       0.209
    P4                 0.008       0.099      0.469      -0.186       0.204
    P5                 0.007       0.104      0.469      -0.197       0.210
    CONDSLO           -1.018       0.230      0.000      -1.507      -0.605      *
    PREVSLO            0.900       0.182      0.000       0.574       1.283      *
    ERRSLO             1.242       0.284      0.000       0.669       1.783      *

 Variances
    ANTAG              1.000       0.000      0.000       1.000       1.000
    INHIB              1.000       0.000      0.000       1.000       1.000

 Residual Variances
    CORRECT            0.132       0.044      0.000       0.061       0.233      *
    MANIP              0.477       0.117      0.000       0.272       0.729      *
    P1                 0.628       0.111      0.000       0.449       0.882      *
    P2                 0.489       0.173      0.000       0.104       0.793      *
    P3                 0.526       0.183      0.000       0.126       0.856      *
    P4                 0.745       0.135      0.000       0.519       1.044      *
    P5                 0.291       0.114      0.000       0.047       0.513      *
    CONDSLO            0.908       0.087      0.000       0.680       0.995      *
    PREVSLO            0.942       0.077      0.000       0.717       0.998      *
    ERRSLO             0.775       0.178      0.000       0.340       0.988      *


R-SQUARE

Within-Level R-Square Averaged Across Clusters

                                Posterior  One-Tailed         95% C.I.
    Variable        Estimate       S.D.      P-Value   Lower 2.5%  Upper 2.5%

    CORRECT            0.185       0.042      0.000       0.145       0.302

Between Level

                                Posterior  One-Tailed         95% C.I.
    Variable        Estimate       S.D.      P-Value   Lower 2.5%  Upper 2.5%

    CORRECT            0.383       0.144      0.000       0.117       0.665
    MANIP              0.563       0.106      0.000       0.347       0.763
    P1                 0.334       0.097      0.000       0.152       0.530
    P2                 0.452       0.188      0.000       0.164       0.891
    P3                 0.444       0.187      0.000       0.158       0.875
    P4                 0.215       0.105      0.000       0.050       0.454
    P5                 0.706       0.119      0.000       0.473       0.954

                                Posterior  One-Tailed         95% C.I.
    Variable        Estimate       S.D.      P-Value   Lower 2.5%  Upper 2.5%

    CONDSLO            0.092       0.087      0.000       0.005       0.319
    PREVSLO            0.058       0.077      0.000       0.002       0.282
    ERRSLO             0.225       0.178      0.000       0.012       0.660


CREDIBILITY INTERVALS OF MODEL RESULTS

                  Lower .5%  Lower 2.5%    Lower 5%    Estimate    Upper 5%  Upper 2.5%   Upper .5%

Within Level

 CORRECT  ON
    BLOCK           -0.241      -0.199      -0.180      -0.095      -0.018      -0.001       0.036

 Thresholds
    CORRECT$1       -2.772      -2.718      -2.688      -2.545      -2.407      -2.380      -2.329

Between Level

 ANTAG    BY
    P5               0.566       0.633       0.666       0.837       1.016       1.053       1.138
    P1               0.291       0.361       0.395       0.562       0.746       0.783       0.853
    MANIP            0.514       0.573       0.605       0.787       0.968       1.005       1.088

 INHIB    BY
    P2               0.283       0.366       0.405       0.639       0.910       0.950       1.003
    P3               0.299       0.373       0.415       0.654       0.929       0.974       1.062
    P4               0.137       0.214       0.247       0.454       0.666       0.707       0.799

 CONDSLO  ON
    ANTAG           -0.155      -0.092      -0.063       0.082       0.227       0.257       0.314
    INHIB           -0.315      -0.249      -0.215      -0.042       0.130       0.158       0.221

 PREVSLO  ON
    ANTAG           -0.175      -0.140      -0.121      -0.025       0.068       0.085       0.119
    INHIB           -0.241      -0.181      -0.155      -0.038       0.073       0.094       0.142

 ERRSLO   ON
    ANTAG           -1.947      -1.297      -0.946      -0.344       0.041       0.110       0.233
    INHIB           -1.505      -0.975      -0.799      -0.190       0.245       0.329       0.485

 CORRECT  ON
    ANTAG           -0.496      -0.436      -0.407      -0.274      -0.148      -0.121      -0.066
    INHIB           -0.282      -0.213      -0.185      -0.022       0.137       0.165       0.226

 CONDSLO  WITH
    PREVSLO         -0.047      -0.028      -0.020       0.020       0.063       0.074       0.094
    ERRSLO          -0.039       0.005       0.026       0.152       0.346       0.402       0.567

 PREVSLO  WITH
    ERRSLO          -0.046      -0.008       0.009       0.092       0.228       0.271       0.371

 ANTAG    WITH
    INHIB           -0.570      -0.500      -0.459      -0.242      -0.004       0.041       0.122

 Intercepts
    MANIP           -0.261      -0.186      -0.155       0.020       0.199       0.232       0.297
    P1              -0.234      -0.177      -0.143       0.018       0.181       0.215       0.279
    P2              -0.246      -0.186      -0.155      -0.003       0.151       0.184       0.236
    P3              -0.233      -0.175      -0.147       0.014       0.177       0.209       0.276
    P4              -0.245      -0.186      -0.154       0.008       0.171       0.204       0.271
    P5              -0.263      -0.197      -0.165       0.007       0.179       0.210       0.282
    CONDSLO         -0.697      -0.646      -0.621      -0.487      -0.350      -0.321      -0.268
    PREVSLO          0.153       0.189       0.205       0.294       0.386       0.404       0.438
    ERRSLO           0.356       0.469       0.544       1.132       2.312       3.072       3.922

 Thresholds
    CORRECT$1       -2.772      -2.718      -2.688      -2.545      -2.407      -2.380      -2.329

 Variances
    ANTAG            1.000       1.000       1.000       1.000       1.000       1.000       1.000
    INHIB            1.000       1.000       1.000       1.000       1.000       1.000       1.000

 Residual Variances
    CORRECT          0.044       0.061       0.071       0.132       0.215       0.233       0.277
    MANIP            0.193       0.272       0.304       0.477       0.684       0.729       0.821
    P1               0.405       0.449       0.476       0.628       0.836       0.882       1.007
    P2               0.003       0.104       0.172       0.489       0.742       0.793       0.898
    P3               0.071       0.126       0.172       0.526       0.800       0.856       0.962
    P4               0.457       0.519       0.552       0.745       0.993       1.044       1.160
    P5               0.010       0.047       0.095       0.291       0.472       0.513       0.595
    CONDSLO          0.102       0.121       0.133       0.203       0.308       0.334       0.396
    PREVSLO          0.049       0.058       0.062       0.097       0.148       0.161       0.192
    ERRSLO           0.135       0.210       0.248       0.609       1.813       2.435       3.972


CREDIBILITY INTERVALS OF STANDARDIZED MODEL RESULTS


STDYX Standardization

                  Lower .5%  Lower 2.5%    Lower 5%    Estimate    Upper 5%  Upper 2.5%   Upper .5%

Within Level

 CORRECT  ON
    BLOCK            0.000      -0.097       0.000      -0.044       0.000      -0.003       0.000

Between Level

 ANTAG    BY
    P5               0.627       0.688       0.715       0.840       0.954       0.976       0.995
    P1               0.316       0.390       0.424       0.578       0.708       0.728       0.766
    MANIP            0.534       0.589       0.619       0.750       0.855       0.874       0.910

 INHIB    BY
    P2               0.315       0.405       0.447       0.673       0.902       0.944       0.998
    P3               0.322       0.398       0.439       0.667       0.910       0.936       0.964
    P4               0.144       0.223       0.262       0.464       0.644       0.674       0.728

 CONDSLO  ON
    ANTAG           -0.310      -0.193      -0.133       0.174       0.453       0.499       0.583
    INHIB           -0.573      -0.484      -0.431      -0.089       0.262       0.317       0.425

 PREVSLO  ON
    ANTAG           -0.500      -0.405      -0.361      -0.077       0.209       0.263       0.361
    INHIB           -0.651      -0.517      -0.454      -0.119       0.223       0.283       0.409

 ERRSLO   ON
    ANTAG           -0.855      -0.760      -0.703      -0.377       0.054       0.140       0.305
    INHIB           -0.837      -0.743      -0.678      -0.218       0.275       0.360       0.528

 CORRECT  ON
    ANTAG           -0.892      -0.829      -0.797      -0.597      -0.332      -0.268      -0.154
    INHIB           -0.571      -0.452      -0.393      -0.048       0.285       0.343       0.451

 CONDSLO  WITH
    PREVSLO         -0.309      -0.196      -0.144       0.149       0.409       0.458       0.533
    ERRSLO          -0.126       0.014       0.080       0.447       0.696       0.732       0.793

 PREVSLO  WITH
    ERRSLO          -0.190      -0.030       0.038       0.402       0.655       0.687       0.750

 ANTAG    WITH
    INHIB           -0.570      -0.500      -0.459      -0.242      -0.004       0.041       0.122

 Intercepts
    MANIP           -0.243      -0.175      -0.146       0.019       0.188       0.218       0.277
    P1              -0.233      -0.179      -0.146       0.018       0.184       0.219       0.278
    P2              -0.250      -0.194      -0.163      -0.003       0.160       0.191       0.241
    P3              -0.236      -0.178      -0.149       0.015       0.180       0.215       0.276
    P4              -0.249      -0.187      -0.156       0.008       0.173       0.206       0.268
    P5              -0.258      -0.195      -0.166       0.007       0.177       0.207       0.275
    CONDSLO         -1.690      -1.507      -1.420      -1.018      -0.668      -0.605      -0.478
    PREVSLO          0.467       0.574       0.623       0.900       1.221       1.283       1.418
    ERRSLO           0.510       0.669       0.752       1.242       1.693       1.783       1.941

 Variances
    ANTAG            1.000       1.000       1.000       1.000       1.000       1.000       1.000
    INHIB            1.000       1.000       1.000       1.000       1.000       1.000       1.000

 Residual Variances
    CORRECT          0.246       0.335       0.376       0.617       0.848       0.882       0.942
    MANIP            0.170       0.237       0.269       0.437       0.617       0.653       0.715
    P1               0.414       0.470       0.499       0.666       0.820       0.847       0.900
    P2               0.003       0.109       0.187       0.548       0.800       0.836       0.900
    P3               0.071       0.125       0.171       0.556       0.807       0.842       0.895
    P4               0.469       0.546       0.585       0.785       0.931       0.950       0.979
    P5               0.010       0.046       0.090       0.294       0.489       0.527       0.605
    CONDSLO          0.590       0.680       0.721       0.908       0.991       0.995       0.999
    PREVSLO          0.594       0.717       0.769       0.942       0.996       0.998       1.000
    ERRSLO           0.212       0.340       0.402       0.775       0.974       0.988       0.997


STDY Standardization

                  Lower .5%  Lower 2.5%    Lower 5%    Estimate    Upper 5%  Upper 2.5%   Upper .5%

Within Level

 CORRECT  ON
    BLOCK            0.000      -0.194       0.000      -0.088       0.000      -0.006       0.000

Between Level

 ANTAG    BY
    P5               0.627       0.688       0.715       0.840       0.954       0.976       0.995
    P1               0.316       0.390       0.424       0.578       0.708       0.728       0.766
    MANIP            0.534       0.589       0.619       0.750       0.855       0.874       0.910

 INHIB    BY
    P2               0.315       0.405       0.447       0.673       0.902       0.944       0.998
    P3               0.322       0.398       0.439       0.667       0.910       0.936       0.964
    P4               0.144       0.223       0.262       0.464       0.644       0.674       0.728

 CONDSLO  ON
    ANTAG           -0.310      -0.193      -0.133       0.174       0.453       0.499       0.583
    INHIB           -0.573      -0.484      -0.431      -0.089       0.262       0.317       0.425

 PREVSLO  ON
    ANTAG           -0.500      -0.405      -0.361      -0.077       0.209       0.263       0.361
    INHIB           -0.651      -0.517      -0.454      -0.119       0.223       0.283       0.409

 ERRSLO   ON
    ANTAG           -0.855      -0.760      -0.703      -0.377       0.054       0.140       0.305
    INHIB           -0.837      -0.743      -0.678      -0.218       0.275       0.360       0.528

 CORRECT  ON
    ANTAG           -0.892      -0.829      -0.797      -0.597      -0.332      -0.268      -0.154
    INHIB           -0.571      -0.452      -0.393      -0.048       0.285       0.343       0.451

 CONDSLO  WITH
    PREVSLO         -0.309      -0.196      -0.144       0.149       0.409       0.458       0.533
    ERRSLO          -0.126       0.014       0.080       0.447       0.696       0.732       0.793

 PREVSLO  WITH
    ERRSLO          -0.190      -0.030       0.038       0.402       0.655       0.687       0.750

 ANTAG    WITH
    INHIB           -0.570      -0.500      -0.459      -0.242      -0.004       0.041       0.122

 Intercepts
    MANIP           -0.243      -0.175      -0.146       0.019       0.188       0.218       0.277
    P1              -0.233      -0.179      -0.146       0.018       0.184       0.219       0.278
    P2              -0.250      -0.194      -0.163      -0.003       0.160       0.191       0.241
    P3              -0.236      -0.178      -0.149       0.015       0.180       0.215       0.276
    P4              -0.249      -0.187      -0.156       0.008       0.173       0.206       0.268
    P5              -0.258      -0.195      -0.166       0.007       0.177       0.207       0.275
    CONDSLO         -1.690      -1.507      -1.420      -1.018      -0.668      -0.605      -0.478
    PREVSLO          0.467       0.574       0.623       0.900       1.221       1.283       1.418
    ERRSLO           0.510       0.669       0.752       1.242       1.693       1.783       1.941

 Variances
    ANTAG            1.000       1.000       1.000       1.000       1.000       1.000       1.000
    INHIB            1.000       1.000       1.000       1.000       1.000       1.000       1.000

 Residual Variances
    CORRECT          0.246       0.335       0.376       0.617       0.848       0.882       0.942
    MANIP            0.170       0.237       0.269       0.437       0.617       0.653       0.715
    P1               0.414       0.470       0.499       0.666       0.820       0.847       0.900
    P2               0.003       0.109       0.187       0.548       0.800       0.836       0.900
    P3               0.071       0.125       0.171       0.556       0.807       0.842       0.895
    P4               0.469       0.546       0.585       0.785       0.931       0.950       0.979
    P5               0.010       0.046       0.090       0.294       0.489       0.527       0.605
    CONDSLO          0.590       0.680       0.721       0.908       0.991       0.995       0.999
    PREVSLO          0.594       0.717       0.769       0.942       0.996       0.998       1.000
    ERRSLO           0.212       0.340       0.402       0.775       0.974       0.988       0.997


STD Standardization

                  Lower .5%  Lower 2.5%    Lower 5%    Estimate    Upper 5%  Upper 2.5%   Upper .5%

Within Level

 CORRECT  ON
    BLOCK            0.000      -0.213       0.000      -0.099       0.000      -0.007       0.000

Between Level

 ANTAG    BY
    P5               0.566       0.633       0.666       0.837       1.016       1.053       1.138
    P1               0.291       0.361       0.395       0.562       0.746       0.783       0.853
    MANIP            0.514       0.573       0.605       0.787       0.968       1.005       1.088

 INHIB    BY
    P2               0.283       0.366       0.405       0.639       0.910       0.950       1.003
    P3               0.299       0.373       0.415       0.654       0.929       0.974       1.062
    P4               0.137       0.214       0.247       0.454       0.666       0.707       0.799

 CONDSLO  ON
    ANTAG           -0.310      -0.193      -0.133       0.174       0.453       0.499       0.583
    INHIB           -0.573      -0.484      -0.431      -0.089       0.262       0.317       0.425

 PREVSLO  ON
    ANTAG           -0.500      -0.405      -0.361      -0.077       0.209       0.263       0.361
    INHIB           -0.651      -0.517      -0.454      -0.119       0.223       0.283       0.409

 ERRSLO   ON
    ANTAG           -0.855      -0.760      -0.703      -0.377       0.054       0.140       0.305
    INHIB           -0.837      -0.743      -0.678      -0.218       0.275       0.360       0.528

 CORRECT  ON
    ANTAG           -0.496      -0.436      -0.407      -0.274      -0.148      -0.121      -0.066
    INHIB           -0.282      -0.213      -0.185      -0.022       0.137       0.165       0.226

 CONDSLO  WITH
    PREVSLO         -0.309      -0.196      -0.144       0.149       0.409       0.458       0.533
    ERRSLO          -0.126       0.014       0.080       0.447       0.696       0.732       0.793

 PREVSLO  WITH
    ERRSLO          -0.190      -0.030       0.038       0.402       0.655       0.687       0.750

 ANTAG    WITH
    INHIB           -0.570      -0.500      -0.459      -0.242      -0.004       0.041       0.122

 Intercepts
    MANIP           -0.261      -0.186      -0.155       0.020       0.199       0.232       0.297
    P1              -0.234      -0.177      -0.143       0.018       0.181       0.215       0.279
    P2              -0.246      -0.186      -0.155      -0.003       0.151       0.184       0.236
    P3              -0.233      -0.175      -0.147       0.014       0.177       0.209       0.276
    P4              -0.245      -0.186      -0.154       0.008       0.171       0.204       0.271
    P5              -0.263      -0.197      -0.165       0.007       0.179       0.210       0.282
    CONDSLO         -1.690      -1.507      -1.420      -1.018      -0.668      -0.605      -0.478
    PREVSLO          0.467       0.574       0.623       0.900       1.221       1.283       1.418
    ERRSLO           0.510       0.669       0.752       1.242       1.693       1.783       1.941

 Variances
    ANTAG            1.000       1.000       1.000       1.000       1.000       1.000       1.000
    INHIB            1.000       1.000       1.000       1.000       1.000       1.000       1.000

 Residual Variances
    CORRECT          0.044       0.061       0.071       0.132       0.215       0.233       0.277
    MANIP            0.193       0.272       0.304       0.477       0.684       0.729       0.821
    P1               0.405       0.449       0.476       0.628       0.836       0.882       1.007
    P2               0.003       0.104       0.172       0.489       0.742       0.793       0.898
    P3               0.071       0.126       0.172       0.526       0.800       0.856       0.962
    P4               0.457       0.519       0.552       0.745       0.993       1.044       1.160
    P5               0.010       0.047       0.095       0.291       0.472       0.513       0.595
    CONDSLO          0.590       0.680       0.721       0.908       0.991       0.995       0.999
    PREVSLO          0.594       0.717       0.769       0.942       0.996       0.998       1.000
    ERRSLO           0.212       0.340       0.402       0.775       0.974       0.988       0.997


TECHNICAL 1 OUTPUT


     PARAMETER SPECIFICATION FOR WITHIN


           TAU
              CORRECT$
              ________
                    0


           NU
              CORRECT       COND          BLOCK         PREV_RT_      PREV_ERR
              ________      ________      ________      ________      ________
                    0             0             0             0             0


           LAMBDA
              CORRECT       COND          BLOCK         PREV_RT_      PREV_ERR
              ________      ________      ________      ________      ________
 CORRECT            0             0             0             0             0
 COND               0             0             0             0             0
 BLOCK              0             0             0             0             0
 PREV_RT_           0             0             0             0             0
 PREV_ERR           0             0             0             0             0


           THETA
              CORRECT       COND          BLOCK         PREV_RT_      PREV_ERR
              ________      ________      ________      ________      ________
 CORRECT            0
 COND               0             0
 BLOCK              0             0             0
 PREV_RT_           0             0             0             0
 PREV_ERR           0             0             0             0             0


           ALPHA
              CORRECT       COND          BLOCK         PREV_RT_      PREV_ERR
              ________      ________      ________      ________      ________
                    0             0             0             0             0


           BETA
              CORRECT       COND          BLOCK         PREV_RT_      PREV_ERR
              ________      ________      ________      ________      ________
 CORRECT            0             0             1             0             0
 COND               0             0             0             0             0
 BLOCK              0             0             0             0             0
 PREV_RT_           0             0             0             0             0
 PREV_ERR           0             0             0             0             0


           PSI
              CORRECT       COND          BLOCK         PREV_RT_      PREV_ERR
              ________      ________      ________      ________      ________
 CORRECT            0
 COND               0             0
 BLOCK              0             0             0
 PREV_RT_           0             0             0             0
 PREV_ERR           0             0             0             0             0


     PARAMETER SPECIFICATION FOR BETWEEN


           TAU
              CORRECT$
              ________
                   39


           NU
              CORRECT       MANIP         P1            P2            P3
              ________      ________      ________      ________      ________
                    0             2             3             4             5


           NU
              P4            P5
              ________      ________
                    6             7


           LAMBDA
              ANTAG         INHIB         CONDSLO       PREVSLO       ERRSLO
              ________      ________      ________      ________      ________
 CORRECT            0             0             0             0             0
 MANIP              8             0             0             0             0
 P1                 9             0             0             0             0
 P2                 0            10             0             0             0
 P3                 0            11             0             0             0
 P4                 0            12             0             0             0
 P5                13             0             0             0             0


           LAMBDA
              CORRECT
              ________
 CORRECT            0
 MANIP              0
 P1                 0
 P2                 0
 P3                 0
 P4                 0
 P5                 0


           THETA
              CORRECT       MANIP         P1            P2            P3
              ________      ________      ________      ________      ________
 CORRECT            0
 MANIP              0            14
 P1                 0             0            15
 P2                 0             0             0            16
 P3                 0             0             0             0            17
 P4                 0             0             0             0             0
 P5                 0             0             0             0             0


           THETA
              P4            P5
              ________      ________
 P4                18
 P5                 0            19


           ALPHA
              ANTAG         INHIB         CONDSLO       PREVSLO       ERRSLO
              ________      ________      ________      ________      ________
                    0             0            20            21            22


           ALPHA
              CORRECT
              ________
                    0


           BETA
              ANTAG         INHIB         CONDSLO       PREVSLO       ERRSLO
              ________      ________      ________      ________      ________
 ANTAG              0             0             0             0             0
 INHIB              0             0             0             0             0
 CONDSLO           23            24             0             0             0
 PREVSLO           25            26             0             0             0
 ERRSLO            27            28             0             0             0
 CORRECT           29            30             0             0             0


           BETA
              CORRECT
              ________
 ANTAG              0
 INHIB              0
 CONDSLO            0
 PREVSLO            0
 ERRSLO             0
 CORRECT            0


           PSI
              ANTAG         INHIB         CONDSLO       PREVSLO       ERRSLO
              ________      ________      ________      ________      ________
 ANTAG              0
 INHIB             31             0
 CONDSLO            0             0            32
 PREVSLO            0             0            33            34
 ERRSLO             0             0            35            36            37
 CORRECT            0             0             0             0             0


           PSI
              CORRECT
              ________
 CORRECT           38


     STARTING VALUES FOR WITHIN


           TAU
              CORRECT$
              ________
                0.000


           NU
              CORRECT       COND          BLOCK         PREV_RT_      PREV_ERR
              ________      ________      ________      ________      ________
                0.000         0.000         0.000         0.000         0.000


           LAMBDA
              CORRECT       COND          BLOCK         PREV_RT_      PREV_ERR
              ________      ________      ________      ________      ________
 CORRECT        1.000         0.000         0.000         0.000         0.000
 COND           0.000         1.000         0.000         0.000         0.000
 BLOCK          0.000         0.000         1.000         0.000         0.000
 PREV_RT_       0.000         0.000         0.000         1.000         0.000
 PREV_ERR       0.000         0.000         0.000         0.000         1.000


           THETA
              CORRECT       COND          BLOCK         PREV_RT_      PREV_ERR
              ________      ________      ________      ________      ________
 CORRECT        0.000
 COND           0.000         0.000
 BLOCK          0.000         0.000         0.000
 PREV_RT_       0.000         0.000         0.000         0.000
 PREV_ERR       0.000         0.000         0.000         0.000         0.000


           ALPHA
              CORRECT       COND          BLOCK         PREV_RT_      PREV_ERR
              ________      ________      ________      ________      ________
                0.000         0.000         0.000         0.000         0.000


           BETA
              CORRECT       COND          BLOCK         PREV_RT_      PREV_ERR
              ________      ________      ________      ________      ________
 CORRECT        0.000         0.000         0.000         0.000         0.000
 COND           0.000         0.000         0.000         0.000         0.000
 BLOCK          0.000         0.000         0.000         0.000         0.000
 PREV_RT_       0.000         0.000         0.000         0.000         0.000
 PREV_ERR       0.000         0.000         0.000         0.000         0.000


           PSI
              CORRECT       COND          BLOCK         PREV_RT_      PREV_ERR
              ________      ________      ________      ________      ________
 CORRECT        1.000
 COND           0.000         0.125
 BLOCK          0.000         0.000         0.125
 PREV_RT_       0.000         0.000         0.000         0.489
 PREV_ERR       0.000         0.000         0.000         0.000         0.017


     STARTING VALUES FOR BETWEEN


           TAU
              CORRECT$
              ________
               -1.913


           NU
              CORRECT       MANIP         P1            P2            P3
              ________      ________      ________      ________      ________
                0.000         0.015         0.014        -0.004         0.014


           NU
              P4            P5
              ________      ________
                0.008         0.003


           LAMBDA
              ANTAG         INHIB         CONDSLO       PREVSLO       ERRSLO
              ________      ________      ________      ________      ________
 CORRECT        0.000         0.000         0.000         0.000         0.000
 MANIP          1.000         0.000         0.000         0.000         0.000
 P1             1.000         0.000         0.000         0.000         0.000
 P2             0.000         1.000         0.000         0.000         0.000
 P3             0.000         1.000         0.000         0.000         0.000
 P4             0.000         1.000         0.000         0.000         0.000
 P5             1.000         0.000         0.000         0.000         0.000


           LAMBDA
              CORRECT
              ________
 CORRECT        1.000
 MANIP          0.000
 P1             0.000
 P2             0.000
 P3             0.000
 P4             0.000
 P5             0.000


           THETA
              CORRECT       MANIP         P1            P2            P3
              ________      ________      ________      ________      ________
 CORRECT        0.000
 MANIP          0.000         0.500
 P1             0.000         0.000         0.441
 P2             0.000         0.000         0.000         0.417
 P3             0.000         0.000         0.000         0.000         0.442
 P4             0.000         0.000         0.000         0.000         0.000
 P5             0.000         0.000         0.000         0.000         0.000


           THETA
              P4            P5
              ________      ________
 P4             0.452
 P5             0.000         0.444


           ALPHA
              ANTAG         INHIB         CONDSLO       PREVSLO       ERRSLO
              ________      ________      ________      ________      ________
                0.000         0.000         0.000         0.000         0.000


           ALPHA
              CORRECT
              ________
                0.000


           BETA
              ANTAG         INHIB         CONDSLO       PREVSLO       ERRSLO
              ________      ________      ________      ________      ________
 ANTAG          0.000         0.000         0.000         0.000         0.000
 INHIB          0.000         0.000         0.000         0.000         0.000
 CONDSLO        0.000         0.000         0.000         0.000         0.000
 PREVSLO        0.000         0.000         0.000         0.000         0.000
 ERRSLO         0.000         0.000         0.000         0.000         0.000
 CORRECT        0.000         0.000         0.000         0.000         0.000


           BETA
              CORRECT
              ________
 ANTAG          0.000
 INHIB          0.000
 CONDSLO        0.000
 PREVSLO        0.000
 ERRSLO         0.000
 CORRECT        0.000


           PSI
              ANTAG         INHIB         CONDSLO       PREVSLO       ERRSLO
              ________      ________      ________      ________      ________
 ANTAG          1.000
 INHIB          0.000         1.000
 CONDSLO        0.000         0.000         1.000
 PREVSLO        0.000         0.000         0.000         1.000
 ERRSLO         0.000         0.000         0.000         0.000         1.000
 CORRECT        0.000         0.000         0.000         0.000         0.000


           PSI
              CORRECT
              ________
 CORRECT        1.000



     PRIORS FOR ALL PARAMETERS            PRIOR MEAN      PRIOR VARIANCE     PRIOR STD. DEV.

     Parameter 1~N(0.000,5.000)              0.0000              5.0000              2.2361
     Parameter 2~N(0.000,infinity)           0.0000            infinity            infinity
     Parameter 3~N(0.000,infinity)           0.0000            infinity            infinity
     Parameter 4~N(0.000,infinity)           0.0000            infinity            infinity
     Parameter 5~N(0.000,infinity)           0.0000            infinity            infinity
     Parameter 6~N(0.000,infinity)           0.0000            infinity            infinity
     Parameter 7~N(0.000,infinity)           0.0000            infinity            infinity
     Parameter 8~N(0.000,infinity)           0.0000            infinity            infinity
     Parameter 9~N(0.000,infinity)           0.0000            infinity            infinity
     Parameter 10~N(0.000,infinity)          0.0000            infinity            infinity
     Parameter 11~N(0.000,infinity)          0.0000            infinity            infinity
     Parameter 12~N(0.000,infinity)          0.0000            infinity            infinity
     Parameter 13~N(0.000,infinity)          0.0000            infinity            infinity
     Parameter 14~IG(-1.000,0.000)         infinity            infinity            infinity
     Parameter 15~IG(-1.000,0.000)         infinity            infinity            infinity
     Parameter 16~IG(-1.000,0.000)         infinity            infinity            infinity
     Parameter 17~IG(-1.000,0.000)         infinity            infinity            infinity
     Parameter 18~IG(-1.000,0.000)         infinity            infinity            infinity
     Parameter 19~IG(-1.000,0.000)         infinity            infinity            infinity
     Parameter 20~N(0.000,infinity)          0.0000            infinity            infinity
     Parameter 21~N(0.000,infinity)          0.0000            infinity            infinity
     Parameter 22~N(0.000,infinity)          0.0000            infinity            infinity
     Parameter 23~N(0.000,infinity)          0.0000            infinity            infinity
     Parameter 24~N(0.000,infinity)          0.0000            infinity            infinity
     Parameter 25~N(0.000,infinity)          0.0000            infinity            infinity
     Parameter 26~N(0.000,infinity)          0.0000            infinity            infinity
     Parameter 27~N(0.000,infinity)          0.0000            infinity            infinity
     Parameter 28~N(0.000,infinity)          0.0000            infinity            infinity
     Parameter 29~N(0.000,5.000)             0.0000              5.0000              2.2361
     Parameter 30~N(0.000,5.000)             0.0000              5.0000              2.2361
     Parameter 31~IW(0.000,3)
     Parameter 32~IW(1.000,4)              infinity            infinity            infinity
     Parameter 33~IW(0.000,4)              infinity            infinity            infinity
     Parameter 34~IW(1.000,4)              infinity            infinity            infinity
     Parameter 35~IW(0.000,4)              infinity            infinity            infinity
     Parameter 36~IW(0.000,4)              infinity            infinity            infinity
     Parameter 37~IW(1.000,4)              infinity            infinity            infinity
     Parameter 38~IG(-1.000,0.000)         infinity            infinity            infinity
     Parameter 39~N(0.000,5.000)             0.0000              5.0000              2.2361


TECHNICAL 8 OUTPUT


   TECHNICAL 8 OUTPUT FOR BAYES ESTIMATION

     CHAIN    BSEED
     1        0
     2        285380
     3        253358
     4        93468

                     POTENTIAL       PARAMETER WITH
     ITERATION    SCALE REDUCTION      HIGHEST PSR
     100              2.082               24
     200              2.141               22
     300              1.682               29
     400              1.341               23
     500              1.234               37
     600              1.394               37
     700              1.329               28
     800              1.304               28
     900              1.196               30
     1000             1.100               16
     1100             1.075               19
     1200             1.078               19
     1300             1.077               36
     1400             1.086               36
     1500             1.100               37
     1600             1.139               37
     1700             1.227               37
     1800             1.244               37
     1900             1.205               38
     2000             1.202               38
     2100             1.113               37
     2200             1.096               37
     2300             1.058               34
     2400             1.050               36
     2500             1.041               36
     2600             1.049               29
     2700             1.044               29
     2800             1.040               29
     2900             1.050               29
     3000             1.049               28
     3100             1.047               28
     3200             1.069               28
     3300             1.098               22
     3400             1.069               22
     3500             1.056               24
     3600             1.063               24
     3700             1.062               39
     3800             1.094               39
     3900             1.112               39
     4000             1.111               39
     4100             1.091               39
     4200             1.065               39
     4300             1.056               39
     4400             1.041               39
     4500             1.028               24
     4600             1.029               24
     4700             1.022               24
     4800             1.033               22
     4900             1.043               22
     5000             1.036               22
     5100             1.030               22
     5200             1.018               22
     5300             1.012               22
     5400             1.008               22
     5500             1.008               23
     5600             1.014               29
     5700             1.021               29
     5800             1.019               29
     5900             1.016               29
     6000             1.011               23
     6100             1.011               23
     6200             1.012               35
     6300             1.017               23
     6400             1.018               23
     6500             1.014               23
     6600             1.010               23
     6700             1.012               38
     6800             1.013               38
     6900             1.013               38
     7000             1.014               38
     7100             1.013               38
     7200             1.011               38
     7300             1.010               38
     7400             1.012               36
     7500             1.009               36
     7600             1.008               38
     7700             1.012               38
     7800             1.014               39
     7900             1.019               39
     8000             1.019               1
     8100             1.030               1
     8200             1.029               1
     8300             1.029               1
     8400             1.036               1
     8500             1.036               1
     8600             1.039               1
     8700             1.047               1
     8800             1.044               1
     8900             1.040               1
     9000             1.029               1
     9100             1.026               22
     9200             1.024               22
     9300             1.021               22
     9400             1.017               1
     9500             1.016               26
     9600             1.017               1
     9700             1.018               1
     9800             1.016               1
     9900             1.021               37
     10000            1.030               37


PLOT INFORMATION

The following plots are available:

  Sample proportions
  Bayesian posterior parameter distributions
  Bayesian posterior parameter trace plots
  Bayesian autocorrelation plots
  Bayesian prior parameter distributions

     Beginning Time:  14:10:39
        Ending Time:  14:12:34
       Elapsed Time:  00:01:55



MUTHEN & MUTHEN
3463 Stoner Ave.
Los Angeles, CA  90066

Tel: (310) 391-9971
Fax: (310) 391-8971
Web: www.StatModel.com
Support: Support@StatModel.com

Copyright (c) 1998-2019 Muthen & Muthen
