Mplus VERSION 8.4 (Mac)
MUTHEN & MUTHEN
06/02/2020   8:16 AM

INPUT INSTRUCTIONS

  TITLE:
  Equivalent model to glmer m15
  DATA:
  FILE = "flanker_acc_mplus_f70baeb5f1be4cfa932f2d20bb886007.dat";

  VARIABLE:
  NAMES = id correct rt cond block prev_rt prev_error prev_rt_z;
   MISSING=.;

      WITHIN = cond block prev_rt_z prev_error;
      USEVARIABLES = id correct cond block prev_rt_z prev_error;
      CLUSTER = id;
      CATEGORICAL = correct;

  DEFINE:

      cond = cond - 1; ! 0=congruent, 1=incongruent
      block = block - 1; ! 0=most_incon, 1=most_con

  ANALYSIS:

      TYPE=TWOLEVEL RANDOM;
      ESTIMATOR=BAYES;
      BITERATIONS=(10000);
      CHAINS=2;
      PROCESSORS=4;

  MODEL:

      %WITHIN%
      correct ON block;
      condslo | correct ON cond;        !random slope of cond
      prevslo | correct ON prev_rt_z;   !random slope of rt autocorrelation
      errslo | correct ON prev_error;   !random slope of previous error

      %BETWEEN%
      !means of random slopes
      [condslo];
      [prevslo];
      [errslo];

      !variances of random slopes
      condslo;
      prevslo;
      errslo;

      !slope correlations
      condslo prevslo errslo WITH
         condslo prevslo errslo;

      [correct$1]; !intercept: average correct

  OUTPUT:
  TECH1 TECH8 STANDARDIZED CINTERVAL;
  PLOT:
  TYPE = PLOT2;



*** WARNING in VARIABLE command
  Note that only the first 8 characters of variable names are used in the output.
  Shorten variable names to avoid any confusion.
*** WARNING in PLOT command
  Note that only the first 8 characters of variable names are used in plots.
  If variable names are not unique within the first 8 characters, problems
  may occur.
*** WARNING
  One or more individual-level variables have no variation within a
  cluster for the following clusters.

     Variable   Cluster IDs with no within-cluster variation

      CORRECT     90 15 20 106 114 66 23 107 13 86 5 11 91 52 93 95
      PREV_ERR    90 15 6 20 106 114 66 23 107 13 86 5 11 91 52 93 95

*** WARNING
  Data set contains cases with missing on x-variables.
  These cases were not included in the analysis.
  Number of cases with missing on x-variables:  525
*** WARNING
  Data set contains cases with missing on all variables except
  x-variables.  These cases were not included in the analysis.
  Number of cases with missing on all variables except x-variables:  289
   5 WARNING(S) FOUND IN THE INPUT INSTRUCTIONS




Equivalent model to glmer m15

SUMMARY OF ANALYSIS

Number of groups                                                 1
Number of observations                                       16306

Number of dependent variables                                    1
Number of independent variables                                  4
Number of continuous latent variables                            3

Observed dependent variables

  Binary and ordered categorical (ordinal)
   CORRECT

Observed independent variables
   COND        BLOCK       PREV_RT_    PREV_ERR

Continuous latent variables
   CONDSLO     PREVSLO     ERRSLO

Variables with special functions

  Cluster variable      ID

  Within variables
   COND        BLOCK       PREV_RT_    PREV_ERR


Estimator                                                    BAYES
Specifications for Bayesian Estimation
  Point estimate                                            MEDIAN
  Number of Markov chain Monte Carlo (MCMC) chains               2
  Random seed for the first chain                                0
  Starting value information                           UNPERTURBED
  Algorithm used for Markov chain Monte Carlo           GIBBS(PX1)
  Convergence criterion                                  0.500D-01
  Maximum number of iterations                               50000
  K-th iteration used for thinning                               1
Link                                                        PROBIT

Input data file(s)
  flanker_acc_mplus_f70baeb5f1be4cfa932f2d20bb886007.dat
Input data format  FREE


SUMMARY OF DATA

     Number of clusters                        107

       Size (s)    Cluster ID with Size s

        120        36
        121        62
        133        92
        136        12
        143        24
        144        73 45
        145        35
        146        60 4 99
        147        104 87
        148        9
        149        16 110 31 42
        150        65 90 70 88
        151        2 21 64 18 57 59
        152        33 10 89 50 56 109 15
        153        82 51 43 32 67 46 26 79
        154        113 72 102 28 58 29 14 105 22 48 34 98 68
        155        27 37 19 108 96 97 112 61
        156        100 111 6 101 20 106 63 114 38 66 23 40 69 41 71 107
                   25 74 75 76 77 78 13 8 81 1 84 85 86 103 49 5 11 3 91
                   52 93 94 95 53 54 30 17



COVARIANCE COVERAGE OF DATA

Minimum covariance coverage value   0.100

     Number of missing data patterns             1


     PROPORTION OF DATA PRESENT


           Covariance Coverage
              CORRECT       COND          BLOCK         PREV_RT_      PREV_ERR
              ________      ________      ________      ________      ________
 CORRECT        1.000
 COND           1.000         1.000
 BLOCK          1.000         1.000         1.000
 PREV_RT_       1.000         1.000         1.000         1.000
 PREV_ERR       1.000         1.000         1.000         1.000         1.000


UNIVARIATE PROPORTIONS AND COUNTS FOR CATEGORICAL VARIABLES

    CORRECT
      Category 1    0.032          529.000
      Category 2    0.968        15777.000



UNIVARIATE SAMPLE STATISTICS


     UNIVARIATE HIGHER-ORDER MOMENT DESCRIPTIVE STATISTICS

         Variable/         Mean/     Skewness/   Minimum/ % with                Percentiles
        Sample Size      Variance    Kurtosis    Maximum  Min/Max      20%/60%    40%/80%    Median

     COND                  0.503      -0.011       0.000   49.72%       0.000      0.000      1.000
           16306.000       0.250      -2.000       1.000   50.28%       1.000      1.000
     BLOCK                 0.497       0.012       0.000   50.29%       0.000      0.000      0.000
           16306.000       0.250      -2.000       1.000   49.71%       1.000      1.000
     PREV_RT_Z             0.009       1.574      -2.625    0.01%      -0.728     -0.345     -0.164
           16306.000       0.972       4.558       6.508    0.01%       0.039      0.592
     PREV_ERROR            0.035       5.034       0.000   96.47%       0.000      0.000      0.000
           16306.000       0.034      23.346       1.000    3.53%       0.000      0.000


THE MODEL ESTIMATION TERMINATED NORMALLY

     USE THE FBITERATIONS OPTION TO INCREASE THE NUMBER OF ITERATIONS BY A FACTOR
     OF AT LEAST TWO TO CHECK CONVERGENCE AND THAT THE PSR VALUE DOES NOT INCREASE.



MODEL FIT INFORMATION

Number of Free Parameters                              12



MODEL RESULTS

                                Posterior  One-Tailed         95% C.I.
                    Estimate       S.D.      P-Value   Lower 2.5%  Upper 2.5%  Significance

Within Level

 CORRECT    ON
    BLOCK             -0.103       0.046      0.012      -0.191      -0.012      *

Between Level

 CONDSLO  WITH
    PREVSLO            0.026       0.024      0.122      -0.019       0.075
    ERRSLO             0.122       0.070      0.021       0.005       0.287      *

 PREVSLO  WITH
    ERRSLO             0.088       0.052      0.011       0.012       0.216      *

 Means
    CONDSLO           -0.478       0.075      0.000      -0.621      -0.325      *
    PREVSLO            0.280       0.048      0.000       0.186       0.375      *
    ERRSLO             0.615       0.215      0.001       0.245       1.095      *

 Thresholds
    CORRECT$1         -2.533       0.075      0.000      -2.683      -2.388      *

 Variances
    CORRECT            0.189       0.049      0.000       0.114       0.303      *
    CONDSLO            0.235       0.056      0.000       0.149       0.369      *
    PREVSLO            0.091       0.024      0.000       0.055       0.148      *
    ERRSLO             0.446       0.228      0.000       0.183       1.059      *


STANDARDIZED MODEL RESULTS


STDYX Standardization

                                Posterior  One-Tailed         95% C.I.
                    Estimate       S.D.      P-Value   Lower 2.5%  Upper 2.5%  Significance

Within-Level Standardized Estimates Averaged Over Clusters

 CONDSLO | CORRECT ON
    COND              -0.208       0.025      0.000      -0.256      -0.157      *

 PREVSLO | CORRECT ON
    PREV_RT_Z          0.173       0.024      0.000       0.128       0.219      *

 ERRSLO | CORRECT ON
    PREV_ERROR         0.075       0.021      0.002       0.031       0.112      *

 CORRECT    ON
    BLOCK             -0.046       0.019      0.007      -0.084      -0.009      *

Between Level

 CONDSLO  WITH
    PREVSLO            0.181       0.149      0.122      -0.129       0.453
    ERRSLO             0.392       0.169      0.021       0.016       0.678      *

 PREVSLO  WITH
    ERRSLO             0.459       0.168      0.011       0.070       0.722      *

 Means
    CONDSLO           -0.987       0.207      0.000      -1.429      -0.611      *
    PREVSLO            0.928       0.178      0.000       0.596       1.292      *
    ERRSLO             0.931       0.265      0.001       0.408       1.451      *

 Variances
    CORRECT            1.000       0.000      0.000       1.000       1.000
    CONDSLO            1.000       0.000      0.000       1.000       1.000
    PREVSLO            1.000       0.000      0.000       1.000       1.000
    ERRSLO             1.000       0.000      0.000       1.000       1.000


STDY Standardization

                                Posterior  One-Tailed         95% C.I.
                    Estimate       S.D.      P-Value   Lower 2.5%  Upper 2.5%  Significance

Within-Level Standardized Estimates Averaged Over Clusters

 CONDSLO | CORRECT ON
    COND              -0.415       0.051      0.000      -0.512      -0.314      *

 PREVSLO | CORRECT ON
    PREV_RT_Z          0.252       0.036      0.000       0.182       0.319      *

 ERRSLO | CORRECT ON
    PREV_ERROR         0.602       0.165      0.001       0.258       0.889      *

 CORRECT    ON
    BLOCK             -0.093       0.039      0.007      -0.168      -0.018      *

Between Level

 CONDSLO  WITH
    PREVSLO            0.181       0.149      0.122      -0.129       0.453
    ERRSLO             0.392       0.169      0.021       0.016       0.678      *

 PREVSLO  WITH
    ERRSLO             0.459       0.168      0.011       0.070       0.722      *

 Means
    CONDSLO           -0.987       0.207      0.000      -1.429      -0.611      *
    PREVSLO            0.928       0.178      0.000       0.596       1.292      *
    ERRSLO             0.931       0.265      0.001       0.408       1.451      *

 Variances
    CORRECT            1.000       0.000      0.000       1.000       1.000
    CONDSLO            1.000       0.000      0.000       1.000       1.000
    PREVSLO            1.000       0.000      0.000       1.000       1.000
    ERRSLO             1.000       0.000      0.000       1.000       1.000


STD Standardization

                                Posterior  One-Tailed         95% C.I.
                    Estimate       S.D.      P-Value   Lower 2.5%  Upper 2.5%  Significance

Within-Level Standardized Estimates Averaged Over Clusters

 CONDSLO | CORRECT ON
    COND              -0.472       0.059      0.000      -0.589      -0.360      *

 PREVSLO | CORRECT ON
    PREV_RT_Z          0.280       0.042      0.000       0.203       0.359      *

 ERRSLO | CORRECT ON
    PREV_ERROR         0.654       0.182      0.002       0.278       0.978      *

 CORRECT    ON
    BLOCK             -0.101       0.042      0.007      -0.184      -0.019      *

Between Level

 CONDSLO  WITH
    PREVSLO            0.181       0.149      0.122      -0.129       0.453
    ERRSLO             0.392       0.169      0.021       0.016       0.678      *

 PREVSLO  WITH
    ERRSLO             0.459       0.168      0.011       0.070       0.722      *

 Means
    CONDSLO           -0.987       0.207      0.000      -1.429      -0.611      *
    PREVSLO            0.928       0.178      0.000       0.596       1.292      *
    ERRSLO             0.931       0.265      0.001       0.408       1.451      *

 Variances
    CORRECT            0.189       0.049      0.000       0.114       0.303      *
    CONDSLO            1.000       0.000      0.000       1.000       1.000
    PREVSLO            1.000       0.000      0.000       1.000       1.000
    ERRSLO             1.000       0.000      0.000       1.000       1.000


R-SQUARE

Within-Level R-Square Averaged Across Clusters

                                Posterior  One-Tailed         95% C.I.
    Variable        Estimate       S.D.      P-Value   Lower 2.5%  Upper 2.5%

    CORRECT            0.154       0.016      0.000       0.120       0.181

Between Level


CREDIBILITY INTERVALS OF MODEL RESULTS

                  Lower .5%  Lower 2.5%    Lower 5%    Estimate    Upper 5%  Upper 2.5%   Upper .5%

Within Level

 CORRECT  ON
    BLOCK           -0.226      -0.191      -0.177      -0.103      -0.027      -0.012       0.011

 Thresholds
    CORRECT$1       -2.734      -2.683      -2.659      -2.533      -2.412      -2.388      -2.339

Between Level

 CONDSLO  WITH
    PREVSLO         -0.033      -0.019      -0.011       0.026       0.066       0.075       0.094
    ERRSLO          -0.031       0.005       0.025       0.122       0.253       0.287       0.355

 PREVSLO  WITH
    ERRSLO          -0.012       0.012       0.023       0.088       0.191       0.216       0.273

 Means
    CONDSLO         -0.667      -0.621      -0.597      -0.478      -0.349      -0.325      -0.276
    PREVSLO          0.157       0.186       0.201       0.280       0.360       0.375       0.405
    ERRSLO           0.112       0.245       0.303       0.615       1.001       1.095       1.305

 Thresholds
    CORRECT$1       -2.734      -2.683      -2.659      -2.533      -2.412      -2.388      -2.339

 Variances
    CORRECT          0.097       0.114       0.124       0.189       0.282       0.303       0.353
    CONDSLO          0.130       0.149       0.160       0.235       0.341       0.369       0.432
    PREVSLO          0.047       0.055       0.060       0.091       0.137       0.148       0.170
    ERRSLO           0.138       0.183       0.210       0.446       0.914       1.059       1.376


CREDIBILITY INTERVALS OF STANDARDIZED MODEL RESULTS


STDYX Standardization

                  Lower .5%  Lower 2.5%    Lower 5%    Estimate    Upper 5%  Upper 2.5%   Upper .5%

Within Level

 CORRECT  ON
    BLOCK            0.000      -0.084       0.000      -0.046       0.000      -0.009       0.000

Between Level

 CONDSLO  WITH
    PREVSLO         -0.224      -0.129      -0.078       0.181       0.412       0.453       0.525
    ERRSLO          -0.100       0.016       0.082       0.392       0.640       0.678       0.737

 PREVSLO  WITH
    ERRSLO          -0.063       0.070       0.137       0.459       0.690       0.722       0.774

 Means
    CONDSLO         -1.594      -1.429      -1.344      -0.987      -0.670      -0.611      -0.494
    PREVSLO          0.494       0.596       0.647       0.928       1.232       1.292       1.422
    ERRSLO           0.228       0.408       0.493       0.931       1.365       1.451       1.647

 Variances
    CORRECT          1.000       1.000       1.000       1.000       1.000       1.000       1.000
    CONDSLO          1.000       1.000       1.000       1.000       1.000       1.000       1.000
    PREVSLO          1.000       1.000       1.000       1.000       1.000       1.000       1.000
    ERRSLO           1.000       1.000       1.000       1.000       1.000       1.000       1.000


STDY Standardization

                  Lower .5%  Lower 2.5%    Lower 5%    Estimate    Upper 5%  Upper 2.5%   Upper .5%

Within Level

 CORRECT  ON
    BLOCK            0.000      -0.168       0.000      -0.093       0.000      -0.018       0.000

Between Level

 CONDSLO  WITH
    PREVSLO         -0.224      -0.129      -0.078       0.181       0.412       0.453       0.525
    ERRSLO          -0.100       0.016       0.082       0.392       0.640       0.678       0.737

 PREVSLO  WITH
    ERRSLO          -0.063       0.070       0.137       0.459       0.690       0.722       0.774

 Means
    CONDSLO         -1.594      -1.429      -1.344      -0.987      -0.670      -0.611      -0.494
    PREVSLO          0.494       0.596       0.647       0.928       1.232       1.292       1.422
    ERRSLO           0.228       0.408       0.493       0.931       1.365       1.451       1.647

 Variances
    CORRECT          1.000       1.000       1.000       1.000       1.000       1.000       1.000
    CONDSLO          1.000       1.000       1.000       1.000       1.000       1.000       1.000
    PREVSLO          1.000       1.000       1.000       1.000       1.000       1.000       1.000
    ERRSLO           1.000       1.000       1.000       1.000       1.000       1.000       1.000


STD Standardization

                  Lower .5%  Lower 2.5%    Lower 5%    Estimate    Upper 5%  Upper 2.5%   Upper .5%

Within Level

 CORRECT  ON
    BLOCK            0.000      -0.184       0.000      -0.101       0.000      -0.019       0.000

Between Level

 CONDSLO  WITH
    PREVSLO         -0.224      -0.129      -0.078       0.181       0.412       0.453       0.525
    ERRSLO          -0.100       0.016       0.082       0.392       0.640       0.678       0.737

 PREVSLO  WITH
    ERRSLO          -0.063       0.070       0.137       0.459       0.690       0.722       0.774

 Means
    CONDSLO         -1.594      -1.429      -1.344      -0.987      -0.670      -0.611      -0.494
    PREVSLO          0.494       0.596       0.647       0.928       1.232       1.292       1.422
    ERRSLO           0.228       0.408       0.493       0.931       1.365       1.451       1.647

 Variances
    CORRECT          0.097       0.114       0.124       0.189       0.282       0.303       0.353
    CONDSLO          1.000       1.000       1.000       1.000       1.000       1.000       1.000
    PREVSLO          1.000       1.000       1.000       1.000       1.000       1.000       1.000
    ERRSLO           1.000       1.000       1.000       1.000       1.000       1.000       1.000


TECHNICAL 1 OUTPUT


     PARAMETER SPECIFICATION FOR WITHIN


           TAU
              CORRECT$
              ________
                    0


           NU
              CORRECT       COND          BLOCK         PREV_RT_      PREV_ERR
              ________      ________      ________      ________      ________
                    0             0             0             0             0


           LAMBDA
              CORRECT       COND          BLOCK         PREV_RT_      PREV_ERR
              ________      ________      ________      ________      ________
 CORRECT            0             0             0             0             0
 COND               0             0             0             0             0
 BLOCK              0             0             0             0             0
 PREV_RT_           0             0             0             0             0
 PREV_ERR           0             0             0             0             0


           THETA
              CORRECT       COND          BLOCK         PREV_RT_      PREV_ERR
              ________      ________      ________      ________      ________
 CORRECT            0
 COND               0             0
 BLOCK              0             0             0
 PREV_RT_           0             0             0             0
 PREV_ERR           0             0             0             0             0


           ALPHA
              CORRECT       COND          BLOCK         PREV_RT_      PREV_ERR
              ________      ________      ________      ________      ________
                    0             0             0             0             0


           BETA
              CORRECT       COND          BLOCK         PREV_RT_      PREV_ERR
              ________      ________      ________      ________      ________
 CORRECT            0             0             1             0             0
 COND               0             0             0             0             0
 BLOCK              0             0             0             0             0
 PREV_RT_           0             0             0             0             0
 PREV_ERR           0             0             0             0             0


           PSI
              CORRECT       COND          BLOCK         PREV_RT_      PREV_ERR
              ________      ________      ________      ________      ________
 CORRECT            0
 COND               0             0
 BLOCK              0             0             0
 PREV_RT_           0             0             0             0
 PREV_ERR           0             0             0             0             0


     PARAMETER SPECIFICATION FOR BETWEEN


           TAU
              CORRECT$
              ________
                   12


           NU
              CORRECT
              ________
                    0


           LAMBDA
              CONDSLO       PREVSLO       ERRSLO        CORRECT
              ________      ________      ________      ________
 CORRECT            0             0             0             0


           THETA
              CORRECT
              ________
 CORRECT            0


           ALPHA
              CONDSLO       PREVSLO       ERRSLO        CORRECT
              ________      ________      ________      ________
                    2             3             4             0


           BETA
              CONDSLO       PREVSLO       ERRSLO        CORRECT
              ________      ________      ________      ________
 CONDSLO            0             0             0             0
 PREVSLO            0             0             0             0
 ERRSLO             0             0             0             0
 CORRECT            0             0             0             0


           PSI
              CONDSLO       PREVSLO       ERRSLO        CORRECT
              ________      ________      ________      ________
 CONDSLO            5
 PREVSLO            6             7
 ERRSLO             8             9            10
 CORRECT            0             0             0            11


     STARTING VALUES FOR WITHIN


           TAU
              CORRECT$
              ________
                0.000


           NU
              CORRECT       COND          BLOCK         PREV_RT_      PREV_ERR
              ________      ________      ________      ________      ________
                0.000         0.000         0.000         0.000         0.000


           LAMBDA
              CORRECT       COND          BLOCK         PREV_RT_      PREV_ERR
              ________      ________      ________      ________      ________
 CORRECT        1.000         0.000         0.000         0.000         0.000
 COND           0.000         1.000         0.000         0.000         0.000
 BLOCK          0.000         0.000         1.000         0.000         0.000
 PREV_RT_       0.000         0.000         0.000         1.000         0.000
 PREV_ERR       0.000         0.000         0.000         0.000         1.000


           THETA
              CORRECT       COND          BLOCK         PREV_RT_      PREV_ERR
              ________      ________      ________      ________      ________
 CORRECT        0.000
 COND           0.000         0.000
 BLOCK          0.000         0.000         0.000
 PREV_RT_       0.000         0.000         0.000         0.000
 PREV_ERR       0.000         0.000         0.000         0.000         0.000


           ALPHA
              CORRECT       COND          BLOCK         PREV_RT_      PREV_ERR
              ________      ________      ________      ________      ________
                0.000         0.000         0.000         0.000         0.000


           BETA
              CORRECT       COND          BLOCK         PREV_RT_      PREV_ERR
              ________      ________      ________      ________      ________
 CORRECT        0.000         0.000         0.000         0.000         0.000
 COND           0.000         0.000         0.000         0.000         0.000
 BLOCK          0.000         0.000         0.000         0.000         0.000
 PREV_RT_       0.000         0.000         0.000         0.000         0.000
 PREV_ERR       0.000         0.000         0.000         0.000         0.000


           PSI
              CORRECT       COND          BLOCK         PREV_RT_      PREV_ERR
              ________      ________      ________      ________      ________
 CORRECT        1.000
 COND           0.000         0.125
 BLOCK          0.000         0.000         0.125
 PREV_RT_       0.000         0.000         0.000         0.486
 PREV_ERR       0.000         0.000         0.000         0.000         0.017


     STARTING VALUES FOR BETWEEN


           TAU
              CORRECT$
              ________
               -1.886


           NU
              CORRECT
              ________
                0.000


           LAMBDA
              CONDSLO       PREVSLO       ERRSLO        CORRECT
              ________      ________      ________      ________
 CORRECT        0.000         0.000         0.000         1.000


           THETA
              CORRECT
              ________
 CORRECT        0.000


           ALPHA
              CONDSLO       PREVSLO       ERRSLO        CORRECT
              ________      ________      ________      ________
                0.000         0.000         0.000         0.000


           BETA
              CONDSLO       PREVSLO       ERRSLO        CORRECT
              ________      ________      ________      ________
 CONDSLO        0.000         0.000         0.000         0.000
 PREVSLO        0.000         0.000         0.000         0.000
 ERRSLO         0.000         0.000         0.000         0.000
 CORRECT        0.000         0.000         0.000         0.000


           PSI
              CONDSLO       PREVSLO       ERRSLO        CORRECT
              ________      ________      ________      ________
 CONDSLO        1.000
 PREVSLO        0.000         1.000
 ERRSLO         0.000         0.000         1.000
 CORRECT        0.000         0.000         0.000         1.000



     PRIORS FOR ALL PARAMETERS            PRIOR MEAN      PRIOR VARIANCE     PRIOR STD. DEV.

     Parameter 1~N(0.000,5.000)              0.0000              5.0000              2.2361
     Parameter 2~N(0.000,infinity)           0.0000            infinity            infinity
     Parameter 3~N(0.000,infinity)           0.0000            infinity            infinity
     Parameter 4~N(0.000,infinity)           0.0000            infinity            infinity
     Parameter 5~IW(1.000,4)               infinity            infinity            infinity
     Parameter 6~IW(0.000,4)               infinity            infinity            infinity
     Parameter 7~IW(1.000,4)               infinity            infinity            infinity
     Parameter 8~IW(0.000,4)               infinity            infinity            infinity
     Parameter 9~IW(0.000,4)               infinity            infinity            infinity
     Parameter 10~IW(1.000,4)              infinity            infinity            infinity
     Parameter 11~IG(-1.000,0.000)         infinity            infinity            infinity
     Parameter 12~N(0.000,5.000)             0.0000              5.0000              2.2361


TECHNICAL 8 OUTPUT


   TECHNICAL 8 OUTPUT FOR BAYES ESTIMATION

     CHAIN    BSEED
     1        0
     2        285380
     3        253358
     4        93468

                     POTENTIAL       PARAMETER WITH
     ITERATION    SCALE REDUCTION      HIGHEST PSR
     100              2.384               4
     200              2.164               10
     300              1.380               10
     400              1.569               4
     500              1.464               4
     600              1.083               4
     700              1.135               4
     800              1.102               5
     900              1.070               12
     1000             1.158               12
     1100             1.183               12
     1200             1.070               12
     1300             1.093               12
     1400             1.105               11
     1500             1.069               11
     1600             1.066               11
     1700             1.041               11
     1800             1.035               11
     1900             1.029               11
     2000             1.041               3
     2100             1.041               3
     2200             1.074               3
     2300             1.087               3
     2400             1.077               3
     2500             1.068               12
     2600             1.071               12
     2700             1.090               12
     2800             1.053               12
     2900             1.045               12
     3000             1.072               12
     3100             1.061               12
     3200             1.028               12
     3300             1.026               12
     3400             1.026               4
     3500             1.028               11
     3600             1.029               11
     3700             1.035               11
     3800             1.039               11
     3900             1.031               11
     4000             1.025               11
     4100             1.022               5
     4200             1.023               5
     4300             1.027               5
     4400             1.035               5
     4500             1.034               5
     4600             1.028               5
     4700             1.019               10
     4800             1.018               10
     4900             1.022               10
     5000             1.025               10
     5100             1.031               10
     5200             1.031               10
     5300             1.044               10
     5400             1.041               10
     5500             1.039               10
     5600             1.033               10
     5700             1.032               10
     5800             1.038               10
     5900             1.040               10
     6000             1.036               10
     6100             1.035               10
     6200             1.030               10
     6300             1.041               10
     6400             1.043               10
     6500             1.043               10
     6600             1.040               10
     6700             1.043               10
     6800             1.044               10
     6900             1.040               10
     7000             1.036               4
     7100             1.035               10
     7200             1.038               10
     7300             1.044               10
     7400             1.044               10
     7500             1.044               10
     7600             1.044               10
     7700             1.037               10
     7800             1.028               10
     7900             1.027               4
     8000             1.018               4
     8100             1.019               11
     8200             1.023               11
     8300             1.021               11
     8400             1.017               11
     8500             1.015               11
     8600             1.013               11
     8700             1.012               4
     8800             1.010               4
     8900             1.011               11
     9000             1.010               11
     9100             1.011               11
     9200             1.013               2
     9300             1.014               2
     9400             1.013               2
     9500             1.011               11
     9600             1.010               11
     9700             1.010               11
     9800             1.007               3
     9900             1.007               2
     10000            1.007               2


PLOT INFORMATION

The following plots are available:

  Sample proportions
  Bayesian posterior parameter distributions
  Bayesian posterior parameter trace plots
  Bayesian autocorrelation plots
  Bayesian prior parameter distributions

     Beginning Time:  08:16:18
        Ending Time:  08:17:43
       Elapsed Time:  00:01:25



MUTHEN & MUTHEN
3463 Stoner Ave.
Los Angeles, CA  90066

Tel: (310) 391-9971
Fax: (310) 391-8971
Web: www.StatModel.com
Support: Support@StatModel.com

Copyright (c) 1998-2019 Muthen & Muthen
