Mplus VERSION 8.4 (Mac)
MUTHEN & MUTHEN
06/28/2020   2:46 PM

INPUT INSTRUCTIONS

  TITLE:
  Equivalent model to lmer m17
  DATA:
  FILE = "flanker_mplus.dat";

  VARIABLE:
  NAMES = id rt cond block trial trial_z rt_inv run_trial run_trial_z prev_rt
       prev_rt_z prev_error;
   MISSING=.;

      WITHIN = cond block cond_block prev_rt_z prev_error trial_z run_trial_z;
      USEVARIABLES = id rt_inv cond block prev_rt_z
        prev_error trial_z run_trial_z cond_block;
      CLUSTER = id;

  DEFINE:

      cond = cond - 1; ! 0=congruent, 1=incongruent
      block = block - 1; ! 0=most_incon, 1=most_con
      cond_block = cond*block; ! 1=most_con, incongruent

  ANALYSIS:

      TYPE=TWOLEVEL RANDOM;
      ESTIMATOR=BAYES;
      BITERATIONS=(10000);
      CHAINS=2;
      PROCESSORS=4;

  MODEL:

      %WITHIN%
      rt_inv ON block cond_block;
      condslo | rt_inv ON cond;        !random slope of cond
      runslo | rt_inv ON run_trial_z;  !random slope of run_trial
      trialslo | rt_inv ON trial_z;    !random slope of trial
      prevslo | rt_inv ON prev_rt_z;   !random slope of rt autocorrelation
      errslo | rt_inv ON prev_error;   !random slope of previous error

      %BETWEEN%
      !means of random slopes
      [condslo];
      [runslo];
      [trialslo];
      [prevslo];
      [errslo];

      !variances of random slopes
      condslo;
      runslo;
      trialslo;
      prevslo;
      errslo;

      !slope correlations
      condslo runslo trialslo prevslo errslo WITH
         condslo runslo trialslo prevslo errslo;

      [rt_inv]; !mean average inverse RT

  OUTPUT:
  TECH1 TECH8 STANDARDIZED CINTERVAL;
  PLOT:
  TYPE = PLOT2;



*** WARNING in VARIABLE command
  Note that only the first 8 characters of variable names are used in the output.
  Shorten variable names to avoid any confusion.
*** WARNING in PLOT command
  Note that only the first 8 characters of variable names are used in plots.
  If variable names are not unique within the first 8 characters, problems
  may occur.
*** WARNING
  One or more individual-level variables have no variation within a
  cluster for the following clusters.

     Variable   Cluster IDs with no within-cluster variation

      PREV_ERR    14 92 110 12 24 87 16 67 96 50 21 108 53 91 94 107

*** WARNING
  Data set contains cases with missing on x-variables.
  These cases were not included in the analysis.
  Number of cases with missing on x-variables:  838
*** WARNING
  Data set contains cases with missing on all variables except
  x-variables.  These cases were not included in the analysis.
  Number of cases with missing on all variables except x-variables:  806
   5 WARNING(S) FOUND IN THE INPUT INSTRUCTIONS




Equivalent model to lmer m17

SUMMARY OF ANALYSIS

Number of groups                                                 1
Number of observations                                       15476

Number of dependent variables                                    1
Number of independent variables                                  7
Number of continuous latent variables                            5

Observed dependent variables

  Continuous
   RT_INV

Observed independent variables
   COND        BLOCK       PREV_RT_    PREV_ERR    TRIAL_Z     RUN_TRIA
   COND_BLO

Continuous latent variables
   CONDSLO     RUNSLO      TRIALSLO    PREVSLO     ERRSLO

Variables with special functions

  Cluster variable      ID

  Within variables
   COND        BLOCK       PREV_RT_    PREV_ERR    TRIAL_Z     RUN_TRIA
   COND_BLO


Estimator                                                    BAYES
Specifications for Bayesian Estimation
  Point estimate                                            MEDIAN
  Number of Markov chain Monte Carlo (MCMC) chains               2
  Random seed for the first chain                                0
  Starting value information                           UNPERTURBED
  Algorithm used for Markov chain Monte Carlo           GIBBS(PX1)
  Convergence criterion                                  0.500D-01
  Maximum number of iterations                               50000
  K-th iteration used for thinning                               1

Input data file(s)
  flanker_mplus.dat
Input data format  FREE


SUMMARY OF DATA

     Number of clusters                        107

       Size (s)    Cluster ID with Size s

         88        62
         99        14
        101        36
        116        38
        118        37
        123        92
        127        99
        129        110
        130        63
        132        65
        134        12
        135        98 88
        136        13 24
        137        57 60 104
        138        45 93
        139        32
        140        73
        141        35 46 87 40
        142        89 90 71
        143        51 16 2 77 105 25
        144        61 31 1
        145        9 22 28 4 18 42
        146        33 74 67 43
        147        100 70 58 59 17
        148        96 8 50
        149        109 102 79 34 3 112 56
        150        68 6 19 26 27 21 64 29 49
        151        10 15 48 20 113 82 108 111
        152        72 97 84 41
        153        66 53 91 103 69 85 76 52 78
        154        11 75
        155        30 23 54 94 106 101 81 114
        156        5 107 86 95



COVARIANCE COVERAGE OF DATA

Minimum covariance coverage value   0.100

     Number of missing data patterns             1


     PROPORTION OF DATA PRESENT


           Covariance Coverage
              RT_INV        COND          BLOCK         PREV_RT_      PREV_ERR
              ________      ________      ________      ________      ________
 RT_INV         1.000
 COND           1.000         1.000
 BLOCK          1.000         1.000         1.000
 PREV_RT_       1.000         1.000         1.000         1.000
 PREV_ERR       1.000         1.000         1.000         1.000         1.000
 TRIAL_Z        1.000         1.000         1.000         1.000         1.000
 RUN_TRIA       1.000         1.000         1.000         1.000         1.000
 COND_BLO       1.000         1.000         1.000         1.000         1.000


           Covariance Coverage
              TRIAL_Z       RUN_TRIA      COND_BLO
              ________      ________      ________
 TRIAL_Z        1.000
 RUN_TRIA       1.000         1.000
 COND_BLO       1.000         1.000         1.000



UNIVARIATE SAMPLE STATISTICS


     UNIVARIATE HIGHER-ORDER MOMENT DESCRIPTIVE STATISTICS

         Variable/         Mean/     Skewness/   Minimum/ % with                Percentiles
        Sample Size      Variance    Kurtosis    Maximum  Min/Max      20%/60%    40%/80%    Median

     RT_INV               -2.634       0.101      -4.000    0.03%      -3.030     -2.755     -2.639
           15476.000       0.228       0.144      -1.031    0.01%      -2.525     -2.252
     COND                  0.494       0.022       0.000   50.56%       0.000      0.000      0.000
           15476.000       0.250      -1.999       1.000   49.44%       1.000      1.000
     BLOCK                 0.497       0.012       0.000   50.30%       0.000      0.000      0.000
           15476.000       0.250      -2.000       1.000   49.70%       1.000      1.000
     PREV_RT_Z             0.007       1.582      -2.625    0.01%      -0.728     -0.345     -0.164
           15476.000       0.948       4.687       6.508    0.01%       0.039      0.581
     PREV_ERROR            0.967      -5.193       0.000    3.34%       1.000      1.000      1.000
           15476.000       0.032      24.969       1.000   96.66%       1.000      1.000
     TRIAL_Z              -0.003       0.013      -1.700    0.65%      -1.050     -0.357     -0.011
           15476.000       0.991      -1.200       1.721    0.62%       0.336      1.028
     RUN_TRIAL_Z           0.039       0.003      -1.582    2.59%      -0.984     -0.299      0.043
           15476.000       0.932      -1.207       1.668    2.58%       0.385      1.069
     COND_BLOCK            0.145       2.017       0.000   85.51%       0.000      0.000      0.000
           15476.000       0.124       2.069       1.000   14.49%       0.000      0.000


THE MODEL ESTIMATION TERMINATED NORMALLY

     USE THE FBITERATIONS OPTION TO INCREASE THE NUMBER OF ITERATIONS BY A FACTOR
     OF AT LEAST TWO TO CHECK CONVERGENCE AND THAT THE PSR VALUE DOES NOT INCREASE.



MODEL FIT INFORMATION

Number of Free Parameters                              25

Information Criteria

          Deviance (DIC)                        11233.681
          Estimated Number of Parameters (pD)     384.115



MODEL RESULTS

                                Posterior  One-Tailed         95% C.I.
                    Estimate       S.D.      P-Value   Lower 2.5%  Upper 2.5%  Significance

Within Level

 RT_INV     ON
    BLOCK              0.024       0.009      0.002       0.007       0.041      *
    COND_BLOCK         0.048       0.012      0.000       0.024       0.073      *

 Residual Variances
    RT_INV             0.118       0.001      0.000       0.115       0.121      *

Between Level

 CONDSLO  WITH
    RUNSLO             0.000       0.000      0.349      -0.001       0.001
    TRIALSLO          -0.001       0.001      0.080      -0.002       0.000
    PREVSLO            0.000       0.001      0.275      -0.002       0.001
    ERRSLO            -0.002       0.001      0.045      -0.005       0.000

 RUNSLO   WITH
    TRIALSLO           0.000       0.000      0.322       0.000       0.001
    PREVSLO            0.000       0.000      0.228      -0.001       0.000
    ERRSLO             0.000       0.000      0.348      -0.001       0.001

 TRIALSLO WITH
    PREVSLO            0.000       0.000      0.483      -0.001       0.001
    ERRSLO             0.000       0.001      0.457      -0.002       0.002

 PREVSLO  WITH
    ERRSLO             0.000       0.001      0.379      -0.002       0.002

 Means
    RT_INV            -2.716       0.030      0.000      -2.776      -2.659      *
    CONDSLO            0.120       0.011      0.000       0.098       0.142      *
    RUNSLO            -0.002       0.004      0.303      -0.011       0.006
    TRIALSLO          -0.016       0.007      0.008      -0.029      -0.003      *
    PREVSLO            0.126       0.007      0.000       0.113       0.138      *
    ERRSLO             0.005       0.020      0.407      -0.033       0.043

 Variances
    RT_INV             0.054       0.008      0.000       0.041       0.074      *
    CONDSLO            0.004       0.001      0.000       0.002       0.007      *
    RUNSLO             0.001       0.000      0.000       0.001       0.001      *
    TRIALSLO           0.003       0.001      0.000       0.002       0.005      *
    PREVSLO            0.003       0.001      0.000       0.002       0.004      *
    ERRSLO             0.004       0.002      0.000       0.001       0.010      *


STANDARDIZED MODEL RESULTS


STDYX Standardization

                                Posterior  One-Tailed         95% C.I.
                    Estimate       S.D.      P-Value   Lower 2.5%  Upper 2.5%  Significance

Within-Level Standardized Estimates Averaged Over Clusters

 CONDSLO | RT_INV ON
    COND               0.159       0.012      0.000       0.135       0.182      *

 RUNSLO | RT_INV ON
    RUN_TRIAL_        -0.005       0.008      0.282      -0.020       0.010

 TRIALSLO | RT_INV ON
    TRIAL_Z           -0.040       0.008      0.000      -0.056      -0.025      *

 PREVSLO | RT_INV ON
    PREV_RT_Z          0.245       0.007      0.000       0.231       0.259      *

 ERRSLO | RT_INV ON
    PREV_ERROR         0.003       0.006      0.301      -0.008       0.016

 RT_INV     ON
    BLOCK              0.033       0.012      0.002       0.010       0.055      *
    COND_BLOCK         0.045       0.012      0.000       0.022       0.069      *

 Residual Variances
    RT_INV             0.843       0.005      0.000       0.834       0.852      *

Between Level

 CONDSLO  WITH
    RUNSLO            -0.073       0.179      0.349      -0.413       0.286
    TRIALSLO          -0.214       0.149      0.080      -0.490       0.094
    PREVSLO           -0.104       0.172      0.275      -0.431       0.239
    ERRSLO            -0.556       0.267      0.045      -0.917       0.101

 RUNSLO   WITH
    TRIALSLO           0.075       0.154      0.322      -0.225       0.370
    PREVSLO           -0.131       0.168      0.228      -0.442       0.206
    ERRSLO             0.087       0.217      0.348      -0.343       0.501

 TRIALSLO WITH
    PREVSLO            0.006       0.141      0.483      -0.263       0.279
    ERRSLO            -0.034       0.289      0.457      -0.568       0.536

 PREVSLO  WITH
    ERRSLO            -0.101       0.299      0.379      -0.629       0.507

 Means
    RT_INV           -11.660       0.894      0.000     -13.471      -9.970      *
    CONDSLO            1.863       0.307      0.000       1.352       2.552      *
    RUNSLO            -0.068       0.135      0.303      -0.340       0.191
    TRIALSLO          -0.271       0.113      0.008      -0.495      -0.053      *
    PREVSLO            2.455       0.305      0.000       1.927       3.116      *
    ERRSLO             0.073       0.333      0.407      -0.539       0.795

 Variances
    RT_INV             1.000       0.000      0.000       1.000       1.000
    CONDSLO            1.000       0.000      0.000       1.000       1.000
    RUNSLO             1.000       0.000      0.000       1.000       1.000
    TRIALSLO           1.000       0.000      0.000       1.000       1.000
    PREVSLO            1.000       0.000      0.000       1.000       1.000
    ERRSLO             1.000       0.000      0.000       1.000       1.000


STDY Standardization

                                Posterior  One-Tailed         95% C.I.
                    Estimate       S.D.      P-Value   Lower 2.5%  Upper 2.5%  Significance

Within-Level Standardized Estimates Averaged Over Clusters

 CONDSLO | RT_INV ON
    COND               0.319       0.024      0.000       0.270       0.365      *

 RUNSLO | RT_INV ON
    RUN_TRIAL_        -0.005       0.008      0.278      -0.021       0.010

 TRIALSLO | RT_INV ON
    TRIAL_Z           -0.041       0.008      0.000      -0.057      -0.025      *

 PREVSLO | RT_INV ON
    PREV_RT_Z          0.332       0.011      0.000       0.310       0.354      *

 ERRSLO | RT_INV ON
    PREV_ERROR         0.018       0.047      0.350      -0.064       0.116

 RT_INV     ON
    BLOCK              0.065       0.024      0.002       0.019       0.110      *
    COND_BLOCK         0.127       0.034      0.000       0.064       0.198      *

 Residual Variances
    RT_INV             0.843       0.005      0.000       0.834       0.852      *

Between Level

 CONDSLO  WITH
    RUNSLO            -0.073       0.179      0.349      -0.413       0.286
    TRIALSLO          -0.214       0.149      0.080      -0.490       0.094
    PREVSLO           -0.104       0.172      0.275      -0.431       0.239
    ERRSLO            -0.556       0.267      0.045      -0.917       0.101

 RUNSLO   WITH
    TRIALSLO           0.075       0.154      0.322      -0.225       0.370
    PREVSLO           -0.131       0.168      0.228      -0.442       0.206
    ERRSLO             0.087       0.217      0.348      -0.343       0.501

 TRIALSLO WITH
    PREVSLO            0.006       0.141      0.483      -0.263       0.279
    ERRSLO            -0.034       0.289      0.457      -0.568       0.536

 PREVSLO  WITH
    ERRSLO            -0.101       0.299      0.379      -0.629       0.507

 Means
    RT_INV           -11.660       0.894      0.000     -13.471      -9.970      *
    CONDSLO            1.863       0.307      0.000       1.352       2.552      *
    RUNSLO            -0.068       0.135      0.303      -0.340       0.191
    TRIALSLO          -0.271       0.113      0.008      -0.495      -0.053      *
    PREVSLO            2.455       0.305      0.000       1.927       3.116      *
    ERRSLO             0.073       0.333      0.407      -0.539       0.795

 Variances
    RT_INV             1.000       0.000      0.000       1.000       1.000
    CONDSLO            1.000       0.000      0.000       1.000       1.000
    RUNSLO             1.000       0.000      0.000       1.000       1.000
    TRIALSLO           1.000       0.000      0.000       1.000       1.000
    PREVSLO            1.000       0.000      0.000       1.000       1.000
    ERRSLO             1.000       0.000      0.000       1.000       1.000


STD Standardization

                                Posterior  One-Tailed         95% C.I.
                    Estimate       S.D.      P-Value   Lower 2.5%  Upper 2.5%  Significance

Within-Level Standardized Estimates Averaged Over Clusters

 CONDSLO | RT_INV ON
    COND               0.120       0.009      0.000       0.102       0.138      *

 RUNSLO | RT_INV ON
    RUN_TRIAL_        -0.002       0.003      0.250      -0.008       0.004

 TRIALSLO | RT_INV ON
    TRIAL_Z           -0.016       0.003      0.000      -0.022      -0.010      *

 PREVSLO | RT_INV ON
    PREV_RT_Z          0.126       0.004      0.000       0.118       0.134      *

 ERRSLO | RT_INV ON
    PREV_ERROR         0.006       0.018      0.366      -0.024       0.042

 RT_INV     ON
    BLOCK              0.025       0.009      0.002       0.007       0.041      *
    COND_BLOCK         0.048       0.013      0.000       0.024       0.074      *

 Residual Variances
    RT_INV             0.118       0.001      0.000       0.115       0.121      *

Between Level

 CONDSLO  WITH
    RUNSLO            -0.073       0.179      0.349      -0.413       0.286
    TRIALSLO          -0.214       0.149      0.080      -0.490       0.094
    PREVSLO           -0.104       0.172      0.275      -0.431       0.239
    ERRSLO            -0.556       0.267      0.045      -0.917       0.101

 RUNSLO   WITH
    TRIALSLO           0.075       0.154      0.322      -0.225       0.370
    PREVSLO           -0.131       0.168      0.228      -0.442       0.206
    ERRSLO             0.087       0.217      0.348      -0.343       0.501

 TRIALSLO WITH
    PREVSLO            0.006       0.141      0.483      -0.263       0.279
    ERRSLO            -0.034       0.289      0.457      -0.568       0.536

 PREVSLO  WITH
    ERRSLO            -0.101       0.299      0.379      -0.629       0.507

 Means
    RT_INV            -2.716       0.030      0.000      -2.776      -2.659      *
    CONDSLO            1.863       0.307      0.000       1.352       2.552      *
    RUNSLO            -0.068       0.135      0.303      -0.340       0.191
    TRIALSLO          -0.271       0.113      0.008      -0.495      -0.053      *
    PREVSLO            2.455       0.305      0.000       1.927       3.116      *
    ERRSLO             0.073       0.333      0.407      -0.539       0.795

 Variances
    RT_INV             0.054       0.008      0.000       0.041       0.074      *
    CONDSLO            1.000       0.000      0.000       1.000       1.000
    RUNSLO             1.000       0.000      0.000       1.000       1.000
    TRIALSLO           1.000       0.000      0.000       1.000       1.000
    PREVSLO            1.000       0.000      0.000       1.000       1.000
    ERRSLO             1.000       0.000      0.000       1.000       1.000


R-SQUARE

Within-Level R-Square Averaged Across Clusters

                                Posterior  One-Tailed         95% C.I.
    Variable        Estimate       S.D.      P-Value   Lower 2.5%  Upper 2.5%

    RT_INV             0.157       0.005      0.000       0.148       0.166

Between Level


CREDIBILITY INTERVALS OF MODEL RESULTS

                  Lower .5%  Lower 2.5%    Lower 5%    Estimate    Upper 5%  Upper 2.5%   Upper .5%

Within Level

 RT_INV   ON
    BLOCK            0.001       0.007       0.009       0.024       0.038       0.041       0.045
    COND_BLOCK       0.016       0.024       0.028       0.048       0.069       0.073       0.080

 Residual Variances
    RT_INV           0.115       0.115       0.116       0.118       0.120       0.121       0.122

Between Level

 CONDSLO  WITH
    RUNSLO          -0.001      -0.001      -0.001       0.000       0.000       0.001       0.001
    TRIALSLO        -0.003      -0.002      -0.002      -0.001       0.000       0.000       0.001
    PREVSLO         -0.002      -0.002      -0.001       0.000       0.001       0.001       0.001
    ERRSLO          -0.006      -0.005      -0.005      -0.002       0.000       0.000       0.001

 RUNSLO   WITH
    TRIALSLO        -0.001       0.000       0.000       0.000       0.001       0.001       0.001
    PREVSLO         -0.001      -0.001      -0.001       0.000       0.000       0.000       0.001
    ERRSLO          -0.001      -0.001      -0.001       0.000       0.001       0.001       0.002

 TRIALSLO WITH
    PREVSLO         -0.001      -0.001      -0.001       0.000       0.001       0.001       0.001
    ERRSLO          -0.003      -0.002      -0.002       0.000       0.002       0.002       0.003

 PREVSLO  WITH
    ERRSLO          -0.003      -0.002      -0.002       0.000       0.001       0.002       0.002

 Means
    RT_INV          -2.795      -2.776      -2.767      -2.716      -2.668      -2.659      -2.642
    CONDSLO          0.091       0.098       0.102       0.120       0.138       0.142       0.148
    RUNSLO          -0.013      -0.011      -0.009      -0.002       0.005       0.006       0.009
    TRIALSLO        -0.033      -0.029      -0.027      -0.016      -0.005      -0.003       0.001
    PREVSLO          0.108       0.113       0.115       0.126       0.136       0.138       0.142
    ERRSLO          -0.044      -0.033      -0.027       0.005       0.038       0.043       0.053

 Variances
    RT_INV           0.037       0.041       0.043       0.054       0.070       0.074       0.081
    CONDSLO          0.002       0.002       0.003       0.004       0.006       0.007       0.008
    RUNSLO           0.001       0.001       0.001       0.001       0.001       0.001       0.002
    TRIALSLO         0.002       0.002       0.003       0.003       0.005       0.005       0.006
    PREVSLO          0.001       0.002       0.002       0.003       0.004       0.004       0.005
    ERRSLO           0.001       0.001       0.002       0.004       0.009       0.010       0.013


CREDIBILITY INTERVALS OF STANDARDIZED MODEL RESULTS


STDYX Standardization

                  Lower .5%  Lower 2.5%    Lower 5%    Estimate    Upper 5%  Upper 2.5%   Upper .5%

Within Level

 RT_INV   ON
    BLOCK            0.000       0.010       0.000       0.033       0.000       0.055       0.000
    COND_BLOCK       0.000       0.022       0.000       0.045       0.000       0.069       0.000

 Residual Variances
    RT_INV           0.000       0.834       0.000       0.843       0.000       0.852       0.000

Between Level

 CONDSLO  WITH
    RUNSLO          -0.506      -0.413      -0.361      -0.073       0.229       0.286       0.389
    TRIALSLO        -0.568      -0.490      -0.448      -0.214       0.040       0.094       0.193
    PREVSLO         -0.518      -0.431      -0.384      -0.104       0.185       0.239       0.346
    ERRSLO          -0.950      -0.917      -0.890      -0.556      -0.023       0.101       0.283

 RUNSLO   WITH
    TRIALSLO        -0.307      -0.225      -0.182       0.075       0.327       0.370       0.455
    PREVSLO         -0.530      -0.442      -0.398      -0.131       0.156       0.206       0.319
    ERRSLO          -0.461      -0.343      -0.277       0.087       0.441       0.501       0.615

 TRIALSLO WITH
    PREVSLO         -0.349      -0.263      -0.226       0.006       0.237       0.279       0.363
    ERRSLO          -0.686      -0.568      -0.494      -0.034       0.453       0.536       0.683

 PREVSLO  WITH
    ERRSLO          -0.748      -0.629      -0.564      -0.101       0.416       0.507       0.652

 Means
    RT_INV         -14.193     -13.471     -13.178     -11.660     -10.221      -9.970      -9.530
    CONDSLO          1.217       1.352       1.425       1.863       2.432       2.552       2.824
    RUNSLO          -0.428      -0.340      -0.295      -0.068       0.151       0.191       0.275
    TRIALSLO        -0.563      -0.495      -0.462      -0.271      -0.087      -0.053       0.018
    PREVSLO          1.802       1.927       1.996       2.455       2.994       3.116       3.386
    ERRSLO          -0.744      -0.539      -0.426       0.073       0.669       0.795       1.088

 Variances
    RT_INV           1.000       1.000       1.000       1.000       1.000       1.000       1.000
    CONDSLO          1.000       1.000       1.000       1.000       1.000       1.000       1.000
    RUNSLO           1.000       1.000       1.000       1.000       1.000       1.000       1.000
    TRIALSLO         1.000       1.000       1.000       1.000       1.000       1.000       1.000
    PREVSLO          1.000       1.000       1.000       1.000       1.000       1.000       1.000
    ERRSLO           1.000       1.000       1.000       1.000       1.000       1.000       1.000


STDY Standardization

                  Lower .5%  Lower 2.5%    Lower 5%    Estimate    Upper 5%  Upper 2.5%   Upper .5%

Within Level

 RT_INV   ON
    BLOCK            0.000       0.019       0.000       0.065       0.000       0.110       0.000
    COND_BLOCK       0.000       0.064       0.000       0.127       0.000       0.198       0.000

 Residual Variances
    RT_INV           0.000       0.834       0.000       0.843       0.000       0.852       0.000

Between Level

 CONDSLO  WITH
    RUNSLO          -0.506      -0.413      -0.361      -0.073       0.229       0.286       0.389
    TRIALSLO        -0.568      -0.490      -0.448      -0.214       0.040       0.094       0.193
    PREVSLO         -0.518      -0.431      -0.384      -0.104       0.185       0.239       0.346
    ERRSLO          -0.950      -0.917      -0.890      -0.556      -0.023       0.101       0.283

 RUNSLO   WITH
    TRIALSLO        -0.307      -0.225      -0.182       0.075       0.327       0.370       0.455
    PREVSLO         -0.530      -0.442      -0.398      -0.131       0.156       0.206       0.319
    ERRSLO          -0.461      -0.343      -0.277       0.087       0.441       0.501       0.615

 TRIALSLO WITH
    PREVSLO         -0.349      -0.263      -0.226       0.006       0.237       0.279       0.363
    ERRSLO          -0.686      -0.568      -0.494      -0.034       0.453       0.536       0.683

 PREVSLO  WITH
    ERRSLO          -0.748      -0.629      -0.564      -0.101       0.416       0.507       0.652

 Means
    RT_INV         -14.193     -13.471     -13.178     -11.660     -10.221      -9.970      -9.530
    CONDSLO          1.217       1.352       1.425       1.863       2.432       2.552       2.824
    RUNSLO          -0.428      -0.340      -0.295      -0.068       0.151       0.191       0.275
    TRIALSLO        -0.563      -0.495      -0.462      -0.271      -0.087      -0.053       0.018
    PREVSLO          1.802       1.927       1.996       2.455       2.994       3.116       3.386
    ERRSLO          -0.744      -0.539      -0.426       0.073       0.669       0.795       1.088

 Variances
    RT_INV           1.000       1.000       1.000       1.000       1.000       1.000       1.000
    CONDSLO          1.000       1.000       1.000       1.000       1.000       1.000       1.000
    RUNSLO           1.000       1.000       1.000       1.000       1.000       1.000       1.000
    TRIALSLO         1.000       1.000       1.000       1.000       1.000       1.000       1.000
    PREVSLO          1.000       1.000       1.000       1.000       1.000       1.000       1.000
    ERRSLO           1.000       1.000       1.000       1.000       1.000       1.000       1.000


STD Standardization

                  Lower .5%  Lower 2.5%    Lower 5%    Estimate    Upper 5%  Upper 2.5%   Upper .5%

Within Level

 RT_INV   ON
    BLOCK            0.000       0.007       0.000       0.025       0.000       0.041       0.000
    COND_BLOCK       0.000       0.024       0.000       0.048       0.000       0.074       0.000

 Residual Variances
    RT_INV           0.000       0.115       0.000       0.118       0.000       0.121       0.000

Between Level

 CONDSLO  WITH
    RUNSLO          -0.506      -0.413      -0.361      -0.073       0.229       0.286       0.389
    TRIALSLO        -0.568      -0.490      -0.448      -0.214       0.040       0.094       0.193
    PREVSLO         -0.518      -0.431      -0.384      -0.104       0.185       0.239       0.346
    ERRSLO          -0.950      -0.917      -0.890      -0.556      -0.023       0.101       0.283

 RUNSLO   WITH
    TRIALSLO        -0.307      -0.225      -0.182       0.075       0.327       0.370       0.455
    PREVSLO         -0.530      -0.442      -0.398      -0.131       0.156       0.206       0.319
    ERRSLO          -0.461      -0.343      -0.277       0.087       0.441       0.501       0.615

 TRIALSLO WITH
    PREVSLO         -0.349      -0.263      -0.226       0.006       0.237       0.279       0.363
    ERRSLO          -0.686      -0.568      -0.494      -0.034       0.453       0.536       0.683

 PREVSLO  WITH
    ERRSLO          -0.748      -0.629      -0.564      -0.101       0.416       0.507       0.652

 Means
    RT_INV          -2.795      -2.776      -2.767      -2.716      -2.668      -2.659      -2.642
    CONDSLO          1.217       1.352       1.425       1.863       2.432       2.552       2.824
    RUNSLO          -0.428      -0.340      -0.295      -0.068       0.151       0.191       0.275
    TRIALSLO        -0.563      -0.495      -0.462      -0.271      -0.087      -0.053       0.018
    PREVSLO          1.802       1.927       1.996       2.455       2.994       3.116       3.386
    ERRSLO          -0.744      -0.539      -0.426       0.073       0.669       0.795       1.088

 Variances
    RT_INV           0.037       0.041       0.043       0.054       0.070       0.074       0.081
    CONDSLO          1.000       1.000       1.000       1.000       1.000       1.000       1.000
    RUNSLO           1.000       1.000       1.000       1.000       1.000       1.000       1.000
    TRIALSLO         1.000       1.000       1.000       1.000       1.000       1.000       1.000
    PREVSLO          1.000       1.000       1.000       1.000       1.000       1.000       1.000
    ERRSLO           1.000       1.000       1.000       1.000       1.000       1.000       1.000


TECHNICAL 1 OUTPUT


     PARAMETER SPECIFICATION FOR WITHIN


           NU
              RT_INV        COND          BLOCK         PREV_RT_      PREV_ERR
              ________      ________      ________      ________      ________
                    0             0             0             0             0


           NU
              TRIAL_Z       RUN_TRIA      COND_BLO
              ________      ________      ________
                    0             0             0


           LAMBDA
              RT_INV        COND          BLOCK         PREV_RT_      PREV_ERR
              ________      ________      ________      ________      ________
 RT_INV             0             0             0             0             0
 COND               0             0             0             0             0
 BLOCK              0             0             0             0             0
 PREV_RT_           0             0             0             0             0
 PREV_ERR           0             0             0             0             0
 TRIAL_Z            0             0             0             0             0
 RUN_TRIA           0             0             0             0             0
 COND_BLO           0             0             0             0             0


           LAMBDA
              TRIAL_Z       RUN_TRIA      COND_BLO
              ________      ________      ________
 RT_INV             0             0             0
 COND               0             0             0
 BLOCK              0             0             0
 PREV_RT_           0             0             0
 PREV_ERR           0             0             0
 TRIAL_Z            0             0             0
 RUN_TRIA           0             0             0
 COND_BLO           0             0             0


           THETA
              RT_INV        COND          BLOCK         PREV_RT_      PREV_ERR
              ________      ________      ________      ________      ________
 RT_INV             0
 COND               0             0
 BLOCK              0             0             0
 PREV_RT_           0             0             0             0
 PREV_ERR           0             0             0             0             0
 TRIAL_Z            0             0             0             0             0
 RUN_TRIA           0             0             0             0             0
 COND_BLO           0             0             0             0             0


           THETA
              TRIAL_Z       RUN_TRIA      COND_BLO
              ________      ________      ________
 TRIAL_Z            0
 RUN_TRIA           0             0
 COND_BLO           0             0             0


           ALPHA
              RT_INV        COND          BLOCK         PREV_RT_      PREV_ERR
              ________      ________      ________      ________      ________
                    0             0             0             0             0


           ALPHA
              TRIAL_Z       RUN_TRIA      COND_BLO
              ________      ________      ________
                    0             0             0


           BETA
              RT_INV        COND          BLOCK         PREV_RT_      PREV_ERR
              ________      ________      ________      ________      ________
 RT_INV             0             0             1             0             0
 COND               0             0             0             0             0
 BLOCK              0             0             0             0             0
 PREV_RT_           0             0             0             0             0
 PREV_ERR           0             0             0             0             0
 TRIAL_Z            0             0             0             0             0
 RUN_TRIA           0             0             0             0             0
 COND_BLO           0             0             0             0             0


           BETA
              TRIAL_Z       RUN_TRIA      COND_BLO
              ________      ________      ________
 RT_INV             0             0             2
 COND               0             0             0
 BLOCK              0             0             0
 PREV_RT_           0             0             0
 PREV_ERR           0             0             0
 TRIAL_Z            0             0             0
 RUN_TRIA           0             0             0
 COND_BLO           0             0             0


           PSI
              RT_INV        COND          BLOCK         PREV_RT_      PREV_ERR
              ________      ________      ________      ________      ________
 RT_INV             3
 COND               0             0
 BLOCK              0             0             0
 PREV_RT_           0             0             0             0
 PREV_ERR           0             0             0             0             0
 TRIAL_Z            0             0             0             0             0
 RUN_TRIA           0             0             0             0             0
 COND_BLO           0             0             0             0             0


           PSI
              TRIAL_Z       RUN_TRIA      COND_BLO
              ________      ________      ________
 TRIAL_Z            0
 RUN_TRIA           0             0
 COND_BLO           0             0             0


     PARAMETER SPECIFICATION FOR BETWEEN


           NU
              RT_INV
              ________
                    0


           LAMBDA
              CONDSLO       RUNSLO        TRIALSLO      PREVSLO       ERRSLO
              ________      ________      ________      ________      ________
 RT_INV             0             0             0             0             0


           LAMBDA
              RT_INV
              ________
 RT_INV             0


           THETA
              RT_INV
              ________
 RT_INV             0


           ALPHA
              CONDSLO       RUNSLO        TRIALSLO      PREVSLO       ERRSLO
              ________      ________      ________      ________      ________
                    4             5             6             7             8


           ALPHA
              RT_INV
              ________
                    9


           BETA
              CONDSLO       RUNSLO        TRIALSLO      PREVSLO       ERRSLO
              ________      ________      ________      ________      ________
 CONDSLO            0             0             0             0             0
 RUNSLO             0             0             0             0             0
 TRIALSLO           0             0             0             0             0
 PREVSLO            0             0             0             0             0
 ERRSLO             0             0             0             0             0
 RT_INV             0             0             0             0             0


           BETA
              RT_INV
              ________
 CONDSLO            0
 RUNSLO             0
 TRIALSLO           0
 PREVSLO            0
 ERRSLO             0
 RT_INV             0


           PSI
              CONDSLO       RUNSLO        TRIALSLO      PREVSLO       ERRSLO
              ________      ________      ________      ________      ________
 CONDSLO           10
 RUNSLO            11            12
 TRIALSLO          13            14            15
 PREVSLO           16            17            18            19
 ERRSLO            20            21            22            23            24
 RT_INV             0             0             0             0             0


           PSI
              RT_INV
              ________
 RT_INV            25


     STARTING VALUES FOR WITHIN


           NU
              RT_INV        COND          BLOCK         PREV_RT_      PREV_ERR
              ________      ________      ________      ________      ________
                0.000         0.000         0.000         0.000         0.000


           NU
              TRIAL_Z       RUN_TRIA      COND_BLO
              ________      ________      ________
                0.000         0.000         0.000


           LAMBDA
              RT_INV        COND          BLOCK         PREV_RT_      PREV_ERR
              ________      ________      ________      ________      ________
 RT_INV         1.000         0.000         0.000         0.000         0.000
 COND           0.000         1.000         0.000         0.000         0.000
 BLOCK          0.000         0.000         1.000         0.000         0.000
 PREV_RT_       0.000         0.000         0.000         1.000         0.000
 PREV_ERR       0.000         0.000         0.000         0.000         1.000
 TRIAL_Z        0.000         0.000         0.000         0.000         0.000
 RUN_TRIA       0.000         0.000         0.000         0.000         0.000
 COND_BLO       0.000         0.000         0.000         0.000         0.000


           LAMBDA
              TRIAL_Z       RUN_TRIA      COND_BLO
              ________      ________      ________
 RT_INV         0.000         0.000         0.000
 COND           0.000         0.000         0.000
 BLOCK          0.000         0.000         0.000
 PREV_RT_       0.000         0.000         0.000
 PREV_ERR       0.000         0.000         0.000
 TRIAL_Z        1.000         0.000         0.000
 RUN_TRIA       0.000         1.000         0.000
 COND_BLO       0.000         0.000         1.000


           THETA
              RT_INV        COND          BLOCK         PREV_RT_      PREV_ERR
              ________      ________      ________      ________      ________
 RT_INV         0.000
 COND           0.000         0.000
 BLOCK          0.000         0.000         0.000
 PREV_RT_       0.000         0.000         0.000         0.000
 PREV_ERR       0.000         0.000         0.000         0.000         0.000
 TRIAL_Z        0.000         0.000         0.000         0.000         0.000
 RUN_TRIA       0.000         0.000         0.000         0.000         0.000
 COND_BLO       0.000         0.000         0.000         0.000         0.000


           THETA
              TRIAL_Z       RUN_TRIA      COND_BLO
              ________      ________      ________
 TRIAL_Z        0.000
 RUN_TRIA       0.000         0.000
 COND_BLO       0.000         0.000         0.000


           ALPHA
              RT_INV        COND          BLOCK         PREV_RT_      PREV_ERR
              ________      ________      ________      ________      ________
                0.000         0.000         0.000         0.000         0.000


           ALPHA
              TRIAL_Z       RUN_TRIA      COND_BLO
              ________      ________      ________
                0.000         0.000         0.000


           BETA
              RT_INV        COND          BLOCK         PREV_RT_      PREV_ERR
              ________      ________      ________      ________      ________
 RT_INV         0.000         0.000         0.000         0.000         0.000
 COND           0.000         0.000         0.000         0.000         0.000
 BLOCK          0.000         0.000         0.000         0.000         0.000
 PREV_RT_       0.000         0.000         0.000         0.000         0.000
 PREV_ERR       0.000         0.000         0.000         0.000         0.000
 TRIAL_Z        0.000         0.000         0.000         0.000         0.000
 RUN_TRIA       0.000         0.000         0.000         0.000         0.000
 COND_BLO       0.000         0.000         0.000         0.000         0.000


           BETA
              TRIAL_Z       RUN_TRIA      COND_BLO
              ________      ________      ________
 RT_INV         0.000         0.000         0.000
 COND           0.000         0.000         0.000
 BLOCK          0.000         0.000         0.000
 PREV_RT_       0.000         0.000         0.000
 PREV_ERR       0.000         0.000         0.000
 TRIAL_Z        0.000         0.000         0.000
 RUN_TRIA       0.000         0.000         0.000
 COND_BLO       0.000         0.000         0.000


           PSI
              RT_INV        COND          BLOCK         PREV_RT_      PREV_ERR
              ________      ________      ________      ________      ________
 RT_INV         0.114
 COND           0.000         0.125
 BLOCK          0.000         0.000         0.125
 PREV_RT_       0.000         0.000         0.000         0.474
 PREV_ERR       0.000         0.000         0.000         0.000         0.016
 TRIAL_Z        0.000         0.000         0.000         0.000         0.000
 RUN_TRIA       0.000         0.000         0.000         0.000         0.000
 COND_BLO       0.000         0.000         0.000         0.000         0.000


           PSI
              TRIAL_Z       RUN_TRIA      COND_BLO
              ________      ________      ________
 TRIAL_Z        0.496
 RUN_TRIA       0.000         0.466
 COND_BLO       0.000         0.000         0.062


     STARTING VALUES FOR BETWEEN


           NU
              RT_INV
              ________
                0.000


           LAMBDA
              CONDSLO       RUNSLO        TRIALSLO      PREVSLO       ERRSLO
              ________      ________      ________      ________      ________
 RT_INV         0.000         0.000         0.000         0.000         0.000


           LAMBDA
              RT_INV
              ________
 RT_INV         1.000


           THETA
              RT_INV
              ________
 RT_INV         0.000


           ALPHA
              CONDSLO       RUNSLO        TRIALSLO      PREVSLO       ERRSLO
              ________      ________      ________      ________      ________
                0.000         0.000         0.000         0.000         0.000


           ALPHA
              RT_INV
              ________
               -2.634


           BETA
              CONDSLO       RUNSLO        TRIALSLO      PREVSLO       ERRSLO
              ________      ________      ________      ________      ________
 CONDSLO        0.000         0.000         0.000         0.000         0.000
 RUNSLO         0.000         0.000         0.000         0.000         0.000
 TRIALSLO       0.000         0.000         0.000         0.000         0.000
 PREVSLO        0.000         0.000         0.000         0.000         0.000
 ERRSLO         0.000         0.000         0.000         0.000         0.000
 RT_INV         0.000         0.000         0.000         0.000         0.000


           BETA
              RT_INV
              ________
 CONDSLO        0.000
 RUNSLO         0.000
 TRIALSLO       0.000
 PREVSLO        0.000
 ERRSLO         0.000
 RT_INV         0.000


           PSI
              CONDSLO       RUNSLO        TRIALSLO      PREVSLO       ERRSLO
              ________      ________      ________      ________      ________
 CONDSLO        1.000
 RUNSLO         0.000         1.000
 TRIALSLO       0.000         0.000         1.000
 PREVSLO        0.000         0.000         0.000         1.000
 ERRSLO         0.000         0.000         0.000         0.000         1.000
 RT_INV         0.000         0.000         0.000         0.000         0.000


           PSI
              RT_INV
              ________
 RT_INV         0.114



     PRIORS FOR ALL PARAMETERS            PRIOR MEAN      PRIOR VARIANCE     PRIOR STD. DEV.

     Parameter 1~N(0.000,infinity)           0.0000            infinity            infinity
     Parameter 2~N(0.000,infinity)           0.0000            infinity            infinity
     Parameter 3~IG(-1.000,0.000)          infinity            infinity            infinity
     Parameter 4~N(0.000,infinity)           0.0000            infinity            infinity
     Parameter 5~N(0.000,infinity)           0.0000            infinity            infinity
     Parameter 6~N(0.000,infinity)           0.0000            infinity            infinity
     Parameter 7~N(0.000,infinity)           0.0000            infinity            infinity
     Parameter 8~N(0.000,infinity)           0.0000            infinity            infinity
     Parameter 9~N(0.000,infinity)           0.0000            infinity            infinity
     Parameter 10~IW(0.000,-6)             infinity            infinity            infinity
     Parameter 11~IW(0.000,-6)             infinity            infinity            infinity
     Parameter 12~IW(0.000,-6)             infinity            infinity            infinity
     Parameter 13~IW(0.000,-6)             infinity            infinity            infinity
     Parameter 14~IW(0.000,-6)             infinity            infinity            infinity
     Parameter 15~IW(0.000,-6)             infinity            infinity            infinity
     Parameter 16~IW(0.000,-6)             infinity            infinity            infinity
     Parameter 17~IW(0.000,-6)             infinity            infinity            infinity
     Parameter 18~IW(0.000,-6)             infinity            infinity            infinity
     Parameter 19~IW(0.000,-6)             infinity            infinity            infinity
     Parameter 20~IW(0.000,-6)             infinity            infinity            infinity
     Parameter 21~IW(0.000,-6)             infinity            infinity            infinity
     Parameter 22~IW(0.000,-6)             infinity            infinity            infinity
     Parameter 23~IW(0.000,-6)             infinity            infinity            infinity
     Parameter 24~IW(0.000,-6)             infinity            infinity            infinity
     Parameter 25~IG(-1.000,0.000)         infinity            infinity            infinity


TECHNICAL 8 OUTPUT


   TECHNICAL 8 OUTPUT FOR BAYES ESTIMATION

     CHAIN    BSEED
     1        0
     2        285380
     3        253358
     4        93468

                     POTENTIAL       PARAMETER WITH
     ITERATION    SCALE REDUCTION      HIGHEST PSR
     100              1.695               8
     200              1.094               8
     300              1.052               8
     400              1.200               8
     500              1.143               8
     600              1.064               8
     700              1.038               8
     800              1.007               4
     900              1.022               4
     1000             1.020               4
     1100             1.010               1
     1200             1.004               24
     1300             1.003               4
     1400             1.020               8
     1500             1.029               8
     1600             1.031               8
     1700             1.036               8
     1800             1.033               9
     1900             1.035               9
     2000             1.026               9
     2100             1.019               1
     2200             1.017               1
     2300             1.015               1
     2400             1.013               4
     2500             1.014               4
     2600             1.011               4
     2700             1.012               4
     2800             1.009               4
     2900             1.011               4
     3000             1.005               4
     3100             1.003               4
     3200             1.003               4
     3300             1.003               8
     3400             1.004               4
     3500             1.005               4
     3600             1.005               4
     3700             1.005               4
     3800             1.004               4
     3900             1.003               4
     4000             1.004               4
     4100             1.003               4
     4200             1.001               4
     4300             1.002               4
     4400             1.001               4
     4500             1.001               4
     4600             1.002               4
     4700             1.003               4
     4800             1.002               4
     4900             1.001               4
     5000             1.001               9
     5100             1.000               9
     5200             1.001               2
     5300             1.001               2
     5400             1.001               8
     5500             1.004               8
     5600             1.004               8
     5700             1.004               8
     5800             1.002               8
     5900             1.003               4
     6000             1.003               2
     6100             1.004               4
     6200             1.004               4
     6300             1.004               4
     6400             1.004               4
     6500             1.003               4
     6600             1.004               4
     6700             1.003               4
     6800             1.002               4
     6900             1.001               4
     7000             1.001               4
     7100             1.000               8
     7200             1.000               4
     7300             1.000               4
     7400             1.000               4
     7500             1.000               4
     7600             1.000               8
     7700             1.001               8
     7800             1.000               8
     7900             1.000               9
     8000             1.002               8
     8100             1.001               8
     8200             1.001               9
     8300             1.001               8
     8400             1.000               9
     8500             1.000               9
     8600             1.000               2
     8700             1.000               2
     8800             1.000               1
     8900             1.000               8
     9000             1.001               8
     9100             1.000               8
     9200             1.001               8
     9300             1.000               8
     9400             1.000               4
     9500             1.001               9
     9600             1.001               9
     9700             1.001               4
     9800             1.000               4
     9900             1.001               4
     10000            1.000               9


PLOT INFORMATION

The following plots are available:

  Bayesian posterior parameter distributions
  Bayesian posterior parameter trace plots
  Bayesian autocorrelation plots

     Beginning Time:  14:46:50
        Ending Time:  14:49:42
       Elapsed Time:  00:02:52



MUTHEN & MUTHEN
3463 Stoner Ave.
Los Angeles, CA  90066

Tel: (310) 391-9971
Fax: (310) 391-8971
Web: www.StatModel.com
Support: Support@StatModel.com

Copyright (c) 1998-2019 Muthen & Muthen
