Mplus VERSION 8.4 (Mac)
MUTHEN & MUTHEN
06/12/2020   4:59 PM

INPUT INSTRUCTIONS

  TITLE:
  Antagonism and Constraint BSEM CFA 3+3 Parcels, K10, Flanker RT
  DATA:
  FILE = "rt_m17_AC_k10.dat";

  VARIABLE:
  NAMES = id rt cond block trial block_number trial_z rt_inv run_trial run_trial_z
       prev_rt prev_rt_inv prev_error exclude prev_rt_z MPS_agR AGG MISTRUST MPS_alR
       MANIP PROPER MPS_clR IMPUL MPS_tdR MPS_acR HDWK K10;
   MISSING=.;

      WITHIN = cond block cond_block prev_rt_z prev_error trial_z run_trial_z;
      USEVARIABLES = id rt_inv cond block prev_rt_z
        prev_error trial_z run_trial_z
        MANIP K10 p1 p2 p3 p4 p5 cond_block;
      BETWEEN = MANIP K10 p1 p2 p3 p4 p5;
      CLUSTER = id;

  DEFINE:

      p1=MEAN(MISTRUST MPS_alR);
      p2=MEAN(PROPER MPS_tdR);
      p3=MEAN(MPS_clR IMPUL);
      p4=MEAN(MPS_acR HDWK);
      p5=MEAN(MPS_agR AGG);
      cond = cond - 1; ! 0=congruent, 1=incongruent
      block = block - 1; ! 0=most_incon, 1=most_con
      cond_block = cond*block; ! 1=most_con, incongruent

  ANALYSIS:

      TYPE=TWOLEVEL RANDOM;
      ESTIMATOR=BAYES;
      BITERATIONS=(15000);
      CHAINS=4;
      PROCESSORS=4;

  MODEL:


    %WITHIN%
      rt_inv ON block cond_block;
      condslo | rt_inv ON cond;        !random slope of cond
      prevslo | rt_inv ON prev_rt_z;   !random slope of rt autocorrelation
      errslo | rt_inv ON prev_error;   !random slope of previous error
      runslo | rt_inv ON run_trial_z;  !random slope of run_trial
      trialslo | rt_inv ON trial_z;    !random slope of trial

    %BETWEEN%
      !means of random slopes
      [condslo];
      [runslo];
      [trialslo];
      [prevslo];
      [errslo];

      !variances of random slopes
      condslo;
      runslo;
      trialslo;
      prevslo;
      errslo;

      !slope correlations
      condslo runslo trialslo prevslo errslo WITH
         condslo runslo trialslo prevslo errslo;

      [rt_inv]; !mean average inverse RT

      !TRAIT MODEL

      antag BY p5* ! MPS_agR AGG
        p1        ! MISTRUST MPS_alR
        MANIP;
      antag@1;

      constraint BY
        p2*  !PROPER MPS_tdR
        p3  !MPS_clR IMPUL
        p4; !MPS_acR HDWK;
      constraint@1;

      antag WITH constraint;

      !TRAIT MODERATION

      ! trait moderates flanker performance
      condslo ON antag constraint K10;
      prevslo ON antag constraint K10;
      errslo ON antag constraint K10;

      !N.B. Leaving out the association of antag with rt_inv
      !omits a hugely important relationship.
      !Thus, allow antag as a predictor of average (person) RT
      rt_inv ON antag constraint K10;

  OUTPUT:

      TECH1 TECH8 STANDARDIZED CINTERVAL;

  PLOT:
  TYPE = PLOT2;



*** WARNING in VARIABLE command
  Note that only the first 8 characters of variable names are used in the output.
  Shorten variable names to avoid any confusion.
*** WARNING in PLOT command
  Note that only the first 8 characters of variable names are used in plots.
  If variable names are not unique within the first 8 characters, problems
  may occur.
*** WARNING
  One or more individual-level variables have no variation within a
  cluster for the following clusters.

     Variable   Cluster IDs with no within-cluster variation

      PREV_ERR    90 15 11 114 13 5 52 6 106 66 86 20 107 91 93 95

*** WARNING
  Data set contains cases with missing on x-variables.
  These cases were not included in the analysis.
  Number of cases with missing on x-variables:  496
   4 WARNING(S) FOUND IN THE INPUT INSTRUCTIONS




Antagonism and Constraint BSEM CFA 3+3 Parcels, K10, Flanker RT

SUMMARY OF ANALYSIS

Number of groups                                                 1
Number of observations                                       15504

Number of dependent variables                                    7
Number of independent variables                                  8
Number of continuous latent variables                            7

Observed dependent variables

  Continuous
   MANIP       P1          P2          P3          P4          P5
   RT_INV

Observed independent variables
   COND        BLOCK       PREV_RT_    PREV_ERR    TRIAL_Z     RUN_TRIA
   K10         COND_BLO

Continuous latent variables
   ANTAG       CONSTRAI    CONDSLO     PREVSLO     ERRSLO      RUNSLO
   TRIALSLO

Variables with special functions

  Cluster variable      ID

  Within variables
   COND        BLOCK       PREV_RT_    PREV_ERR    TRIAL_Z     RUN_TRIA
   COND_BLO

  Between variables
   MANIP       K10         P1          P2          P3          P4
   P5


Estimator                                                    BAYES
Specifications for Bayesian Estimation
  Point estimate                                            MEDIAN
  Number of Markov chain Monte Carlo (MCMC) chains               4
  Random seed for the first chain                                0
  Starting value information                           UNPERTURBED
  Algorithm used for Markov chain Monte Carlo           GIBBS(PX1)
  Convergence criterion                                  0.500D-01
  Maximum number of iterations                               50000
  K-th iteration used for thinning                               1

Input data file(s)
  rt_m17_AC_k10.dat
Input data format  FREE


SUMMARY OF DATA

     Number of clusters                        100

       Size (s)    Cluster ID with Size s

        137        62
        144        92
        146        36
        150        73 45
        151        35
        152        110
        153        42 90 65
        154        24 109 89 46 15
        155        113 14 102 18 21 57 58 22 105 68 27 32 33 34 99
        156        25 26 11 28 29 3 30 31 1 111 112 103 114 37 4 40 41
                   12 43 13 104 49 5 50 52 53 54 56 10 16 59 6 60 61 17
                   63 64 106 66 67 19 69 70 71 72 2 74 75 76 77 78 79 8
                   81 84 86 87 88 20 9 107 91 108 93 94 95 96 97 98 101



COVARIANCE COVERAGE OF DATA

Minimum covariance coverage value   0.100

     Number of missing data patterns             2


     PROPORTION OF DATA PRESENT


           Covariance Coverage
              MANIP         P1            P2            P3            P4
              ________      ________      ________      ________      ________
 MANIP          1.000
 P1             1.000         1.000
 P2             1.000         1.000         1.000
 P3             1.000         1.000         1.000         1.000
 P4             1.000         1.000         1.000         1.000         1.000
 P5             1.000         1.000         1.000         1.000         1.000
 RT_INV         0.951         0.951         0.951         0.951         0.951
 COND           1.000         1.000         1.000         1.000         1.000
 BLOCK          1.000         1.000         1.000         1.000         1.000
 PREV_RT_       1.000         1.000         1.000         1.000         1.000
 PREV_ERR       1.000         1.000         1.000         1.000         1.000
 TRIAL_Z        1.000         1.000         1.000         1.000         1.000
 RUN_TRIA       1.000         1.000         1.000         1.000         1.000
 COND_BLO       1.000         1.000         1.000         1.000         1.000
 K10            1.000         1.000         1.000         1.000         1.000


           Covariance Coverage
              P5            RT_INV        COND          BLOCK         PREV_RT_
              ________      ________      ________      ________      ________
 P5             1.000
 RT_INV         0.951         0.951
 COND           1.000         0.951         1.000
 BLOCK          1.000         0.951         1.000         1.000
 PREV_RT_       1.000         0.951         1.000         1.000         1.000
 PREV_ERR       1.000         0.951         1.000         1.000         1.000
 TRIAL_Z        1.000         0.951         1.000         1.000         1.000
 RUN_TRIA       1.000         0.951         1.000         1.000         1.000
 COND_BLO       1.000         0.951         1.000         1.000         1.000
 K10            1.000         0.951         1.000         1.000         1.000


           Covariance Coverage
              PREV_ERR      TRIAL_Z       RUN_TRIA      COND_BLO      K10
              ________      ________      ________      ________      ________
 PREV_ERR       1.000
 TRIAL_Z        1.000         1.000
 RUN_TRIA       1.000         1.000         1.000
 COND_BLO       1.000         1.000         1.000         1.000
 K10            1.000         1.000         1.000         1.000         1.000



UNIVARIATE SAMPLE STATISTICS


     UNIVARIATE HIGHER-ORDER MOMENT DESCRIPTIVE STATISTICS

         Variable/         Mean/     Skewness/   Minimum/ % with                Percentiles
        Sample Size      Variance    Kurtosis    Maximum  Min/Max      20%/60%    40%/80%    Median

     MANIP                 0.020       0.065      -1.701    7.00%      -0.898     -0.095      0.172
             100.000       1.006      -0.475       2.849    1.00%       0.440      0.708
     P1                    0.018       1.093      -1.197    5.00%      -0.819     -0.370     -0.108
             100.000       0.886       1.171       3.011    1.00%       0.078      0.645
     P2                   -0.005      -0.135      -2.240    1.00%      -0.857     -0.225      0.051
             100.000       0.833      -0.639       1.749    1.00%       0.286      0.762
     P3                    0.012      -0.902      -2.672    1.00%      -0.788     -0.027      0.231
             100.000       0.887       0.345       1.396    1.00%       0.371      0.817
     P4                    0.006       0.027      -1.799    1.00%      -0.946     -0.304      0.023
             100.000       0.902      -1.019       1.783    1.00%       0.313      0.795
     P5                    0.007       1.054      -1.149    7.00%      -0.845     -0.463     -0.199
             100.000       0.897       0.848       3.259    1.00%       0.065      0.752
     RT_INV               -2.643       0.102      -4.000    0.03%      -3.030     -2.762     -2.646
           14751.000       0.225       0.183      -1.031    0.01%      -2.532     -2.268
     COND                  0.502      -0.007       0.000   49.82%       0.000      0.000      1.000
           15504.000       0.250      -2.000       1.000   50.18%       1.000      1.000
     BLOCK                 0.499       0.003       0.000   50.08%       0.000      0.000      0.000
           15504.000       0.250      -2.000       1.000   49.92%       1.000      1.000
     PREV_RT_Z            -0.020       1.617      -2.625    0.01%      -0.751     -0.367     -0.187
           15504.000       0.979       4.909       6.508    0.01%       0.017      0.559
     PREV_ERROR            0.035       5.048       0.000   96.48%       0.000      0.000      0.000
           15504.000       0.034      23.484       1.000    3.52%       0.000      0.000
     TRIAL_Z               0.009       0.002      -1.700    0.63%      -1.028     -0.336     -0.011
           15504.000       0.995      -1.205       1.721    0.63%       0.357      1.050
     RUN_TRIAL_Z           0.043      -0.001      -1.582    2.56%      -0.984     -0.299      0.043
           15504.000       0.927      -1.202       1.668    2.57%       0.385      1.069
     COND_BLOCK            0.151       1.954       0.000   84.95%       0.000      0.000      0.000
           15504.000       0.128       1.820       1.000   15.05%       0.000      0.000
     K10                   0.030       1.270      -1.635    1.00%      -0.693     -0.315     -0.127
             100.000       0.980       1.820       3.456    1.00%       0.062      0.627


THE MODEL ESTIMATION TERMINATED NORMALLY

     USE THE FBITERATIONS OPTION TO INCREASE THE NUMBER OF ITERATIONS BY A FACTOR
     OF AT LEAST TWO TO CHECK CONVERGENCE AND THAT THE PSR VALUE DOES NOT INCREASE.



MODEL FIT INFORMATION

Number of Free Parameters                              56

Information Criteria

          Deviance (DIC)                        12069.141
          Estimated Number of Parameters (pD)     414.121



MODEL RESULTS

                                Posterior  One-Tailed         95% C.I.
                    Estimate       S.D.      P-Value   Lower 2.5%  Upper 2.5%  Significance

Within Level

 RT_INV     ON
    BLOCK              0.024       0.009      0.002       0.007       0.041      *
    COND_BLOCK         0.050       0.012      0.000       0.026       0.074      *

 Residual Variances
    RT_INV             0.117       0.001      0.000       0.114       0.119      *

Between Level

 ANTAG    BY
    P5                 0.747       0.105      0.000       0.548       0.959      *
    P1                 0.601       0.107      0.000       0.399       0.819      *
    MANIP              0.852       0.110      0.000       0.642       1.075      *

 CONSTRAI BY
    P2                 0.722       0.130      0.000       0.460       0.965      *
    P3                 0.563       0.126      0.000       0.328       0.825      *
    P4                 0.476       0.122      0.000       0.242       0.723      *

 CONDSLO    ON
    ANTAG              0.024       0.011      0.019       0.001       0.046      *
    CONSTRAINT        -0.005       0.011      0.309      -0.026       0.016

 PREVSLO    ON
    ANTAG             -0.002       0.009      0.421      -0.020       0.016
    CONSTRAINT        -0.020       0.009      0.015      -0.038      -0.002      *

 ERRSLO     ON
    ANTAG              0.004       0.035      0.459      -0.065       0.072
    CONSTRAINT        -0.007       0.034      0.421      -0.074       0.060

 CONDSLO    ON
    K10                0.012       0.009      0.097      -0.006       0.031

 PREVSLO    ON
    K10               -0.001       0.008      0.461      -0.017       0.015

 ERRSLO     ON
    K10               -0.035       0.034      0.148      -0.102       0.030

 RT_INV     ON
    ANTAG             -0.057       0.032      0.033      -0.121       0.004
    CONSTRAINT         0.020       0.031      0.255      -0.042       0.081

 RT_INV     ON
    K10               -0.021       0.026      0.207      -0.071       0.030

 CONDSLO  WITH
    RUNSLO             0.000       0.000      0.464      -0.001       0.001
    TRIALSLO          -0.001       0.001      0.058      -0.002       0.000
    PREVSLO           -0.001       0.001      0.202      -0.002       0.001
    ERRSLO            -0.002       0.003      0.158      -0.008       0.002

 RUNSLO   WITH
    TRIALSLO           0.000       0.000      0.398      -0.001       0.001
    PREVSLO            0.000       0.000      0.246      -0.001       0.000
    ERRSLO            -0.001       0.001      0.221      -0.003       0.001

 TRIALSLO WITH
    PREVSLO            0.000       0.000      0.455      -0.001       0.001
    ERRSLO             0.000       0.002      0.403      -0.004       0.004

 PREVSLO  WITH
    ERRSLO             0.004       0.002      0.031       0.000       0.009

 ANTAG    WITH
    CONSTRAINT        -0.175       0.143      0.116      -0.451       0.106

 Means
    RUNSLO            -0.003       0.004      0.215      -0.012       0.005
    TRIALSLO          -0.017       0.006      0.004      -0.029      -0.004      *

 Intercepts
    MANIP              0.021       0.106      0.422      -0.183       0.229
    P1                 0.020       0.099      0.423      -0.176       0.215
    P2                -0.005       0.096      0.479      -0.193       0.182
    P3                 0.012       0.098      0.450      -0.182       0.205
    P4                 0.007       0.100      0.471      -0.190       0.202
    P5                 0.007       0.100      0.470      -0.189       0.205
    RT_INV            -2.726       0.025      0.000      -2.776      -2.676      *
    CONDSLO            0.120       0.011      0.000       0.099       0.141      *
    PREVSLO            0.131       0.007      0.000       0.117       0.145      *
    ERRSLO             0.245       0.030      0.000       0.186       0.305      *

 Variances
    ANTAG              1.000       0.000      0.000       1.000       1.000
    CONSTRAINT         1.000       0.000      0.000       1.000       1.000
    RUNSLO             0.001       0.000      0.000       0.001       0.001      *
    TRIALSLO           0.003       0.001      0.000       0.002       0.005      *

 Residual Variances
    MANIP              0.370       0.119      0.000       0.139       0.613      *
    P1                 0.587       0.108      0.000       0.404       0.830      *
    P2                 0.379       0.150      0.000       0.091       0.679      *
    P3                 0.625       0.134      0.000       0.370       0.906      *
    P4                 0.726       0.129      0.000       0.507       1.017      *
    P5                 0.418       0.104      0.000       0.221       0.634      *
    RT_INV             0.051       0.008      0.000       0.038       0.070      *
    CONDSLO            0.003       0.001      0.000       0.002       0.006      *
    PREVSLO            0.003       0.001      0.000       0.002       0.004      *
    ERRSLO             0.036       0.012      0.000       0.019       0.066      *


STANDARDIZED MODEL RESULTS


STDYX Standardization

                                Posterior  One-Tailed         95% C.I.
                    Estimate       S.D.      P-Value   Lower 2.5%  Upper 2.5%  Significance

Within-Level Standardized Estimates Averaged Over Clusters

 CONDSLO | RT_INV ON
    COND               0.159       0.012      0.000       0.137       0.182      *

 PREVSLO | RT_INV ON
    PREV_RT_Z          0.253       0.007      0.000       0.237       0.267      *

 ERRSLO | RT_INV ON
    PREV_ERROR         0.085       0.007      0.000       0.072       0.098      *

 RUNSLO | RT_INV ON
    RUN_TRIAL_        -0.008       0.008      0.154      -0.023       0.007

 TRIALSLO | RT_INV ON
    TRIAL_Z           -0.043       0.008      0.000      -0.058      -0.028      *

 RT_INV     ON
    BLOCK              0.032       0.012      0.004       0.009       0.055      *
    COND_BLOCK         0.047       0.012      0.000       0.024       0.070      *

 Residual Variances
    RT_INV             0.831       0.005      0.000       0.821       0.841      *

Between Level

 ANTAG    BY
    P5                 0.756       0.073      0.000       0.597       0.885      *
    P1                 0.617       0.085      0.000       0.433       0.763      *
    MANIP              0.814       0.070      0.000       0.662       0.936      *

 CONSTRAI BY
    P2                 0.760       0.113      0.000       0.511       0.950      *
    P3                 0.578       0.110      0.000       0.354       0.788      *
    P4                 0.486       0.109      0.000       0.258       0.683      *

 CONDSLO    ON
    ANTAG              0.361       0.159      0.019       0.023       0.641      *
    CONSTRAINT        -0.082       0.163      0.309      -0.389       0.247

 PREVSLO    ON
    ANTAG             -0.032       0.156      0.421      -0.339       0.274
    CONSTRAINT        -0.349       0.150      0.015      -0.620      -0.037      *

 ERRSLO     ON
    ANTAG              0.018       0.171      0.459      -0.316       0.348
    CONSTRAINT        -0.034       0.168      0.421      -0.361       0.295

 CONDSLO    ON
    K10                0.132       0.102      0.097      -0.061       0.338

 PREVSLO    ON
    K10               -0.010       0.098      0.461      -0.202       0.184

 ERRSLO     ON
    K10               -0.124       0.115      0.148      -0.339       0.105

 RT_INV     ON
    ANTAG             -0.240       0.125      0.033      -0.473       0.016
    CONSTRAINT         0.086       0.127      0.255      -0.172       0.328

 RT_INV     ON
    K10               -0.061       0.075      0.207      -0.207       0.084

 CONDSLO  WITH
    RUNSLO            -0.019       0.191      0.464      -0.389       0.358
    TRIALSLO          -0.288       0.172      0.058      -0.595       0.074
    PREVSLO           -0.173       0.199      0.202      -0.543       0.229
    ERRSLO            -0.233       0.223      0.158      -0.647       0.221

 RUNSLO   WITH
    TRIALSLO           0.044       0.162      0.398      -0.274       0.358
    PREVSLO           -0.128       0.177      0.246      -0.461       0.230
    ERRSLO            -0.151       0.188      0.221      -0.502       0.225

 TRIALSLO WITH
    PREVSLO           -0.019       0.162      0.455      -0.331       0.296
    ERRSLO             0.046       0.181      0.403      -0.308       0.396

 PREVSLO  WITH
    ERRSLO             0.404       0.193      0.031      -0.021       0.735

 ANTAG    WITH
    CONSTRAINT        -0.175       0.143      0.116      -0.451       0.106

 Means
    RUNSLO            -0.109       0.140      0.215      -0.388       0.163
    TRIALSLO          -0.305       0.118      0.004      -0.538      -0.076      *

 Intercepts
    MANIP              0.020       0.101      0.422      -0.174       0.219
    P1                 0.020       0.101      0.423      -0.177       0.219
    P2                -0.006       0.100      0.479      -0.200       0.190
    P3                 0.012       0.100      0.450      -0.182       0.208
    P4                 0.007       0.101      0.471      -0.190       0.203
    P5                 0.007       0.101      0.470      -0.189       0.206
    RT_INV           -11.353       0.880      0.000     -13.122      -9.679      *
    CONDSLO            1.812       0.296      0.000       1.315       2.470      *
    PREVSLO            2.322       0.294      0.000       1.807       2.952      *
    ERRSLO             1.230       0.224      0.000       0.836       1.716      *

 Variances
    ANTAG              1.000       0.000      0.000       1.000       1.000
    CONSTRAINT         1.000       0.000      0.000       1.000       1.000
    RUNSLO             1.000       0.000      0.000       1.000       1.000
    TRIALSLO           1.000       0.000      0.000       1.000       1.000

 Residual Variances
    MANIP              0.337       0.111      0.000       0.124       0.561      *
    P1                 0.619       0.102      0.000       0.418       0.812      *
    P2                 0.422       0.166      0.000       0.097       0.739      *
    P3                 0.666       0.127      0.000       0.379       0.875      *
    P4                 0.763       0.104      0.000       0.533       0.934      *
    P5                 0.429       0.109      0.000       0.216       0.644      *
    RT_INV             0.902       0.063      0.000       0.742       0.983      *
    CONDSLO            0.798       0.107      0.000       0.542       0.952      *
    PREVSLO            0.848       0.101      0.000       0.600       0.980      *
    ERRSLO             0.930       0.063      0.000       0.755       0.993      *


STDY Standardization

                                Posterior  One-Tailed         95% C.I.
                    Estimate       S.D.      P-Value   Lower 2.5%  Upper 2.5%  Significance

Within-Level Standardized Estimates Averaged Over Clusters

 CONDSLO | RT_INV ON
    COND               0.317       0.023      0.000       0.274       0.365      *

 PREVSLO | RT_INV ON
    PREV_RT_Z          0.344       0.011      0.000       0.321       0.365      *

 ERRSLO | RT_INV ON
    PREV_ERROR         0.647       0.060      0.000       0.527       0.763      *

 RUNSLO | RT_INV ON
    RUN_TRIAL_        -0.008       0.008      0.154      -0.024       0.007

 TRIALSLO | RT_INV ON
    TRIAL_Z           -0.043       0.008      0.000      -0.058      -0.028      *

 RT_INV     ON
    BLOCK              0.064       0.024      0.004       0.018       0.111      *
    COND_BLOCK         0.132       0.033      0.000       0.067       0.196      *

 Residual Variances
    RT_INV             0.831       0.005      0.000       0.821       0.841      *

Between Level

 ANTAG    BY
    P5                 0.756       0.073      0.000       0.597       0.885      *
    P1                 0.617       0.085      0.000       0.433       0.763      *
    MANIP              0.814       0.070      0.000       0.662       0.936      *

 CONSTRAI BY
    P2                 0.760       0.113      0.000       0.511       0.950      *
    P3                 0.578       0.110      0.000       0.354       0.788      *
    P4                 0.486       0.109      0.000       0.258       0.683      *

 CONDSLO    ON
    ANTAG              0.361       0.159      0.019       0.023       0.641      *
    CONSTRAINT        -0.082       0.163      0.309      -0.389       0.247

 PREVSLO    ON
    ANTAG             -0.032       0.156      0.421      -0.339       0.274
    CONSTRAINT        -0.349       0.150      0.015      -0.620      -0.037      *

 ERRSLO     ON
    ANTAG              0.018       0.171      0.459      -0.316       0.348
    CONSTRAINT        -0.034       0.168      0.421      -0.361       0.295

 CONDSLO    ON
    K10                0.188       0.146      0.097      -0.087       0.482

 PREVSLO    ON
    K10               -0.014       0.140      0.461      -0.289       0.262

 ERRSLO     ON
    K10               -0.177       0.163      0.148      -0.484       0.149

 RT_INV     ON
    ANTAG             -0.240       0.125      0.033      -0.473       0.016
    CONSTRAINT         0.086       0.127      0.255      -0.172       0.328

 RT_INV     ON
    K10               -0.087       0.106      0.207      -0.295       0.120

 CONDSLO  WITH
    RUNSLO            -0.019       0.191      0.464      -0.389       0.358
    TRIALSLO          -0.288       0.172      0.058      -0.595       0.074
    PREVSLO           -0.173       0.199      0.202      -0.543       0.229
    ERRSLO            -0.233       0.223      0.158      -0.647       0.221

 RUNSLO   WITH
    TRIALSLO           0.044       0.162      0.398      -0.274       0.358
    PREVSLO           -0.128       0.177      0.246      -0.461       0.230
    ERRSLO            -0.151       0.188      0.221      -0.502       0.225

 TRIALSLO WITH
    PREVSLO           -0.019       0.162      0.455      -0.331       0.296
    ERRSLO             0.046       0.181      0.403      -0.308       0.396

 PREVSLO  WITH
    ERRSLO             0.404       0.193      0.031      -0.021       0.735

 ANTAG    WITH
    CONSTRAINT        -0.175       0.143      0.116      -0.451       0.106

 Means
    RUNSLO            -0.109       0.140      0.215      -0.388       0.163
    TRIALSLO          -0.305       0.118      0.004      -0.538      -0.076      *

 Intercepts
    MANIP              0.020       0.101      0.422      -0.174       0.219
    P1                 0.020       0.101      0.423      -0.177       0.219
    P2                -0.006       0.100      0.479      -0.200       0.190
    P3                 0.012       0.100      0.450      -0.182       0.208
    P4                 0.007       0.101      0.471      -0.190       0.203
    P5                 0.007       0.101      0.470      -0.189       0.206
    RT_INV           -11.353       0.880      0.000     -13.122      -9.679      *
    CONDSLO            1.812       0.296      0.000       1.315       2.470      *
    PREVSLO            2.322       0.294      0.000       1.807       2.952      *
    ERRSLO             1.230       0.224      0.000       0.836       1.716      *

 Variances
    ANTAG              1.000       0.000      0.000       1.000       1.000
    CONSTRAINT         1.000       0.000      0.000       1.000       1.000
    RUNSLO             1.000       0.000      0.000       1.000       1.000
    TRIALSLO           1.000       0.000      0.000       1.000       1.000

 Residual Variances
    MANIP              0.337       0.111      0.000       0.124       0.561      *
    P1                 0.619       0.102      0.000       0.418       0.812      *
    P2                 0.422       0.166      0.000       0.097       0.739      *
    P3                 0.666       0.127      0.000       0.379       0.875      *
    P4                 0.763       0.104      0.000       0.533       0.934      *
    P5                 0.429       0.109      0.000       0.216       0.644      *
    RT_INV             0.902       0.063      0.000       0.742       0.983      *
    CONDSLO            0.798       0.107      0.000       0.542       0.952      *
    PREVSLO            0.848       0.101      0.000       0.600       0.980      *
    ERRSLO             0.930       0.063      0.000       0.755       0.993      *


STD Standardization

                                Posterior  One-Tailed         95% C.I.
                    Estimate       S.D.      P-Value   Lower 2.5%  Upper 2.5%  Significance

Within-Level Standardized Estimates Averaged Over Clusters

 CONDSLO | RT_INV ON
    COND               0.120       0.009      0.000       0.103       0.138      *

 PREVSLO | RT_INV ON
    PREV_RT_Z          0.131       0.004      0.000       0.122       0.139      *

 ERRSLO | RT_INV ON
    PREV_ERROR         0.245       0.023      0.000       0.199       0.288      *

 RUNSLO | RT_INV ON
    RUN_TRIAL_        -0.003       0.003      0.132      -0.009       0.002

 TRIALSLO | RT_INV ON
    TRIAL_Z           -0.017       0.003      0.000      -0.023      -0.011      *

 RT_INV     ON
    BLOCK              0.024       0.009      0.004       0.007       0.042      *
    COND_BLOCK         0.049       0.013      0.000       0.025       0.074      *

 Residual Variances
    RT_INV             0.117       0.001      0.000       0.114       0.119      *

Between Level

 ANTAG    BY
    P5                 0.747       0.105      0.000       0.548       0.959      *
    P1                 0.601       0.107      0.000       0.399       0.819      *
    MANIP              0.852       0.110      0.000       0.642       1.075      *

 CONSTRAI BY
    P2                 0.722       0.130      0.000       0.460       0.965      *
    P3                 0.563       0.126      0.000       0.328       0.825      *
    P4                 0.476       0.122      0.000       0.242       0.723      *

 CONDSLO    ON
    ANTAG              0.361       0.159      0.019       0.023       0.641      *
    CONSTRAINT        -0.082       0.163      0.309      -0.389       0.247

 PREVSLO    ON
    ANTAG             -0.032       0.156      0.421      -0.339       0.274
    CONSTRAINT        -0.349       0.150      0.015      -0.620      -0.037      *

 ERRSLO     ON
    ANTAG              0.018       0.171      0.459      -0.316       0.348
    CONSTRAINT        -0.034       0.168      0.421      -0.361       0.295

 CONDSLO    ON
    K10                0.188       0.146      0.097      -0.087       0.482

 PREVSLO    ON
    K10               -0.014       0.140      0.461      -0.289       0.262

 ERRSLO     ON
    K10               -0.177       0.163      0.148      -0.484       0.149

 RT_INV     ON
    ANTAG             -0.057       0.032      0.033      -0.121       0.004
    CONSTRAINT         0.020       0.031      0.255      -0.042       0.081

 RT_INV     ON
    K10               -0.021       0.026      0.207      -0.071       0.030

 CONDSLO  WITH
    RUNSLO            -0.019       0.191      0.464      -0.389       0.358
    TRIALSLO          -0.288       0.172      0.058      -0.595       0.074
    PREVSLO           -0.173       0.199      0.202      -0.543       0.229
    ERRSLO            -0.233       0.223      0.158      -0.647       0.221

 RUNSLO   WITH
    TRIALSLO           0.044       0.162      0.398      -0.274       0.358
    PREVSLO           -0.128       0.177      0.246      -0.461       0.230
    ERRSLO            -0.151       0.188      0.221      -0.502       0.225

 TRIALSLO WITH
    PREVSLO           -0.019       0.162      0.455      -0.331       0.296
    ERRSLO             0.046       0.181      0.403      -0.308       0.396

 PREVSLO  WITH
    ERRSLO             0.404       0.193      0.031      -0.021       0.735

 ANTAG    WITH
    CONSTRAINT        -0.175       0.143      0.116      -0.451       0.106

 Means
    RUNSLO            -0.109       0.140      0.215      -0.388       0.163
    TRIALSLO          -0.305       0.118      0.004      -0.538      -0.076      *

 Intercepts
    MANIP              0.021       0.106      0.422      -0.183       0.229
    P1                 0.020       0.099      0.423      -0.176       0.215
    P2                -0.005       0.096      0.479      -0.193       0.182
    P3                 0.012       0.098      0.450      -0.182       0.205
    P4                 0.007       0.100      0.471      -0.190       0.202
    P5                 0.007       0.100      0.470      -0.189       0.205
    RT_INV            -2.726       0.025      0.000      -2.776      -2.676      *
    CONDSLO            1.812       0.296      0.000       1.315       2.470      *
    PREVSLO            2.322       0.294      0.000       1.807       2.952      *
    ERRSLO             1.230       0.224      0.000       0.836       1.716      *

 Variances
    ANTAG              1.000       0.000      0.000       1.000       1.000
    CONSTRAINT         1.000       0.000      0.000       1.000       1.000
    RUNSLO             1.000       0.000      0.000       1.000       1.000
    TRIALSLO           1.000       0.000      0.000       1.000       1.000

 Residual Variances
    MANIP              0.370       0.119      0.000       0.139       0.613      *
    P1                 0.587       0.108      0.000       0.404       0.830      *
    P2                 0.379       0.150      0.000       0.091       0.679      *
    P3                 0.625       0.134      0.000       0.370       0.906      *
    P4                 0.726       0.129      0.000       0.507       1.017      *
    P5                 0.418       0.104      0.000       0.221       0.634      *
    RT_INV             0.051       0.008      0.000       0.038       0.070      *
    CONDSLO            0.798       0.107      0.000       0.542       0.952      *
    PREVSLO            0.848       0.101      0.000       0.600       0.980      *
    ERRSLO             0.930       0.063      0.000       0.755       0.993      *


R-SQUARE

Within-Level R-Square Averaged Across Clusters

                                Posterior  One-Tailed         95% C.I.
    Variable        Estimate       S.D.      P-Value   Lower 2.5%  Upper 2.5%

    RT_INV             0.169       0.005      0.000       0.159       0.179

Between Level

                                Posterior  One-Tailed         95% C.I.
    Variable        Estimate       S.D.      P-Value   Lower 2.5%  Upper 2.5%

    MANIP              0.663       0.111      0.000       0.439       0.876
    P1                 0.381       0.102      0.000       0.188       0.582
    P2                 0.578       0.166      0.000       0.261       0.903
    P3                 0.334       0.127      0.000       0.125       0.621
    P4                 0.237       0.104      0.000       0.066       0.467
    P5                 0.571       0.109      0.000       0.356       0.784
    RT_INV             0.098       0.063      0.000       0.017       0.258

                                Posterior  One-Tailed         95% C.I.
    Variable        Estimate       S.D.      P-Value   Lower 2.5%  Upper 2.5%

    CONDSLO            0.202       0.107      0.000       0.048       0.458
    PREVSLO            0.152       0.101      0.000       0.020       0.400
    ERRSLO             0.070       0.063      0.000       0.007       0.245


CREDIBILITY INTERVALS OF MODEL RESULTS

                  Lower .5%  Lower 2.5%    Lower 5%    Estimate    Upper 5%  Upper 2.5%   Upper .5%

Within Level

 RT_INV   ON
    BLOCK            0.002       0.007       0.010       0.024       0.038       0.041       0.047
    COND_BLOCK       0.018       0.026       0.029       0.050       0.070       0.074       0.081

 Residual Variances
    RT_INV           0.113       0.114       0.114       0.117       0.119       0.119       0.120

Between Level

 ANTAG    BY
    P5               0.486       0.548       0.578       0.747       0.924       0.959       1.030
    P1               0.335       0.399       0.430       0.601       0.782       0.819       0.893
    MANIP            0.577       0.642       0.675       0.852       1.036       1.075       1.152

 CONSTRAI BY
    P2               0.377       0.460       0.504       0.722       0.930       0.965       1.029
    P3               0.257       0.328       0.365       0.563       0.783       0.825       0.912
    P4               0.170       0.242       0.281       0.476       0.682       0.723       0.809

 CONDSLO  ON
    ANTAG           -0.006       0.001       0.005       0.024       0.042       0.046       0.054
    CONSTRAINT      -0.033      -0.026      -0.023      -0.005       0.013       0.016       0.024

 PREVSLO  ON
    ANTAG           -0.026      -0.020      -0.017      -0.002       0.013       0.016       0.021
    CONSTRAINT      -0.044      -0.038      -0.034      -0.020      -0.005      -0.002       0.004

 ERRSLO   ON
    ANTAG           -0.088      -0.065      -0.054       0.004       0.061       0.072       0.094
    CONSTRAINT      -0.099      -0.074      -0.063      -0.007       0.049       0.060       0.084

 CONDSLO  ON
    K10             -0.012      -0.006      -0.003       0.012       0.028       0.031       0.037

 PREVSLO  ON
    K10             -0.022      -0.017      -0.014      -0.001       0.013       0.015       0.020

 ERRSLO   ON
    K10             -0.122      -0.102      -0.091      -0.035       0.020       0.030       0.052

 RT_INV   ON
    ANTAG           -0.143      -0.121      -0.110      -0.057      -0.006       0.004       0.024
    CONSTRAINT      -0.063      -0.042      -0.031       0.020       0.071       0.081       0.102

 RT_INV   ON
    K10             -0.087      -0.071      -0.063      -0.021       0.022       0.030       0.047

 CONDSLO  WITH
    RUNSLO          -0.001      -0.001      -0.001       0.000       0.001       0.001       0.001
    TRIALSLO        -0.003      -0.002      -0.002      -0.001       0.000       0.000       0.001
    PREVSLO         -0.002      -0.002      -0.002      -0.001       0.000       0.001       0.001
    ERRSLO          -0.010      -0.008      -0.007      -0.002       0.002       0.002       0.004

 RUNSLO   WITH
    TRIALSLO        -0.001      -0.001       0.000       0.000       0.001       0.001       0.001
    PREVSLO         -0.001      -0.001      -0.001       0.000       0.000       0.000       0.001
    ERRSLO          -0.004      -0.003      -0.003      -0.001       0.001       0.001       0.002

 TRIALSLO WITH
    PREVSLO         -0.001      -0.001      -0.001       0.000       0.001       0.001       0.001
    ERRSLO          -0.005      -0.004      -0.003       0.000       0.004       0.004       0.006

 PREVSLO  WITH
    ERRSLO          -0.001       0.000       0.000       0.004       0.008       0.009       0.010

 ANTAG    WITH
    CONSTRAINT      -0.532      -0.451      -0.409      -0.175       0.063       0.106       0.189

 Means
    RUNSLO          -0.015      -0.012      -0.011      -0.003       0.004       0.005       0.008
    TRIALSLO        -0.033      -0.029      -0.027      -0.017      -0.006      -0.004       0.000

 Intercepts
    MANIP           -0.248      -0.183      -0.151       0.021       0.196       0.229       0.297
    P1              -0.238      -0.176      -0.145       0.020       0.182       0.215       0.282
    P2              -0.248      -0.193      -0.161      -0.005       0.154       0.182       0.245
    P3              -0.242      -0.182      -0.149       0.012       0.174       0.205       0.259
    P4              -0.247      -0.190      -0.157       0.007       0.170       0.202       0.266
    P5              -0.250      -0.189      -0.156       0.007       0.172       0.205       0.267
    RT_INV          -2.791      -2.776      -2.767      -2.726      -2.684      -2.676      -2.659
    CONDSLO          0.092       0.099       0.102       0.120       0.138       0.141       0.148
    PREVSLO          0.112       0.117       0.119       0.131       0.142       0.145       0.149
    ERRSLO           0.168       0.186       0.196       0.245       0.295       0.305       0.326

 Variances
    ANTAG            1.000       1.000       1.000       1.000       1.000       1.000       1.000
    CONSTRAINT       1.000       1.000       1.000       1.000       1.000       1.000       1.000
    RUNSLO           0.001       0.001       0.001       0.001       0.001       0.001       0.002
    TRIALSLO         0.002       0.002       0.002       0.003       0.004       0.005       0.005

 Residual Variances
    MANIP            0.077       0.139       0.179       0.370       0.570       0.613       0.703
    P1               0.354       0.404       0.431       0.587       0.784       0.830       0.927
    P2               0.029       0.091       0.131       0.379       0.626       0.679       0.782
    P3               0.262       0.370       0.416       0.625       0.855       0.906       1.009
    P4               0.440       0.507       0.539       0.726       0.960       1.017       1.132
    P5               0.147       0.221       0.257       0.418       0.598       0.634       0.715
    RT_INV           0.035       0.038       0.040       0.051       0.067       0.070       0.078
    CONDSLO          0.001       0.002       0.002       0.003       0.005       0.006       0.007
    PREVSLO          0.001       0.002       0.002       0.003       0.004       0.004       0.005
    ERRSLO           0.016       0.019       0.021       0.036       0.060       0.066       0.078


CREDIBILITY INTERVALS OF STANDARDIZED MODEL RESULTS


STDYX Standardization

                  Lower .5%  Lower 2.5%    Lower 5%    Estimate    Upper 5%  Upper 2.5%   Upper .5%

Within Level

 RT_INV   ON
    BLOCK            0.000       0.009       0.000       0.032       0.000       0.055       0.000
    COND_BLOCK       0.000       0.024       0.000       0.047       0.000       0.070       0.000

 Residual Variances
    RT_INV           0.000       0.821       0.000       0.831       0.000       0.841       0.000

Between Level

 ANTAG    BY
    P5               0.537       0.597       0.624       0.756       0.864       0.885       0.925
    P1               0.366       0.433       0.464       0.617       0.742       0.763       0.804
    MANIP            0.601       0.662       0.689       0.814       0.918       0.936       0.967

 CONSTRAI BY
    P2               0.424       0.511       0.554       0.760       0.926       0.950       0.983
    P3               0.281       0.354       0.392       0.578       0.753       0.788       0.856
    P4               0.179       0.258       0.297       0.486       0.655       0.683       0.744

 CONDSLO  ON
    ANTAG           -0.094       0.023       0.079       0.361       0.601       0.641       0.719
    CONSTRAINT      -0.477      -0.389      -0.340      -0.082       0.195       0.247       0.354

 PREVSLO  ON
    ANTAG           -0.432      -0.339      -0.291      -0.032       0.226       0.274       0.361
    CONSTRAINT      -0.696      -0.620      -0.581      -0.349      -0.089      -0.037       0.074

 ERRSLO   ON
    ANTAG           -0.417      -0.316      -0.267       0.018       0.297       0.348       0.431
    CONSTRAINT      -0.466      -0.361      -0.310      -0.034       0.244       0.295       0.390

 CONDSLO  ON
    K10             -0.113      -0.061      -0.032       0.132       0.304       0.338       0.400

 PREVSLO  ON
    K10             -0.258      -0.202      -0.172      -0.010       0.153       0.184       0.239

 ERRSLO   ON
    K10             -0.396      -0.339      -0.307      -0.124       0.070       0.105       0.175

 RT_INV   ON
    ANTAG           -0.539      -0.473      -0.438      -0.240      -0.026       0.016       0.098
    CONSTRAINT      -0.255      -0.172      -0.127       0.086       0.289       0.328       0.398

 RT_INV   ON
    K10             -0.248      -0.207      -0.184      -0.061       0.062       0.084       0.131

 CONDSLO  WITH
    RUNSLO          -0.484      -0.389      -0.334      -0.019       0.300       0.358       0.459
    TRIALSLO        -0.673      -0.595      -0.552      -0.288       0.013       0.074       0.188
    PREVSLO         -0.641      -0.543      -0.488      -0.173       0.167       0.229       0.354
    ERRSLO          -0.768      -0.647      -0.585      -0.233       0.148       0.221       0.353

 RUNSLO   WITH
    TRIALSLO        -0.366      -0.274      -0.223       0.044       0.308       0.358       0.446
    PREVSLO         -0.549      -0.461      -0.411      -0.128       0.176       0.230       0.340
    ERRSLO          -0.595      -0.502      -0.452      -0.151       0.169       0.225       0.339

 TRIALSLO WITH
    PREVSLO         -0.425      -0.331      -0.284      -0.019       0.248       0.296       0.387
    ERRSLO          -0.406      -0.308      -0.254       0.046       0.342       0.396       0.488

 PREVSLO  WITH
    ERRSLO          -0.154      -0.021       0.052       0.404       0.687       0.735       0.806

 ANTAG    WITH
    CONSTRAINT      -0.532      -0.451      -0.409      -0.175       0.063       0.106       0.189

 Means
    RUNSLO          -0.477      -0.388      -0.342      -0.109       0.120       0.163       0.250
    TRIALSLO        -0.614      -0.538      -0.499      -0.305      -0.112      -0.076      -0.006

 Intercepts
    MANIP           -0.232      -0.174      -0.143       0.020       0.186       0.219       0.280
    P1              -0.236      -0.177      -0.147       0.020       0.186       0.219       0.282
    P2              -0.257      -0.200      -0.169      -0.006       0.161       0.190       0.251
    P3              -0.242      -0.182      -0.152       0.012       0.178       0.208       0.262
    P4              -0.247      -0.190      -0.159       0.007       0.172       0.203       0.265
    P5              -0.248      -0.189      -0.156       0.007       0.174       0.206       0.268
    RT_INV         -13.689     -13.122     -12.836     -11.353      -9.943      -9.679      -9.148
    CONDSLO          1.177       1.315       1.387       1.812       2.353       2.470       2.726
    PREVSLO          1.658       1.807       1.884       2.322       2.842       2.952       3.192
    ERRSLO           0.725       0.836       0.895       1.230       1.624       1.716       1.901

 Variances
    ANTAG            1.000       1.000       1.000       1.000       1.000       1.000       1.000
    CONSTRAINT       1.000       1.000       1.000       1.000       1.000       1.000       1.000
    RUNSLO           1.000       1.000       1.000       1.000       1.000       1.000       1.000
    TRIALSLO         1.000       1.000       1.000       1.000       1.000       1.000       1.000

 Residual Variances
    MANIP            0.066       0.124       0.157       0.337       0.526       0.561       0.638
    P1               0.353       0.418       0.449       0.619       0.785       0.812       0.866
    P2               0.034       0.097       0.142       0.422       0.693       0.739       0.819
    P3               0.267       0.379       0.434       0.666       0.846       0.875       0.921
    P4               0.446       0.533       0.571       0.763       0.912       0.934       0.968
    P5               0.144       0.216       0.253       0.429       0.611       0.644       0.711
    RT_INV           0.683       0.742       0.771       0.902       0.975       0.983       0.993
    CONDSLO          0.452       0.542       0.589       0.798       0.936       0.952       0.975
    PREVSLO          0.512       0.600       0.645       0.848       0.969       0.980       0.992
    ERRSLO           0.682       0.755       0.792       0.930       0.989       0.993       0.998


STDY Standardization

                  Lower .5%  Lower 2.5%    Lower 5%    Estimate    Upper 5%  Upper 2.5%   Upper .5%

Within Level

 RT_INV   ON
    BLOCK            0.000       0.018       0.000       0.064       0.000       0.111       0.000
    COND_BLOCK       0.000       0.067       0.000       0.132       0.000       0.196       0.000

 Residual Variances
    RT_INV           0.000       0.821       0.000       0.831       0.000       0.841       0.000

Between Level

 ANTAG    BY
    P5               0.537       0.597       0.624       0.756       0.864       0.885       0.925
    P1               0.366       0.433       0.464       0.617       0.742       0.763       0.804
    MANIP            0.601       0.662       0.689       0.814       0.918       0.936       0.967

 CONSTRAI BY
    P2               0.424       0.511       0.554       0.760       0.926       0.950       0.983
    P3               0.281       0.354       0.392       0.578       0.753       0.788       0.856
    P4               0.179       0.258       0.297       0.486       0.655       0.683       0.744

 CONDSLO  ON
    ANTAG           -0.094       0.023       0.079       0.361       0.601       0.641       0.719
    CONSTRAINT      -0.477      -0.389      -0.340      -0.082       0.195       0.247       0.354

 PREVSLO  ON
    ANTAG           -0.432      -0.339      -0.291      -0.032       0.226       0.274       0.361
    CONSTRAINT      -0.696      -0.620      -0.581      -0.349      -0.089      -0.037       0.074

 ERRSLO   ON
    ANTAG           -0.417      -0.316      -0.267       0.018       0.297       0.348       0.431
    CONSTRAINT      -0.466      -0.361      -0.310      -0.034       0.244       0.295       0.390

 CONDSLO  ON
    K10             -0.162      -0.087      -0.046       0.188       0.434       0.482       0.570

 PREVSLO  ON
    K10             -0.368      -0.289      -0.245      -0.014       0.218       0.262       0.341

 ERRSLO   ON
    K10             -0.565      -0.484      -0.438      -0.177       0.099       0.149       0.250

 RT_INV   ON
    ANTAG           -0.539      -0.473      -0.438      -0.240      -0.026       0.016       0.098
    CONSTRAINT      -0.255      -0.172      -0.127       0.086       0.289       0.328       0.398

 RT_INV   ON
    K10             -0.354      -0.295      -0.262      -0.087       0.089       0.120       0.187

 CONDSLO  WITH
    RUNSLO          -0.484      -0.389      -0.334      -0.019       0.300       0.358       0.459
    TRIALSLO        -0.673      -0.595      -0.552      -0.288       0.013       0.074       0.188
    PREVSLO         -0.641      -0.543      -0.488      -0.173       0.167       0.229       0.354
    ERRSLO          -0.768      -0.647      -0.585      -0.233       0.148       0.221       0.353

 RUNSLO   WITH
    TRIALSLO        -0.366      -0.274      -0.223       0.044       0.308       0.358       0.446
    PREVSLO         -0.549      -0.461      -0.411      -0.128       0.176       0.230       0.340
    ERRSLO          -0.595      -0.502      -0.452      -0.151       0.169       0.225       0.339

 TRIALSLO WITH
    PREVSLO         -0.425      -0.331      -0.284      -0.019       0.248       0.296       0.387
    ERRSLO          -0.406      -0.308      -0.254       0.046       0.342       0.396       0.488

 PREVSLO  WITH
    ERRSLO          -0.154      -0.021       0.052       0.404       0.687       0.735       0.806

 ANTAG    WITH
    CONSTRAINT      -0.532      -0.451      -0.409      -0.175       0.063       0.106       0.189

 Means
    RUNSLO          -0.477      -0.388      -0.342      -0.109       0.120       0.163       0.250
    TRIALSLO        -0.614      -0.538      -0.499      -0.305      -0.112      -0.076      -0.006

 Intercepts
    MANIP           -0.232      -0.174      -0.143       0.020       0.186       0.219       0.280
    P1              -0.236      -0.177      -0.147       0.020       0.186       0.219       0.282
    P2              -0.257      -0.200      -0.169      -0.006       0.161       0.190       0.251
    P3              -0.242      -0.182      -0.152       0.012       0.178       0.208       0.262
    P4              -0.247      -0.190      -0.159       0.007       0.172       0.203       0.265
    P5              -0.248      -0.189      -0.156       0.007       0.174       0.206       0.268
    RT_INV         -13.689     -13.122     -12.836     -11.353      -9.943      -9.679      -9.148
    CONDSLO          1.177       1.315       1.387       1.812       2.353       2.470       2.726
    PREVSLO          1.658       1.807       1.884       2.322       2.842       2.952       3.192
    ERRSLO           0.725       0.836       0.895       1.230       1.624       1.716       1.901

 Variances
    ANTAG            1.000       1.000       1.000       1.000       1.000       1.000       1.000
    CONSTRAINT       1.000       1.000       1.000       1.000       1.000       1.000       1.000
    RUNSLO           1.000       1.000       1.000       1.000       1.000       1.000       1.000
    TRIALSLO         1.000       1.000       1.000       1.000       1.000       1.000       1.000

 Residual Variances
    MANIP            0.066       0.124       0.157       0.337       0.526       0.561       0.638
    P1               0.353       0.418       0.449       0.619       0.785       0.812       0.866
    P2               0.034       0.097       0.142       0.422       0.693       0.739       0.819
    P3               0.267       0.379       0.434       0.666       0.846       0.875       0.921
    P4               0.446       0.533       0.571       0.763       0.912       0.934       0.968
    P5               0.144       0.216       0.253       0.429       0.611       0.644       0.711
    RT_INV           0.683       0.742       0.771       0.902       0.975       0.983       0.993
    CONDSLO          0.452       0.542       0.589       0.798       0.936       0.952       0.975
    PREVSLO          0.512       0.600       0.645       0.848       0.969       0.980       0.992
    ERRSLO           0.682       0.755       0.792       0.930       0.989       0.993       0.998


STD Standardization

                  Lower .5%  Lower 2.5%    Lower 5%    Estimate    Upper 5%  Upper 2.5%   Upper .5%

Within Level

 RT_INV   ON
    BLOCK            0.000       0.007       0.000       0.024       0.000       0.042       0.000
    COND_BLOCK       0.000       0.025       0.000       0.049       0.000       0.074       0.000

 Residual Variances
    RT_INV           0.000       0.114       0.000       0.117       0.000       0.119       0.000

Between Level

 ANTAG    BY
    P5               0.486       0.548       0.578       0.747       0.924       0.959       1.030
    P1               0.335       0.399       0.430       0.601       0.782       0.819       0.893
    MANIP            0.577       0.642       0.675       0.852       1.036       1.075       1.152

 CONSTRAI BY
    P2               0.377       0.460       0.504       0.722       0.930       0.965       1.029
    P3               0.257       0.328       0.365       0.563       0.783       0.825       0.912
    P4               0.170       0.242       0.281       0.476       0.682       0.723       0.809

 CONDSLO  ON
    ANTAG           -0.094       0.023       0.079       0.361       0.601       0.641       0.719
    CONSTRAINT      -0.477      -0.389      -0.340      -0.082       0.195       0.247       0.354

 PREVSLO  ON
    ANTAG           -0.432      -0.339      -0.291      -0.032       0.226       0.274       0.361
    CONSTRAINT      -0.696      -0.620      -0.581      -0.349      -0.089      -0.037       0.074

 ERRSLO   ON
    ANTAG           -0.417      -0.316      -0.267       0.018       0.297       0.348       0.431
    CONSTRAINT      -0.466      -0.361      -0.310      -0.034       0.244       0.295       0.390

 CONDSLO  ON
    K10             -0.162      -0.087      -0.046       0.188       0.434       0.482       0.570

 PREVSLO  ON
    K10             -0.368      -0.289      -0.245      -0.014       0.218       0.262       0.341

 ERRSLO   ON
    K10             -0.565      -0.484      -0.438      -0.177       0.099       0.149       0.250

 RT_INV   ON
    ANTAG           -0.143      -0.121      -0.110      -0.057      -0.006       0.004       0.024
    CONSTRAINT      -0.063      -0.042      -0.031       0.020       0.071       0.081       0.102

 RT_INV   ON
    K10             -0.087      -0.071      -0.063      -0.021       0.022       0.030       0.047

 CONDSLO  WITH
    RUNSLO          -0.484      -0.389      -0.334      -0.019       0.300       0.358       0.459
    TRIALSLO        -0.673      -0.595      -0.552      -0.288       0.013       0.074       0.188
    PREVSLO         -0.641      -0.543      -0.488      -0.173       0.167       0.229       0.354
    ERRSLO          -0.768      -0.647      -0.585      -0.233       0.148       0.221       0.353

 RUNSLO   WITH
    TRIALSLO        -0.366      -0.274      -0.223       0.044       0.308       0.358       0.446
    PREVSLO         -0.549      -0.461      -0.411      -0.128       0.176       0.230       0.340
    ERRSLO          -0.595      -0.502      -0.452      -0.151       0.169       0.225       0.339

 TRIALSLO WITH
    PREVSLO         -0.425      -0.331      -0.284      -0.019       0.248       0.296       0.387
    ERRSLO          -0.406      -0.308      -0.254       0.046       0.342       0.396       0.488

 PREVSLO  WITH
    ERRSLO          -0.154      -0.021       0.052       0.404       0.687       0.735       0.806

 ANTAG    WITH
    CONSTRAINT      -0.532      -0.451      -0.409      -0.175       0.063       0.106       0.189

 Means
    RUNSLO          -0.477      -0.388      -0.342      -0.109       0.120       0.163       0.250
    TRIALSLO        -0.614      -0.538      -0.499      -0.305      -0.112      -0.076      -0.006

 Intercepts
    MANIP           -0.248      -0.183      -0.151       0.021       0.196       0.229       0.297
    P1              -0.238      -0.176      -0.145       0.020       0.182       0.215       0.282
    P2              -0.248      -0.193      -0.161      -0.005       0.154       0.182       0.245
    P3              -0.242      -0.182      -0.149       0.012       0.174       0.205       0.259
    P4              -0.247      -0.190      -0.157       0.007       0.170       0.202       0.266
    P5              -0.250      -0.189      -0.156       0.007       0.172       0.205       0.267
    RT_INV          -2.791      -2.776      -2.767      -2.726      -2.684      -2.676      -2.659
    CONDSLO          1.177       1.315       1.387       1.812       2.353       2.470       2.726
    PREVSLO          1.658       1.807       1.884       2.322       2.842       2.952       3.192
    ERRSLO           0.725       0.836       0.895       1.230       1.624       1.716       1.901

 Variances
    ANTAG            1.000       1.000       1.000       1.000       1.000       1.000       1.000
    CONSTRAINT       1.000       1.000       1.000       1.000       1.000       1.000       1.000
    RUNSLO           1.000       1.000       1.000       1.000       1.000       1.000       1.000
    TRIALSLO         1.000       1.000       1.000       1.000       1.000       1.000       1.000

 Residual Variances
    MANIP            0.077       0.139       0.179       0.370       0.570       0.613       0.703
    P1               0.354       0.404       0.431       0.587       0.784       0.830       0.927
    P2               0.029       0.091       0.131       0.379       0.626       0.679       0.782
    P3               0.262       0.370       0.416       0.625       0.855       0.906       1.009
    P4               0.440       0.507       0.539       0.726       0.960       1.017       1.132
    P5               0.147       0.221       0.257       0.418       0.598       0.634       0.715
    RT_INV           0.035       0.038       0.040       0.051       0.067       0.070       0.078
    CONDSLO          0.452       0.542       0.589       0.798       0.936       0.952       0.975
    PREVSLO          0.512       0.600       0.645       0.848       0.969       0.980       0.992
    ERRSLO           0.682       0.755       0.792       0.930       0.989       0.993       0.998


TECHNICAL 1 OUTPUT


     PARAMETER SPECIFICATION FOR WITHIN


           NU
              RT_INV        COND          BLOCK         PREV_RT_      PREV_ERR
              ________      ________      ________      ________      ________
                    0             0             0             0             0


           NU
              TRIAL_Z       RUN_TRIA      COND_BLO
              ________      ________      ________
                    0             0             0


           LAMBDA
              RT_INV        COND          BLOCK         PREV_RT_      PREV_ERR
              ________      ________      ________      ________      ________
 RT_INV             0             0             0             0             0
 COND               0             0             0             0             0
 BLOCK              0             0             0             0             0
 PREV_RT_           0             0             0             0             0
 PREV_ERR           0             0             0             0             0
 TRIAL_Z            0             0             0             0             0
 RUN_TRIA           0             0             0             0             0
 COND_BLO           0             0             0             0             0


           LAMBDA
              TRIAL_Z       RUN_TRIA      COND_BLO
              ________      ________      ________
 RT_INV             0             0             0
 COND               0             0             0
 BLOCK              0             0             0
 PREV_RT_           0             0             0
 PREV_ERR           0             0             0
 TRIAL_Z            0             0             0
 RUN_TRIA           0             0             0
 COND_BLO           0             0             0


           THETA
              RT_INV        COND          BLOCK         PREV_RT_      PREV_ERR
              ________      ________      ________      ________      ________
 RT_INV             0
 COND               0             0
 BLOCK              0             0             0
 PREV_RT_           0             0             0             0
 PREV_ERR           0             0             0             0             0
 TRIAL_Z            0             0             0             0             0
 RUN_TRIA           0             0             0             0             0
 COND_BLO           0             0             0             0             0


           THETA
              TRIAL_Z       RUN_TRIA      COND_BLO
              ________      ________      ________
 TRIAL_Z            0
 RUN_TRIA           0             0
 COND_BLO           0             0             0


           ALPHA
              RT_INV        COND          BLOCK         PREV_RT_      PREV_ERR
              ________      ________      ________      ________      ________
                    0             0             0             0             0


           ALPHA
              TRIAL_Z       RUN_TRIA      COND_BLO
              ________      ________      ________
                    0             0             0


           BETA
              RT_INV        COND          BLOCK         PREV_RT_      PREV_ERR
              ________      ________      ________      ________      ________
 RT_INV             0             0             1             0             0
 COND               0             0             0             0             0
 BLOCK              0             0             0             0             0
 PREV_RT_           0             0             0             0             0
 PREV_ERR           0             0             0             0             0
 TRIAL_Z            0             0             0             0             0
 RUN_TRIA           0             0             0             0             0
 COND_BLO           0             0             0             0             0


           BETA
              TRIAL_Z       RUN_TRIA      COND_BLO
              ________      ________      ________
 RT_INV             0             0             2
 COND               0             0             0
 BLOCK              0             0             0
 PREV_RT_           0             0             0
 PREV_ERR           0             0             0
 TRIAL_Z            0             0             0
 RUN_TRIA           0             0             0
 COND_BLO           0             0             0


           PSI
              RT_INV        COND          BLOCK         PREV_RT_      PREV_ERR
              ________      ________      ________      ________      ________
 RT_INV             3
 COND               0             0
 BLOCK              0             0             0
 PREV_RT_           0             0             0             0
 PREV_ERR           0             0             0             0             0
 TRIAL_Z            0             0             0             0             0
 RUN_TRIA           0             0             0             0             0
 COND_BLO           0             0             0             0             0


           PSI
              TRIAL_Z       RUN_TRIA      COND_BLO
              ________      ________      ________
 TRIAL_Z            0
 RUN_TRIA           0             0
 COND_BLO           0             0             0


     PARAMETER SPECIFICATION FOR BETWEEN


           NU
              MANIP         P1            P2            P3            P4
              ________      ________      ________      ________      ________
                    4             5             6             7             8


           NU
              P5            RT_INV        K10
              ________      ________      ________
                    9             0             0


           LAMBDA
              ANTAG         CONSTRAI      CONDSLO       PREVSLO       ERRSLO
              ________      ________      ________      ________      ________
 MANIP             10             0             0             0             0
 P1                11             0             0             0             0
 P2                 0            12             0             0             0
 P3                 0            13             0             0             0
 P4                 0            14             0             0             0
 P5                15             0             0             0             0
 RT_INV             0             0             0             0             0
 K10                0             0             0             0             0


           LAMBDA
              RUNSLO        TRIALSLO      RT_INV        K10
              ________      ________      ________      ________
 MANIP              0             0             0             0
 P1                 0             0             0             0
 P2                 0             0             0             0
 P3                 0             0             0             0
 P4                 0             0             0             0
 P5                 0             0             0             0
 RT_INV             0             0             0             0
 K10                0             0             0             0


           THETA
              MANIP         P1            P2            P3            P4
              ________      ________      ________      ________      ________
 MANIP             16
 P1                 0            17
 P2                 0             0            18
 P3                 0             0             0            19
 P4                 0             0             0             0            20
 P5                 0             0             0             0             0
 RT_INV             0             0             0             0             0
 K10                0             0             0             0             0


           THETA
              P5            RT_INV        K10
              ________      ________      ________
 P5                21
 RT_INV             0             0
 K10                0             0             0


           ALPHA
              ANTAG         CONSTRAI      CONDSLO       PREVSLO       ERRSLO
              ________      ________      ________      ________      ________
                    0             0            22            23            24


           ALPHA
              RUNSLO        TRIALSLO      RT_INV        K10
              ________      ________      ________      ________
                   25            26            27             0


           BETA
              ANTAG         CONSTRAI      CONDSLO       PREVSLO       ERRSLO
              ________      ________      ________      ________      ________
 ANTAG              0             0             0             0             0
 CONSTRAI           0             0             0             0             0
 CONDSLO           28            29             0             0             0
 PREVSLO           31            32             0             0             0
 ERRSLO            34            35             0             0             0
 RUNSLO             0             0             0             0             0
 TRIALSLO           0             0             0             0             0
 RT_INV            37            38             0             0             0
 K10                0             0             0             0             0


           BETA
              RUNSLO        TRIALSLO      RT_INV        K10
              ________      ________      ________      ________
 ANTAG              0             0             0             0
 CONSTRAI           0             0             0             0
 CONDSLO            0             0             0            30
 PREVSLO            0             0             0            33
 ERRSLO             0             0             0            36
 RUNSLO             0             0             0             0
 TRIALSLO           0             0             0             0
 RT_INV             0             0             0            39
 K10                0             0             0             0


           PSI
              ANTAG         CONSTRAI      CONDSLO       PREVSLO       ERRSLO
              ________      ________      ________      ________      ________
 ANTAG              0
 CONSTRAI          40             0
 CONDSLO            0             0            41
 PREVSLO            0             0            42            43
 ERRSLO             0             0            44            45            46
 RUNSLO             0             0            47            48            49
 TRIALSLO           0             0            51            52            53
 RT_INV             0             0             0             0             0
 K10                0             0             0             0             0


           PSI
              RUNSLO        TRIALSLO      RT_INV        K10
              ________      ________      ________      ________
 RUNSLO            50
 TRIALSLO          54            55
 RT_INV             0             0            56
 K10                0             0             0             0


     STARTING VALUES FOR WITHIN


           NU
              RT_INV        COND          BLOCK         PREV_RT_      PREV_ERR
              ________      ________      ________      ________      ________
                0.000         0.000         0.000         0.000         0.000


           NU
              TRIAL_Z       RUN_TRIA      COND_BLO
              ________      ________      ________
                0.000         0.000         0.000


           LAMBDA
              RT_INV        COND          BLOCK         PREV_RT_      PREV_ERR
              ________      ________      ________      ________      ________
 RT_INV         1.000         0.000         0.000         0.000         0.000
 COND           0.000         1.000         0.000         0.000         0.000
 BLOCK          0.000         0.000         1.000         0.000         0.000
 PREV_RT_       0.000         0.000         0.000         1.000         0.000
 PREV_ERR       0.000         0.000         0.000         0.000         1.000
 TRIAL_Z        0.000         0.000         0.000         0.000         0.000
 RUN_TRIA       0.000         0.000         0.000         0.000         0.000
 COND_BLO       0.000         0.000         0.000         0.000         0.000


           LAMBDA
              TRIAL_Z       RUN_TRIA      COND_BLO
              ________      ________      ________
 RT_INV         0.000         0.000         0.000
 COND           0.000         0.000         0.000
 BLOCK          0.000         0.000         0.000
 PREV_RT_       0.000         0.000         0.000
 PREV_ERR       0.000         0.000         0.000
 TRIAL_Z        1.000         0.000         0.000
 RUN_TRIA       0.000         1.000         0.000
 COND_BLO       0.000         0.000         1.000


           THETA
              RT_INV        COND          BLOCK         PREV_RT_      PREV_ERR
              ________      ________      ________      ________      ________
 RT_INV         0.000
 COND           0.000         0.000
 BLOCK          0.000         0.000         0.000
 PREV_RT_       0.000         0.000         0.000         0.000
 PREV_ERR       0.000         0.000         0.000         0.000         0.000
 TRIAL_Z        0.000         0.000         0.000         0.000         0.000
 RUN_TRIA       0.000         0.000         0.000         0.000         0.000
 COND_BLO       0.000         0.000         0.000         0.000         0.000


           THETA
              TRIAL_Z       RUN_TRIA      COND_BLO
              ________      ________      ________
 TRIAL_Z        0.000
 RUN_TRIA       0.000         0.000
 COND_BLO       0.000         0.000         0.000


           ALPHA
              RT_INV        COND          BLOCK         PREV_RT_      PREV_ERR
              ________      ________      ________      ________      ________
                0.000         0.000         0.000         0.000         0.000


           ALPHA
              TRIAL_Z       RUN_TRIA      COND_BLO
              ________      ________      ________
                0.000         0.000         0.000


           BETA
              RT_INV        COND          BLOCK         PREV_RT_      PREV_ERR
              ________      ________      ________      ________      ________
 RT_INV         0.000         0.000         0.000         0.000         0.000
 COND           0.000         0.000         0.000         0.000         0.000
 BLOCK          0.000         0.000         0.000         0.000         0.000
 PREV_RT_       0.000         0.000         0.000         0.000         0.000
 PREV_ERR       0.000         0.000         0.000         0.000         0.000
 TRIAL_Z        0.000         0.000         0.000         0.000         0.000
 RUN_TRIA       0.000         0.000         0.000         0.000         0.000
 COND_BLO       0.000         0.000         0.000         0.000         0.000


           BETA
              TRIAL_Z       RUN_TRIA      COND_BLO
              ________      ________      ________
 RT_INV         0.000         0.000         0.000
 COND           0.000         0.000         0.000
 BLOCK          0.000         0.000         0.000
 PREV_RT_       0.000         0.000         0.000
 PREV_ERR       0.000         0.000         0.000
 TRIAL_Z        0.000         0.000         0.000
 RUN_TRIA       0.000         0.000         0.000
 COND_BLO       0.000         0.000         0.000


           PSI
              RT_INV        COND          BLOCK         PREV_RT_      PREV_ERR
              ________      ________      ________      ________      ________
 RT_INV         0.113
 COND           0.000         0.125
 BLOCK          0.000         0.000         0.125
 PREV_RT_       0.000         0.000         0.000         0.489
 PREV_ERR       0.000         0.000         0.000         0.000         0.017
 TRIAL_Z        0.000         0.000         0.000         0.000         0.000
 RUN_TRIA       0.000         0.000         0.000         0.000         0.000
 COND_BLO       0.000         0.000         0.000         0.000         0.000


           PSI
              TRIAL_Z       RUN_TRIA      COND_BLO
              ________      ________      ________
 TRIAL_Z        0.497
 RUN_TRIA       0.000         0.464
 COND_BLO       0.000         0.000         0.064


     STARTING VALUES FOR BETWEEN


           NU
              MANIP         P1            P2            P3            P4
              ________      ________      ________      ________      ________
                0.015         0.014        -0.004         0.014         0.008


           NU
              P5            RT_INV        K10
              ________      ________      ________
                0.003         0.000         0.000


           LAMBDA
              ANTAG         CONSTRAI      CONDSLO       PREVSLO       ERRSLO
              ________      ________      ________      ________      ________
 MANIP          1.000         0.000         0.000         0.000         0.000
 P1             1.000         0.000         0.000         0.000         0.000
 P2             0.000         1.000         0.000         0.000         0.000
 P3             0.000         1.000         0.000         0.000         0.000
 P4             0.000         1.000         0.000         0.000         0.000
 P5             1.000         0.000         0.000         0.000         0.000
 RT_INV         0.000         0.000         0.000         0.000         0.000
 K10            0.000         0.000         0.000         0.000         0.000


           LAMBDA
              RUNSLO        TRIALSLO      RT_INV        K10
              ________      ________      ________      ________
 MANIP          0.000         0.000         0.000         0.000
 P1             0.000         0.000         0.000         0.000
 P2             0.000         0.000         0.000         0.000
 P3             0.000         0.000         0.000         0.000
 P4             0.000         0.000         0.000         0.000
 P5             0.000         0.000         0.000         0.000
 RT_INV         0.000         0.000         1.000         0.000
 K10            0.000         0.000         0.000         1.000


           THETA
              MANIP         P1            P2            P3            P4
              ________      ________      ________      ________      ________
 MANIP          0.500
 P1             0.000         0.441
 P2             0.000         0.000         0.417
 P3             0.000         0.000         0.000         0.442
 P4             0.000         0.000         0.000         0.000         0.452
 P5             0.000         0.000         0.000         0.000         0.000
 RT_INV         0.000         0.000         0.000         0.000         0.000
 K10            0.000         0.000         0.000         0.000         0.000


           THETA
              P5            RT_INV        K10
              ________      ________      ________
 P5             0.444
 RT_INV         0.000         0.000
 K10            0.000         0.000         0.000


           ALPHA
              ANTAG         CONSTRAI      CONDSLO       PREVSLO       ERRSLO
              ________      ________      ________      ________      ________
                0.000         0.000         0.000         0.000         0.000


           ALPHA
              RUNSLO        TRIALSLO      RT_INV        K10
              ________      ________      ________      ________
                0.000         0.000        -2.643         0.000


           BETA
              ANTAG         CONSTRAI      CONDSLO       PREVSLO       ERRSLO
              ________      ________      ________      ________      ________
 ANTAG          0.000         0.000         0.000         0.000         0.000
 CONSTRAI       0.000         0.000         0.000         0.000         0.000
 CONDSLO        0.000         0.000         0.000         0.000         0.000
 PREVSLO        0.000         0.000         0.000         0.000         0.000
 ERRSLO         0.000         0.000         0.000         0.000         0.000
 RUNSLO         0.000         0.000         0.000         0.000         0.000
 TRIALSLO       0.000         0.000         0.000         0.000         0.000
 RT_INV         0.000         0.000         0.000         0.000         0.000
 K10            0.000         0.000         0.000         0.000         0.000


           BETA
              RUNSLO        TRIALSLO      RT_INV        K10
              ________      ________      ________      ________
 ANTAG          0.000         0.000         0.000         0.000
 CONSTRAI       0.000         0.000         0.000         0.000
 CONDSLO        0.000         0.000         0.000         0.000
 PREVSLO        0.000         0.000         0.000         0.000
 ERRSLO         0.000         0.000         0.000         0.000
 RUNSLO         0.000         0.000         0.000         0.000
 TRIALSLO       0.000         0.000         0.000         0.000
 RT_INV         0.000         0.000         0.000         0.000
 K10            0.000         0.000         0.000         0.000


           PSI
              ANTAG         CONSTRAI      CONDSLO       PREVSLO       ERRSLO
              ________      ________      ________      ________      ________
 ANTAG          1.000
 CONSTRAI       0.000         1.000
 CONDSLO        0.000         0.000         1.000
 PREVSLO        0.000         0.000         0.000         1.000
 ERRSLO         0.000         0.000         0.000         0.000         1.000
 RUNSLO         0.000         0.000         0.000         0.000         0.000
 TRIALSLO       0.000         0.000         0.000         0.000         0.000
 RT_INV         0.000         0.000         0.000         0.000         0.000
 K10            0.000         0.000         0.000         0.000         0.000


           PSI
              RUNSLO        TRIALSLO      RT_INV        K10
              ________      ________      ________      ________
 RUNSLO         1.000
 TRIALSLO       0.000         1.000
 RT_INV         0.000         0.000         0.113
 K10            0.000         0.000         0.000         0.492



     PRIORS FOR ALL PARAMETERS            PRIOR MEAN      PRIOR VARIANCE     PRIOR STD. DEV.

     Parameter 1~N(0.000,infinity)           0.0000            infinity            infinity
     Parameter 2~N(0.000,infinity)           0.0000            infinity            infinity
     Parameter 3~IG(-1.000,0.000)          infinity            infinity            infinity
     Parameter 4~N(0.000,infinity)           0.0000            infinity            infinity
     Parameter 5~N(0.000,infinity)           0.0000            infinity            infinity
     Parameter 6~N(0.000,infinity)           0.0000            infinity            infinity
     Parameter 7~N(0.000,infinity)           0.0000            infinity            infinity
     Parameter 8~N(0.000,infinity)           0.0000            infinity            infinity
     Parameter 9~N(0.000,infinity)           0.0000            infinity            infinity
     Parameter 10~N(0.000,infinity)          0.0000            infinity            infinity
     Parameter 11~N(0.000,infinity)          0.0000            infinity            infinity
     Parameter 12~N(0.000,infinity)          0.0000            infinity            infinity
     Parameter 13~N(0.000,infinity)          0.0000            infinity            infinity
     Parameter 14~N(0.000,infinity)          0.0000            infinity            infinity
     Parameter 15~N(0.000,infinity)          0.0000            infinity            infinity
     Parameter 16~IG(-1.000,0.000)         infinity            infinity            infinity
     Parameter 17~IG(-1.000,0.000)         infinity            infinity            infinity
     Parameter 18~IG(-1.000,0.000)         infinity            infinity            infinity
     Parameter 19~IG(-1.000,0.000)         infinity            infinity            infinity
     Parameter 20~IG(-1.000,0.000)         infinity            infinity            infinity
     Parameter 21~IG(-1.000,0.000)         infinity            infinity            infinity
     Parameter 22~N(0.000,infinity)          0.0000            infinity            infinity
     Parameter 23~N(0.000,infinity)          0.0000            infinity            infinity
     Parameter 24~N(0.000,infinity)          0.0000            infinity            infinity
     Parameter 25~N(0.000,infinity)          0.0000            infinity            infinity
     Parameter 26~N(0.000,infinity)          0.0000            infinity            infinity
     Parameter 27~N(0.000,infinity)          0.0000            infinity            infinity
     Parameter 28~N(0.000,infinity)          0.0000            infinity            infinity
     Parameter 29~N(0.000,infinity)          0.0000            infinity            infinity
     Parameter 30~N(0.000,infinity)          0.0000            infinity            infinity
     Parameter 31~N(0.000,infinity)          0.0000            infinity            infinity
     Parameter 32~N(0.000,infinity)          0.0000            infinity            infinity
     Parameter 33~N(0.000,infinity)          0.0000            infinity            infinity
     Parameter 34~N(0.000,infinity)          0.0000            infinity            infinity
     Parameter 35~N(0.000,infinity)          0.0000            infinity            infinity
     Parameter 36~N(0.000,infinity)          0.0000            infinity            infinity
     Parameter 37~N(0.000,infinity)          0.0000            infinity            infinity
     Parameter 38~N(0.000,infinity)          0.0000            infinity            infinity
     Parameter 39~N(0.000,infinity)          0.0000            infinity            infinity
     Parameter 40~IW(0.000,-3)
     Parameter 41~IW(0.000,-6)             infinity            infinity            infinity
     Parameter 42~IW(0.000,-6)             infinity            infinity            infinity
     Parameter 43~IW(0.000,-6)             infinity            infinity            infinity
     Parameter 44~IW(0.000,-6)             infinity            infinity            infinity
     Parameter 45~IW(0.000,-6)             infinity            infinity            infinity
     Parameter 46~IW(0.000,-6)             infinity            infinity            infinity
     Parameter 47~IW(0.000,-6)             infinity            infinity            infinity
     Parameter 48~IW(0.000,-6)             infinity            infinity            infinity
     Parameter 49~IW(0.000,-6)             infinity            infinity            infinity
     Parameter 50~IW(0.000,-6)             infinity            infinity            infinity
     Parameter 51~IW(0.000,-6)             infinity            infinity            infinity
     Parameter 52~IW(0.000,-6)             infinity            infinity            infinity
     Parameter 53~IW(0.000,-6)             infinity            infinity            infinity
     Parameter 54~IW(0.000,-6)             infinity            infinity            infinity
     Parameter 55~IW(0.000,-6)             infinity            infinity            infinity
     Parameter 56~IG(-1.000,0.000)         infinity            infinity            infinity


TECHNICAL 8 OUTPUT


   TECHNICAL 8 OUTPUT FOR BAYES ESTIMATION

     CHAIN    BSEED
     1        0
     2        285380
     3        253358
     4        93468

                     POTENTIAL       PARAMETER WITH
     ITERATION    SCALE REDUCTION      HIGHEST PSR
     100              1.133               12
     200              1.111               46
     300              1.041               18
     400              1.056               16
     500              1.063               18
     600              1.073               18
     700              1.101               18
     800              1.022               18
     900              1.010               15
     1000             1.015               18
     1100             1.006               36
     1200             1.009               6
     1300             1.010               18
     1400             1.014               6
     1500             1.010               6
     1600             1.012               6
     1700             1.014               6
     1800             1.010               6
     1900             1.008               6
     2000             1.006               6
     2100             1.004               6
     2200             1.004               16
     2300             1.005               9
     2400             1.003               28
     2500             1.004               21
     2600             1.004               46
     2700             1.007               46
     2800             1.006               46
     2900             1.007               46
     3000             1.005               46
     3100             1.005               4
     3200             1.004               4
     3300             1.005               46
     3400             1.004               46
     3500             1.004               12
     3600             1.004               46
     3700             1.003               46
     3800             1.004               12
     3900             1.003               12
     4000             1.003               12
     4100             1.004               12
     4200             1.010               12
     4300             1.016               12
     4400             1.021               18
     4500             1.018               18
     4600             1.022               18
     4700             1.017               18
     4800             1.015               18
     4900             1.019               18
     5000             1.018               18
     5100             1.017               18
     5200             1.018               18
     5300             1.017               18
     5400             1.016               18
     5500             1.014               18
     5600             1.016               18
     5700             1.014               18
     5800             1.010               18
     5900             1.007               18
     6000             1.005               18
     6100             1.005               18
     6200             1.006               18
     6300             1.007               18
     6400             1.007               18
     6500             1.007               18
     6600             1.007               18
     6700             1.006               18
     6800             1.006               18
     6900             1.006               18
     7000             1.005               18
     7100             1.004               18
     7200             1.004               18
     7300             1.005               18
     7400             1.007               18
     7500             1.009               18
     7600             1.010               18
     7700             1.012               18
     7800             1.013               18
     7900             1.012               18
     8000             1.013               18
     8100             1.012               18
     8200             1.010               18
     8300             1.009               18
     8400             1.009               18
     8500             1.009               18
     8600             1.007               18
     8700             1.007               18
     8800             1.007               18
     8900             1.007               18
     9000             1.006               18
     9100             1.005               18
     9200             1.004               18
     9300             1.004               18
     9400             1.004               18
     9500             1.004               18
     9600             1.003               18
     9700             1.003               18
     9800             1.002               18
     9900             1.003               18
     10000            1.003               18
     10100            1.004               18
     10200            1.004               18
     10300            1.004               18
     10400            1.003               18
     10500            1.003               18
     10600            1.003               18
     10700            1.002               18
     10800            1.003               46
     10900            1.003               18
     11000            1.003               18
     11100            1.003               46
     11200            1.003               46
     11300            1.003               46
     11400            1.004               18
     11500            1.004               18
     11600            1.005               18
     11700            1.006               18
     11800            1.005               18
     11900            1.003               18
     12000            1.003               18
     12100            1.002               18
     12200            1.002               46
     12300            1.002               46
     12400            1.002               46
     12500            1.002               46
     12600            1.002               46
     12700            1.001               18
     12800            1.001               18
     12900            1.001               46
     13000            1.001               46
     13100            1.001               40
     13200            1.001               18
     13300            1.002               18
     13400            1.001               18
     13500            1.001               18
     13600            1.001               18
     13700            1.001               18
     13800            1.001               18
     13900            1.001               18
     14000            1.002               18
     14100            1.002               18
     14200            1.002               18
     14300            1.002               18
     14400            1.002               18
     14500            1.002               18
     14600            1.002               18
     14700            1.002               18
     14800            1.002               18
     14900            1.002               18
     15000            1.003               18


PLOT INFORMATION

The following plots are available:

  Bayesian posterior parameter distributions
  Bayesian posterior parameter trace plots
  Bayesian autocorrelation plots

     Beginning Time:  16:59:00
        Ending Time:  17:05:20
       Elapsed Time:  00:06:20



MUTHEN & MUTHEN
3463 Stoner Ave.
Los Angeles, CA  90066

Tel: (310) 391-9971
Fax: (310) 391-8971
Web: www.StatModel.com
Support: Support@StatModel.com

Copyright (c) 1998-2019 Muthen & Muthen
