Mplus VERSION 8.4 (Mac)
MUTHEN & MUTHEN
06/28/2020   5:30 PM

INPUT INSTRUCTIONS

  TITLE:
  Antagonism and Constraint BSEM CFA 3+3 Parcels, Flanker RT Mod
  DATA:
  FILE = "rt_m17_AC_mod.dat";

  VARIABLE:
  NAMES = id rt cond block trial block_number trial_z rt_inv run_trial run_trial_z
       prev_rt prev_rt_inv prev_error exclude prev_rt_z MPS_agR AGG MISTRUST MPS_alR
       MANIP PROPER MPS_clR IMPUL MPS_tdR MPS_acR HDWK K10;
   MISSING=.;

      WITHIN = cond block cond_block prev_rt_z prev_error trial_z run_trial_z;
      USEVARIABLES = id rt_inv cond block prev_rt_z
        prev_error trial_z run_trial_z
        MANIP p1 p2 p3 p4 p5 cond_block;
      BETWEEN = MANIP p1 p2 p3 p4 p5;
      CLUSTER = id;

  DEFINE:

      p1=MEAN(MISTRUST MPS_alR);
      p2=MEAN(PROPER MPS_tdR);
      p3=MEAN(MPS_clR IMPUL);
      p4=MEAN(MPS_acR HDWK);
      p5=MEAN(MPS_agR AGG);
      cond = cond - 1; ! 0=congruent, 1=incongruent
      block = block - 1; ! 0=most_incon, 1=most_con
      cond_block = cond*block; ! 1=most_con, incongruent

  ANALYSIS:

      TYPE=TWOLEVEL RANDOM;
      ESTIMATOR=BAYES;
      BITERATIONS=(15000);
      CHAINS=2;
      PROCESSORS=4;

  MODEL:


    %WITHIN%
      rt_inv ON block (b_block)
        cond_block (b_cxb);
      condslo | rt_inv ON cond;        !random slope of cond
      prevslo | rt_inv ON prev_rt_z;   !random slope of rt autocorrelation
      errslo | rt_inv ON prev_error;   !random slope of previous error
      runslo | rt_inv ON run_trial_z;  !random slope of run_trial
      trialslo | rt_inv ON trial_z;    !random slope of trial


    %BETWEEN%
      !means of random slopes
      [condslo] (c_b0);
      [runslo];
      [trialslo];
      [prevslo] (p_b0);
      [errslo] (e_b0);

      !variances of random slopes
      condslo;
      runslo;
      trialslo;
      prevslo;
      errslo;

      !slope correlations
      condslo runslo trialslo prevslo errslo WITH
         condslo runslo trialslo prevslo errslo;

      [rt_inv] (b0); !mean average inverse RT

      !TRAIT MODEL

      antag BY p5* ! MPS_agR AGG
        p1        ! MISTRUST MPS_alR
        MANIP;
      antag@1;

      constraint BY
        p2*  !PROPER MPS_tdR
        p3  !MPS_clR IMPUL
        p4; !MPS_acR HDWK;
      constraint@1;

      antag WITH constraint;

      constraint BY P1; !modification index cross-loading for fit

      !TRAIT MODERATION

      ! trait moderates flanker performance
      condslo ON antag (c_bA)
        constraint (c_bC);

      prevslo ON antag (p_bA)
        constraint (p_bC);

      errslo ON antag (e_bA)
        constraint (e_bC);

      !N.B. Leaving out the association of antag with rt_inv
      !omits a hugely important relationship.
      !Thus, allow antag as a predictor of average (person) RT
      rt_inv ON antag (bA)
        constraint (bC);

  MODEL CONSTRAINT:

      NEW (RT_I_loA RT_I_miA RT_I_hiA
           RT_I_loC RT_I_miC RT_I_hiC
           RT_C_loA RT_C_miA RT_C_hiA
           RT_C_loC RT_C_miC RT_C_hiC
           tLo tMi tHi
        );

      tLo = -1;
      tMi = 0;
      tHi = 1;

      !since trial_z and prev_rt_z are mean centered, they
      !drop out of the predicted values (marginalized out)
      !these are predicted values at prev_error = 0, which is more
      !representative anyhow (only 3% errors)
      !Use block = 0.5 to compute the average across blocks

      !pred RT for incongruent trials (cond=1), low Antag
      RT_I_loA = b0 + c_b0 + bA*tLo + c_bA*tLo + 0.5*b_block + 0.5*b_cxb;
      RT_I_miA = b0 + c_b0 + bA*tMi + c_bA*tMi + 0.5*b_block + 0.5*b_cxb;
      RT_I_hiA = b0 + c_b0 + bA*tHi + c_bA*tHi + 0.5*b_block + 0.5*b_cxb;

      !pred RT for congruent trials (cond=0), low Antag
      RT_C_loA = b0 + bA*tLo + 0.5*b_block;
      RT_C_miA = b0 + bA*tMi + 0.5*b_block;
      RT_C_hiA = b0 + bA*tHi + 0.5*b_block;

      !pred RT for incongruent trials (cond=1), low Constraint
      RT_I_loC = b0 + c_b0 + bC*tLo + c_bC*tLo + 0.5*b_block + 0.5*b_cxb;
      RT_I_miC = b0 + c_b0 + bC*tMi + c_bC*tMi + 0.5*b_block + 0.5*b_cxb;
      RT_I_hiC = b0 + c_b0 + bC*tHi + c_bC*tHi + 0.5*b_block + 0.5*b_cxb;

      !pred RT for congruent trials (cond=0), low Antag
      RT_C_loC = b0 + bC*tLo + 0.5*b_block;
      RT_C_miC = b0 + bC*tMi + 0.5*b_block;
      RT_C_hiC = b0 + bC*tHi + 0.5*b_block;

  OUTPUT:

      TECH1 TECH8 STANDARDIZED CINTERVAL;

  PLOT:
  TYPE = PLOT2;



*** WARNING in VARIABLE command
  Note that only the first 8 characters of variable names are used in the output.
  Shorten variable names to avoid any confusion.
*** WARNING in PLOT command
  Note that only the first 8 characters of variable names are used in plots.
  If variable names are not unique within the first 8 characters, problems
  may occur.
*** WARNING
  One or more individual-level variables have no variation within a
  cluster for the following clusters.

     Variable   Cluster IDs with no within-cluster variation

      PREV_ERR    90 15 11 13 52 20 66 5 86 6 91 93 95 106 107 114

*** WARNING
  Data set contains cases with missing on x-variables.
  These cases were not included in the analysis.
  Number of cases with missing on x-variables:  496
   4 WARNING(S) FOUND IN THE INPUT INSTRUCTIONS




Antagonism and Constraint BSEM CFA 3+3 Parcels, Flanker RT Mod

SUMMARY OF ANALYSIS

Number of groups                                                 1
Number of observations                                       15504

Number of dependent variables                                    7
Number of independent variables                                  7
Number of continuous latent variables                            7

Observed dependent variables

  Continuous
   MANIP       P1          P2          P3          P4          P5
   RT_INV

Observed independent variables
   COND        BLOCK       PREV_RT_    PREV_ERR    TRIAL_Z     RUN_TRIA
   COND_BLO

Continuous latent variables
   ANTAG       CONSTRAI    CONDSLO     PREVSLO     ERRSLO      RUNSLO
   TRIALSLO

Variables with special functions

  Cluster variable      ID

  Within variables
   COND        BLOCK       PREV_RT_    PREV_ERR    TRIAL_Z     RUN_TRIA
   COND_BLO

  Between variables
   MANIP       P1          P2          P3          P4          P5


Estimator                                                    BAYES
Specifications for Bayesian Estimation
  Point estimate                                            MEDIAN
  Number of Markov chain Monte Carlo (MCMC) chains               2
  Random seed for the first chain                                0
  Starting value information                           UNPERTURBED
  Algorithm used for Markov chain Monte Carlo           GIBBS(PX1)
  Convergence criterion                                  0.500D-01
  Maximum number of iterations                               50000
  K-th iteration used for thinning                               1

Input data file(s)
  rt_m17_AC_mod.dat
Input data format  FREE


SUMMARY OF DATA

     Number of clusters                        100

       Size (s)    Cluster ID with Size s

        137        62
        144        92
        146        36
        150        73 45
        151        35
        152        110
        153        90 65 42
        154        89 15 24 109 46
        155        57 58 32 33 68 34 18 21 22 99 102 105 14 27 113
        156        10 11 12 13 37 40 41 1 43 2 16 49 50 52 53 54 56 17
                   3 59 60 61 19 63 64 20 66 67 4 69 70 71 72 5 74 75 76
                   77 78 79 81 84 86 87 88 6 25 91 26 93 94 95 96 97 98
                   8 101 28 103 104 29 106 107 108 30 31 111 112 9 114



COVARIANCE COVERAGE OF DATA

Minimum covariance coverage value   0.100

     Number of missing data patterns             2


     PROPORTION OF DATA PRESENT


           Covariance Coverage
              MANIP         P1            P2            P3            P4
              ________      ________      ________      ________      ________
 MANIP          1.000
 P1             1.000         1.000
 P2             1.000         1.000         1.000
 P3             1.000         1.000         1.000         1.000
 P4             1.000         1.000         1.000         1.000         1.000
 P5             1.000         1.000         1.000         1.000         1.000
 RT_INV         0.951         0.951         0.951         0.951         0.951
 COND           1.000         1.000         1.000         1.000         1.000
 BLOCK          1.000         1.000         1.000         1.000         1.000
 PREV_RT_       1.000         1.000         1.000         1.000         1.000
 PREV_ERR       1.000         1.000         1.000         1.000         1.000
 TRIAL_Z        1.000         1.000         1.000         1.000         1.000
 RUN_TRIA       1.000         1.000         1.000         1.000         1.000
 COND_BLO       1.000         1.000         1.000         1.000         1.000


           Covariance Coverage
              P5            RT_INV        COND          BLOCK         PREV_RT_
              ________      ________      ________      ________      ________
 P5             1.000
 RT_INV         0.951         0.951
 COND           1.000         0.951         1.000
 BLOCK          1.000         0.951         1.000         1.000
 PREV_RT_       1.000         0.951         1.000         1.000         1.000
 PREV_ERR       1.000         0.951         1.000         1.000         1.000
 TRIAL_Z        1.000         0.951         1.000         1.000         1.000
 RUN_TRIA       1.000         0.951         1.000         1.000         1.000
 COND_BLO       1.000         0.951         1.000         1.000         1.000


           Covariance Coverage
              PREV_ERR      TRIAL_Z       RUN_TRIA      COND_BLO
              ________      ________      ________      ________
 PREV_ERR       1.000
 TRIAL_Z        1.000         1.000
 RUN_TRIA       1.000         1.000         1.000
 COND_BLO       1.000         1.000         1.000         1.000



UNIVARIATE SAMPLE STATISTICS


     UNIVARIATE HIGHER-ORDER MOMENT DESCRIPTIVE STATISTICS

         Variable/         Mean/     Skewness/   Minimum/ % with                Percentiles
        Sample Size      Variance    Kurtosis    Maximum  Min/Max      20%/60%    40%/80%    Median

     MANIP                 0.020       0.065      -1.701    7.00%      -0.898     -0.095      0.172
             100.000       1.006      -0.475       2.849    1.00%       0.440      0.708
     P1                    0.018       1.093      -1.197    5.00%      -0.819     -0.370     -0.108
             100.000       0.886       1.171       3.011    1.00%       0.078      0.645
     P2                    0.005       0.135      -1.749    1.00%      -0.801     -0.289     -0.051
             100.000       0.833      -0.639       2.240    1.00%       0.225      0.857
     P3                   -0.012       0.902      -1.396    1.00%      -0.866     -0.371     -0.231
             100.000       0.887       0.345       2.672    1.00%      -0.008      0.753
     P4                   -0.006      -0.027      -1.783    1.00%      -0.919     -0.313     -0.023
             100.000       0.902      -1.019       1.799    1.00%       0.255      0.909
     P5                    0.007       1.054      -1.149    7.00%      -0.845     -0.463     -0.199
             100.000       0.897       0.848       3.259    1.00%       0.065      0.752
     RT_INV               -2.643       0.102      -4.000    0.03%      -3.030     -2.762     -2.646
           14751.000       0.225       0.183      -1.031    0.01%      -2.532     -2.268
     COND                  0.502      -0.007       0.000   49.82%       0.000      0.000      1.000
           15504.000       0.250      -2.000       1.000   50.18%       1.000      1.000
     BLOCK                 0.499       0.003       0.000   50.08%       0.000      0.000      0.000
           15504.000       0.250      -2.000       1.000   49.92%       1.000      1.000
     PREV_RT_Z            -0.020       1.617      -2.625    0.01%      -0.751     -0.367     -0.187
           15504.000       0.979       4.909       6.508    0.01%       0.017      0.559
     PREV_ERROR            0.035       5.048       0.000   96.48%       0.000      0.000      0.000
           15504.000       0.034      23.484       1.000    3.52%       0.000      0.000
     TRIAL_Z               0.009       0.002      -1.700    0.63%      -1.028     -0.336     -0.011
           15504.000       0.995      -1.205       1.721    0.63%       0.357      1.050
     RUN_TRIAL_Z           0.043      -0.001      -1.582    2.56%      -0.984     -0.299      0.043
           15504.000       0.927      -1.202       1.668    2.57%       0.385      1.069
     COND_BLOCK            0.151       1.954       0.000   84.95%       0.000      0.000      0.000
           15504.000       0.128       1.820       1.000   15.05%       0.000      0.000


THE MODEL ESTIMATION TERMINATED NORMALLY

     USE THE FBITERATIONS OPTION TO INCREASE THE NUMBER OF ITERATIONS BY A FACTOR
     OF AT LEAST TWO TO CHECK CONVERGENCE AND THAT THE PSR VALUE DOES NOT INCREASE.



MODEL FIT INFORMATION

Number of Free Parameters                              53

Information Criteria

          Deviance (DIC)                        12062.930
          Estimated Number of Parameters (pD)     417.770



MODEL RESULTS

                                Posterior  One-Tailed         95% C.I.
                    Estimate       S.D.      P-Value   Lower 2.5%  Upper 2.5%  Significance

Within Level

 RT_INV     ON
    BLOCK              0.025       0.009      0.002       0.007       0.041      *
    COND_BLOCK         0.049       0.012      0.000       0.025       0.074      *

 Residual Variances
    RT_INV             0.117       0.001      0.000       0.114       0.119      *

Between Level

 ANTAG    BY
    P5                 0.740       0.103      0.000       0.546       0.953      *
    P1                 0.722       0.122      0.000       0.496       0.975      *
    MANIP              0.821       0.112      0.000       0.615       1.052      *

 CONSTRAI BY
    P2                 0.655       0.127      0.000       0.407       0.904      *
    P3                 0.602       0.128      0.000       0.359       0.867      *
    P4                 0.521       0.126      0.000       0.282       0.777      *
    P1                -0.325       0.131      0.003      -0.590      -0.081      *

 CONDSLO    ON
    ANTAG              0.033       0.011      0.001       0.012       0.054      *
    CONSTRAINT        -0.005       0.012      0.351      -0.029       0.018

 PREVSLO    ON
    ANTAG             -0.001       0.009      0.429      -0.018       0.015
    CONSTRAINT         0.018       0.010      0.035      -0.001       0.037

 ERRSLO     ON
    ANTAG             -0.011       0.033      0.364      -0.078       0.052
    CONSTRAINT         0.014       0.037      0.347      -0.057       0.089

 RT_INV     ON
    ANTAG             -0.074       0.031      0.007      -0.136      -0.015      *
    CONSTRAINT         0.002       0.034      0.478      -0.064       0.071

 CONDSLO  WITH
    RUNSLO             0.000       0.000      0.383      -0.001       0.001
    TRIALSLO          -0.001       0.001      0.020      -0.002       0.000      *
    PREVSLO            0.000       0.001      0.236      -0.002       0.001
    ERRSLO            -0.003       0.003      0.108      -0.009       0.002

 RUNSLO   WITH
    TRIALSLO           0.000       0.000      0.406      -0.001       0.001
    PREVSLO            0.000       0.000      0.244      -0.001       0.000
    ERRSLO            -0.001       0.001      0.261      -0.003       0.002

 TRIALSLO WITH
    PREVSLO            0.000       0.000      0.487      -0.001       0.001
    ERRSLO             0.001       0.002      0.267      -0.003       0.005

 PREVSLO  WITH
    ERRSLO             0.004       0.002      0.033       0.000       0.008

 ANTAG    WITH
    CONSTRAINT         0.280       0.149      0.034      -0.022       0.553

 Means
    RUNSLO            -0.003       0.004      0.218      -0.012       0.005
    TRIALSLO          -0.017       0.006      0.004      -0.029      -0.004      *

 Intercepts
    MANIP              0.019       0.104      0.425      -0.186       0.224
    P1                 0.019       0.099      0.429      -0.175       0.212
    P2                 0.002       0.096      0.494      -0.184       0.191
    P3                -0.014       0.098      0.442      -0.206       0.178
    P4                -0.008       0.099      0.467      -0.202       0.186
    P5                 0.006       0.099      0.475      -0.189       0.204
    RT_INV            -2.727       0.026      0.000      -2.777      -2.676      *
    CONDSLO            0.121       0.011      0.000       0.099       0.143      *
    PREVSLO            0.130       0.007      0.000       0.117       0.144      *
    ERRSLO             0.244       0.030      0.000       0.186       0.303      *

 Variances
    ANTAG              1.000       0.000      0.000       1.000       1.000
    CONSTRAINT         1.000       0.000      0.000       1.000       1.000
    RUNSLO             0.001       0.000      0.000       0.001       0.001      *
    TRIALSLO           0.003       0.001      0.000       0.002       0.005      *

 Residual Variances
    MANIP              0.414       0.114      0.000       0.196       0.656      *
    P1                 0.467       0.114      0.000       0.256       0.707      *
    P2                 0.469       0.136      0.000       0.205       0.744      *
    P3                 0.588       0.138      0.000       0.340       0.867      *
    P4                 0.683       0.131      0.000       0.452       0.966      *
    P5                 0.419       0.097      0.000       0.254       0.637      *
    RT_INV             0.051       0.008      0.000       0.038       0.070      *
    CONDSLO            0.003       0.001      0.000       0.002       0.006      *
    PREVSLO            0.003       0.001      0.000       0.002       0.004      *
    ERRSLO             0.036       0.011      0.000       0.019       0.063      *

New/Additional Parameters
    RT_I_LOA          -2.528       0.039      0.000      -2.603      -2.450      *
    RT_I_MIA          -2.569       0.025      0.000      -2.617      -2.521      *
    RT_I_HIA          -2.610       0.040      0.000      -2.689      -2.534      *
    RT_I_LOC          -2.566       0.041      0.000      -2.647      -2.487      *
    RT_I_MIC          -2.569       0.025      0.000      -2.617      -2.521      *
    RT_I_HIC          -2.572       0.041      0.000      -2.653      -2.489      *
    RT_C_LOA          -2.641       0.039      0.000      -2.715      -2.560      *
    RT_C_MIA          -2.714       0.025      0.000      -2.763      -2.666      *
    RT_C_HIA          -2.788       0.040      0.000      -2.869      -2.712      *
    RT_C_LOC          -2.716       0.042      0.000      -2.801      -2.635      *
    RT_C_MIC          -2.714       0.025      0.000      -2.763      -2.666      *
    RT_C_HIC          -2.713       0.042      0.000      -2.794      -2.628      *
    TLO               -1.000       0.000      0.000      -1.000      -1.000
    TMI                0.000       0.000      1.000       0.000       0.000
    THI                1.000       0.000      0.000       1.000       1.000


STANDARDIZED MODEL RESULTS


STDYX Standardization

                                Posterior  One-Tailed         95% C.I.
                    Estimate       S.D.      P-Value   Lower 2.5%  Upper 2.5%  Significance

Within-Level Standardized Estimates Averaged Over Clusters

 CONDSLO | RT_INV ON
    COND               0.161       0.012      0.000       0.136       0.181      *

 PREVSLO | RT_INV ON
    PREV_RT_Z          0.253       0.007      0.000       0.238       0.267      *

 ERRSLO | RT_INV ON
    PREV_ERROR         0.086       0.007      0.000       0.073       0.099      *

 RUNSLO | RT_INV ON
    RUN_TRIAL_        -0.008       0.008      0.157      -0.023       0.007

 TRIALSLO | RT_INV ON
    TRIAL_Z           -0.043       0.008      0.000      -0.059      -0.028      *

 RT_INV     ON
    BLOCK              0.033       0.012      0.001       0.011       0.055      *
    COND_BLOCK         0.045       0.012      0.001       0.024       0.069      *

 Residual Variances
    RT_INV             0.831       0.005      0.000       0.820       0.841      *

Between Level

 ANTAG    BY
    P5                 0.753       0.069      0.000       0.595       0.866      *
    P1                 0.731       0.101      0.000       0.533       0.930      *
    MANIP              0.786       0.070      0.000       0.634       0.909      *

 CONSTRAI BY
    P2                 0.690       0.110      0.000       0.454       0.885      *
    P3                 0.618       0.109      0.000       0.387       0.812      *
    P4                 0.532       0.110      0.000       0.298       0.729      *
    P1                -0.329       0.130      0.003      -0.592      -0.083      *

 CONDSLO    ON
    ANTAG              0.483       0.142      0.001       0.187       0.745      *
    CONSTRAINT        -0.068       0.176      0.351      -0.423       0.261

 PREVSLO    ON
    ANTAG             -0.027       0.152      0.429      -0.321       0.272
    CONSTRAINT         0.322       0.165      0.035      -0.029       0.618

 ERRSLO     ON
    ANTAG             -0.060       0.165      0.364      -0.385       0.261
    CONSTRAINT         0.072       0.185      0.347      -0.287       0.440

 RT_INV     ON
    ANTAG             -0.309       0.118      0.007      -0.528      -0.065      *
    CONSTRAINT         0.008       0.139      0.478      -0.259       0.286

 CONDSLO  WITH
    RUNSLO            -0.058       0.189      0.383      -0.421       0.311
    TRIALSLO          -0.357       0.161      0.020      -0.650      -0.018      *
    PREVSLO           -0.150       0.199      0.236      -0.513       0.260
    ERRSLO            -0.287       0.224      0.108      -0.699       0.171

 RUNSLO   WITH
    TRIALSLO           0.040       0.163      0.406      -0.281       0.356
    PREVSLO           -0.125       0.177      0.244      -0.453       0.232
    ERRSLO            -0.125       0.190      0.261      -0.486       0.247

 TRIALSLO WITH
    PREVSLO           -0.005       0.153      0.487      -0.302       0.292
    ERRSLO             0.111       0.175      0.267      -0.236       0.441

 PREVSLO  WITH
    ERRSLO             0.387       0.195      0.033      -0.029       0.722

 ANTAG    WITH
    CONSTRAINT         0.280       0.149      0.034      -0.022       0.553

 Means
    RUNSLO            -0.107       0.139      0.218      -0.384       0.160
    TRIALSLO          -0.303       0.117      0.004      -0.532      -0.076      *

 Intercepts
    MANIP              0.019       0.099      0.425      -0.177       0.211
    P1                 0.019       0.100      0.429      -0.177       0.213
    P2                 0.002       0.100      0.494      -0.192       0.200
    P3                -0.015       0.100      0.442      -0.209       0.181
    P4                -0.008       0.100      0.467      -0.203       0.186
    P5                 0.006       0.100      0.475      -0.189       0.205
    RT_INV           -11.314       0.875      0.000     -13.061      -9.670      *
    CONDSLO            1.773       0.286      0.000       1.288       2.407      *
    PREVSLO            2.352       0.293      0.000       1.827       2.976      *
    ERRSLO             1.254       0.230      0.000       0.853       1.759      *

 Variances
    ANTAG              1.000       0.000      0.000       1.000       1.000
    CONSTRAINT         1.000       0.000      0.000       1.000       1.000
    RUNSLO             1.000       0.000      0.000       1.000       1.000
    TRIALSLO           1.000       0.000      0.000       1.000       1.000

 Residual Variances
    MANIP              0.382       0.108      0.000       0.174       0.597      *
    P1                 0.484       0.116      0.000       0.258       0.711      *
    P2                 0.524       0.148      0.000       0.217       0.794      *
    P3                 0.618       0.134      0.000       0.341       0.850      *
    P4                 0.716       0.115      0.000       0.468       0.911      *
    P5                 0.432       0.101      0.000       0.250       0.645      *
    RT_INV             0.889       0.069      0.000       0.725       0.985      *
    CONDSLO            0.758       0.122      0.000       0.475       0.948      *
    PREVSLO            0.880       0.098      0.000       0.630       0.993      *
    ERRSLO             0.956       0.058      0.000       0.779       0.998      *


STDY Standardization

                                Posterior  One-Tailed         95% C.I.
                    Estimate       S.D.      P-Value   Lower 2.5%  Upper 2.5%  Significance

Within-Level Standardized Estimates Averaged Over Clusters

 CONDSLO | RT_INV ON
    COND               0.322       0.023      0.000       0.271       0.362      *

 PREVSLO | RT_INV ON
    PREV_RT_Z          0.343       0.011      0.000       0.321       0.366      *

 ERRSLO | RT_INV ON
    PREV_ERROR         0.648       0.059      0.000       0.536       0.766      *

 RUNSLO | RT_INV ON
    RUN_TRIAL_        -0.008       0.008      0.157      -0.024       0.007

 TRIALSLO | RT_INV ON
    TRIAL_Z           -0.044       0.008      0.000      -0.059      -0.028      *

 RT_INV     ON
    BLOCK              0.067       0.023      0.001       0.021       0.110      *
    COND_BLOCK         0.127       0.032      0.001       0.067       0.194      *

 Residual Variances
    RT_INV             0.831       0.005      0.000       0.820       0.841      *

Between Level

 ANTAG    BY
    P5                 0.753       0.069      0.000       0.595       0.866      *
    P1                 0.731       0.101      0.000       0.533       0.930      *
    MANIP              0.786       0.070      0.000       0.634       0.909      *

 CONSTRAI BY
    P2                 0.690       0.110      0.000       0.454       0.885      *
    P3                 0.618       0.109      0.000       0.387       0.812      *
    P4                 0.532       0.110      0.000       0.298       0.729      *
    P1                -0.329       0.130      0.003      -0.592      -0.083      *

 CONDSLO    ON
    ANTAG              0.483       0.142      0.001       0.187       0.745      *
    CONSTRAINT        -0.068       0.176      0.351      -0.423       0.261

 PREVSLO    ON
    ANTAG             -0.027       0.152      0.429      -0.321       0.272
    CONSTRAINT         0.322       0.165      0.035      -0.029       0.618

 ERRSLO     ON
    ANTAG             -0.060       0.165      0.364      -0.385       0.261
    CONSTRAINT         0.072       0.185      0.347      -0.287       0.440

 RT_INV     ON
    ANTAG             -0.309       0.118      0.007      -0.528      -0.065      *
    CONSTRAINT         0.008       0.139      0.478      -0.259       0.286

 CONDSLO  WITH
    RUNSLO            -0.058       0.189      0.383      -0.421       0.311
    TRIALSLO          -0.357       0.161      0.020      -0.650      -0.018      *
    PREVSLO           -0.150       0.199      0.236      -0.513       0.260
    ERRSLO            -0.287       0.224      0.108      -0.699       0.171

 RUNSLO   WITH
    TRIALSLO           0.040       0.163      0.406      -0.281       0.356
    PREVSLO           -0.125       0.177      0.244      -0.453       0.232
    ERRSLO            -0.125       0.190      0.261      -0.486       0.247

 TRIALSLO WITH
    PREVSLO           -0.005       0.153      0.487      -0.302       0.292
    ERRSLO             0.111       0.175      0.267      -0.236       0.441

 PREVSLO  WITH
    ERRSLO             0.387       0.195      0.033      -0.029       0.722

 ANTAG    WITH
    CONSTRAINT         0.280       0.149      0.034      -0.022       0.553

 Means
    RUNSLO            -0.107       0.139      0.218      -0.384       0.160
    TRIALSLO          -0.303       0.117      0.004      -0.532      -0.076      *

 Intercepts
    MANIP              0.019       0.099      0.425      -0.177       0.211
    P1                 0.019       0.100      0.429      -0.177       0.213
    P2                 0.002       0.100      0.494      -0.192       0.200
    P3                -0.015       0.100      0.442      -0.209       0.181
    P4                -0.008       0.100      0.467      -0.203       0.186
    P5                 0.006       0.100      0.475      -0.189       0.205
    RT_INV           -11.314       0.875      0.000     -13.061      -9.670      *
    CONDSLO            1.773       0.286      0.000       1.288       2.407      *
    PREVSLO            2.352       0.293      0.000       1.827       2.976      *
    ERRSLO             1.254       0.230      0.000       0.853       1.759      *

 Variances
    ANTAG              1.000       0.000      0.000       1.000       1.000
    CONSTRAINT         1.000       0.000      0.000       1.000       1.000
    RUNSLO             1.000       0.000      0.000       1.000       1.000
    TRIALSLO           1.000       0.000      0.000       1.000       1.000

 Residual Variances
    MANIP              0.382       0.108      0.000       0.174       0.597      *
    P1                 0.484       0.116      0.000       0.258       0.711      *
    P2                 0.524       0.148      0.000       0.217       0.794      *
    P3                 0.618       0.134      0.000       0.341       0.850      *
    P4                 0.716       0.115      0.000       0.468       0.911      *
    P5                 0.432       0.101      0.000       0.250       0.645      *
    RT_INV             0.889       0.069      0.000       0.725       0.985      *
    CONDSLO            0.758       0.122      0.000       0.475       0.948      *
    PREVSLO            0.880       0.098      0.000       0.630       0.993      *
    ERRSLO             0.956       0.058      0.000       0.779       0.998      *


STD Standardization

                                Posterior  One-Tailed         95% C.I.
                    Estimate       S.D.      P-Value   Lower 2.5%  Upper 2.5%  Significance

Within-Level Standardized Estimates Averaged Over Clusters

 CONDSLO | RT_INV ON
    COND               0.122       0.009      0.000       0.103       0.137      *

 PREVSLO | RT_INV ON
    PREV_RT_Z          0.131       0.004      0.000       0.122       0.139      *

 ERRSLO | RT_INV ON
    PREV_ERROR         0.245       0.022      0.000       0.203       0.288      *

 RUNSLO | RT_INV ON
    RUN_TRIAL_        -0.003       0.003      0.136      -0.009       0.002

 TRIALSLO | RT_INV ON
    TRIAL_Z           -0.017       0.003      0.000      -0.023      -0.011      *

 RT_INV     ON
    BLOCK              0.025       0.009      0.001       0.008       0.041      *
    COND_BLOCK         0.048       0.012      0.001       0.025       0.073      *

 Residual Variances
    RT_INV             0.117       0.001      0.000       0.114       0.119      *

Between Level

 ANTAG    BY
    P5                 0.740       0.103      0.000       0.546       0.953      *
    P1                 0.722       0.122      0.000       0.496       0.975      *
    MANIP              0.821       0.112      0.000       0.615       1.052      *

 CONSTRAI BY
    P2                 0.655       0.127      0.000       0.407       0.904      *
    P3                 0.602       0.128      0.000       0.359       0.867      *
    P4                 0.521       0.126      0.000       0.282       0.777      *
    P1                -0.325       0.131      0.003      -0.590      -0.081      *

 CONDSLO    ON
    ANTAG              0.483       0.142      0.001       0.187       0.745      *
    CONSTRAINT        -0.068       0.176      0.351      -0.423       0.261

 PREVSLO    ON
    ANTAG             -0.027       0.152      0.429      -0.321       0.272
    CONSTRAINT         0.322       0.165      0.035      -0.029       0.618

 ERRSLO     ON
    ANTAG             -0.060       0.165      0.364      -0.385       0.261
    CONSTRAINT         0.072       0.185      0.347      -0.287       0.440

 RT_INV     ON
    ANTAG             -0.074       0.031      0.007      -0.136      -0.015      *
    CONSTRAINT         0.002       0.034      0.478      -0.064       0.071

 CONDSLO  WITH
    RUNSLO            -0.058       0.189      0.383      -0.421       0.311
    TRIALSLO          -0.357       0.161      0.020      -0.650      -0.018      *
    PREVSLO           -0.150       0.199      0.236      -0.513       0.260
    ERRSLO            -0.287       0.224      0.108      -0.699       0.171

 RUNSLO   WITH
    TRIALSLO           0.040       0.163      0.406      -0.281       0.356
    PREVSLO           -0.125       0.177      0.244      -0.453       0.232
    ERRSLO            -0.125       0.190      0.261      -0.486       0.247

 TRIALSLO WITH
    PREVSLO           -0.005       0.153      0.487      -0.302       0.292
    ERRSLO             0.111       0.175      0.267      -0.236       0.441

 PREVSLO  WITH
    ERRSLO             0.387       0.195      0.033      -0.029       0.722

 ANTAG    WITH
    CONSTRAINT         0.280       0.149      0.034      -0.022       0.553

 Means
    RUNSLO            -0.107       0.139      0.218      -0.384       0.160
    TRIALSLO          -0.303       0.117      0.004      -0.532      -0.076      *

 Intercepts
    MANIP              0.019       0.104      0.425      -0.186       0.224
    P1                 0.019       0.099      0.429      -0.175       0.212
    P2                 0.002       0.096      0.494      -0.184       0.191
    P3                -0.014       0.098      0.442      -0.206       0.178
    P4                -0.008       0.099      0.467      -0.202       0.186
    P5                 0.006       0.099      0.475      -0.189       0.204
    RT_INV            -2.727       0.026      0.000      -2.777      -2.676      *
    CONDSLO            1.773       0.286      0.000       1.288       2.407      *
    PREVSLO            2.352       0.293      0.000       1.827       2.976      *
    ERRSLO             1.254       0.230      0.000       0.853       1.759      *

 Variances
    ANTAG              1.000       0.000      0.000       1.000       1.000
    CONSTRAINT         1.000       0.000      0.000       1.000       1.000
    RUNSLO             1.000       0.000      0.000       1.000       1.000
    TRIALSLO           1.000       0.000      0.000       1.000       1.000

 Residual Variances
    MANIP              0.414       0.114      0.000       0.196       0.656      *
    P1                 0.467       0.114      0.000       0.256       0.707      *
    P2                 0.469       0.136      0.000       0.205       0.744      *
    P3                 0.588       0.138      0.000       0.340       0.867      *
    P4                 0.683       0.131      0.000       0.452       0.966      *
    P5                 0.419       0.097      0.000       0.254       0.637      *
    RT_INV             0.051       0.008      0.000       0.038       0.070      *
    CONDSLO            0.758       0.122      0.000       0.475       0.948      *
    PREVSLO            0.880       0.098      0.000       0.630       0.993      *
    ERRSLO             0.956       0.058      0.000       0.779       0.998      *


R-SQUARE

Within-Level R-Square Averaged Across Clusters

                                Posterior  One-Tailed         95% C.I.
    Variable        Estimate       S.D.      P-Value   Lower 2.5%  Upper 2.5%

    RT_INV             0.169       0.005      0.000       0.159       0.180

Between Level

                                Posterior  One-Tailed         95% C.I.
    Variable        Estimate       S.D.      P-Value   Lower 2.5%  Upper 2.5%

    MANIP              0.618       0.108      0.000       0.402       0.826
    P1                 0.516       0.116      0.000       0.289       0.742
    P2                 0.476       0.148      0.000       0.206       0.782
    P3                 0.382       0.134      0.000       0.150       0.659
    P4                 0.284       0.115      0.000       0.089       0.532
    P5                 0.568       0.101      0.000       0.355       0.750
    RT_INV             0.111       0.069      0.000       0.015       0.275

                                Posterior  One-Tailed         95% C.I.
    Variable        Estimate       S.D.      P-Value   Lower 2.5%  Upper 2.5%

    CONDSLO            0.242       0.122      0.000       0.052       0.525
    PREVSLO            0.120       0.098      0.000       0.007       0.370
    ERRSLO             0.044       0.058      0.000       0.001       0.221


CREDIBILITY INTERVALS OF MODEL RESULTS

                  Lower .5%  Lower 2.5%    Lower 5%    Estimate    Upper 5%  Upper 2.5%   Upper .5%

Within Level

 RT_INV   ON
    BLOCK            0.002       0.007       0.010       0.025       0.039       0.041       0.047
    COND_BLOCK       0.018       0.025       0.029       0.049       0.069       0.074       0.081

 Residual Variances
    RT_INV           0.113       0.114       0.114       0.117       0.119       0.119       0.120

Between Level

 ANTAG    BY
    P5               0.492       0.546       0.577       0.740       0.917       0.953       1.025
    P1               0.430       0.496       0.531       0.722       0.930       0.975       1.077
    MANIP            0.549       0.615       0.646       0.821       1.013       1.052       1.132

 CONSTRAI BY
    P2               0.328       0.407       0.448       0.655       0.867       0.904       0.980
    P3               0.279       0.359       0.399       0.602       0.815       0.867       0.967
    P4               0.203       0.282       0.320       0.521       0.731       0.777       0.862
    P1              -0.686      -0.590      -0.545      -0.325      -0.117      -0.081      -0.012

 CONDSLO  ON
    ANTAG            0.006       0.012       0.015       0.033       0.050       0.054       0.062
    CONSTRAINT      -0.036      -0.029      -0.025      -0.005       0.015       0.018       0.026

 PREVSLO  ON
    ANTAG           -0.025      -0.018      -0.016      -0.001       0.013       0.015       0.021
    CONSTRAINT      -0.008      -0.001       0.002       0.018       0.034       0.037       0.043

 ERRSLO   ON
    ANTAG           -0.103      -0.078      -0.067      -0.011       0.041       0.052       0.073
    CONSTRAINT      -0.081      -0.057      -0.046       0.014       0.076       0.089       0.112

 RT_INV   ON
    ANTAG           -0.158      -0.136      -0.125      -0.074      -0.026      -0.015       0.003
    CONSTRAINT      -0.083      -0.064      -0.053       0.002       0.059       0.071       0.096

 CONDSLO  WITH
    RUNSLO          -0.001      -0.001      -0.001       0.000       0.000       0.001       0.001
    TRIALSLO        -0.003      -0.002      -0.002      -0.001       0.000       0.000       0.000
    PREVSLO         -0.002      -0.002      -0.001       0.000       0.001       0.001       0.001
    ERRSLO          -0.011      -0.009      -0.008      -0.003       0.001       0.002       0.004

 RUNSLO   WITH
    TRIALSLO        -0.001      -0.001       0.000       0.000       0.001       0.001       0.001
    PREVSLO         -0.001      -0.001      -0.001       0.000       0.000       0.000       0.001
    ERRSLO          -0.004      -0.003      -0.003      -0.001       0.001       0.002       0.002

 TRIALSLO WITH
    PREVSLO         -0.001      -0.001      -0.001       0.000       0.001       0.001       0.001
    ERRSLO          -0.004      -0.003      -0.002       0.001       0.004       0.005       0.006

 PREVSLO  WITH
    ERRSLO          -0.001       0.000       0.000       0.004       0.008       0.008       0.010

 ANTAG    WITH
    CONSTRAINT      -0.113      -0.022       0.026       0.280       0.515       0.553       0.637

 Means
    RUNSLO          -0.015      -0.012      -0.011      -0.003       0.004       0.005       0.008
    TRIALSLO        -0.033      -0.029      -0.027      -0.017      -0.006      -0.004       0.000

 Intercepts
    MANIP           -0.250      -0.186      -0.151       0.019       0.191       0.224       0.287
    P1              -0.241      -0.175      -0.145       0.019       0.181       0.212       0.268
    P2              -0.244      -0.184      -0.155       0.002       0.160       0.191       0.251
    P3              -0.264      -0.206      -0.176      -0.014       0.146       0.178       0.248
    P4              -0.264      -0.202      -0.170      -0.008       0.156       0.186       0.243
    P5              -0.246      -0.189      -0.156       0.006       0.170       0.204       0.264
    RT_INV          -2.793      -2.777      -2.769      -2.727      -2.684      -2.676      -2.659
    CONDSLO          0.092       0.099       0.102       0.121       0.139       0.143       0.150
    PREVSLO          0.112       0.117       0.119       0.130       0.142       0.144       0.148
    ERRSLO           0.167       0.186       0.196       0.244       0.294       0.303       0.322

 Variances
    ANTAG            1.000       1.000       1.000       1.000       1.000       1.000       1.000
    CONSTRAINT       1.000       1.000       1.000       1.000       1.000       1.000       1.000
    RUNSLO           0.001       0.001       0.001       0.001       0.001       0.001       0.002
    TRIALSLO         0.002       0.002       0.002       0.003       0.004       0.005       0.005

 Residual Variances
    MANIP            0.107       0.196       0.235       0.414       0.612       0.656       0.743
    P1               0.189       0.256       0.293       0.467       0.663       0.707       0.796
    P2               0.063       0.205       0.257       0.469       0.696       0.744       0.842
    P3               0.050       0.340       0.389       0.588       0.816       0.867       0.978
    P4               0.358       0.452       0.493       0.683       0.919       0.966       1.084
    P5               0.205       0.254       0.281       0.419       0.595       0.637       0.718
    RT_INV           0.035       0.038       0.040       0.051       0.066       0.070       0.078
    CONDSLO          0.001       0.002       0.002       0.003       0.006       0.006       0.007
    PREVSLO          0.001       0.002       0.002       0.003       0.004       0.004       0.005
    ERRSLO           0.015       0.019       0.021       0.036       0.057       0.063       0.073

New/Additional Parameters
    RT_I_LOA        -2.625      -2.603      -2.589      -2.528      -2.462      -2.450      -2.421
    RT_I_MIA        -2.635      -2.617      -2.610      -2.569      -2.528      -2.521      -2.504
    RT_I_HIA        -2.715      -2.689      -2.676      -2.610      -2.547      -2.534      -2.507
    RT_I_LOC        -2.676      -2.647      -2.634      -2.566      -2.499      -2.487      -2.459
    RT_I_MIC        -2.635      -2.617      -2.610      -2.569      -2.528      -2.521      -2.504
    RT_I_HIC        -2.678      -2.653      -2.640      -2.572      -2.503      -2.489      -2.465
    RT_C_LOA        -2.737      -2.715      -2.702      -2.641      -2.574      -2.560      -2.533
    RT_C_MIA        -2.779      -2.763      -2.755      -2.714      -2.673      -2.666      -2.650
    RT_C_HIA        -2.896      -2.869      -2.855      -2.788      -2.725      -2.712      -2.684
    RT_C_LOC        -2.832      -2.801      -2.787      -2.716      -2.648      -2.635      -2.609
    RT_C_MIC        -2.779      -2.763      -2.755      -2.714      -2.673      -2.666      -2.650
    RT_C_HIC        -2.819      -2.794      -2.782      -2.713      -2.642      -2.628      -2.601
    TLO             -1.000      -1.000      -1.000      -1.000      -1.000      -1.000      -1.000
    TMI              0.000       0.000       0.000       0.000       0.000       0.000       0.000
    THI              1.000       1.000       1.000       1.000       1.000       1.000       1.000


CREDIBILITY INTERVALS OF STANDARDIZED MODEL RESULTS


STDYX Standardization

                  Lower .5%  Lower 2.5%    Lower 5%    Estimate    Upper 5%  Upper 2.5%   Upper .5%

Within Level

 RT_INV   ON
    BLOCK            0.000       0.011       0.000       0.033       0.000       0.055       0.000
    COND_BLOCK       0.000       0.024       0.000       0.045       0.000       0.069       0.000

 Residual Variances
    RT_INV           0.000       0.820       0.000       0.831       0.000       0.841       0.000

Between Level

 ANTAG    BY
    P5               0.538       0.595       0.625       0.753       0.850       0.866       0.898
    P1               0.466       0.533       0.569       0.731       0.894       0.930       1.021
    MANIP            0.578       0.634       0.662       0.786       0.890       0.909       0.951

 CONSTRAI BY
    P2               0.374       0.454       0.494       0.690       0.852       0.885       0.963
    P3               0.298       0.387       0.425       0.618       0.776       0.812       0.972
    P4               0.217       0.298       0.338       0.532       0.699       0.729       0.804
    P1              -0.702      -0.592      -0.549      -0.329      -0.119      -0.083      -0.012

 CONDSLO  ON
    ANTAG            0.085       0.187       0.237       0.483       0.702       0.745       0.854
    CONSTRAINT      -0.533      -0.423      -0.368      -0.068       0.214       0.261       0.357

 PREVSLO  ON
    ANTAG           -0.421      -0.321      -0.275      -0.027       0.227       0.272       0.359
    CONSTRAINT      -0.143      -0.029       0.030       0.322       0.577       0.618       0.696

 ERRSLO   ON
    ANTAG           -0.475      -0.385      -0.327      -0.060       0.212       0.261       0.362
    CONSTRAINT      -0.397      -0.287      -0.233       0.072       0.377       0.440       0.535

 RT_INV   ON
    ANTAG           -0.594      -0.528      -0.494      -0.309      -0.107      -0.065       0.014
    CONSTRAINT      -0.335      -0.259      -0.218       0.008       0.238       0.286       0.384

 CONDSLO  WITH
    RUNSLO          -0.519      -0.421      -0.362      -0.058       0.257       0.311       0.419
    TRIALSLO        -0.723      -0.650      -0.606      -0.357      -0.076      -0.018       0.092
    PREVSLO         -0.611      -0.513      -0.459      -0.150       0.196       0.260       0.377
    ERRSLO          -0.791      -0.699      -0.643      -0.287       0.099       0.171       0.320

 RUNSLO   WITH
    TRIALSLO        -0.376      -0.281      -0.228       0.040       0.309       0.356       0.439
    PREVSLO         -0.540      -0.453      -0.408      -0.125       0.173       0.232       0.335
    ERRSLO          -0.585      -0.486      -0.429      -0.125       0.189       0.247       0.357

 TRIALSLO WITH
    PREVSLO         -0.388      -0.302      -0.254      -0.005       0.247       0.292       0.370
    ERRSLO          -0.342      -0.236      -0.183       0.111       0.394       0.441       0.534

 PREVSLO  WITH
    ERRSLO          -0.159      -0.029       0.041       0.387       0.680       0.722       0.785

 ANTAG    WITH
    CONSTRAINT      -0.113      -0.022       0.026       0.280       0.515       0.553       0.637

 Means
    RUNSLO          -0.473      -0.384      -0.342      -0.107       0.116       0.160       0.242
    TRIALSLO        -0.604      -0.532      -0.496      -0.303      -0.109      -0.076      -0.007

 Intercepts
    MANIP           -0.237      -0.177      -0.144       0.019       0.183       0.211       0.270
    P1              -0.242      -0.177      -0.146       0.019       0.182       0.213       0.267
    P2              -0.252      -0.192      -0.163       0.002       0.167       0.200       0.262
    P3              -0.268      -0.209      -0.178      -0.015       0.147       0.181       0.246
    P4              -0.259      -0.203      -0.173      -0.008       0.158       0.186       0.244
    P5              -0.247      -0.189      -0.157       0.006       0.172       0.205       0.266
    RT_INV         -13.652     -13.061     -12.774     -11.314      -9.908      -9.670      -9.163
    CONDSLO          1.166       1.288       1.361       1.773       2.285       2.407       2.659
    PREVSLO          1.684       1.827       1.910       2.352       2.868       2.976       3.214
    ERRSLO           0.734       0.853       0.916       1.254       1.671       1.759       1.941

 Variances
    ANTAG            1.000       1.000       1.000       1.000       1.000       1.000       1.000
    CONSTRAINT       1.000       1.000       1.000       1.000       1.000       1.000       1.000
    RUNSLO           1.000       1.000       1.000       1.000       1.000       1.000       1.000
    TRIALSLO         1.000       1.000       1.000       1.000       1.000       1.000       1.000

 Residual Variances
    MANIP            0.096       0.174       0.209       0.382       0.561       0.597       0.665
    P1               0.185       0.258       0.294       0.484       0.676       0.711       0.771
    P2               0.073       0.217       0.273       0.524       0.755       0.794       0.860
    P3               0.054       0.341       0.397       0.618       0.819       0.850       0.911
    P4               0.353       0.468       0.512       0.716       0.886       0.911       0.953
    P5               0.193       0.250       0.278       0.432       0.610       0.645       0.710
    RT_INV           0.668       0.725       0.754       0.889       0.975       0.985       0.996
    CONDSLO          0.363       0.475       0.528       0.758       0.925       0.948       0.978
    PREVSLO          0.542       0.630       0.672       0.880       0.986       0.993       0.999
    ERRSLO           0.707       0.779       0.820       0.956       0.997       0.998       1.000


STDY Standardization

                  Lower .5%  Lower 2.5%    Lower 5%    Estimate    Upper 5%  Upper 2.5%   Upper .5%

Within Level

 RT_INV   ON
    BLOCK            0.000       0.021       0.000       0.067       0.000       0.110       0.000
    COND_BLOCK       0.000       0.067       0.000       0.127       0.000       0.194       0.000

 Residual Variances
    RT_INV           0.000       0.820       0.000       0.831       0.000       0.841       0.000

Between Level

 ANTAG    BY
    P5               0.538       0.595       0.625       0.753       0.850       0.866       0.898
    P1               0.466       0.533       0.569       0.731       0.894       0.930       1.021
    MANIP            0.578       0.634       0.662       0.786       0.890       0.909       0.951

 CONSTRAI BY
    P2               0.374       0.454       0.494       0.690       0.852       0.885       0.963
    P3               0.298       0.387       0.425       0.618       0.776       0.812       0.972
    P4               0.217       0.298       0.338       0.532       0.699       0.729       0.804
    P1              -0.702      -0.592      -0.549      -0.329      -0.119      -0.083      -0.012

 CONDSLO  ON
    ANTAG            0.085       0.187       0.237       0.483       0.702       0.745       0.854
    CONSTRAINT      -0.533      -0.423      -0.368      -0.068       0.214       0.261       0.357

 PREVSLO  ON
    ANTAG           -0.421      -0.321      -0.275      -0.027       0.227       0.272       0.359
    CONSTRAINT      -0.143      -0.029       0.030       0.322       0.577       0.618       0.696

 ERRSLO   ON
    ANTAG           -0.475      -0.385      -0.327      -0.060       0.212       0.261       0.362
    CONSTRAINT      -0.397      -0.287      -0.233       0.072       0.377       0.440       0.535

 RT_INV   ON
    ANTAG           -0.594      -0.528      -0.494      -0.309      -0.107      -0.065       0.014
    CONSTRAINT      -0.335      -0.259      -0.218       0.008       0.238       0.286       0.384

 CONDSLO  WITH
    RUNSLO          -0.519      -0.421      -0.362      -0.058       0.257       0.311       0.419
    TRIALSLO        -0.723      -0.650      -0.606      -0.357      -0.076      -0.018       0.092
    PREVSLO         -0.611      -0.513      -0.459      -0.150       0.196       0.260       0.377
    ERRSLO          -0.791      -0.699      -0.643      -0.287       0.099       0.171       0.320

 RUNSLO   WITH
    TRIALSLO        -0.376      -0.281      -0.228       0.040       0.309       0.356       0.439
    PREVSLO         -0.540      -0.453      -0.408      -0.125       0.173       0.232       0.335
    ERRSLO          -0.585      -0.486      -0.429      -0.125       0.189       0.247       0.357

 TRIALSLO WITH
    PREVSLO         -0.388      -0.302      -0.254      -0.005       0.247       0.292       0.370
    ERRSLO          -0.342      -0.236      -0.183       0.111       0.394       0.441       0.534

 PREVSLO  WITH
    ERRSLO          -0.159      -0.029       0.041       0.387       0.680       0.722       0.785

 ANTAG    WITH
    CONSTRAINT      -0.113      -0.022       0.026       0.280       0.515       0.553       0.637

 Means
    RUNSLO          -0.473      -0.384      -0.342      -0.107       0.116       0.160       0.242
    TRIALSLO        -0.604      -0.532      -0.496      -0.303      -0.109      -0.076      -0.007

 Intercepts
    MANIP           -0.237      -0.177      -0.144       0.019       0.183       0.211       0.270
    P1              -0.242      -0.177      -0.146       0.019       0.182       0.213       0.267
    P2              -0.252      -0.192      -0.163       0.002       0.167       0.200       0.262
    P3              -0.268      -0.209      -0.178      -0.015       0.147       0.181       0.246
    P4              -0.259      -0.203      -0.173      -0.008       0.158       0.186       0.244
    P5              -0.247      -0.189      -0.157       0.006       0.172       0.205       0.266
    RT_INV         -13.652     -13.061     -12.774     -11.314      -9.908      -9.670      -9.163
    CONDSLO          1.166       1.288       1.361       1.773       2.285       2.407       2.659
    PREVSLO          1.684       1.827       1.910       2.352       2.868       2.976       3.214
    ERRSLO           0.734       0.853       0.916       1.254       1.671       1.759       1.941

 Variances
    ANTAG            1.000       1.000       1.000       1.000       1.000       1.000       1.000
    CONSTRAINT       1.000       1.000       1.000       1.000       1.000       1.000       1.000
    RUNSLO           1.000       1.000       1.000       1.000       1.000       1.000       1.000
    TRIALSLO         1.000       1.000       1.000       1.000       1.000       1.000       1.000

 Residual Variances
    MANIP            0.096       0.174       0.209       0.382       0.561       0.597       0.665
    P1               0.185       0.258       0.294       0.484       0.676       0.711       0.771
    P2               0.073       0.217       0.273       0.524       0.755       0.794       0.860
    P3               0.054       0.341       0.397       0.618       0.819       0.850       0.911
    P4               0.353       0.468       0.512       0.716       0.886       0.911       0.953
    P5               0.193       0.250       0.278       0.432       0.610       0.645       0.710
    RT_INV           0.668       0.725       0.754       0.889       0.975       0.985       0.996
    CONDSLO          0.363       0.475       0.528       0.758       0.925       0.948       0.978
    PREVSLO          0.542       0.630       0.672       0.880       0.986       0.993       0.999
    ERRSLO           0.707       0.779       0.820       0.956       0.997       0.998       1.000


STD Standardization

                  Lower .5%  Lower 2.5%    Lower 5%    Estimate    Upper 5%  Upper 2.5%   Upper .5%

Within Level

 RT_INV   ON
    BLOCK            0.000       0.008       0.000       0.025       0.000       0.041       0.000
    COND_BLOCK       0.000       0.025       0.000       0.048       0.000       0.073       0.000

 Residual Variances
    RT_INV           0.000       0.114       0.000       0.117       0.000       0.119       0.000

Between Level

 ANTAG    BY
    P5               0.492       0.546       0.577       0.740       0.917       0.953       1.025
    P1               0.430       0.496       0.531       0.722       0.930       0.975       1.077
    MANIP            0.549       0.615       0.646       0.821       1.013       1.052       1.132

 CONSTRAI BY
    P2               0.328       0.407       0.448       0.655       0.867       0.904       0.980
    P3               0.279       0.359       0.399       0.602       0.815       0.867       0.967
    P4               0.203       0.282       0.320       0.521       0.731       0.777       0.862
    P1              -0.686      -0.590      -0.545      -0.325      -0.117      -0.081      -0.012

 CONDSLO  ON
    ANTAG            0.085       0.187       0.237       0.483       0.702       0.745       0.854
    CONSTRAINT      -0.533      -0.423      -0.368      -0.068       0.214       0.261       0.357

 PREVSLO  ON
    ANTAG           -0.421      -0.321      -0.275      -0.027       0.227       0.272       0.359
    CONSTRAINT      -0.143      -0.029       0.030       0.322       0.577       0.618       0.696

 ERRSLO   ON
    ANTAG           -0.475      -0.385      -0.327      -0.060       0.212       0.261       0.362
    CONSTRAINT      -0.397      -0.287      -0.233       0.072       0.377       0.440       0.535

 RT_INV   ON
    ANTAG           -0.158      -0.136      -0.125      -0.074      -0.026      -0.015       0.003
    CONSTRAINT      -0.083      -0.064      -0.053       0.002       0.059       0.071       0.096

 CONDSLO  WITH
    RUNSLO          -0.519      -0.421      -0.362      -0.058       0.257       0.311       0.419
    TRIALSLO        -0.723      -0.650      -0.606      -0.357      -0.076      -0.018       0.092
    PREVSLO         -0.611      -0.513      -0.459      -0.150       0.196       0.260       0.377
    ERRSLO          -0.791      -0.699      -0.643      -0.287       0.099       0.171       0.320

 RUNSLO   WITH
    TRIALSLO        -0.376      -0.281      -0.228       0.040       0.309       0.356       0.439
    PREVSLO         -0.540      -0.453      -0.408      -0.125       0.173       0.232       0.335
    ERRSLO          -0.585      -0.486      -0.429      -0.125       0.189       0.247       0.357

 TRIALSLO WITH
    PREVSLO         -0.388      -0.302      -0.254      -0.005       0.247       0.292       0.370
    ERRSLO          -0.342      -0.236      -0.183       0.111       0.394       0.441       0.534

 PREVSLO  WITH
    ERRSLO          -0.159      -0.029       0.041       0.387       0.680       0.722       0.785

 ANTAG    WITH
    CONSTRAINT      -0.113      -0.022       0.026       0.280       0.515       0.553       0.637

 Means
    RUNSLO          -0.473      -0.384      -0.342      -0.107       0.116       0.160       0.242
    TRIALSLO        -0.604      -0.532      -0.496      -0.303      -0.109      -0.076      -0.007

 Intercepts
    MANIP           -0.250      -0.186      -0.151       0.019       0.191       0.224       0.287
    P1              -0.241      -0.175      -0.145       0.019       0.181       0.212       0.268
    P2              -0.244      -0.184      -0.155       0.002       0.160       0.191       0.251
    P3              -0.264      -0.206      -0.176      -0.014       0.146       0.178       0.248
    P4              -0.264      -0.202      -0.170      -0.008       0.156       0.186       0.243
    P5              -0.246      -0.189      -0.156       0.006       0.170       0.204       0.264
    RT_INV          -2.793      -2.777      -2.769      -2.727      -2.684      -2.676      -2.659
    CONDSLO          1.166       1.288       1.361       1.773       2.285       2.407       2.659
    PREVSLO          1.684       1.827       1.910       2.352       2.868       2.976       3.214
    ERRSLO           0.734       0.853       0.916       1.254       1.671       1.759       1.941

 Variances
    ANTAG            1.000       1.000       1.000       1.000       1.000       1.000       1.000
    CONSTRAINT       1.000       1.000       1.000       1.000       1.000       1.000       1.000
    RUNSLO           1.000       1.000       1.000       1.000       1.000       1.000       1.000
    TRIALSLO         1.000       1.000       1.000       1.000       1.000       1.000       1.000

 Residual Variances
    MANIP            0.107       0.196       0.235       0.414       0.612       0.656       0.743
    P1               0.189       0.256       0.293       0.467       0.663       0.707       0.796
    P2               0.063       0.205       0.257       0.469       0.696       0.744       0.842
    P3               0.050       0.340       0.389       0.588       0.816       0.867       0.978
    P4               0.358       0.452       0.493       0.683       0.919       0.966       1.084
    P5               0.205       0.254       0.281       0.419       0.595       0.637       0.718
    RT_INV           0.035       0.038       0.040       0.051       0.066       0.070       0.078
    CONDSLO          0.363       0.475       0.528       0.758       0.925       0.948       0.978
    PREVSLO          0.542       0.630       0.672       0.880       0.986       0.993       0.999
    ERRSLO           0.707       0.779       0.820       0.956       0.997       0.998       1.000


TECHNICAL 1 OUTPUT


     PARAMETER SPECIFICATION FOR WITHIN


           NU
              RT_INV        COND          BLOCK         PREV_RT_      PREV_ERR
              ________      ________      ________      ________      ________
                    0             0             0             0             0


           NU
              TRIAL_Z       RUN_TRIA      COND_BLO
              ________      ________      ________
                    0             0             0


           LAMBDA
              RT_INV        COND          BLOCK         PREV_RT_      PREV_ERR
              ________      ________      ________      ________      ________
 RT_INV             0             0             0             0             0
 COND               0             0             0             0             0
 BLOCK              0             0             0             0             0
 PREV_RT_           0             0             0             0             0
 PREV_ERR           0             0             0             0             0
 TRIAL_Z            0             0             0             0             0
 RUN_TRIA           0             0             0             0             0
 COND_BLO           0             0             0             0             0


           LAMBDA
              TRIAL_Z       RUN_TRIA      COND_BLO
              ________      ________      ________
 RT_INV             0             0             0
 COND               0             0             0
 BLOCK              0             0             0
 PREV_RT_           0             0             0
 PREV_ERR           0             0             0
 TRIAL_Z            0             0             0
 RUN_TRIA           0             0             0
 COND_BLO           0             0             0


           THETA
              RT_INV        COND          BLOCK         PREV_RT_      PREV_ERR
              ________      ________      ________      ________      ________
 RT_INV             0
 COND               0             0
 BLOCK              0             0             0
 PREV_RT_           0             0             0             0
 PREV_ERR           0             0             0             0             0
 TRIAL_Z            0             0             0             0             0
 RUN_TRIA           0             0             0             0             0
 COND_BLO           0             0             0             0             0


           THETA
              TRIAL_Z       RUN_TRIA      COND_BLO
              ________      ________      ________
 TRIAL_Z            0
 RUN_TRIA           0             0
 COND_BLO           0             0             0


           ALPHA
              RT_INV        COND          BLOCK         PREV_RT_      PREV_ERR
              ________      ________      ________      ________      ________
                    0             0             0             0             0


           ALPHA
              TRIAL_Z       RUN_TRIA      COND_BLO
              ________      ________      ________
                    0             0             0


           BETA
              RT_INV        COND          BLOCK         PREV_RT_      PREV_ERR
              ________      ________      ________      ________      ________
 RT_INV             0             0             1             0             0
 COND               0             0             0             0             0
 BLOCK              0             0             0             0             0
 PREV_RT_           0             0             0             0             0
 PREV_ERR           0             0             0             0             0
 TRIAL_Z            0             0             0             0             0
 RUN_TRIA           0             0             0             0             0
 COND_BLO           0             0             0             0             0


           BETA
              TRIAL_Z       RUN_TRIA      COND_BLO
              ________      ________      ________
 RT_INV             0             0             2
 COND               0             0             0
 BLOCK              0             0             0
 PREV_RT_           0             0             0
 PREV_ERR           0             0             0
 TRIAL_Z            0             0             0
 RUN_TRIA           0             0             0
 COND_BLO           0             0             0


           PSI
              RT_INV        COND          BLOCK         PREV_RT_      PREV_ERR
              ________      ________      ________      ________      ________
 RT_INV             3
 COND               0             0
 BLOCK              0             0             0
 PREV_RT_           0             0             0             0
 PREV_ERR           0             0             0             0             0
 TRIAL_Z            0             0             0             0             0
 RUN_TRIA           0             0             0             0             0
 COND_BLO           0             0             0             0             0


           PSI
              TRIAL_Z       RUN_TRIA      COND_BLO
              ________      ________      ________
 TRIAL_Z            0
 RUN_TRIA           0             0
 COND_BLO           0             0             0


     PARAMETER SPECIFICATION FOR BETWEEN


           NU
              MANIP         P1            P2            P3            P4
              ________      ________      ________      ________      ________
                    4             5             6             7             8


           NU
              P5            RT_INV
              ________      ________
                    9             0


           LAMBDA
              ANTAG         CONSTRAI      CONDSLO       PREVSLO       ERRSLO
              ________      ________      ________      ________      ________
 MANIP             10             0             0             0             0
 P1                11            12             0             0             0
 P2                 0            13             0             0             0
 P3                 0            14             0             0             0
 P4                 0            15             0             0             0
 P5                16             0             0             0             0
 RT_INV             0             0             0             0             0


           LAMBDA
              RUNSLO        TRIALSLO      RT_INV
              ________      ________      ________
 MANIP              0             0             0
 P1                 0             0             0
 P2                 0             0             0
 P3                 0             0             0
 P4                 0             0             0
 P5                 0             0             0
 RT_INV             0             0             0


           THETA
              MANIP         P1            P2            P3            P4
              ________      ________      ________      ________      ________
 MANIP             17
 P1                 0            18
 P2                 0             0            19
 P3                 0             0             0            20
 P4                 0             0             0             0            21
 P5                 0             0             0             0             0
 RT_INV             0             0             0             0             0


           THETA
              P5            RT_INV
              ________      ________
 P5                22
 RT_INV             0             0


           ALPHA
              ANTAG         CONSTRAI      CONDSLO       PREVSLO       ERRSLO
              ________      ________      ________      ________      ________
                    0             0            23            24            25


           ALPHA
              RUNSLO        TRIALSLO      RT_INV
              ________      ________      ________
                   26            27            28


           BETA
              ANTAG         CONSTRAI      CONDSLO       PREVSLO       ERRSLO
              ________      ________      ________      ________      ________
 ANTAG              0             0             0             0             0
 CONSTRAI           0             0             0             0             0
 CONDSLO           29            30             0             0             0
 PREVSLO           31            32             0             0             0
 ERRSLO            33            34             0             0             0
 RUNSLO             0             0             0             0             0
 TRIALSLO           0             0             0             0             0
 RT_INV            35            36             0             0             0


           BETA
              RUNSLO        TRIALSLO      RT_INV
              ________      ________      ________
 ANTAG              0             0             0
 CONSTRAI           0             0             0
 CONDSLO            0             0             0
 PREVSLO            0             0             0
 ERRSLO             0             0             0
 RUNSLO             0             0             0
 TRIALSLO           0             0             0
 RT_INV             0             0             0


           PSI
              ANTAG         CONSTRAI      CONDSLO       PREVSLO       ERRSLO
              ________      ________      ________      ________      ________
 ANTAG              0
 CONSTRAI          37             0
 CONDSLO            0             0            38
 PREVSLO            0             0            39            40
 ERRSLO             0             0            41            42            43
 RUNSLO             0             0            44            45            46
 TRIALSLO           0             0            48            49            50
 RT_INV             0             0             0             0             0


           PSI
              RUNSLO        TRIALSLO      RT_INV
              ________      ________      ________
 RUNSLO            47
 TRIALSLO          51            52
 RT_INV             0             0            53


     PARAMETER SPECIFICATION FOR THE ADDITIONAL PARAMETERS


           NEW/ADDITIONAL PARAMETERS
              RT_I_LOA      RT_I_MIA      RT_I_HIA      RT_I_LOC      RT_I_MIC
              ________      ________      ________      ________      ________
                   54            55            56            57            58


           NEW/ADDITIONAL PARAMETERS
              RT_I_HIC      RT_C_LOA      RT_C_MIA      RT_C_HIA      RT_C_LOC
              ________      ________      ________      ________      ________
                   59            60            61            62            63


           NEW/ADDITIONAL PARAMETERS
              RT_C_MIC      RT_C_HIC      TLO           TMI           THI
              ________      ________      ________      ________      ________
                   64            65            66            67            68


     STARTING VALUES FOR WITHIN


           NU
              RT_INV        COND          BLOCK         PREV_RT_      PREV_ERR
              ________      ________      ________      ________      ________
                0.000         0.000         0.000         0.000         0.000


           NU
              TRIAL_Z       RUN_TRIA      COND_BLO
              ________      ________      ________
                0.000         0.000         0.000


           LAMBDA
              RT_INV        COND          BLOCK         PREV_RT_      PREV_ERR
              ________      ________      ________      ________      ________
 RT_INV         1.000         0.000         0.000         0.000         0.000
 COND           0.000         1.000         0.000         0.000         0.000
 BLOCK          0.000         0.000         1.000         0.000         0.000
 PREV_RT_       0.000         0.000         0.000         1.000         0.000
 PREV_ERR       0.000         0.000         0.000         0.000         1.000
 TRIAL_Z        0.000         0.000         0.000         0.000         0.000
 RUN_TRIA       0.000         0.000         0.000         0.000         0.000
 COND_BLO       0.000         0.000         0.000         0.000         0.000


           LAMBDA
              TRIAL_Z       RUN_TRIA      COND_BLO
              ________      ________      ________
 RT_INV         0.000         0.000         0.000
 COND           0.000         0.000         0.000
 BLOCK          0.000         0.000         0.000
 PREV_RT_       0.000         0.000         0.000
 PREV_ERR       0.000         0.000         0.000
 TRIAL_Z        1.000         0.000         0.000
 RUN_TRIA       0.000         1.000         0.000
 COND_BLO       0.000         0.000         1.000


           THETA
              RT_INV        COND          BLOCK         PREV_RT_      PREV_ERR
              ________      ________      ________      ________      ________
 RT_INV         0.000
 COND           0.000         0.000
 BLOCK          0.000         0.000         0.000
 PREV_RT_       0.000         0.000         0.000         0.000
 PREV_ERR       0.000         0.000         0.000         0.000         0.000
 TRIAL_Z        0.000         0.000         0.000         0.000         0.000
 RUN_TRIA       0.000         0.000         0.000         0.000         0.000
 COND_BLO       0.000         0.000         0.000         0.000         0.000


           THETA
              TRIAL_Z       RUN_TRIA      COND_BLO
              ________      ________      ________
 TRIAL_Z        0.000
 RUN_TRIA       0.000         0.000
 COND_BLO       0.000         0.000         0.000


           ALPHA
              RT_INV        COND          BLOCK         PREV_RT_      PREV_ERR
              ________      ________      ________      ________      ________
                0.000         0.000         0.000         0.000         0.000


           ALPHA
              TRIAL_Z       RUN_TRIA      COND_BLO
              ________      ________      ________
                0.000         0.000         0.000


           BETA
              RT_INV        COND          BLOCK         PREV_RT_      PREV_ERR
              ________      ________      ________      ________      ________
 RT_INV         0.000         0.000         0.000         0.000         0.000
 COND           0.000         0.000         0.000         0.000         0.000
 BLOCK          0.000         0.000         0.000         0.000         0.000
 PREV_RT_       0.000         0.000         0.000         0.000         0.000
 PREV_ERR       0.000         0.000         0.000         0.000         0.000
 TRIAL_Z        0.000         0.000         0.000         0.000         0.000
 RUN_TRIA       0.000         0.000         0.000         0.000         0.000
 COND_BLO       0.000         0.000         0.000         0.000         0.000


           BETA
              TRIAL_Z       RUN_TRIA      COND_BLO
              ________      ________      ________
 RT_INV         0.000         0.000         0.000
 COND           0.000         0.000         0.000
 BLOCK          0.000         0.000         0.000
 PREV_RT_       0.000         0.000         0.000
 PREV_ERR       0.000         0.000         0.000
 TRIAL_Z        0.000         0.000         0.000
 RUN_TRIA       0.000         0.000         0.000
 COND_BLO       0.000         0.000         0.000


           PSI
              RT_INV        COND          BLOCK         PREV_RT_      PREV_ERR
              ________      ________      ________      ________      ________
 RT_INV         0.113
 COND           0.000         0.125
 BLOCK          0.000         0.000         0.125
 PREV_RT_       0.000         0.000         0.000         0.489
 PREV_ERR       0.000         0.000         0.000         0.000         0.017
 TRIAL_Z        0.000         0.000         0.000         0.000         0.000
 RUN_TRIA       0.000         0.000         0.000         0.000         0.000
 COND_BLO       0.000         0.000         0.000         0.000         0.000


           PSI
              TRIAL_Z       RUN_TRIA      COND_BLO
              ________      ________      ________
 TRIAL_Z        0.497
 RUN_TRIA       0.000         0.464
 COND_BLO       0.000         0.000         0.064


     STARTING VALUES FOR BETWEEN


           NU
              MANIP         P1            P2            P3            P4
              ________      ________      ________      ________      ________
                0.015         0.014         0.004        -0.014        -0.008


           NU
              P5            RT_INV
              ________      ________
                0.003         0.000


           LAMBDA
              ANTAG         CONSTRAI      CONDSLO       PREVSLO       ERRSLO
              ________      ________      ________      ________      ________
 MANIP          1.000         0.000         0.000         0.000         0.000
 P1             1.000         1.000         0.000         0.000         0.000
 P2             0.000         1.000         0.000         0.000         0.000
 P3             0.000         1.000         0.000         0.000         0.000
 P4             0.000         1.000         0.000         0.000         0.000
 P5             1.000         0.000         0.000         0.000         0.000
 RT_INV         0.000         0.000         0.000         0.000         0.000


           LAMBDA
              RUNSLO        TRIALSLO      RT_INV
              ________      ________      ________
 MANIP          0.000         0.000         0.000
 P1             0.000         0.000         0.000
 P2             0.000         0.000         0.000
 P3             0.000         0.000         0.000
 P4             0.000         0.000         0.000
 P5             0.000         0.000         0.000
 RT_INV         0.000         0.000         1.000


           THETA
              MANIP         P1            P2            P3            P4
              ________      ________      ________      ________      ________
 MANIP          0.500
 P1             0.000         0.441
 P2             0.000         0.000         0.417
 P3             0.000         0.000         0.000         0.442
 P4             0.000         0.000         0.000         0.000         0.452
 P5             0.000         0.000         0.000         0.000         0.000
 RT_INV         0.000         0.000         0.000         0.000         0.000


           THETA
              P5            RT_INV
              ________      ________
 P5             0.444
 RT_INV         0.000         0.000


           ALPHA
              ANTAG         CONSTRAI      CONDSLO       PREVSLO       ERRSLO
              ________      ________      ________      ________      ________
                0.000         0.000         0.000         0.000         0.000


           ALPHA
              RUNSLO        TRIALSLO      RT_INV
              ________      ________      ________
                0.000         0.000        -2.643


           BETA
              ANTAG         CONSTRAI      CONDSLO       PREVSLO       ERRSLO
              ________      ________      ________      ________      ________
 ANTAG          0.000         0.000         0.000         0.000         0.000
 CONSTRAI       0.000         0.000         0.000         0.000         0.000
 CONDSLO        0.000         0.000         0.000         0.000         0.000
 PREVSLO        0.000         0.000         0.000         0.000         0.000
 ERRSLO         0.000         0.000         0.000         0.000         0.000
 RUNSLO         0.000         0.000         0.000         0.000         0.000
 TRIALSLO       0.000         0.000         0.000         0.000         0.000
 RT_INV         0.000         0.000         0.000         0.000         0.000


           BETA
              RUNSLO        TRIALSLO      RT_INV
              ________      ________      ________
 ANTAG          0.000         0.000         0.000
 CONSTRAI       0.000         0.000         0.000
 CONDSLO        0.000         0.000         0.000
 PREVSLO        0.000         0.000         0.000
 ERRSLO         0.000         0.000         0.000
 RUNSLO         0.000         0.000         0.000
 TRIALSLO       0.000         0.000         0.000
 RT_INV         0.000         0.000         0.000


           PSI
              ANTAG         CONSTRAI      CONDSLO       PREVSLO       ERRSLO
              ________      ________      ________      ________      ________
 ANTAG          1.000
 CONSTRAI       0.000         1.000
 CONDSLO        0.000         0.000         1.000
 PREVSLO        0.000         0.000         0.000         1.000
 ERRSLO         0.000         0.000         0.000         0.000         1.000
 RUNSLO         0.000         0.000         0.000         0.000         0.000
 TRIALSLO       0.000         0.000         0.000         0.000         0.000
 RT_INV         0.000         0.000         0.000         0.000         0.000


           PSI
              RUNSLO        TRIALSLO      RT_INV
              ________      ________      ________
 RUNSLO         1.000
 TRIALSLO       0.000         1.000
 RT_INV         0.000         0.000         0.113


     STARTING VALUES FOR THE ADDITIONAL PARAMETERS


           NEW/ADDITIONAL PARAMETERS
              RT_I_LOA      RT_I_MIA      RT_I_HIA      RT_I_LOC      RT_I_MIC
              ________      ________      ________      ________      ________
                0.500         0.500         0.500         0.500         0.500


           NEW/ADDITIONAL PARAMETERS
              RT_I_HIC      RT_C_LOA      RT_C_MIA      RT_C_HIA      RT_C_LOC
              ________      ________      ________      ________      ________
                0.500         0.500         0.500         0.500         0.500


           NEW/ADDITIONAL PARAMETERS
              RT_C_MIC      RT_C_HIC      TLO           TMI           THI
              ________      ________      ________      ________      ________
                0.500         0.500         0.500         0.500         0.500



     PRIORS FOR ALL PARAMETERS            PRIOR MEAN      PRIOR VARIANCE     PRIOR STD. DEV.

     Parameter 1~N(0.000,infinity)           0.0000            infinity            infinity
     Parameter 2~N(0.000,infinity)           0.0000            infinity            infinity
     Parameter 3~IG(-1.000,0.000)          infinity            infinity            infinity
     Parameter 4~N(0.000,infinity)           0.0000            infinity            infinity
     Parameter 5~N(0.000,infinity)           0.0000            infinity            infinity
     Parameter 6~N(0.000,infinity)           0.0000            infinity            infinity
     Parameter 7~N(0.000,infinity)           0.0000            infinity            infinity
     Parameter 8~N(0.000,infinity)           0.0000            infinity            infinity
     Parameter 9~N(0.000,infinity)           0.0000            infinity            infinity
     Parameter 10~N(0.000,infinity)          0.0000            infinity            infinity
     Parameter 11~N(0.000,infinity)          0.0000            infinity            infinity
     Parameter 12~N(0.000,infinity)          0.0000            infinity            infinity
     Parameter 13~N(0.000,infinity)          0.0000            infinity            infinity
     Parameter 14~N(0.000,infinity)          0.0000            infinity            infinity
     Parameter 15~N(0.000,infinity)          0.0000            infinity            infinity
     Parameter 16~N(0.000,infinity)          0.0000            infinity            infinity
     Parameter 17~IG(-1.000,0.000)         infinity            infinity            infinity
     Parameter 18~IG(-1.000,0.000)         infinity            infinity            infinity
     Parameter 19~IG(-1.000,0.000)         infinity            infinity            infinity
     Parameter 20~IG(-1.000,0.000)         infinity            infinity            infinity
     Parameter 21~IG(-1.000,0.000)         infinity            infinity            infinity
     Parameter 22~IG(-1.000,0.000)         infinity            infinity            infinity
     Parameter 23~N(0.000,infinity)          0.0000            infinity            infinity
     Parameter 24~N(0.000,infinity)          0.0000            infinity            infinity
     Parameter 25~N(0.000,infinity)          0.0000            infinity            infinity
     Parameter 26~N(0.000,infinity)          0.0000            infinity            infinity
     Parameter 27~N(0.000,infinity)          0.0000            infinity            infinity
     Parameter 28~N(0.000,infinity)          0.0000            infinity            infinity
     Parameter 29~N(0.000,infinity)          0.0000            infinity            infinity
     Parameter 30~N(0.000,infinity)          0.0000            infinity            infinity
     Parameter 31~N(0.000,infinity)          0.0000            infinity            infinity
     Parameter 32~N(0.000,infinity)          0.0000            infinity            infinity
     Parameter 33~N(0.000,infinity)          0.0000            infinity            infinity
     Parameter 34~N(0.000,infinity)          0.0000            infinity            infinity
     Parameter 35~N(0.000,infinity)          0.0000            infinity            infinity
     Parameter 36~N(0.000,infinity)          0.0000            infinity            infinity
     Parameter 37~IW(0.000,-3)
     Parameter 38~IW(0.000,-6)             infinity            infinity            infinity
     Parameter 39~IW(0.000,-6)             infinity            infinity            infinity
     Parameter 40~IW(0.000,-6)             infinity            infinity            infinity
     Parameter 41~IW(0.000,-6)             infinity            infinity            infinity
     Parameter 42~IW(0.000,-6)             infinity            infinity            infinity
     Parameter 43~IW(0.000,-6)             infinity            infinity            infinity
     Parameter 44~IW(0.000,-6)             infinity            infinity            infinity
     Parameter 45~IW(0.000,-6)             infinity            infinity            infinity
     Parameter 46~IW(0.000,-6)             infinity            infinity            infinity
     Parameter 47~IW(0.000,-6)             infinity            infinity            infinity
     Parameter 48~IW(0.000,-6)             infinity            infinity            infinity
     Parameter 49~IW(0.000,-6)             infinity            infinity            infinity
     Parameter 50~IW(0.000,-6)             infinity            infinity            infinity
     Parameter 51~IW(0.000,-6)             infinity            infinity            infinity
     Parameter 52~IW(0.000,-6)             infinity            infinity            infinity
     Parameter 53~IG(-1.000,0.000)         infinity            infinity            infinity


TECHNICAL 8 OUTPUT


   TECHNICAL 8 OUTPUT FOR BAYES ESTIMATION

     CHAIN    BSEED
     1        0
     2        285380
     3        253358
     4        93468

                     POTENTIAL       PARAMETER WITH
     ITERATION    SCALE REDUCTION      HIGHEST PSR
     100              1.219               31
     200              1.224               19
     300              1.115               34
     400              1.064               2
     500              1.082               15
     600              1.071               16
     700              1.072               18
     800              1.067               18
     900              1.043               18
     1000             1.023               18
     1100             1.028               43
     1200             1.030               43
     1300             1.026               43
     1400             1.025               17
     1500             1.018               17
     1600             1.029               17
     1700             1.025               17
     1800             1.026               17
     1900             1.035               17
     2000             1.041               17
     2100             1.024               17
     2200             1.025               29
     2300             1.023               11
     2400             1.017               11
     2500             1.019               34
     2600             1.017               34
     2700             1.016               34
     2800             1.015               34
     2900             1.013               34
     3000             1.007               34
     3100             1.008               22
     3200             1.009               34
     3300             1.007               2
     3400             1.005               17
     3500             1.007               22
     3600             1.008               17
     3700             1.008               17
     3800             1.013               17
     3900             1.012               17
     4000             1.012               17
     4100             1.014               17
     4200             1.011               17
     4300             1.010               16
     4400             1.009               16
     4500             1.011               16
     4600             1.011               43
     4700             1.013               43
     4800             1.013               43
     4900             1.015               43
     5000             1.016               43
     5100             1.017               43
     5200             1.018               43
     5300             1.021               43
     5400             1.021               43
     5500             1.020               43
     5600             1.016               43
     5700             1.012               43
     5800             1.010               30
     5900             1.012               30
     6000             1.010               30
     6100             1.010               43
     6200             1.010               43
     6300             1.009               43
     6400             1.010               43
     6500             1.010               43
     6600             1.012               43
     6700             1.009               43
     6800             1.009               43
     6900             1.009               30
     7000             1.008               30
     7100             1.008               30
     7200             1.009               30
     7300             1.010               30
     7400             1.009               30
     7500             1.010               30
     7600             1.009               30
     7700             1.007               30
     7800             1.006               30
     7900             1.006               30
     8000             1.005               30
     8100             1.005               30
     8200             1.006               30
     8300             1.005               30
     8400             1.004               30
     8500             1.004               30
     8600             1.004               30
     8700             1.003               30
     8800             1.003               30
     8900             1.003               30
     9000             1.004               30
     9100             1.006               30
     9200             1.006               30
     9300             1.006               30
     9400             1.005               30
     9500             1.005               30
     9600             1.006               30
     9700             1.006               30
     9800             1.005               30
     9900             1.005               30
     10000            1.004               30
     10100            1.003               30
     10200            1.003               30
     10300            1.003               30
     10400            1.004               30
     10500            1.004               30
     10600            1.004               30
     10700            1.004               30
     10800            1.004               30
     10900            1.003               30
     11000            1.003               30
     11100            1.002               30
     11200            1.002               30
     11300            1.002               30
     11400            1.001               30
     11500            1.001               15
     11600            1.001               15
     11700            1.002               13
     11800            1.002               15
     11900            1.002               13
     12000            1.002               13
     12100            1.003               13
     12200            1.003               13
     12300            1.002               13
     12400            1.002               30
     12500            1.002               13
     12600            1.003               30
     12700            1.003               30
     12800            1.002               13
     12900            1.002               30
     13000            1.003               30
     13100            1.004               30
     13200            1.003               30
     13300            1.003               30
     13400            1.003               30
     13500            1.003               30
     13600            1.003               30
     13700            1.003               30
     13800            1.003               30
     13900            1.003               30
     14000            1.003               30
     14100            1.003               30
     14200            1.002               30
     14300            1.002               30
     14400            1.002               30
     14500            1.001               30
     14600            1.001               30
     14700            1.001               30
     14800            1.001               30
     14900            1.001               30
     15000            1.002               30


PLOT INFORMATION

The following plots are available:

  Bayesian posterior parameter distributions
  Bayesian posterior parameter trace plots
  Bayesian autocorrelation plots

     Beginning Time:  17:30:20
        Ending Time:  17:39:21
       Elapsed Time:  00:09:01



MUTHEN & MUTHEN
3463 Stoner Ave.
Los Angeles, CA  90066

Tel: (310) 391-9971
Fax: (310) 391-8971
Web: www.StatModel.com
Support: Support@StatModel.com

Copyright (c) 1998-2019 Muthen & Muthen
