Mplus VERSION 8.4 (Mac)
MUTHEN & MUTHEN
05/29/2020   3:45 PM

INPUT INSTRUCTIONS

  TITLE:
  Antagonism and Disinhibition BSEM CFA 3+3 Parcels, Flanker RT
  DATA:
  FILE = "AC_flanker_msem_parcel.dat";

  VARIABLE:
  NAMES = id rt cond block trial trial_z rt_inv run_trial run_trial_z prev_rt
       prev_error prev_rt_z MPS_agR AGG MISTRUST MPS_alR MANIP PROPER MPS_clR IMPUL
       MPS_tdR MPS_acR HDWK;
   MISSING=.;

      WITHIN = cond block cond_block prev_rt_z prev_error trial_z run_trial_z;
      USEVARIABLES = id rt_inv cond block prev_rt_z
        prev_error trial_z run_trial_z
        MANIP p1 p2 p3 p4 p5 cond_block;
      BETWEEN = MANIP p1 p2 p3 p4 p5;
      CLUSTER = id;

  DEFINE:

      p1=MEAN(MISTRUST MPS_alR);
      p2=MEAN(PROPER MPS_tdR);
      p3=MEAN(MPS_clR IMPUL);
      p4=MEAN(MPS_acR HDWK);
      p5=MEAN(MPS_agR AGG);
      cond = cond - 1; ! 0=congruent, 1=incongruent
      block = block - 1; ! 0=most_incon, 1=most_con
      cond_block = cond*block; ! 1=most_con, incongruent

  ANALYSIS:

      TYPE=TWOLEVEL RANDOM;
      ESTIMATOR=BAYES;
      BITERATIONS=(15000);
      CHAINS=2;
      PROCESSORS=4;

  MODEL:


    %WITHIN%
      rt_inv ON block cond_block;
      condslo | rt_inv ON cond;        !random slope of cond
      prevslo | rt_inv ON prev_rt_z;   !random slope of rt autocorrelation
      errslo | rt_inv ON prev_error;   !random slope of previous error
      runslo | rt_inv ON run_trial_z;  !random slope of run_trial
      trialslo | rt_inv ON trial_z;    !random slope of trial


    %BETWEEN%
      !means of random slopes
      [condslo];
      [runslo];
      [trialslo];
      [prevslo];
      [errslo];

      !variances of random slopes
      condslo;
      runslo;
      trialslo;
      prevslo;
      errslo;

      !slope correlations
      condslo runslo trialslo prevslo errslo WITH
         condslo runslo trialslo prevslo errslo;

      [rt_inv]; !mean average inverse RT

      !TRAIT MODEL

      antag BY p5 ! MPS_agR AGG
        p1        ! MISTRUST MPS_alR
        MANIP;

      inhib BY
        p2  !PROPER MPS_tdR
        p3  !MPS_clR IMPUL
        p4; !MPS_acR HDWK;

      antag WITH inhib;

      !TRAIT MODERATION

      ! trait moderates flanker performance -- incongruency effect and stickiness of RT
      condslo ON antag inhib;
      prevslo ON antag inhib;

      !errslo ON antag inhib; !highly non-significant

      !N.B. Leaving out the association of antag with rt_inv
      !omits a hugely important relationship.
      !Thus, allow antag as a predictor of average (person) RT
      rt_inv ON antag inhib;

  OUTPUT:

      TECH1 TECH8 STANDARDIZED CINTERVAL;

  PLOT:
  TYPE = PLOT2;



*** WARNING in VARIABLE command
  Note that only the first 8 characters of variable names are used in the output.
  Shorten variable names to avoid any confusion.
*** WARNING in PLOT command
  Note that only the first 8 characters of variable names are used in plots.
  If variable names are not unique within the first 8 characters, problems
  may occur.
*** WARNING
  One or more individual-level variables have no variation within a
  cluster for the following clusters.

     Variable   Cluster IDs with no within-cluster variation

      PREV_ERR    90 15 11 114 13 5 52 6 106 66 86 20 107 91 93 95

*** WARNING
  Data set contains cases with missing on x-variables.
  These cases were not included in the analysis.
  Number of cases with missing on x-variables:  496
   4 WARNING(S) FOUND IN THE INPUT INSTRUCTIONS




Antagonism and Disinhibition BSEM CFA 3+3 Parcels, Flanker RT

SUMMARY OF ANALYSIS

Number of groups                                                 1
Number of observations                                       15504

Number of dependent variables                                    7
Number of independent variables                                  7
Number of continuous latent variables                            7

Observed dependent variables

  Continuous
   MANIP       P1          P2          P3          P4          P5
   RT_INV

Observed independent variables
   COND        BLOCK       PREV_RT_    PREV_ERR    TRIAL_Z     RUN_TRIA
   COND_BLO

Continuous latent variables
   ANTAG       INHIB       CONDSLO     PREVSLO     ERRSLO      RUNSLO
   TRIALSLO

Variables with special functions

  Cluster variable      ID

  Within variables
   COND        BLOCK       PREV_RT_    PREV_ERR    TRIAL_Z     RUN_TRIA
   COND_BLO

  Between variables
   MANIP       P1          P2          P3          P4          P5


Estimator                                                    BAYES
Specifications for Bayesian Estimation
  Point estimate                                            MEDIAN
  Number of Markov chain Monte Carlo (MCMC) chains               2
  Random seed for the first chain                                0
  Starting value information                           UNPERTURBED
  Algorithm used for Markov chain Monte Carlo           GIBBS(PX1)
  Convergence criterion                                  0.500D-01
  Maximum number of iterations                               50000
  K-th iteration used for thinning                               1

Input data file(s)
  AC_flanker_msem_parcel.dat
Input data format  FREE


SUMMARY OF DATA

     Number of clusters                        100

       Size (s)    Cluster ID with Size s

        137        62
        144        92
        146        36
        150        73 45
        151        35
        152        110
        153        42 90 65
        154        24 109 89 46 15
        155        113 14 102 18 21 57 58 22 105 68 27 32 33 34 99
        156        25 26 11 28 29 3 30 31 1 111 112 103 114 37 4 40 41
                   12 43 13 104 49 5 50 52 53 54 56 10 16 59 6 60 61 17
                   63 64 106 66 67 19 69 70 71 72 2 74 75 76 77 78 79 8
                   81 84 86 87 88 20 9 107 91 108 93 94 95 96 97 98 101



COVARIANCE COVERAGE OF DATA

Minimum covariance coverage value   0.100

     Number of missing data patterns             2


     PROPORTION OF DATA PRESENT


           Covariance Coverage
              MANIP         P1            P2            P3            P4
              ________      ________      ________      ________      ________
 MANIP          1.000
 P1             1.000         1.000
 P2             1.000         1.000         1.000
 P3             1.000         1.000         1.000         1.000
 P4             1.000         1.000         1.000         1.000         1.000
 P5             1.000         1.000         1.000         1.000         1.000
 RT_INV         0.951         0.951         0.951         0.951         0.951
 COND           1.000         1.000         1.000         1.000         1.000
 BLOCK          1.000         1.000         1.000         1.000         1.000
 PREV_RT_       1.000         1.000         1.000         1.000         1.000
 PREV_ERR       1.000         1.000         1.000         1.000         1.000
 TRIAL_Z        1.000         1.000         1.000         1.000         1.000
 RUN_TRIA       1.000         1.000         1.000         1.000         1.000
 COND_BLO       1.000         1.000         1.000         1.000         1.000


           Covariance Coverage
              P5            RT_INV        COND          BLOCK         PREV_RT_
              ________      ________      ________      ________      ________
 P5             1.000
 RT_INV         0.951         0.951
 COND           1.000         0.951         1.000
 BLOCK          1.000         0.951         1.000         1.000
 PREV_RT_       1.000         0.951         1.000         1.000         1.000
 PREV_ERR       1.000         0.951         1.000         1.000         1.000
 TRIAL_Z        1.000         0.951         1.000         1.000         1.000
 RUN_TRIA       1.000         0.951         1.000         1.000         1.000
 COND_BLO       1.000         0.951         1.000         1.000         1.000


           Covariance Coverage
              PREV_ERR      TRIAL_Z       RUN_TRIA      COND_BLO
              ________      ________      ________      ________
 PREV_ERR       1.000
 TRIAL_Z        1.000         1.000
 RUN_TRIA       1.000         1.000         1.000
 COND_BLO       1.000         1.000         1.000         1.000



UNIVARIATE SAMPLE STATISTICS


     UNIVARIATE HIGHER-ORDER MOMENT DESCRIPTIVE STATISTICS

         Variable/         Mean/     Skewness/   Minimum/ % with                Percentiles
        Sample Size      Variance    Kurtosis    Maximum  Min/Max      20%/60%    40%/80%    Median

     MANIP                 0.020       0.065      -1.701    7.00%      -0.898     -0.095      0.172
             100.000       1.006      -0.475       2.849    1.00%       0.440      0.708
     P1                    0.018       1.093      -1.197    5.00%      -0.819     -0.370     -0.108
             100.000       0.886       1.171       3.011    1.00%       0.078      0.645
     P2                   -0.005      -0.135      -2.240    1.00%      -0.857     -0.225      0.051
             100.000       0.833      -0.639       1.749    1.00%       0.286      0.762
     P3                    0.012      -0.902      -2.672    1.00%      -0.788     -0.027      0.231
             100.000       0.887       0.345       1.396    1.00%       0.371      0.817
     P4                    0.006       0.027      -1.799    1.00%      -0.946     -0.304      0.023
             100.000       0.902      -1.019       1.783    1.00%       0.313      0.795
     P5                    0.007       1.054      -1.149    7.00%      -0.845     -0.463     -0.199
             100.000       0.897       0.848       3.259    1.00%       0.065      0.752
     RT_INV               -2.643       0.102      -4.000    0.03%      -3.030     -2.762     -2.646
           14751.000       0.225       0.183      -1.031    0.01%      -2.532     -2.268
     COND                  0.502      -0.007       0.000   49.82%       0.000      0.000      1.000
           15504.000       0.250      -2.000       1.000   50.18%       1.000      1.000
     BLOCK                 0.499       0.003       0.000   50.08%       0.000      0.000      0.000
           15504.000       0.250      -2.000       1.000   49.92%       1.000      1.000
     PREV_RT_Z            -0.020       1.617      -2.625    0.01%      -0.751     -0.367     -0.187
           15504.000       0.979       4.909       6.508    0.01%       0.017      0.559
     PREV_ERROR            0.035       5.048       0.000   96.48%       0.000      0.000      0.000
           15504.000       0.034      23.484       1.000    3.52%       0.000      0.000
     TRIAL_Z               0.009       0.002      -1.700    0.63%      -1.028     -0.336     -0.011
           15504.000       0.995      -1.205       1.721    0.63%       0.357      1.050
     RUN_TRIAL_Z           0.043      -0.001      -1.582    2.56%      -0.984     -0.299      0.043
           15504.000       0.927      -1.202       1.668    2.57%       0.385      1.069
     COND_BLOCK            0.151       1.954       0.000   84.95%       0.000      0.000      0.000
           15504.000       0.128       1.820       1.000   15.05%       0.000      0.000


THE MODEL ESTIMATION TERMINATED NORMALLY

     USE THE FBITERATIONS OPTION TO INCREASE THE NUMBER OF ITERATIONS BY A FACTOR
     OF AT LEAST TWO TO CHECK CONVERGENCE AND THAT THE PSR VALUE DOES NOT INCREASE.



MODEL FIT INFORMATION

Number of Free Parameters                              50

Information Criteria

          Deviance (DIC)                        12063.725
          Estimated Number of Parameters (pD)     413.040



MODEL RESULTS

                                Posterior  One-Tailed         95% C.I.
                    Estimate       S.D.      P-Value   Lower 2.5%  Upper 2.5%  Significance

Within Level

 RT_INV     ON
    BLOCK              0.024       0.009      0.003       0.007       0.041      *
    COND_BLOCK         0.050       0.012      0.000       0.025       0.074      *

 Residual Variances
    RT_INV             0.117       0.001      0.000       0.114       0.119      *

Between Level

 ANTAG    BY
    P5                 1.000       0.000      0.000       1.000       1.000
    P1                 0.875       0.201      0.000       0.564       1.337      *
    MANIP              1.206       0.223      0.000       0.864       1.728      *

 INHIB    BY
    P2                 1.000       0.000      0.000       1.000       1.000
    P3                 0.912       0.526      0.000       0.454       2.263      *
    P4                 0.755       0.359      0.000       0.353       1.692      *

 CONDSLO    ON
    ANTAG              0.044       0.016      0.001       0.015       0.079      *
    INHIB             -0.005       0.020      0.386      -0.039       0.038

 PREVSLO    ON
    ANTAG             -0.002       0.012      0.423      -0.025       0.021
    INHIB             -0.028       0.017      0.023      -0.067       0.000      *

 RT_INV     ON
    ANTAG             -0.098       0.046      0.011      -0.196      -0.015      *
    INHIB              0.024       0.060      0.311      -0.100       0.133

 CONDSLO  WITH
    RUNSLO             0.000       0.000      0.397      -0.001       0.001
    TRIALSLO          -0.001       0.001      0.017      -0.002       0.000      *
    PREVSLO            0.000       0.001      0.214      -0.002       0.001
    ERRSLO            -0.003       0.003      0.104      -0.009       0.002

 RUNSLO   WITH
    TRIALSLO           0.000       0.000      0.387      -0.001       0.001
    PREVSLO            0.000       0.000      0.258      -0.001       0.000
    ERRSLO            -0.001       0.001      0.266      -0.003       0.002

 TRIALSLO WITH
    PREVSLO            0.000       0.000      0.470      -0.001       0.001
    ERRSLO             0.001       0.002      0.263      -0.003       0.005

 PREVSLO  WITH
    ERRSLO             0.004       0.002      0.023       0.000       0.008      *

 ANTAG    WITH
    INHIB             -0.073       0.069      0.117      -0.225       0.049

 Means
    ERRSLO             0.241       0.028      0.000       0.186       0.297      *
    RUNSLO            -0.003       0.004      0.217      -0.012       0.005
    TRIALSLO          -0.017       0.006      0.004      -0.029      -0.004      *

 Intercepts
    MANIP              0.022       0.104      0.413      -0.181       0.227
    P1                 0.018       0.098      0.426      -0.173       0.214
    P2                -0.005       0.093      0.475      -0.189       0.176
    P3                 0.010       0.098      0.459      -0.182       0.203
    P4                 0.006       0.099      0.475      -0.192       0.200
    P5                 0.010       0.096      0.460      -0.183       0.198
    RT_INV            -2.726       0.025      0.000      -2.776      -2.677      *
    CONDSLO            0.120       0.011      0.000       0.098       0.142      *
    PREVSLO            0.131       0.007      0.000       0.117       0.144      *

 Variances
    ANTAG              0.477       0.143      0.000       0.245       0.808      *
    INHIB              0.399       0.191      0.000       0.094       0.826      *
    ERRSLO             0.034       0.011      0.000       0.018       0.061      *
    RUNSLO             0.001       0.000      0.000       0.001       0.001      *
    TRIALSLO           0.003       0.001      0.000       0.002       0.005      *

 Residual Variances
    MANIP              0.370       0.115      0.000       0.165       0.616      *
    P1                 0.566       0.109      0.000       0.379       0.808      *
    P2                 0.449       0.161      0.000       0.144       0.771      *
    P3                 0.596       0.150      0.000       0.280       0.890      *
    P4                 0.721       0.134      0.000       0.487       1.014      *
    P5                 0.442       0.099      0.000       0.268       0.660      *
    RT_INV             0.051       0.008      0.000       0.038       0.070      *
    CONDSLO            0.004       0.001      0.000       0.002       0.006      *
    PREVSLO            0.003       0.001      0.000       0.002       0.004      *


STANDARDIZED MODEL RESULTS


STDYX Standardization

                                Posterior  One-Tailed         95% C.I.
                    Estimate       S.D.      P-Value   Lower 2.5%  Upper 2.5%  Significance

Within-Level Standardized Estimates Averaged Over Clusters

 CONDSLO | RT_INV ON
    COND               0.160       0.011      0.000       0.138       0.183      *

 PREVSLO | RT_INV ON
    PREV_RT_Z          0.253       0.007      0.000       0.238       0.267      *

 ERRSLO | RT_INV ON
    PREV_ERROR         0.085       0.007      0.000       0.072       0.097      *

 RUNSLO | RT_INV ON
    RUN_TRIAL_        -0.008       0.008      0.146      -0.023       0.007

 TRIALSLO | RT_INV ON
    TRIAL_Z           -0.043       0.008      0.000      -0.059      -0.028      *

 RT_INV     ON
    BLOCK              0.034       0.012      0.002       0.011       0.056      *
    COND_BLOCK         0.046       0.012      0.000       0.023       0.068      *

 Residual Variances
    RT_INV             0.831       0.005      0.000       0.822       0.841      *

Between Level

 ANTAG    BY
    P5                 0.720       0.076      0.000       0.550       0.848      *
    P1                 0.626       0.086      0.000       0.441       0.776      *
    MANIP              0.808       0.069      0.000       0.651       0.924      *

 INHIB    BY
    P2                 0.686       0.147      0.000       0.347       0.916      *
    P3                 0.600       0.121      0.000       0.359       0.839      *
    P4                 0.486       0.113      0.000       0.251       0.695      *

 CONDSLO    ON
    ANTAG              0.446       0.135      0.001       0.158       0.683      *
    INHIB             -0.045       0.156      0.386      -0.345       0.264

 PREVSLO    ON
    ANTAG             -0.028       0.141      0.423      -0.307       0.245
    INHIB             -0.329       0.152      0.023      -0.595      -0.005      *

 RT_INV     ON
    ANTAG             -0.283       0.115      0.011      -0.493      -0.044      *
    INHIB              0.065       0.131      0.311      -0.202       0.308

 CONDSLO  WITH
    RUNSLO            -0.052       0.192      0.397      -0.422       0.323
    TRIALSLO          -0.362       0.158      0.017      -0.648      -0.028      *
    PREVSLO           -0.165       0.198      0.214      -0.532       0.240
    ERRSLO            -0.296       0.227      0.104      -0.720       0.166

 RUNSLO   WITH
    TRIALSLO           0.048       0.162      0.387      -0.272       0.361
    PREVSLO           -0.115       0.175      0.258      -0.454       0.232
    ERRSLO            -0.123       0.187      0.266      -0.465       0.254

 TRIALSLO WITH
    PREVSLO           -0.011       0.155      0.470      -0.311       0.292
    ERRSLO             0.117       0.175      0.263      -0.230       0.450

 PREVSLO  WITH
    ERRSLO             0.409       0.188      0.023       0.010       0.738      *

 ANTAG    WITH
    INHIB             -0.185       0.149      0.117      -0.467       0.111

 Means
    ERRSLO             1.309       0.240      0.000       0.890       1.827      *
    RUNSLO            -0.108       0.141      0.217      -0.383       0.169
    TRIALSLO          -0.304       0.117      0.004      -0.540      -0.076      *

 Intercepts
    MANIP              0.021       0.100      0.413      -0.173       0.215
    P1                 0.018       0.100      0.426      -0.177       0.215
    P2                -0.006       0.100      0.475      -0.203       0.189
    P3                 0.010       0.100      0.459      -0.187       0.208
    P4                 0.007       0.101      0.475      -0.194       0.202
    P5                 0.010       0.099      0.460      -0.187       0.203
    RT_INV           -11.358       0.867      0.000     -13.090      -9.698      *
    CONDSLO            1.763       0.285      0.000       1.286       2.407      *
    PREVSLO            2.368       0.298      0.000       1.849       3.018      *

 Variances
    ANTAG              1.000       0.000      0.000       1.000       1.000
    INHIB              1.000       0.000      0.000       1.000       1.000
    ERRSLO             1.000       0.000      0.000       1.000       1.000
    RUNSLO             1.000       0.000      0.000       1.000       1.000
    TRIALSLO           1.000       0.000      0.000       1.000       1.000

 Residual Variances
    MANIP              0.347       0.109      0.000       0.147       0.576      *
    P1                 0.608       0.106      0.000       0.398       0.806      *
    P2                 0.529       0.188      0.000       0.160       0.879      *
    P3                 0.640       0.145      0.000       0.295       0.871      *
    P4                 0.764       0.108      0.000       0.516       0.937      *
    P5                 0.482       0.107      0.000       0.280       0.697      *
    RT_INV             0.893       0.067      0.000       0.730       0.987      *
    CONDSLO            0.772       0.115      0.000       0.514       0.952      *
    PREVSLO            0.877       0.094      0.000       0.643       0.992      *


STDY Standardization

                                Posterior  One-Tailed         95% C.I.
                    Estimate       S.D.      P-Value   Lower 2.5%  Upper 2.5%  Significance

Within-Level Standardized Estimates Averaged Over Clusters

 CONDSLO | RT_INV ON
    COND               0.321       0.023      0.000       0.276       0.366      *

 PREVSLO | RT_INV ON
    PREV_RT_Z          0.344       0.011      0.000       0.321       0.366      *

 ERRSLO | RT_INV ON
    PREV_ERROR         0.637       0.056      0.000       0.527       0.750      *

 RUNSLO | RT_INV ON
    RUN_TRIAL_        -0.008       0.008      0.147      -0.024       0.007

 TRIALSLO | RT_INV ON
    TRIAL_Z           -0.043       0.008      0.000      -0.059      -0.028      *

 RT_INV     ON
    BLOCK              0.068       0.023      0.002       0.021       0.111      *
    COND_BLOCK         0.129       0.033      0.000       0.063       0.191      *

 Residual Variances
    RT_INV             0.831       0.005      0.000       0.822       0.841      *

Between Level

 ANTAG    BY
    P5                 0.720       0.076      0.000       0.550       0.848      *
    P1                 0.626       0.086      0.000       0.441       0.776      *
    MANIP              0.808       0.069      0.000       0.651       0.924      *

 INHIB    BY
    P2                 0.686       0.147      0.000       0.347       0.916      *
    P3                 0.600       0.121      0.000       0.359       0.839      *
    P4                 0.486       0.113      0.000       0.251       0.695      *

 CONDSLO    ON
    ANTAG              0.446       0.135      0.001       0.158       0.683      *
    INHIB             -0.045       0.156      0.386      -0.345       0.264

 PREVSLO    ON
    ANTAG             -0.028       0.141      0.423      -0.307       0.245
    INHIB             -0.329       0.152      0.023      -0.595      -0.005      *

 RT_INV     ON
    ANTAG             -0.283       0.115      0.011      -0.493      -0.044      *
    INHIB              0.065       0.131      0.311      -0.202       0.308

 CONDSLO  WITH
    RUNSLO            -0.052       0.192      0.397      -0.422       0.323
    TRIALSLO          -0.362       0.158      0.017      -0.648      -0.028      *
    PREVSLO           -0.165       0.198      0.214      -0.532       0.240
    ERRSLO            -0.296       0.227      0.104      -0.720       0.166

 RUNSLO   WITH
    TRIALSLO           0.048       0.162      0.387      -0.272       0.361
    PREVSLO           -0.115       0.175      0.258      -0.454       0.232
    ERRSLO            -0.123       0.187      0.266      -0.465       0.254

 TRIALSLO WITH
    PREVSLO           -0.011       0.155      0.470      -0.311       0.292
    ERRSLO             0.117       0.175      0.263      -0.230       0.450

 PREVSLO  WITH
    ERRSLO             0.409       0.188      0.023       0.010       0.738      *

 ANTAG    WITH
    INHIB             -0.185       0.149      0.117      -0.467       0.111

 Means
    ERRSLO             1.309       0.240      0.000       0.890       1.827      *
    RUNSLO            -0.108       0.141      0.217      -0.383       0.169
    TRIALSLO          -0.304       0.117      0.004      -0.540      -0.076      *

 Intercepts
    MANIP              0.021       0.100      0.413      -0.173       0.215
    P1                 0.018       0.100      0.426      -0.177       0.215
    P2                -0.006       0.100      0.475      -0.203       0.189
    P3                 0.010       0.100      0.459      -0.187       0.208
    P4                 0.007       0.101      0.475      -0.194       0.202
    P5                 0.010       0.099      0.460      -0.187       0.203
    RT_INV           -11.358       0.867      0.000     -13.090      -9.698      *
    CONDSLO            1.763       0.285      0.000       1.286       2.407      *
    PREVSLO            2.368       0.298      0.000       1.849       3.018      *

 Variances
    ANTAG              1.000       0.000      0.000       1.000       1.000
    INHIB              1.000       0.000      0.000       1.000       1.000
    ERRSLO             1.000       0.000      0.000       1.000       1.000
    RUNSLO             1.000       0.000      0.000       1.000       1.000
    TRIALSLO           1.000       0.000      0.000       1.000       1.000

 Residual Variances
    MANIP              0.347       0.109      0.000       0.147       0.576      *
    P1                 0.608       0.106      0.000       0.398       0.806      *
    P2                 0.529       0.188      0.000       0.160       0.879      *
    P3                 0.640       0.145      0.000       0.295       0.871      *
    P4                 0.764       0.108      0.000       0.516       0.937      *
    P5                 0.482       0.107      0.000       0.280       0.697      *
    RT_INV             0.893       0.067      0.000       0.730       0.987      *
    CONDSLO            0.772       0.115      0.000       0.514       0.952      *
    PREVSLO            0.877       0.094      0.000       0.643       0.992      *


STD Standardization

                                Posterior  One-Tailed         95% C.I.
                    Estimate       S.D.      P-Value   Lower 2.5%  Upper 2.5%  Significance

Within-Level Standardized Estimates Averaged Over Clusters

 CONDSLO | RT_INV ON
    COND               0.122       0.009      0.000       0.105       0.138      *

 PREVSLO | RT_INV ON
    PREV_RT_Z          0.131       0.004      0.000       0.122       0.139      *

 ERRSLO | RT_INV ON
    PREV_ERROR         0.241       0.021      0.000       0.200       0.284      *

 RUNSLO | RT_INV ON
    RUN_TRIAL_        -0.003       0.003      0.126      -0.009       0.002

 TRIALSLO | RT_INV ON
    TRIAL_Z           -0.017       0.003      0.000      -0.023      -0.011      *

 RT_INV     ON
    BLOCK              0.026       0.009      0.002       0.008       0.042      *
    COND_BLOCK         0.048       0.012      0.000       0.023       0.072      *

 Residual Variances
    RT_INV             0.117       0.001      0.000       0.114       0.119      *

Between Level

 ANTAG    BY
    P5                 0.690       0.102      0.000       0.495       0.899      *
    P1                 0.606       0.108      0.000       0.404       0.826      *
    MANIP              0.833       0.107      0.000       0.626       1.048      *

 INHIB    BY
    P2                 0.632       0.154      0.000       0.306       0.909      *
    P3                 0.581       0.134      0.000       0.335       0.866      *
    P4                 0.471       0.125      0.000       0.238       0.727      *

 CONDSLO    ON
    ANTAG              0.446       0.135      0.001       0.158       0.683      *
    INHIB             -0.045       0.156      0.386      -0.345       0.264

 PREVSLO    ON
    ANTAG             -0.028       0.141      0.423      -0.307       0.245
    INHIB             -0.329       0.152      0.023      -0.595      -0.005      *

 RT_INV     ON
    ANTAG             -0.068       0.029      0.011      -0.126      -0.010      *
    INHIB              0.016       0.032      0.311      -0.050       0.077

 CONDSLO  WITH
    RUNSLO            -0.052       0.192      0.397      -0.422       0.323
    TRIALSLO          -0.362       0.158      0.017      -0.648      -0.028      *
    PREVSLO           -0.165       0.198      0.214      -0.532       0.240
    ERRSLO            -0.296       0.227      0.104      -0.720       0.166

 RUNSLO   WITH
    TRIALSLO           0.048       0.162      0.387      -0.272       0.361
    PREVSLO           -0.115       0.175      0.258      -0.454       0.232
    ERRSLO            -0.123       0.187      0.266      -0.465       0.254

 TRIALSLO WITH
    PREVSLO           -0.011       0.155      0.470      -0.311       0.292
    ERRSLO             0.117       0.175      0.263      -0.230       0.450

 PREVSLO  WITH
    ERRSLO             0.409       0.188      0.023       0.010       0.738      *

 ANTAG    WITH
    INHIB             -0.185       0.149      0.117      -0.467       0.111

 Means
    ERRSLO             1.309       0.240      0.000       0.890       1.827      *
    RUNSLO            -0.108       0.141      0.217      -0.383       0.169
    TRIALSLO          -0.304       0.117      0.004      -0.540      -0.076      *

 Intercepts
    MANIP              0.022       0.104      0.413      -0.181       0.227
    P1                 0.018       0.098      0.426      -0.173       0.214
    P2                -0.005       0.093      0.475      -0.189       0.176
    P3                 0.010       0.098      0.459      -0.182       0.203
    P4                 0.006       0.099      0.475      -0.192       0.200
    P5                 0.010       0.096      0.460      -0.183       0.198
    RT_INV            -2.726       0.025      0.000      -2.776      -2.677      *
    CONDSLO            1.763       0.285      0.000       1.286       2.407      *
    PREVSLO            2.368       0.298      0.000       1.849       3.018      *

 Variances
    ANTAG              1.000       0.000      0.000       1.000       1.000
    INHIB              1.000       0.000      0.000       1.000       1.000
    ERRSLO             1.000       0.000      0.000       1.000       1.000
    RUNSLO             1.000       0.000      0.000       1.000       1.000
    TRIALSLO           1.000       0.000      0.000       1.000       1.000

 Residual Variances
    MANIP              0.370       0.115      0.000       0.165       0.616      *
    P1                 0.566       0.109      0.000       0.379       0.808      *
    P2                 0.449       0.161      0.000       0.144       0.771      *
    P3                 0.596       0.150      0.000       0.280       0.890      *
    P4                 0.721       0.134      0.000       0.487       1.014      *
    P5                 0.442       0.099      0.000       0.268       0.660      *
    RT_INV             0.051       0.008      0.000       0.038       0.070      *
    CONDSLO            0.772       0.115      0.000       0.514       0.952      *
    PREVSLO            0.877       0.094      0.000       0.643       0.992      *


R-SQUARE

Within-Level R-Square Averaged Across Clusters

                                Posterior  One-Tailed         95% C.I.
    Variable        Estimate       S.D.      P-Value   Lower 2.5%  Upper 2.5%

    RT_INV             0.169       0.005      0.000       0.159       0.178

Between Level

                                Posterior  One-Tailed         95% C.I.
    Variable        Estimate       S.D.      P-Value   Lower 2.5%  Upper 2.5%

    MANIP              0.653       0.109      0.000       0.424       0.853
    P1                 0.392       0.106      0.000       0.194       0.602
    P2                 0.471       0.188      0.000       0.121       0.840
    P3                 0.360       0.145      0.000       0.129       0.705
    P4                 0.236       0.108      0.000       0.063       0.483
    P5                 0.518       0.107      0.000       0.303       0.719
    RT_INV             0.107       0.067      0.000       0.013       0.270

                                Posterior  One-Tailed         95% C.I.
    Variable        Estimate       S.D.      P-Value   Lower 2.5%  Upper 2.5%

    CONDSLO            0.228       0.115      0.000       0.048       0.486
    PREVSLO            0.123       0.094      0.000       0.008       0.357


CREDIBILITY INTERVALS OF MODEL RESULTS

                  Lower .5%  Lower 2.5%    Lower 5%    Estimate    Upper 5%  Upper 2.5%   Upper .5%

Within Level

 RT_INV   ON
    BLOCK            0.002       0.007       0.010       0.024       0.038       0.041       0.047
    COND_BLOCK       0.017       0.025       0.029       0.050       0.070       0.074       0.081

 Residual Variances
    RT_INV           0.113       0.114       0.114       0.117       0.119       0.119       0.120

Between Level

 ANTAG    BY
    P5               1.000       1.000       1.000       1.000       1.000       1.000       1.000
    P1               0.467       0.564       0.608       0.875       1.243       1.337       1.613
    MANIP            0.761       0.864       0.913       1.206       1.625       1.728       2.015

 INHIB    BY
    P2               1.000       1.000       1.000       1.000       1.000       1.000       1.000
    P3               0.355       0.454       0.511       0.912       1.910       2.263       3.754
    P4               0.247       0.353       0.404       0.755       1.417       1.692       2.499

 CONDSLO  ON
    ANTAG            0.005       0.015       0.019       0.044       0.073       0.079       0.097
    INHIB           -0.054      -0.039      -0.033      -0.005       0.029       0.038       0.062

 PREVSLO  ON
    ANTAG           -0.034      -0.025      -0.022      -0.002       0.017       0.021       0.029
    INHIB           -0.094      -0.067      -0.058      -0.028      -0.006       0.000       0.012

 RT_INV   ON
    ANTAG           -0.237      -0.196      -0.178      -0.098      -0.028      -0.015       0.014
    INHIB           -0.178      -0.100      -0.073       0.024       0.111       0.133       0.197

 CONDSLO  WITH
    RUNSLO          -0.001      -0.001      -0.001       0.000       0.001       0.001       0.001
    TRIALSLO        -0.003      -0.002      -0.002      -0.001       0.000       0.000       0.000
    PREVSLO         -0.002      -0.002      -0.002       0.000       0.001       0.001       0.001
    ERRSLO          -0.010      -0.009      -0.007      -0.003       0.001       0.002       0.004

 RUNSLO   WITH
    TRIALSLO        -0.001      -0.001       0.000       0.000       0.001       0.001       0.001
    PREVSLO         -0.001      -0.001      -0.001       0.000       0.000       0.000       0.001
    ERRSLO          -0.004      -0.003      -0.003      -0.001       0.001       0.002       0.002

 TRIALSLO WITH
    PREVSLO         -0.001      -0.001      -0.001       0.000       0.001       0.001       0.001
    ERRSLO          -0.004      -0.003      -0.002       0.001       0.004       0.005       0.006

 PREVSLO  WITH
    ERRSLO          -0.001       0.000       0.001       0.004       0.007       0.008       0.010

 ANTAG    WITH
    INHIB           -0.287      -0.225      -0.197      -0.073       0.029       0.049       0.093

 Means
    ERRSLO           0.168       0.186       0.195       0.241       0.287       0.297       0.315
    RUNSLO          -0.015      -0.012      -0.011      -0.003       0.004       0.005       0.008
    TRIALSLO        -0.034      -0.029      -0.027      -0.017      -0.006      -0.004      -0.001

 Intercepts
    MANIP           -0.247      -0.181      -0.149       0.022       0.194       0.227       0.290
    P1              -0.226      -0.173      -0.143       0.018       0.180       0.214       0.270
    P2              -0.244      -0.189      -0.160      -0.005       0.147       0.176       0.234
    P3              -0.248      -0.182      -0.152       0.010       0.171       0.203       0.259
    P4              -0.253      -0.192      -0.159       0.006       0.169       0.200       0.266
    P5              -0.241      -0.183      -0.150       0.010       0.165       0.198       0.261
    RT_INV          -2.791      -2.776      -2.768      -2.726      -2.685      -2.677      -2.661
    CONDSLO          0.091       0.098       0.102       0.120       0.139       0.142       0.149
    PREVSLO          0.112       0.117       0.119       0.131       0.142       0.144       0.148

 Variances
    ANTAG            0.183       0.245       0.279       0.477       0.739       0.808       0.937
    INHIB            0.036       0.094       0.132       0.399       0.756       0.826       0.963
    ERRSLO           0.015       0.018       0.020       0.034       0.056       0.061       0.071
    RUNSLO           0.001       0.001       0.001       0.001       0.001       0.001       0.002
    TRIALSLO         0.002       0.002       0.002       0.003       0.004       0.005       0.005

 Residual Variances
    MANIP            0.096       0.165       0.196       0.370       0.573       0.616       0.711
    P1               0.316       0.379       0.408       0.566       0.766       0.808       0.904
    P2               0.086       0.144       0.186       0.449       0.717       0.771       0.888
    P3               0.174       0.280       0.345       0.596       0.837       0.890       0.999
    P4               0.411       0.487       0.524       0.721       0.959       1.014       1.133
    P5               0.219       0.268       0.295       0.442       0.618       0.660       0.739
    RT_INV           0.035       0.038       0.040       0.051       0.066       0.070       0.078
    CONDSLO          0.001       0.002       0.002       0.004       0.006       0.006       0.007
    PREVSLO          0.001       0.002       0.002       0.003       0.004       0.004       0.005


CREDIBILITY INTERVALS OF STANDARDIZED MODEL RESULTS


STDYX Standardization

                  Lower .5%  Lower 2.5%    Lower 5%    Estimate    Upper 5%  Upper 2.5%   Upper .5%

Within Level

 RT_INV   ON
    BLOCK            0.000       0.011       0.000       0.034       0.000       0.056       0.000
    COND_BLOCK       0.000       0.023       0.000       0.046       0.000       0.068       0.000

 Residual Variances
    RT_INV           0.000       0.822       0.000       0.831       0.000       0.841       0.000

Between Level

 ANTAG    BY
    P5               0.480       0.550       0.578       0.720       0.829       0.848       0.885
    P1               0.378       0.441       0.473       0.626       0.754       0.776       0.822
    MANIP            0.591       0.651       0.680       0.808       0.907       0.924       0.957

 INHIB    BY
    P2               0.216       0.347       0.408       0.686       0.890       0.916       0.950
    P3               0.282       0.359       0.400       0.600       0.797       0.839       0.905
    P4               0.178       0.251       0.290       0.486       0.664       0.695       0.754

 CONDSLO  ON
    ANTAG            0.053       0.158       0.207       0.446       0.649       0.683       0.749
    INHIB           -0.420      -0.345      -0.299      -0.045       0.217       0.264       0.360

 PREVSLO  ON
    ANTAG           -0.389      -0.307      -0.263      -0.028       0.203       0.245       0.325
    INHIB           -0.668      -0.595      -0.559      -0.329      -0.059      -0.005       0.100

 RT_INV   ON
    ANTAG           -0.557      -0.493      -0.462      -0.283      -0.085      -0.044       0.039
    INHIB           -0.288      -0.202      -0.158       0.065       0.274       0.308       0.382

 CONDSLO  WITH
    RUNSLO          -0.514      -0.422      -0.368      -0.052       0.272       0.323       0.427
    TRIALSLO        -0.730      -0.648      -0.604      -0.362      -0.084      -0.028       0.074
    PREVSLO         -0.636      -0.532      -0.477      -0.165       0.174       0.240       0.355
    ERRSLO          -0.872      -0.720      -0.650      -0.296       0.091       0.166       0.317

 RUNSLO   WITH
    TRIALSLO        -0.367      -0.272      -0.221       0.048       0.312       0.361       0.455
    PREVSLO         -0.543      -0.454      -0.402      -0.115       0.179       0.232       0.342
    ERRSLO          -0.566      -0.465      -0.418      -0.123       0.196       0.254       0.371

 TRIALSLO WITH
    PREVSLO         -0.406      -0.311      -0.268      -0.011       0.245       0.292       0.374
    ERRSLO          -0.333      -0.230      -0.177       0.117       0.397       0.450       0.535

 PREVSLO  WITH
    ERRSLO          -0.130       0.010       0.068       0.409       0.687       0.738       0.814

 ANTAG    WITH
    INHIB           -0.542      -0.467      -0.423      -0.185       0.066       0.111       0.204

 Means
    ERRSLO           0.761       0.890       0.953       1.309       1.739       1.827       2.038
    RUNSLO          -0.473      -0.383      -0.341      -0.108       0.123       0.169       0.254
    TRIALSLO        -0.615      -0.540      -0.500      -0.304      -0.114      -0.076      -0.010

 Intercepts
    MANIP           -0.233      -0.173      -0.143       0.021       0.186       0.215       0.280
    P1              -0.231      -0.177      -0.146       0.018       0.185       0.215       0.275
    P2              -0.268      -0.203      -0.173      -0.006       0.158       0.189       0.248
    P3              -0.249      -0.187      -0.155       0.010       0.175       0.208       0.266
    P4              -0.255      -0.194      -0.161       0.007       0.172       0.202       0.264
    P5              -0.243      -0.187      -0.155       0.010       0.171       0.203       0.267
    RT_INV         -13.662     -13.090     -12.813     -11.358      -9.954      -9.698      -9.241
    CONDSLO          1.149       1.286       1.356       1.763       2.281       2.407       2.659
    PREVSLO          1.702       1.849       1.923       2.368       2.893       3.018       3.261

 Variances
    ANTAG            1.000       1.000       1.000       1.000       1.000       1.000       1.000
    INHIB            1.000       1.000       1.000       1.000       1.000       1.000       1.000
    ERRSLO           1.000       1.000       1.000       1.000       1.000       1.000       1.000
    RUNSLO           1.000       1.000       1.000       1.000       1.000       1.000       1.000
    TRIALSLO         1.000       1.000       1.000       1.000       1.000       1.000       1.000

 Residual Variances
    MANIP            0.083       0.147       0.178       0.347       0.537       0.576       0.650
    P1               0.324       0.398       0.431       0.608       0.777       0.806       0.857
    P2               0.097       0.160       0.208       0.529       0.833       0.879       0.953
    P3               0.181       0.295       0.364       0.640       0.840       0.871       0.919
    P4               0.431       0.516       0.559       0.764       0.916       0.937       0.968
    P5               0.217       0.280       0.312       0.482       0.665       0.697       0.769
    RT_INV           0.670       0.730       0.760       0.893       0.978       0.987       0.996
    CONDSLO          0.432       0.514       0.556       0.772       0.930       0.952       0.981
    PREVSLO          0.557       0.643       0.683       0.877       0.983       0.992       0.998


STDY Standardization

                  Lower .5%  Lower 2.5%    Lower 5%    Estimate    Upper 5%  Upper 2.5%   Upper .5%

Within Level

 RT_INV   ON
    BLOCK            0.000       0.021       0.000       0.068       0.000       0.111       0.000
    COND_BLOCK       0.000       0.063       0.000       0.129       0.000       0.191       0.000

 Residual Variances
    RT_INV           0.000       0.822       0.000       0.831       0.000       0.841       0.000

Between Level

 ANTAG    BY
    P5               0.480       0.550       0.578       0.720       0.829       0.848       0.885
    P1               0.378       0.441       0.473       0.626       0.754       0.776       0.822
    MANIP            0.591       0.651       0.680       0.808       0.907       0.924       0.957

 INHIB    BY
    P2               0.216       0.347       0.408       0.686       0.890       0.916       0.950
    P3               0.282       0.359       0.400       0.600       0.797       0.839       0.905
    P4               0.178       0.251       0.290       0.486       0.664       0.695       0.754

 CONDSLO  ON
    ANTAG            0.053       0.158       0.207       0.446       0.649       0.683       0.749
    INHIB           -0.420      -0.345      -0.299      -0.045       0.217       0.264       0.360

 PREVSLO  ON
    ANTAG           -0.389      -0.307      -0.263      -0.028       0.203       0.245       0.325
    INHIB           -0.668      -0.595      -0.559      -0.329      -0.059      -0.005       0.100

 RT_INV   ON
    ANTAG           -0.557      -0.493      -0.462      -0.283      -0.085      -0.044       0.039
    INHIB           -0.288      -0.202      -0.158       0.065       0.274       0.308       0.382

 CONDSLO  WITH
    RUNSLO          -0.514      -0.422      -0.368      -0.052       0.272       0.323       0.427
    TRIALSLO        -0.730      -0.648      -0.604      -0.362      -0.084      -0.028       0.074
    PREVSLO         -0.636      -0.532      -0.477      -0.165       0.174       0.240       0.355
    ERRSLO          -0.872      -0.720      -0.650      -0.296       0.091       0.166       0.317

 RUNSLO   WITH
    TRIALSLO        -0.367      -0.272      -0.221       0.048       0.312       0.361       0.455
    PREVSLO         -0.543      -0.454      -0.402      -0.115       0.179       0.232       0.342
    ERRSLO          -0.566      -0.465      -0.418      -0.123       0.196       0.254       0.371

 TRIALSLO WITH
    PREVSLO         -0.406      -0.311      -0.268      -0.011       0.245       0.292       0.374
    ERRSLO          -0.333      -0.230      -0.177       0.117       0.397       0.450       0.535

 PREVSLO  WITH
    ERRSLO          -0.130       0.010       0.068       0.409       0.687       0.738       0.814

 ANTAG    WITH
    INHIB           -0.542      -0.467      -0.423      -0.185       0.066       0.111       0.204

 Means
    ERRSLO           0.761       0.890       0.953       1.309       1.739       1.827       2.038
    RUNSLO          -0.473      -0.383      -0.341      -0.108       0.123       0.169       0.254
    TRIALSLO        -0.615      -0.540      -0.500      -0.304      -0.114      -0.076      -0.010

 Intercepts
    MANIP           -0.233      -0.173      -0.143       0.021       0.186       0.215       0.280
    P1              -0.231      -0.177      -0.146       0.018       0.185       0.215       0.275
    P2              -0.268      -0.203      -0.173      -0.006       0.158       0.189       0.248
    P3              -0.249      -0.187      -0.155       0.010       0.175       0.208       0.266
    P4              -0.255      -0.194      -0.161       0.007       0.172       0.202       0.264
    P5              -0.243      -0.187      -0.155       0.010       0.171       0.203       0.267
    RT_INV         -13.662     -13.090     -12.813     -11.358      -9.954      -9.698      -9.241
    CONDSLO          1.149       1.286       1.356       1.763       2.281       2.407       2.659
    PREVSLO          1.702       1.849       1.923       2.368       2.893       3.018       3.261

 Variances
    ANTAG            1.000       1.000       1.000       1.000       1.000       1.000       1.000
    INHIB            1.000       1.000       1.000       1.000       1.000       1.000       1.000
    ERRSLO           1.000       1.000       1.000       1.000       1.000       1.000       1.000
    RUNSLO           1.000       1.000       1.000       1.000       1.000       1.000       1.000
    TRIALSLO         1.000       1.000       1.000       1.000       1.000       1.000       1.000

 Residual Variances
    MANIP            0.083       0.147       0.178       0.347       0.537       0.576       0.650
    P1               0.324       0.398       0.431       0.608       0.777       0.806       0.857
    P2               0.097       0.160       0.208       0.529       0.833       0.879       0.953
    P3               0.181       0.295       0.364       0.640       0.840       0.871       0.919
    P4               0.431       0.516       0.559       0.764       0.916       0.937       0.968
    P5               0.217       0.280       0.312       0.482       0.665       0.697       0.769
    RT_INV           0.670       0.730       0.760       0.893       0.978       0.987       0.996
    CONDSLO          0.432       0.514       0.556       0.772       0.930       0.952       0.981
    PREVSLO          0.557       0.643       0.683       0.877       0.983       0.992       0.998


STD Standardization

                  Lower .5%  Lower 2.5%    Lower 5%    Estimate    Upper 5%  Upper 2.5%   Upper .5%

Within Level

 RT_INV   ON
    BLOCK            0.000       0.008       0.000       0.026       0.000       0.042       0.000
    COND_BLOCK       0.000       0.023       0.000       0.048       0.000       0.072       0.000

 Residual Variances
    RT_INV           0.000       0.114       0.000       0.117       0.000       0.119       0.000

Between Level

 ANTAG    BY
    P5               0.428       0.495       0.528       0.690       0.860       0.899       0.968
    P1               0.337       0.404       0.436       0.606       0.788       0.826       0.899
    MANIP            0.560       0.626       0.661       0.833       1.011       1.048       1.116

 INHIB    BY
    P2               0.189       0.306       0.364       0.632       0.869       0.909       0.981
    P3               0.263       0.335       0.374       0.581       0.815       0.866       0.945
    P4               0.164       0.238       0.275       0.471       0.687       0.727       0.813

 CONDSLO  ON
    ANTAG            0.053       0.158       0.207       0.446       0.649       0.683       0.749
    INHIB           -0.420      -0.345      -0.299      -0.045       0.217       0.264       0.360

 PREVSLO  ON
    ANTAG           -0.389      -0.307      -0.263      -0.028       0.203       0.245       0.325
    INHIB           -0.668      -0.595      -0.559      -0.329      -0.059      -0.005       0.100

 RT_INV   ON
    ANTAG           -0.146      -0.126      -0.116      -0.068      -0.020      -0.010       0.009
    INHIB           -0.071      -0.050      -0.038       0.016       0.067       0.077       0.096

 CONDSLO  WITH
    RUNSLO          -0.514      -0.422      -0.368      -0.052       0.272       0.323       0.427
    TRIALSLO        -0.730      -0.648      -0.604      -0.362      -0.084      -0.028       0.074
    PREVSLO         -0.636      -0.532      -0.477      -0.165       0.174       0.240       0.355
    ERRSLO          -0.872      -0.720      -0.650      -0.296       0.091       0.166       0.317

 RUNSLO   WITH
    TRIALSLO        -0.367      -0.272      -0.221       0.048       0.312       0.361       0.455
    PREVSLO         -0.543      -0.454      -0.402      -0.115       0.179       0.232       0.342
    ERRSLO          -0.566      -0.465      -0.418      -0.123       0.196       0.254       0.371

 TRIALSLO WITH
    PREVSLO         -0.406      -0.311      -0.268      -0.011       0.245       0.292       0.374
    ERRSLO          -0.333      -0.230      -0.177       0.117       0.397       0.450       0.535

 PREVSLO  WITH
    ERRSLO          -0.130       0.010       0.068       0.409       0.687       0.738       0.814

 ANTAG    WITH
    INHIB           -0.542      -0.467      -0.423      -0.185       0.066       0.111       0.204

 Means
    ERRSLO           0.761       0.890       0.953       1.309       1.739       1.827       2.038
    RUNSLO          -0.473      -0.383      -0.341      -0.108       0.123       0.169       0.254
    TRIALSLO        -0.615      -0.540      -0.500      -0.304      -0.114      -0.076      -0.010

 Intercepts
    MANIP           -0.247      -0.181      -0.149       0.022       0.194       0.227       0.290
    P1              -0.226      -0.173      -0.143       0.018       0.180       0.214       0.270
    P2              -0.244      -0.189      -0.160      -0.005       0.147       0.176       0.234
    P3              -0.248      -0.182      -0.152       0.010       0.171       0.203       0.259
    P4              -0.253      -0.192      -0.159       0.006       0.169       0.200       0.266
    P5              -0.241      -0.183      -0.150       0.010       0.165       0.198       0.261
    RT_INV          -2.791      -2.776      -2.768      -2.726      -2.685      -2.677      -2.661
    CONDSLO          1.149       1.286       1.356       1.763       2.281       2.407       2.659
    PREVSLO          1.702       1.849       1.923       2.368       2.893       3.018       3.261

 Variances
    ANTAG            1.000       1.000       1.000       1.000       1.000       1.000       1.000
    INHIB            1.000       1.000       1.000       1.000       1.000       1.000       1.000
    ERRSLO           1.000       1.000       1.000       1.000       1.000       1.000       1.000
    RUNSLO           1.000       1.000       1.000       1.000       1.000       1.000       1.000
    TRIALSLO         1.000       1.000       1.000       1.000       1.000       1.000       1.000

 Residual Variances
    MANIP            0.096       0.165       0.196       0.370       0.573       0.616       0.711
    P1               0.316       0.379       0.408       0.566       0.766       0.808       0.904
    P2               0.086       0.144       0.186       0.449       0.717       0.771       0.888
    P3               0.174       0.280       0.345       0.596       0.837       0.890       0.999
    P4               0.411       0.487       0.524       0.721       0.959       1.014       1.133
    P5               0.219       0.268       0.295       0.442       0.618       0.660       0.739
    RT_INV           0.035       0.038       0.040       0.051       0.066       0.070       0.078
    CONDSLO          0.432       0.514       0.556       0.772       0.930       0.952       0.981
    PREVSLO          0.557       0.643       0.683       0.877       0.983       0.992       0.998


TECHNICAL 1 OUTPUT


     PARAMETER SPECIFICATION FOR WITHIN


           NU
              RT_INV        COND          BLOCK         PREV_RT_      PREV_ERR
              ________      ________      ________      ________      ________
                    0             0             0             0             0


           NU
              TRIAL_Z       RUN_TRIA      COND_BLO
              ________      ________      ________
                    0             0             0


           LAMBDA
              RT_INV        COND          BLOCK         PREV_RT_      PREV_ERR
              ________      ________      ________      ________      ________
 RT_INV             0             0             0             0             0
 COND               0             0             0             0             0
 BLOCK              0             0             0             0             0
 PREV_RT_           0             0             0             0             0
 PREV_ERR           0             0             0             0             0
 TRIAL_Z            0             0             0             0             0
 RUN_TRIA           0             0             0             0             0
 COND_BLO           0             0             0             0             0


           LAMBDA
              TRIAL_Z       RUN_TRIA      COND_BLO
              ________      ________      ________
 RT_INV             0             0             0
 COND               0             0             0
 BLOCK              0             0             0
 PREV_RT_           0             0             0
 PREV_ERR           0             0             0
 TRIAL_Z            0             0             0
 RUN_TRIA           0             0             0
 COND_BLO           0             0             0


           THETA
              RT_INV        COND          BLOCK         PREV_RT_      PREV_ERR
              ________      ________      ________      ________      ________
 RT_INV             0
 COND               0             0
 BLOCK              0             0             0
 PREV_RT_           0             0             0             0
 PREV_ERR           0             0             0             0             0
 TRIAL_Z            0             0             0             0             0
 RUN_TRIA           0             0             0             0             0
 COND_BLO           0             0             0             0             0


           THETA
              TRIAL_Z       RUN_TRIA      COND_BLO
              ________      ________      ________
 TRIAL_Z            0
 RUN_TRIA           0             0
 COND_BLO           0             0             0


           ALPHA
              RT_INV        COND          BLOCK         PREV_RT_      PREV_ERR
              ________      ________      ________      ________      ________
                    0             0             0             0             0


           ALPHA
              TRIAL_Z       RUN_TRIA      COND_BLO
              ________      ________      ________
                    0             0             0


           BETA
              RT_INV        COND          BLOCK         PREV_RT_      PREV_ERR
              ________      ________      ________      ________      ________
 RT_INV             0             0             1             0             0
 COND               0             0             0             0             0
 BLOCK              0             0             0             0             0
 PREV_RT_           0             0             0             0             0
 PREV_ERR           0             0             0             0             0
 TRIAL_Z            0             0             0             0             0
 RUN_TRIA           0             0             0             0             0
 COND_BLO           0             0             0             0             0


           BETA
              TRIAL_Z       RUN_TRIA      COND_BLO
              ________      ________      ________
 RT_INV             0             0             2
 COND               0             0             0
 BLOCK              0             0             0
 PREV_RT_           0             0             0
 PREV_ERR           0             0             0
 TRIAL_Z            0             0             0
 RUN_TRIA           0             0             0
 COND_BLO           0             0             0


           PSI
              RT_INV        COND          BLOCK         PREV_RT_      PREV_ERR
              ________      ________      ________      ________      ________
 RT_INV             3
 COND               0             0
 BLOCK              0             0             0
 PREV_RT_           0             0             0             0
 PREV_ERR           0             0             0             0             0
 TRIAL_Z            0             0             0             0             0
 RUN_TRIA           0             0             0             0             0
 COND_BLO           0             0             0             0             0


           PSI
              TRIAL_Z       RUN_TRIA      COND_BLO
              ________      ________      ________
 TRIAL_Z            0
 RUN_TRIA           0             0
 COND_BLO           0             0             0


     PARAMETER SPECIFICATION FOR BETWEEN


           NU
              MANIP         P1            P2            P3            P4
              ________      ________      ________      ________      ________
                    4             5             6             7             8


           NU
              P5            RT_INV
              ________      ________
                    9             0


           LAMBDA
              ANTAG         INHIB         CONDSLO       PREVSLO       ERRSLO
              ________      ________      ________      ________      ________
 MANIP             10             0             0             0             0
 P1                11             0             0             0             0
 P2                 0             0             0             0             0
 P3                 0            12             0             0             0
 P4                 0            13             0             0             0
 P5                 0             0             0             0             0
 RT_INV             0             0             0             0             0


           LAMBDA
              RUNSLO        TRIALSLO      RT_INV
              ________      ________      ________
 MANIP              0             0             0
 P1                 0             0             0
 P2                 0             0             0
 P3                 0             0             0
 P4                 0             0             0
 P5                 0             0             0
 RT_INV             0             0             0


           THETA
              MANIP         P1            P2            P3            P4
              ________      ________      ________      ________      ________
 MANIP             14
 P1                 0            15
 P2                 0             0            16
 P3                 0             0             0            17
 P4                 0             0             0             0            18
 P5                 0             0             0             0             0
 RT_INV             0             0             0             0             0


           THETA
              P5            RT_INV
              ________      ________
 P5                19
 RT_INV             0             0


           ALPHA
              ANTAG         INHIB         CONDSLO       PREVSLO       ERRSLO
              ________      ________      ________      ________      ________
                    0             0            20            21            22


           ALPHA
              RUNSLO        TRIALSLO      RT_INV
              ________      ________      ________
                   23            24            25


           BETA
              ANTAG         INHIB         CONDSLO       PREVSLO       ERRSLO
              ________      ________      ________      ________      ________
 ANTAG              0             0             0             0             0
 INHIB              0             0             0             0             0
 CONDSLO           26            27             0             0             0
 PREVSLO           28            29             0             0             0
 ERRSLO             0             0             0             0             0
 RUNSLO             0             0             0             0             0
 TRIALSLO           0             0             0             0             0
 RT_INV            30            31             0             0             0


           BETA
              RUNSLO        TRIALSLO      RT_INV
              ________      ________      ________
 ANTAG              0             0             0
 INHIB              0             0             0
 CONDSLO            0             0             0
 PREVSLO            0             0             0
 ERRSLO             0             0             0
 RUNSLO             0             0             0
 TRIALSLO           0             0             0
 RT_INV             0             0             0


           PSI
              ANTAG         INHIB         CONDSLO       PREVSLO       ERRSLO
              ________      ________      ________      ________      ________
 ANTAG             32
 INHIB             33            34
 CONDSLO            0             0            35
 PREVSLO            0             0            36            37
 ERRSLO             0             0            38            39            40
 RUNSLO             0             0            41            42            43
 TRIALSLO           0             0            45            46            47
 RT_INV             0             0             0             0             0


           PSI
              RUNSLO        TRIALSLO      RT_INV
              ________      ________      ________
 RUNSLO            44
 TRIALSLO          48            49
 RT_INV             0             0            50


     STARTING VALUES FOR WITHIN


           NU
              RT_INV        COND          BLOCK         PREV_RT_      PREV_ERR
              ________      ________      ________      ________      ________
                0.000         0.000         0.000         0.000         0.000


           NU
              TRIAL_Z       RUN_TRIA      COND_BLO
              ________      ________      ________
                0.000         0.000         0.000


           LAMBDA
              RT_INV        COND          BLOCK         PREV_RT_      PREV_ERR
              ________      ________      ________      ________      ________
 RT_INV         1.000         0.000         0.000         0.000         0.000
 COND           0.000         1.000         0.000         0.000         0.000
 BLOCK          0.000         0.000         1.000         0.000         0.000
 PREV_RT_       0.000         0.000         0.000         1.000         0.000
 PREV_ERR       0.000         0.000         0.000         0.000         1.000
 TRIAL_Z        0.000         0.000         0.000         0.000         0.000
 RUN_TRIA       0.000         0.000         0.000         0.000         0.000
 COND_BLO       0.000         0.000         0.000         0.000         0.000


           LAMBDA
              TRIAL_Z       RUN_TRIA      COND_BLO
              ________      ________      ________
 RT_INV         0.000         0.000         0.000
 COND           0.000         0.000         0.000
 BLOCK          0.000         0.000         0.000
 PREV_RT_       0.000         0.000         0.000
 PREV_ERR       0.000         0.000         0.000
 TRIAL_Z        1.000         0.000         0.000
 RUN_TRIA       0.000         1.000         0.000
 COND_BLO       0.000         0.000         1.000


           THETA
              RT_INV        COND          BLOCK         PREV_RT_      PREV_ERR
              ________      ________      ________      ________      ________
 RT_INV         0.000
 COND           0.000         0.000
 BLOCK          0.000         0.000         0.000
 PREV_RT_       0.000         0.000         0.000         0.000
 PREV_ERR       0.000         0.000         0.000         0.000         0.000
 TRIAL_Z        0.000         0.000         0.000         0.000         0.000
 RUN_TRIA       0.000         0.000         0.000         0.000         0.000
 COND_BLO       0.000         0.000         0.000         0.000         0.000


           THETA
              TRIAL_Z       RUN_TRIA      COND_BLO
              ________      ________      ________
 TRIAL_Z        0.000
 RUN_TRIA       0.000         0.000
 COND_BLO       0.000         0.000         0.000


           ALPHA
              RT_INV        COND          BLOCK         PREV_RT_      PREV_ERR
              ________      ________      ________      ________      ________
                0.000         0.000         0.000         0.000         0.000


           ALPHA
              TRIAL_Z       RUN_TRIA      COND_BLO
              ________      ________      ________
                0.000         0.000         0.000


           BETA
              RT_INV        COND          BLOCK         PREV_RT_      PREV_ERR
              ________      ________      ________      ________      ________
 RT_INV         0.000         0.000         0.000         0.000         0.000
 COND           0.000         0.000         0.000         0.000         0.000
 BLOCK          0.000         0.000         0.000         0.000         0.000
 PREV_RT_       0.000         0.000         0.000         0.000         0.000
 PREV_ERR       0.000         0.000         0.000         0.000         0.000
 TRIAL_Z        0.000         0.000         0.000         0.000         0.000
 RUN_TRIA       0.000         0.000         0.000         0.000         0.000
 COND_BLO       0.000         0.000         0.000         0.000         0.000


           BETA
              TRIAL_Z       RUN_TRIA      COND_BLO
              ________      ________      ________
 RT_INV         0.000         0.000         0.000
 COND           0.000         0.000         0.000
 BLOCK          0.000         0.000         0.000
 PREV_RT_       0.000         0.000         0.000
 PREV_ERR       0.000         0.000         0.000
 TRIAL_Z        0.000         0.000         0.000
 RUN_TRIA       0.000         0.000         0.000
 COND_BLO       0.000         0.000         0.000


           PSI
              RT_INV        COND          BLOCK         PREV_RT_      PREV_ERR
              ________      ________      ________      ________      ________
 RT_INV         0.113
 COND           0.000         0.125
 BLOCK          0.000         0.000         0.125
 PREV_RT_       0.000         0.000         0.000         0.489
 PREV_ERR       0.000         0.000         0.000         0.000         0.017
 TRIAL_Z        0.000         0.000         0.000         0.000         0.000
 RUN_TRIA       0.000         0.000         0.000         0.000         0.000
 COND_BLO       0.000         0.000         0.000         0.000         0.000


           PSI
              TRIAL_Z       RUN_TRIA      COND_BLO
              ________      ________      ________
 TRIAL_Z        0.497
 RUN_TRIA       0.000         0.464
 COND_BLO       0.000         0.000         0.064


     STARTING VALUES FOR BETWEEN


           NU
              MANIP         P1            P2            P3            P4
              ________      ________      ________      ________      ________
                0.015         0.014        -0.004         0.014         0.008


           NU
              P5            RT_INV
              ________      ________
                0.003         0.000


           LAMBDA
              ANTAG         INHIB         CONDSLO       PREVSLO       ERRSLO
              ________      ________      ________      ________      ________
 MANIP          1.000         0.000         0.000         0.000         0.000
 P1             1.000         0.000         0.000         0.000         0.000
 P2             0.000         1.000         0.000         0.000         0.000
 P3             0.000         1.000         0.000         0.000         0.000
 P4             0.000         1.000         0.000         0.000         0.000
 P5             1.000         0.000         0.000         0.000         0.000
 RT_INV         0.000         0.000         0.000         0.000         0.000


           LAMBDA
              RUNSLO        TRIALSLO      RT_INV
              ________      ________      ________
 MANIP          0.000         0.000         0.000
 P1             0.000         0.000         0.000
 P2             0.000         0.000         0.000
 P3             0.000         0.000         0.000
 P4             0.000         0.000         0.000
 P5             0.000         0.000         0.000
 RT_INV         0.000         0.000         1.000


           THETA
              MANIP         P1            P2            P3            P4
              ________      ________      ________      ________      ________
 MANIP          0.500
 P1             0.000         0.441
 P2             0.000         0.000         0.417
 P3             0.000         0.000         0.000         0.442
 P4             0.000         0.000         0.000         0.000         0.452
 P5             0.000         0.000         0.000         0.000         0.000
 RT_INV         0.000         0.000         0.000         0.000         0.000


           THETA
              P5            RT_INV
              ________      ________
 P5             0.444
 RT_INV         0.000         0.000


           ALPHA
              ANTAG         INHIB         CONDSLO       PREVSLO       ERRSLO
              ________      ________      ________      ________      ________
                0.000         0.000         0.000         0.000         0.000


           ALPHA
              RUNSLO        TRIALSLO      RT_INV
              ________      ________      ________
                0.000         0.000        -2.643


           BETA
              ANTAG         INHIB         CONDSLO       PREVSLO       ERRSLO
              ________      ________      ________      ________      ________
 ANTAG          0.000         0.000         0.000         0.000         0.000
 INHIB          0.000         0.000         0.000         0.000         0.000
 CONDSLO        0.000         0.000         0.000         0.000         0.000
 PREVSLO        0.000         0.000         0.000         0.000         0.000
 ERRSLO         0.000         0.000         0.000         0.000         0.000
 RUNSLO         0.000         0.000         0.000         0.000         0.000
 TRIALSLO       0.000         0.000         0.000         0.000         0.000
 RT_INV         0.000         0.000         0.000         0.000         0.000


           BETA
              RUNSLO        TRIALSLO      RT_INV
              ________      ________      ________
 ANTAG          0.000         0.000         0.000
 INHIB          0.000         0.000         0.000
 CONDSLO        0.000         0.000         0.000
 PREVSLO        0.000         0.000         0.000
 ERRSLO         0.000         0.000         0.000
 RUNSLO         0.000         0.000         0.000
 TRIALSLO       0.000         0.000         0.000
 RT_INV         0.000         0.000         0.000


           PSI
              ANTAG         INHIB         CONDSLO       PREVSLO       ERRSLO
              ________      ________      ________      ________      ________
 ANTAG          1.000
 INHIB          0.000         1.000
 CONDSLO        0.000         0.000         1.000
 PREVSLO        0.000         0.000         0.000         1.000
 ERRSLO         0.000         0.000         0.000         0.000         1.000
 RUNSLO         0.000         0.000         0.000         0.000         0.000
 TRIALSLO       0.000         0.000         0.000         0.000         0.000
 RT_INV         0.000         0.000         0.000         0.000         0.000


           PSI
              RUNSLO        TRIALSLO      RT_INV
              ________      ________      ________
 RUNSLO         1.000
 TRIALSLO       0.000         1.000
 RT_INV         0.000         0.000         0.113



     PRIORS FOR ALL PARAMETERS            PRIOR MEAN      PRIOR VARIANCE     PRIOR STD. DEV.

     Parameter 1~N(0.000,infinity)           0.0000            infinity            infinity
     Parameter 2~N(0.000,infinity)           0.0000            infinity            infinity
     Parameter 3~IG(-1.000,0.000)          infinity            infinity            infinity
     Parameter 4~N(0.000,infinity)           0.0000            infinity            infinity
     Parameter 5~N(0.000,infinity)           0.0000            infinity            infinity
     Parameter 6~N(0.000,infinity)           0.0000            infinity            infinity
     Parameter 7~N(0.000,infinity)           0.0000            infinity            infinity
     Parameter 8~N(0.000,infinity)           0.0000            infinity            infinity
     Parameter 9~N(0.000,infinity)           0.0000            infinity            infinity
     Parameter 10~N(0.000,infinity)          0.0000            infinity            infinity
     Parameter 11~N(0.000,infinity)          0.0000            infinity            infinity
     Parameter 12~N(0.000,infinity)          0.0000            infinity            infinity
     Parameter 13~N(0.000,infinity)          0.0000            infinity            infinity
     Parameter 14~IG(-1.000,0.000)         infinity            infinity            infinity
     Parameter 15~IG(-1.000,0.000)         infinity            infinity            infinity
     Parameter 16~IG(-1.000,0.000)         infinity            infinity            infinity
     Parameter 17~IG(-1.000,0.000)         infinity            infinity            infinity
     Parameter 18~IG(-1.000,0.000)         infinity            infinity            infinity
     Parameter 19~IG(-1.000,0.000)         infinity            infinity            infinity
     Parameter 20~N(0.000,infinity)          0.0000            infinity            infinity
     Parameter 21~N(0.000,infinity)          0.0000            infinity            infinity
     Parameter 22~N(0.000,infinity)          0.0000            infinity            infinity
     Parameter 23~N(0.000,infinity)          0.0000            infinity            infinity
     Parameter 24~N(0.000,infinity)          0.0000            infinity            infinity
     Parameter 25~N(0.000,infinity)          0.0000            infinity            infinity
     Parameter 26~N(0.000,infinity)          0.0000            infinity            infinity
     Parameter 27~N(0.000,infinity)          0.0000            infinity            infinity
     Parameter 28~N(0.000,infinity)          0.0000            infinity            infinity
     Parameter 29~N(0.000,infinity)          0.0000            infinity            infinity
     Parameter 30~N(0.000,infinity)          0.0000            infinity            infinity
     Parameter 31~N(0.000,infinity)          0.0000            infinity            infinity
     Parameter 32~IW(0.000,-3)             infinity            infinity            infinity
     Parameter 33~IW(0.000,-3)             infinity            infinity            infinity
     Parameter 34~IW(0.000,-3)             infinity            infinity            infinity
     Parameter 35~IW(0.000,-6)             infinity            infinity            infinity
     Parameter 36~IW(0.000,-6)             infinity            infinity            infinity
     Parameter 37~IW(0.000,-6)             infinity            infinity            infinity
     Parameter 38~IW(0.000,-6)             infinity            infinity            infinity
     Parameter 39~IW(0.000,-6)             infinity            infinity            infinity
     Parameter 40~IW(0.000,-6)             infinity            infinity            infinity
     Parameter 41~IW(0.000,-6)             infinity            infinity            infinity
     Parameter 42~IW(0.000,-6)             infinity            infinity            infinity
     Parameter 43~IW(0.000,-6)             infinity            infinity            infinity
     Parameter 44~IW(0.000,-6)             infinity            infinity            infinity
     Parameter 45~IW(0.000,-6)             infinity            infinity            infinity
     Parameter 46~IW(0.000,-6)             infinity            infinity            infinity
     Parameter 47~IW(0.000,-6)             infinity            infinity            infinity
     Parameter 48~IW(0.000,-6)             infinity            infinity            infinity
     Parameter 49~IW(0.000,-6)             infinity            infinity            infinity
     Parameter 50~IG(-1.000,0.000)         infinity            infinity            infinity


TECHNICAL 8 OUTPUT


   TECHNICAL 8 OUTPUT FOR BAYES ESTIMATION

     CHAIN    BSEED
     1        0
     2        285380
     3        253358
     4        93468

                     POTENTIAL       PARAMETER WITH
     ITERATION    SCALE REDUCTION      HIGHEST PSR
     100              1.793               16
     200              1.454               14
     300              1.418               14
     400              1.340               16
     500              1.148               16
     600              1.063               34
     700              1.060               12
     800              1.038               12
     900              1.070               12
     1000             1.036               12
     1100             1.037               12
     1200             1.030               12
     1300             1.013               31
     1400             1.030               34
     1500             1.097               34
     1600             1.107               34
     1700             1.052               34
     1800             1.031               34
     1900             1.025               31
     2000             1.019               31
     2100             1.011               11
     2200             1.008               4
     2300             1.010               4
     2400             1.012               4
     2500             1.013               34
     2600             1.018               34
     2700             1.005               10
     2800             1.007               6
     2900             1.006               6
     3000             1.011               10
     3100             1.016               10
     3200             1.012               10
     3300             1.015               10
     3400             1.016               10
     3500             1.018               10
     3600             1.019               10
     3700             1.022               10
     3800             1.030               10
     3900             1.030               10
     4000             1.018               10
     4100             1.016               26
     4200             1.012               26
     4300             1.011               26
     4400             1.010               26
     4500             1.007               10
     4600             1.004               10
     4700             1.007               10
     4800             1.009               10
     4900             1.008               30
     5000             1.006               30
     5100             1.007               10
     5200             1.015               10
     5300             1.011               10
     5400             1.012               10
     5500             1.012               10
     5600             1.013               10
     5700             1.017               10
     5800             1.017               10
     5900             1.012               10
     6000             1.011               10
     6100             1.008               10
     6200             1.006               4
     6300             1.005               4
     6400             1.005               40
     6500             1.003               4
     6600             1.003               40
     6700             1.004               40
     6800             1.005               34
     6900             1.004               34
     7000             1.004               14
     7100             1.003               14
     7200             1.004               11
     7300             1.006               11
     7400             1.007               11
     7500             1.006               11
     7600             1.005               11
     7700             1.005               11
     7800             1.005               20
     7900             1.005               20
     8000             1.005               20
     8100             1.006               12
     8200             1.003               12
     8300             1.003               20
     8400             1.004               20
     8500             1.005               20
     8600             1.005               20
     8700             1.005               20
     8800             1.004               20
     8900             1.004               20
     9000             1.003               20
     9100             1.003               20
     9200             1.004               20
     9300             1.004               20
     9400             1.004               20
     9500             1.002               20
     9600             1.003               20
     9700             1.002               27
     9800             1.002               34
     9900             1.003               34
     10000            1.002               27
     10100            1.003               34
     10200            1.003               34
     10300            1.002               10
     10400            1.002               10
     10500            1.002               20
     10600            1.002               20
     10700            1.003               34
     10800            1.002               34
     10900            1.002               34
     11000            1.002               34
     11100            1.002               20
     11200            1.003               20
     11300            1.003               20
     11400            1.004               20
     11500            1.004               20
     11600            1.003               10
     11700            1.003               10
     11800            1.004               10
     11900            1.004               10
     12000            1.003               10
     12100            1.003               10
     12200            1.002               20
     12300            1.002               20
     12400            1.002               20
     12500            1.002               20
     12600            1.002               20
     12700            1.002               20
     12800            1.002               20
     12900            1.002               20
     13000            1.002               20
     13100            1.002               20
     13200            1.002               20
     13300            1.002               20
     13400            1.002               20
     13500            1.002               20
     13600            1.002               20
     13700            1.002               20
     13800            1.002               20
     13900            1.001               20
     14000            1.001               20
     14100            1.001               5
     14200            1.001               5
     14300            1.001               14
     14400            1.001               14
     14500            1.001               13
     14600            1.001               12
     14700            1.002               12
     14800            1.002               20
     14900            1.002               20
     15000            1.002               20


PLOT INFORMATION

The following plots are available:

  Bayesian posterior parameter distributions
  Bayesian posterior parameter trace plots
  Bayesian autocorrelation plots

     Beginning Time:  15:45:21
        Ending Time:  15:51:30
       Elapsed Time:  00:06:09



MUTHEN & MUTHEN
3463 Stoner Ave.
Los Angeles, CA  90066

Tel: (310) 391-9971
Fax: (310) 391-8971
Web: www.StatModel.com
Support: Support@StatModel.com

Copyright (c) 1998-2019 Muthen & Muthen
