Mplus VERSION 8.4 (Mac)
MUTHEN & MUTHEN
05/30/2020   4:43 PM

INPUT INSTRUCTIONS

  TITLE:
  Agentic and Affiliative Extraversion MSEM Flanker RT
  DATA:
  FILE = "Dom_modela_flanker_rt_msem.dat";

  VARIABLE:
  NAMES = id rt cond block trial trial_z rt_inv run_trial run_trial_z prev_rt
       prev_error prev_rt_z EXHIB ENTITL DETACH MPS_spR MPS_scR;
   MISSING=.;

      WITHIN = cond block cond_block prev_rt_z prev_error trial_z run_trial_z;
      USEVARIABLES = id rt_inv cond block prev_rt_z
        prev_error trial_z run_trial_z
        EXHIB ENTITL DETACH MPS_spR MPS_scR cond_block;
      BETWEEN = EXHIB ENTITL DETACH MPS_spR MPS_scR;
      CLUSTER = id;

  DEFINE:

      cond = cond - 1; ! 0=congruent, 1=incongruent
      block = block - 1; ! 0=most_incon, 1=most_con
      cond_block = cond*block; ! 1=most_con, incongruent

  ANALYSIS:

      TYPE=TWOLEVEL RANDOM;
      ESTIMATOR=BAYES;
      BITERATIONS=(20000);
      CHAINS=4;
      PROCESSORS=4;

  MODEL:


    %WITHIN%
      rt_inv ON block cond_block;
      condslo | rt_inv ON cond;        !random slope of cond
      prevslo | rt_inv ON prev_rt_z;   !random slope of rt autocorrelation
      errslo | rt_inv ON prev_error;   !random slope of previous error
      runslo | rt_inv ON run_trial_z;  !random slope of run_trial
      trialslo | rt_inv ON trial_z;    !random slope of trial

    %BETWEEN%
      !means of random slopes
      [condslo];
      [runslo];
      [trialslo];
      [prevslo];
      [errslo];

      !variances of random slopes
      condslo;
      runslo;
      trialslo;
      prevslo;
      errslo;

      !slope correlations
      condslo runslo trialslo prevslo errslo WITH
         condslo runslo trialslo prevslo errslo;

      [rt_inv]; !mean average inverse RT

      !TRAIT MODEL
      agentic BY MPS_spR* EXHIB ENTITL;
      agentic@1;

      affiliat BY MPS_scR*1 DETACH;
      affiliat@1;

      agentic WITH affiliat;

      !TRAIT MODERATION

      ! trait moderates flanker performance -- incongruency effect and stickiness of RT
      condslo ON agentic affiliat;
      prevslo ON agentic affiliat;

      errslo ON agentic affiliat;

      !N.B. Leaving out the association of antag with rt_inv
      !omits a hugely important relationship.
      !Thus, allow antag as a predictor of average (person) RT
      rt_inv ON agentic affiliat;

  OUTPUT:

      TECH1 TECH8 CINTERVAL STANDARDIZED;

  PLOT:
  TYPE = PLOT2;



*** WARNING in VARIABLE command
  Note that only the first 8 characters of variable names are used in the output.
  Shorten variable names to avoid any confusion.
*** WARNING in PLOT command
  Note that only the first 8 characters of variable names are used in plots.
  If variable names are not unique within the first 8 characters, problems
  may occur.
*** WARNING
  One or more individual-level variables have no variation within a
  cluster for the following clusters.

     Variable   Cluster IDs with no within-cluster variation

      PREV_ERR    90 15 11 114 13 5 52 6 106 66 86 20 107 91 93 95

*** WARNING
  Data set contains cases with missing on x-variables.
  These cases were not included in the analysis.
  Number of cases with missing on x-variables:  496
   4 WARNING(S) FOUND IN THE INPUT INSTRUCTIONS




Agentic and Affiliative Extraversion MSEM Flanker RT

SUMMARY OF ANALYSIS

Number of groups                                                 1
Number of observations                                       15504

Number of dependent variables                                    6
Number of independent variables                                  7
Number of continuous latent variables                            7

Observed dependent variables

  Continuous
   EXHIB       ENTITL      DETACH      MPS_SPR     MPS_SCR     RT_INV

Observed independent variables
   COND        BLOCK       PREV_RT_    PREV_ERR    TRIAL_Z     RUN_TRIA
   COND_BLO

Continuous latent variables
   AGENTIC     AFFILIAT    CONDSLO     PREVSLO     ERRSLO      RUNSLO
   TRIALSLO

Variables with special functions

  Cluster variable      ID

  Within variables
   COND        BLOCK       PREV_RT_    PREV_ERR    TRIAL_Z     RUN_TRIA
   COND_BLO

  Between variables
   EXHIB       ENTITL      DETACH      MPS_SPR     MPS_SCR


Estimator                                                    BAYES
Specifications for Bayesian Estimation
  Point estimate                                            MEDIAN
  Number of Markov chain Monte Carlo (MCMC) chains               4
  Random seed for the first chain                                0
  Starting value information                           UNPERTURBED
  Algorithm used for Markov chain Monte Carlo           GIBBS(PX1)
  Convergence criterion                                  0.500D-01
  Maximum number of iterations                               50000
  K-th iteration used for thinning                               1

Input data file(s)
  Dom_modela_flanker_rt_msem.dat
Input data format  FREE


SUMMARY OF DATA

     Number of clusters                        100

       Size (s)    Cluster ID with Size s

        137        62
        144        92
        146        36
        150        73 45
        151        35
        152        110
        153        42 90 65
        154        24 109 89 46 15
        155        113 14 102 18 21 57 58 22 105 68 27 32 33 34 99
        156        25 26 11 28 29 3 30 31 1 111 112 103 114 37 4 40 41
                   12 43 13 104 49 5 50 52 53 54 56 10 16 59 6 60 61 17
                   63 64 106 66 67 19 69 70 71 72 2 74 75 76 77 78 79 8
                   81 84 86 87 88 20 9 107 91 108 93 94 95 96 97 98 101



COVARIANCE COVERAGE OF DATA

Minimum covariance coverage value   0.100

     Number of missing data patterns             2


     PROPORTION OF DATA PRESENT


           Covariance Coverage
              EXHIB         ENTITL        DETACH        MPS_SPR       MPS_SCR
              ________      ________      ________      ________      ________
 EXHIB          1.000
 ENTITL         1.000         1.000
 DETACH         1.000         1.000         1.000
 MPS_SPR        1.000         1.000         1.000         1.000
 MPS_SCR        1.000         1.000         1.000         1.000         1.000
 RT_INV         0.951         0.951         0.951         0.951         0.951
 COND           1.000         1.000         1.000         1.000         1.000
 BLOCK          1.000         1.000         1.000         1.000         1.000
 PREV_RT_       1.000         1.000         1.000         1.000         1.000
 PREV_ERR       1.000         1.000         1.000         1.000         1.000
 TRIAL_Z        1.000         1.000         1.000         1.000         1.000
 RUN_TRIA       1.000         1.000         1.000         1.000         1.000
 COND_BLO       1.000         1.000         1.000         1.000         1.000


           Covariance Coverage
              RT_INV        COND          BLOCK         PREV_RT_      PREV_ERR
              ________      ________      ________      ________      ________
 RT_INV         0.951
 COND           0.951         1.000
 BLOCK          0.951         1.000         1.000
 PREV_RT_       0.951         1.000         1.000         1.000
 PREV_ERR       0.951         1.000         1.000         1.000         1.000
 TRIAL_Z        0.951         1.000         1.000         1.000         1.000
 RUN_TRIA       0.951         1.000         1.000         1.000         1.000
 COND_BLO       0.951         1.000         1.000         1.000         1.000


           Covariance Coverage
              TRIAL_Z       RUN_TRIA      COND_BLO
              ________      ________      ________
 TRIAL_Z        1.000
 RUN_TRIA       1.000         1.000
 COND_BLO       1.000         1.000         1.000



UNIVARIATE SAMPLE STATISTICS


     UNIVARIATE HIGHER-ORDER MOMENT DESCRIPTIVE STATISTICS

         Variable/         Mean/     Skewness/   Minimum/ % with                Percentiles
        Sample Size      Variance    Kurtosis    Maximum  Min/Max      20%/60%    40%/80%    Median

     EXHIB                 0.016      -0.030      -1.771    5.00%      -1.023     -0.276      0.098
             100.000       1.012      -0.989       1.968    2.00%       0.223      0.971
     ENTITL               -0.004      -0.175      -2.089    1.00%      -1.024     -0.225      0.041
             100.000       1.020      -0.785       2.171    1.00%       0.307      0.840
     DETACH                0.008       1.172      -1.074   10.00%      -0.841     -0.607     -0.373
             100.000       1.022       0.625       3.133    1.00%      -0.139      0.796
     MPS_SPR              -0.003      -0.632      -2.222    4.00%      -0.954     -0.003      0.314
             100.000       1.019      -0.572       1.582    3.00%       0.314      0.948
     MPS_SCR              -0.005       1.387      -1.228    2.00%      -0.843     -0.459     -0.459
             100.000       1.022       1.141       3.003    3.00%      -0.074      0.695
     RT_INV               -2.643       0.102      -4.000    0.03%      -3.030     -2.762     -2.646
           14751.000       0.225       0.183      -1.031    0.01%      -2.532     -2.268
     COND                  0.502      -0.007       0.000   49.82%       0.000      0.000      1.000
           15504.000       0.250      -2.000       1.000   50.18%       1.000      1.000
     BLOCK                 0.499       0.003       0.000   50.08%       0.000      0.000      0.000
           15504.000       0.250      -2.000       1.000   49.92%       1.000      1.000
     PREV_RT_Z            -0.020       1.617      -2.625    0.01%      -0.751     -0.367     -0.187
           15504.000       0.979       4.909       6.508    0.01%       0.017      0.559
     PREV_ERROR            0.035       5.048       0.000   96.48%       0.000      0.000      0.000
           15504.000       0.034      23.484       1.000    3.52%       0.000      0.000
     TRIAL_Z               0.009       0.002      -1.700    0.63%      -1.028     -0.336     -0.011
           15504.000       0.995      -1.205       1.721    0.63%       0.357      1.050
     RUN_TRIAL_Z           0.043      -0.001      -1.582    2.56%      -0.984     -0.299      0.043
           15504.000       0.927      -1.202       1.668    2.57%       0.385      1.069
     COND_BLOCK            0.151       1.954       0.000   84.95%       0.000      0.000      0.000
           15504.000       0.128       1.820       1.000   15.05%       0.000      0.000


THE MODEL ESTIMATION TERMINATED NORMALLY

     USE THE FBITERATIONS OPTION TO INCREASE THE NUMBER OF ITERATIONS BY A FACTOR
     OF AT LEAST TWO TO CHECK CONVERGENCE AND THAT THE PSR VALUE DOES NOT INCREASE.



MODEL FIT INFORMATION

Number of Free Parameters                              49

Information Criteria

          Deviance (DIC)                        11751.705
          Estimated Number of Parameters (pD)     408.114



MODEL RESULTS

                                Posterior  One-Tailed         95% C.I.
                    Estimate       S.D.      P-Value   Lower 2.5%  Upper 2.5%  Significance

Within Level

 RT_INV     ON
    BLOCK              0.025       0.009      0.002       0.008       0.042      *
    COND_BLOCK         0.049       0.012      0.000       0.024       0.073      *

 Residual Variances
    RT_INV             0.117       0.001      0.000       0.114       0.119      *

Between Level

 AGENTIC  BY
    MPS_SPR            0.783       0.109      0.000       0.584       1.007      *
    EXHIB              0.937       0.105      0.000       0.734       1.144      *
    ENTITL             0.482       0.113      0.000       0.266       0.711      *

 AFFILIAT BY
    MPS_SCR            0.930       0.093      0.000       0.761       1.126      *
    DETACH             0.994       0.089      0.000       0.821       1.170      *

 CONDSLO    ON
    AGENTIC            0.023       0.011      0.015       0.002       0.045      *
    AFFILIAT           0.029       0.011      0.002       0.009       0.050      *

 PREVSLO    ON
    AGENTIC           -0.008       0.009      0.197      -0.026       0.010
    AFFILIAT          -0.005       0.009      0.296      -0.022       0.013

 ERRSLO     ON
    AGENTIC            0.007       0.038      0.423      -0.068       0.083
    AFFILIAT           0.038       0.034      0.126      -0.029       0.106

 RT_INV     ON
    AGENTIC           -0.061       0.033      0.028      -0.127       0.001
    AFFILIAT          -0.049       0.030      0.051      -0.108       0.010

 CONDSLO  WITH
    RUNSLO             0.000       0.000      0.438      -0.001       0.001
    TRIALSLO          -0.001       0.001      0.023      -0.002       0.000      *
    PREVSLO            0.000       0.001      0.381      -0.001       0.001
    ERRSLO            -0.004       0.003      0.033      -0.010       0.000

 RUNSLO   WITH
    TRIALSLO           0.000       0.000      0.376       0.000       0.001
    PREVSLO            0.000       0.000      0.196      -0.001       0.000
    ERRSLO            -0.001       0.001      0.243      -0.003       0.001

 TRIALSLO WITH
    PREVSLO            0.000       0.000      0.413      -0.001       0.001
    ERRSLO             0.001       0.002      0.266      -0.003       0.005

 PREVSLO  WITH
    ERRSLO             0.004       0.002      0.025       0.000       0.009      *

 AGENTIC  WITH
    AFFILIAT          -0.421       0.106      0.000      -0.603      -0.191      *

 Means
    RUNSLO            -0.003       0.004      0.214      -0.012       0.005
    TRIALSLO          -0.017       0.006      0.004      -0.030      -0.004      *

 Intercepts
    EXHIB              0.019       0.106      0.427      -0.194       0.226
    ENTITL            -0.004       0.106      0.485      -0.211       0.203
    DETACH             0.000       0.108      0.500      -0.215       0.215
    MPS_SPR           -0.001       0.107      0.496      -0.213       0.206
    MPS_SCR           -0.012       0.108      0.454      -0.227       0.199
    RT_INV            -2.727       0.026      0.000      -2.777      -2.676      *
    CONDSLO            0.120       0.011      0.000       0.098       0.142      *
    PREVSLO            0.130       0.007      0.000       0.116       0.144      *
    ERRSLO             0.238       0.029      0.000       0.182       0.297      *

 Variances
    AGENTIC            1.000       0.000      0.000       1.000       1.000
    AFFILIAT           1.000       0.000      0.000       1.000       1.000
    RUNSLO             0.001       0.000      0.000       0.001       0.001      *
    TRIALSLO           0.003       0.001      0.000       0.002       0.005      *

 Residual Variances
    EXHIB              0.228       0.118      0.000       0.021       0.473      *
    ENTITL             0.848       0.133      0.000       0.633       1.154      *
    DETACH             0.121       0.084      0.000       0.011       0.316      *
    MPS_SPR            0.485       0.110      0.000       0.285       0.717      *
    MPS_SCR            0.253       0.083      0.000       0.074       0.402      *
    RT_INV             0.053       0.008      0.000       0.039       0.073      *
    CONDSLO            0.004       0.001      0.000       0.002       0.006      *
    PREVSLO            0.003       0.001      0.000       0.002       0.004      *
    ERRSLO             0.035       0.011      0.000       0.018       0.061      *


STANDARDIZED MODEL RESULTS


STDYX Standardization

                                Posterior  One-Tailed         95% C.I.
                    Estimate       S.D.      P-Value   Lower 2.5%  Upper 2.5%  Significance

Within-Level Standardized Estimates Averaged Over Clusters

 CONDSLO | RT_INV ON
    COND               0.160       0.011      0.000       0.137       0.182      *

 PREVSLO | RT_INV ON
    PREV_RT_Z          0.252       0.007      0.000       0.237       0.266      *

 ERRSLO | RT_INV ON
    PREV_ERROR         0.085       0.007      0.000       0.071       0.098      *

 RUNSLO | RT_INV ON
    RUN_TRIAL_        -0.008       0.008      0.139      -0.025       0.006

 TRIALSLO | RT_INV ON
    TRIAL_Z           -0.043       0.008      0.000      -0.059      -0.028      *

 RT_INV     ON
    BLOCK              0.033       0.011      0.002       0.011       0.056      *
    COND_BLOCK         0.046       0.012      0.000       0.023       0.070      *

 Residual Variances
    RT_INV             0.831       0.005      0.000       0.821       0.841      *

Between Level

 AGENTIC  BY
    MPS_SPR            0.747       0.069      0.000       0.601       0.869      *
    EXHIB              0.891       0.062      0.000       0.751       0.991      *
    ENTITL             0.463       0.092      0.000       0.266       0.626      *

 AFFILIAT BY
    MPS_SCR            0.880       0.045      0.000       0.792       0.967      *
    DETACH             0.945       0.042      0.000       0.841       0.995      *

 CONDSLO    ON
    AGENTIC            0.341       0.149      0.015       0.035       0.617      *
    AFFILIAT           0.432       0.142      0.002       0.131       0.688      *

 PREVSLO    ON
    AGENTIC           -0.140       0.161      0.197      -0.442       0.184
    AFFILIAT          -0.085       0.156      0.296      -0.383       0.223

 ERRSLO     ON
    AGENTIC            0.038       0.192      0.423      -0.341       0.407
    AFFILIAT           0.199       0.169      0.126      -0.147       0.512

 RT_INV     ON
    AGENTIC           -0.254       0.129      0.028      -0.499       0.006
    AFFILIAT          -0.203       0.120      0.051      -0.430       0.040

 CONDSLO  WITH
    RUNSLO            -0.030       0.186      0.438      -0.388       0.333
    TRIALSLO          -0.330       0.155      0.023      -0.610      -0.006      *
    PREVSLO           -0.059       0.191      0.381      -0.422       0.319
    ERRSLO            -0.412       0.207      0.033      -0.775       0.028

 RUNSLO   WITH
    TRIALSLO           0.054       0.162      0.376      -0.264       0.366
    PREVSLO           -0.149       0.170      0.196      -0.470       0.193
    ERRSLO            -0.135       0.188      0.243      -0.490       0.243

 TRIALSLO WITH
    PREVSLO            0.034       0.150      0.413      -0.261       0.322
    ERRSLO             0.113       0.174      0.266      -0.230       0.446

 PREVSLO  WITH
    ERRSLO             0.403       0.186      0.025       0.000       0.722      *

 AGENTIC  WITH
    AFFILIAT          -0.421       0.106      0.000      -0.603      -0.191      *

 Means
    RUNSLO            -0.110       0.141      0.214      -0.388       0.166
    TRIALSLO          -0.306       0.118      0.004      -0.538      -0.074      *

 Intercepts
    EXHIB              0.018       0.100      0.427      -0.182       0.215
    ENTITL            -0.004       0.100      0.485      -0.200       0.193
    DETACH             0.000       0.102      0.500      -0.199       0.201
    MPS_SPR           -0.001       0.101      0.496      -0.200       0.195
    MPS_SCR           -0.011       0.102      0.454      -0.212       0.188
    RT_INV           -11.311       0.872      0.000     -13.070      -9.661      *
    CONDSLO            1.773       0.293      0.000       1.280       2.429      *
    PREVSLO            2.358       0.299      0.000       1.828       3.001      *
    ERRSLO             1.232       0.227      0.000       0.837       1.726      *

 Variances
    AGENTIC            1.000       0.000      0.000       1.000       1.000
    AFFILIAT           1.000       0.000      0.000       1.000       1.000
    RUNSLO             1.000       0.000      0.000       1.000       1.000
    TRIALSLO           1.000       0.000      0.000       1.000       1.000

 Residual Variances
    EXHIB              0.206       0.109      0.000       0.018       0.435      *
    ENTITL             0.785       0.083      0.000       0.609       0.929      *
    DETACH             0.108       0.077      0.000       0.010       0.292      *
    MPS_SPR            0.443       0.101      0.000       0.245       0.639      *
    MPS_SCR            0.226       0.078      0.000       0.065       0.373      *
    RT_INV             0.926       0.060      0.000       0.767       0.995      *
    CONDSLO            0.801       0.109      0.000       0.552       0.967      *
    PREVSLO            0.958       0.052      0.000       0.806       0.998      *
    ERRSLO             0.934       0.068      0.000       0.747       0.997      *


STDY Standardization

                                Posterior  One-Tailed         95% C.I.
                    Estimate       S.D.      P-Value   Lower 2.5%  Upper 2.5%  Significance

Within-Level Standardized Estimates Averaged Over Clusters

 CONDSLO | RT_INV ON
    COND               0.320       0.023      0.000       0.274       0.365      *

 PREVSLO | RT_INV ON
    PREV_RT_Z          0.342       0.011      0.000       0.319       0.364      *

 ERRSLO | RT_INV ON
    PREV_ERROR         0.635       0.059      0.000       0.523       0.751      *

 RUNSLO | RT_INV ON
    RUN_TRIAL_        -0.008       0.008      0.139      -0.026       0.007

 TRIALSLO | RT_INV ON
    TRIAL_Z           -0.043       0.008      0.000      -0.059      -0.028      *

 RT_INV     ON
    BLOCK              0.066       0.023      0.002       0.022       0.113      *
    COND_BLOCK         0.128       0.033      0.000       0.065       0.196      *

 Residual Variances
    RT_INV             0.831       0.005      0.000       0.821       0.841      *

Between Level

 AGENTIC  BY
    MPS_SPR            0.747       0.069      0.000       0.601       0.869      *
    EXHIB              0.891       0.062      0.000       0.751       0.991      *
    ENTITL             0.463       0.092      0.000       0.266       0.626      *

 AFFILIAT BY
    MPS_SCR            0.880       0.045      0.000       0.792       0.967      *
    DETACH             0.945       0.042      0.000       0.841       0.995      *

 CONDSLO    ON
    AGENTIC            0.341       0.149      0.015       0.035       0.617      *
    AFFILIAT           0.432       0.142      0.002       0.131       0.688      *

 PREVSLO    ON
    AGENTIC           -0.140       0.161      0.197      -0.442       0.184
    AFFILIAT          -0.085       0.156      0.296      -0.383       0.223

 ERRSLO     ON
    AGENTIC            0.038       0.192      0.423      -0.341       0.407
    AFFILIAT           0.199       0.169      0.126      -0.147       0.512

 RT_INV     ON
    AGENTIC           -0.254       0.129      0.028      -0.499       0.006
    AFFILIAT          -0.203       0.120      0.051      -0.430       0.040

 CONDSLO  WITH
    RUNSLO            -0.030       0.186      0.438      -0.388       0.333
    TRIALSLO          -0.330       0.155      0.023      -0.610      -0.006      *
    PREVSLO           -0.059       0.191      0.381      -0.422       0.319
    ERRSLO            -0.412       0.207      0.033      -0.775       0.028

 RUNSLO   WITH
    TRIALSLO           0.054       0.162      0.376      -0.264       0.366
    PREVSLO           -0.149       0.170      0.196      -0.470       0.193
    ERRSLO            -0.135       0.188      0.243      -0.490       0.243

 TRIALSLO WITH
    PREVSLO            0.034       0.150      0.413      -0.261       0.322
    ERRSLO             0.113       0.174      0.266      -0.230       0.446

 PREVSLO  WITH
    ERRSLO             0.403       0.186      0.025       0.000       0.722      *

 AGENTIC  WITH
    AFFILIAT          -0.421       0.106      0.000      -0.603      -0.191      *

 Means
    RUNSLO            -0.110       0.141      0.214      -0.388       0.166
    TRIALSLO          -0.306       0.118      0.004      -0.538      -0.074      *

 Intercepts
    EXHIB              0.018       0.100      0.427      -0.182       0.215
    ENTITL            -0.004       0.100      0.485      -0.200       0.193
    DETACH             0.000       0.102      0.500      -0.199       0.201
    MPS_SPR           -0.001       0.101      0.496      -0.200       0.195
    MPS_SCR           -0.011       0.102      0.454      -0.212       0.188
    RT_INV           -11.311       0.872      0.000     -13.070      -9.661      *
    CONDSLO            1.773       0.293      0.000       1.280       2.429      *
    PREVSLO            2.358       0.299      0.000       1.828       3.001      *
    ERRSLO             1.232       0.227      0.000       0.837       1.726      *

 Variances
    AGENTIC            1.000       0.000      0.000       1.000       1.000
    AFFILIAT           1.000       0.000      0.000       1.000       1.000
    RUNSLO             1.000       0.000      0.000       1.000       1.000
    TRIALSLO           1.000       0.000      0.000       1.000       1.000

 Residual Variances
    EXHIB              0.206       0.109      0.000       0.018       0.435      *
    ENTITL             0.785       0.083      0.000       0.609       0.929      *
    DETACH             0.108       0.077      0.000       0.010       0.292      *
    MPS_SPR            0.443       0.101      0.000       0.245       0.639      *
    MPS_SCR            0.226       0.078      0.000       0.065       0.373      *
    RT_INV             0.926       0.060      0.000       0.767       0.995      *
    CONDSLO            0.801       0.109      0.000       0.552       0.967      *
    PREVSLO            0.958       0.052      0.000       0.806       0.998      *
    ERRSLO             0.934       0.068      0.000       0.747       0.997      *


STD Standardization

                                Posterior  One-Tailed         95% C.I.
                    Estimate       S.D.      P-Value   Lower 2.5%  Upper 2.5%  Significance

Within-Level Standardized Estimates Averaged Over Clusters

 CONDSLO | RT_INV ON
    COND               0.121       0.009      0.000       0.104       0.138      *

 PREVSLO | RT_INV ON
    PREV_RT_Z          0.130       0.004      0.000       0.122       0.139      *

 ERRSLO | RT_INV ON
    PREV_ERROR         0.240       0.022      0.000       0.198       0.284      *

 RUNSLO | RT_INV ON
    RUN_TRIAL_        -0.003       0.003      0.122      -0.010       0.002

 TRIALSLO | RT_INV ON
    TRIAL_Z           -0.017       0.003      0.000      -0.023      -0.011      *

 RT_INV     ON
    BLOCK              0.025       0.009      0.002       0.008       0.042      *
    COND_BLOCK         0.048       0.012      0.000       0.024       0.074      *

 Residual Variances
    RT_INV             0.117       0.001      0.000       0.114       0.119      *

Between Level

 AGENTIC  BY
    MPS_SPR            0.783       0.109      0.000       0.584       1.007      *
    EXHIB              0.937       0.105      0.000       0.734       1.144      *
    ENTITL             0.482       0.113      0.000       0.266       0.711      *

 AFFILIAT BY
    MPS_SCR            0.930       0.093      0.000       0.761       1.126      *
    DETACH             0.994       0.089      0.000       0.821       1.170      *

 CONDSLO    ON
    AGENTIC            0.341       0.149      0.015       0.035       0.617      *
    AFFILIAT           0.432       0.142      0.002       0.131       0.688      *

 PREVSLO    ON
    AGENTIC           -0.140       0.161      0.197      -0.442       0.184
    AFFILIAT          -0.085       0.156      0.296      -0.383       0.223

 ERRSLO     ON
    AGENTIC            0.038       0.192      0.423      -0.341       0.407
    AFFILIAT           0.199       0.169      0.126      -0.147       0.512

 RT_INV     ON
    AGENTIC           -0.061       0.033      0.028      -0.127       0.001
    AFFILIAT          -0.049       0.030      0.051      -0.108       0.010

 CONDSLO  WITH
    RUNSLO            -0.030       0.186      0.438      -0.388       0.333
    TRIALSLO          -0.330       0.155      0.023      -0.610      -0.006      *
    PREVSLO           -0.059       0.191      0.381      -0.422       0.319
    ERRSLO            -0.412       0.207      0.033      -0.775       0.028

 RUNSLO   WITH
    TRIALSLO           0.054       0.162      0.376      -0.264       0.366
    PREVSLO           -0.149       0.170      0.196      -0.470       0.193
    ERRSLO            -0.135       0.188      0.243      -0.490       0.243

 TRIALSLO WITH
    PREVSLO            0.034       0.150      0.413      -0.261       0.322
    ERRSLO             0.113       0.174      0.266      -0.230       0.446

 PREVSLO  WITH
    ERRSLO             0.403       0.186      0.025       0.000       0.722      *

 AGENTIC  WITH
    AFFILIAT          -0.421       0.106      0.000      -0.603      -0.191      *

 Means
    RUNSLO            -0.110       0.141      0.214      -0.388       0.166
    TRIALSLO          -0.306       0.118      0.004      -0.538      -0.074      *

 Intercepts
    EXHIB              0.019       0.106      0.427      -0.194       0.226
    ENTITL            -0.004       0.106      0.485      -0.211       0.203
    DETACH             0.000       0.108      0.500      -0.215       0.215
    MPS_SPR           -0.001       0.107      0.496      -0.213       0.206
    MPS_SCR           -0.012       0.108      0.454      -0.227       0.199
    RT_INV            -2.727       0.026      0.000      -2.777      -2.676      *
    CONDSLO            1.773       0.293      0.000       1.280       2.429      *
    PREVSLO            2.358       0.299      0.000       1.828       3.001      *
    ERRSLO             1.232       0.227      0.000       0.837       1.726      *

 Variances
    AGENTIC            1.000       0.000      0.000       1.000       1.000
    AFFILIAT           1.000       0.000      0.000       1.000       1.000
    RUNSLO             1.000       0.000      0.000       1.000       1.000
    TRIALSLO           1.000       0.000      0.000       1.000       1.000

 Residual Variances
    EXHIB              0.228       0.118      0.000       0.021       0.473      *
    ENTITL             0.848       0.133      0.000       0.633       1.154      *
    DETACH             0.121       0.084      0.000       0.011       0.316      *
    MPS_SPR            0.485       0.110      0.000       0.285       0.717      *
    MPS_SCR            0.253       0.083      0.000       0.074       0.402      *
    RT_INV             0.053       0.008      0.000       0.039       0.073      *
    CONDSLO            0.801       0.109      0.000       0.552       0.967      *
    PREVSLO            0.958       0.052      0.000       0.806       0.998      *
    ERRSLO             0.934       0.068      0.000       0.747       0.997      *


R-SQUARE

Within-Level R-Square Averaged Across Clusters

                                Posterior  One-Tailed         95% C.I.
    Variable        Estimate       S.D.      P-Value   Lower 2.5%  Upper 2.5%

    RT_INV             0.169       0.005      0.000       0.159       0.179

Between Level

                                Posterior  One-Tailed         95% C.I.
    Variable        Estimate       S.D.      P-Value   Lower 2.5%  Upper 2.5%

    EXHIB              0.794       0.109      0.000       0.565       0.982
    ENTITL             0.215       0.083      0.000       0.071       0.391
    DETACH             0.892       0.077      0.000       0.708       0.990
    MPS_SPR            0.557       0.101      0.000       0.361       0.755
    MPS_SCR            0.774       0.078      0.000       0.627       0.935
    RT_INV             0.074       0.060      0.000       0.005       0.233

                                Posterior  One-Tailed         95% C.I.
    Variable        Estimate       S.D.      P-Value   Lower 2.5%  Upper 2.5%

    CONDSLO            0.199       0.109      0.000       0.033       0.448
    PREVSLO            0.042       0.052      0.000       0.002       0.194
    ERRSLO             0.066       0.068      0.000       0.003       0.253


CREDIBILITY INTERVALS OF MODEL RESULTS

                  Lower .5%  Lower 2.5%    Lower 5%    Estimate    Upper 5%  Upper 2.5%   Upper .5%

Within Level

 RT_INV   ON
    BLOCK            0.002       0.008       0.010       0.025       0.039       0.042       0.047
    COND_BLOCK       0.017       0.024       0.028       0.049       0.069       0.073       0.081

 Residual Variances
    RT_INV           0.113       0.114       0.114       0.117       0.119       0.119       0.120

Between Level

 AGENTIC  BY
    MPS_SPR          0.522       0.584       0.614       0.783       0.970       1.007       1.090
    EXHIB            0.668       0.734       0.765       0.937       1.112       1.144       1.209
    ENTITL           0.196       0.266       0.301       0.482       0.672       0.711       0.785

 AFFILIAT BY
    MPS_SCR          0.711       0.761       0.785       0.930       1.093       1.126       1.191
    DETACH           0.763       0.821       0.849       0.994       1.141       1.170       1.227

 CONDSLO  ON
    AGENTIC         -0.004       0.002       0.006       0.023       0.041       0.045       0.052
    AFFILIAT         0.002       0.009       0.012       0.029       0.047       0.050       0.058

 PREVSLO  ON
    AGENTIC         -0.032      -0.026      -0.023      -0.008       0.007       0.010       0.016
    AFFILIAT        -0.027      -0.022      -0.019      -0.005       0.010       0.013       0.018

 ERRSLO   ON
    AGENTIC         -0.092      -0.068      -0.055       0.007       0.070       0.083       0.109
    AFFILIAT        -0.050      -0.029      -0.017       0.038       0.094       0.106       0.130

 RT_INV   ON
    AGENTIC         -0.150      -0.127      -0.115      -0.061      -0.008       0.001       0.020
    AFFILIAT        -0.129      -0.108      -0.098      -0.049       0.000       0.010       0.029

 CONDSLO  WITH
    RUNSLO          -0.001      -0.001      -0.001       0.000       0.001       0.001       0.001
    TRIALSLO        -0.003      -0.002      -0.002      -0.001       0.000       0.000       0.000
    PREVSLO         -0.002      -0.001      -0.001       0.000       0.001       0.001       0.002
    ERRSLO          -0.012      -0.010      -0.009      -0.004       0.000       0.000       0.002

 RUNSLO   WITH
    TRIALSLO        -0.001       0.000       0.000       0.000       0.001       0.001       0.001
    PREVSLO         -0.001      -0.001      -0.001       0.000       0.000       0.000       0.001
    ERRSLO          -0.004      -0.003      -0.003      -0.001       0.001       0.001       0.002

 TRIALSLO WITH
    PREVSLO         -0.001      -0.001      -0.001       0.000       0.001       0.001       0.001
    ERRSLO          -0.004      -0.003      -0.002       0.001       0.004       0.005       0.006

 PREVSLO  WITH
    ERRSLO          -0.001       0.000       0.001       0.004       0.008       0.009       0.010

 AGENTIC  WITH
    AFFILIAT        -0.650      -0.603      -0.578      -0.421      -0.230      -0.191      -0.113

 Means
    RUNSLO          -0.015      -0.012      -0.011      -0.003       0.004       0.005       0.008
    TRIALSLO        -0.034      -0.030      -0.027      -0.017      -0.006      -0.004       0.000

 Intercepts
    EXHIB           -0.262      -0.194      -0.159       0.019       0.192       0.226       0.296
    ENTITL          -0.275      -0.211      -0.176      -0.004       0.170       0.203       0.274
    DETACH          -0.280      -0.215      -0.178       0.000       0.179       0.215       0.286
    MPS_SPR         -0.282      -0.213      -0.178      -0.001       0.172       0.206       0.274
    MPS_SCR         -0.297      -0.227      -0.189      -0.012       0.166       0.199       0.268
    RT_INV          -2.793      -2.777      -2.769      -2.727      -2.685      -2.676      -2.660
    CONDSLO          0.092       0.098       0.102       0.120       0.139       0.142       0.148
    PREVSLO          0.111       0.116       0.119       0.130       0.142       0.144       0.149
    ERRSLO           0.165       0.182       0.191       0.238       0.287       0.297       0.316

 Variances
    AGENTIC          1.000       1.000       1.000       1.000       1.000       1.000       1.000
    AFFILIAT         1.000       1.000       1.000       1.000       1.000       1.000       1.000
    RUNSLO           0.001       0.001       0.001       0.001       0.001       0.001       0.002
    TRIALSLO         0.002       0.002       0.002       0.003       0.004       0.005       0.005

 Residual Variances
    EXHIB            0.005       0.021       0.040       0.228       0.431       0.473       0.563
    ENTITL           0.577       0.633       0.662       0.848       1.097       1.154       1.267
    DETACH           0.004       0.011       0.018       0.121       0.286       0.316       0.379
    MPS_SPR          0.218       0.285       0.316       0.485       0.677       0.717       0.803
    MPS_SCR          0.026       0.074       0.103       0.253       0.377       0.402       0.454
    RT_INV           0.036       0.039       0.041       0.053       0.069       0.073       0.080
    CONDSLO          0.002       0.002       0.002       0.004       0.006       0.006       0.007
    PREVSLO          0.002       0.002       0.002       0.003       0.004       0.004       0.005
    ERRSLO           0.015       0.018       0.020       0.035       0.056       0.061       0.074


CREDIBILITY INTERVALS OF STANDARDIZED MODEL RESULTS


STDYX Standardization

                  Lower .5%  Lower 2.5%    Lower 5%    Estimate    Upper 5%  Upper 2.5%   Upper .5%

Within Level

 RT_INV   ON
    BLOCK            0.000       0.011       0.000       0.033       0.000       0.056       0.000
    COND_BLOCK       0.000       0.023       0.000       0.046       0.000       0.070       0.000

 Residual Variances
    RT_INV           0.000       0.821       0.000       0.831       0.000       0.841       0.000

Between Level

 AGENTIC  BY
    MPS_SPR          0.547       0.601       0.626       0.747       0.851       0.869       0.901
    EXHIB            0.699       0.751       0.777       0.891       0.982       0.991       0.998
    ENTITL           0.195       0.266       0.300       0.463       0.603       0.626       0.671

 AFFILIAT BY
    MPS_SCR          0.763       0.792       0.807       0.880       0.954       0.967       0.989
    DETACH           0.806       0.841       0.860       0.945       0.992       0.995       0.998

 CONDSLO  ON
    AGENTIC         -0.065       0.035       0.084       0.341       0.577       0.617       0.696
    AFFILIAT         0.037       0.131       0.183       0.432       0.649       0.688       0.766

 PREVSLO  ON
    AGENTIC         -0.528      -0.442      -0.398      -0.140       0.132       0.184       0.282
    AFFILIAT        -0.470      -0.383      -0.338      -0.085       0.175       0.223       0.312

 ERRSLO   ON
    AGENTIC         -0.451      -0.341      -0.280       0.038       0.350       0.407       0.509
    AFFILIAT        -0.247      -0.147      -0.090       0.199       0.466       0.512       0.601

 RT_INV   ON
    AGENTIC         -0.572      -0.499      -0.461      -0.254      -0.035       0.006       0.083
    AFFILIAT        -0.501      -0.430      -0.394      -0.203       0.002       0.040       0.117

 CONDSLO  WITH
    RUNSLO          -0.486      -0.388      -0.335      -0.030       0.277       0.333       0.437
    TRIALSLO        -0.687      -0.610      -0.569      -0.330      -0.058      -0.006       0.098
    PREVSLO         -0.527      -0.422      -0.368      -0.059       0.260       0.319       0.427
    ERRSLO          -0.873      -0.775      -0.725      -0.412      -0.044       0.028       0.177

 RUNSLO   WITH
    TRIALSLO        -0.359      -0.264      -0.215       0.054       0.319       0.366       0.457
    PREVSLO         -0.566      -0.470      -0.422      -0.149       0.137       0.193       0.298
    ERRSLO          -0.584      -0.490      -0.437      -0.135       0.182       0.243       0.356

 TRIALSLO WITH
    PREVSLO         -0.349      -0.261      -0.216       0.034       0.278       0.322       0.405
    ERRSLO          -0.334      -0.230      -0.179       0.113       0.392       0.446       0.536

 PREVSLO  WITH
    ERRSLO          -0.131       0.000       0.067       0.403       0.676       0.722       0.802

 AGENTIC  WITH
    AFFILIAT        -0.650      -0.603      -0.578      -0.421      -0.230      -0.191      -0.113

 Means
    RUNSLO          -0.485      -0.388      -0.343      -0.110       0.120       0.166       0.252
    TRIALSLO        -0.613      -0.538      -0.501      -0.306      -0.113      -0.074      -0.005

 Intercepts
    EXHIB           -0.245      -0.182      -0.151       0.018       0.182       0.215       0.276
    ENTITL          -0.259      -0.200      -0.168      -0.004       0.161       0.193       0.255
    DETACH          -0.257      -0.199      -0.167       0.000       0.168       0.201       0.268
    MPS_SPR         -0.262      -0.200      -0.168      -0.001       0.164       0.195       0.256
    MPS_SCR         -0.273      -0.212      -0.178      -0.011       0.157       0.188       0.256
    RT_INV         -13.638     -13.070     -12.787     -11.311      -9.912      -9.661      -9.186
    CONDSLO          1.151       1.280       1.350       1.773       2.307       2.429       2.664
    PREVSLO          1.681       1.828       1.905       2.358       2.887       3.001       3.233
    ERRSLO           0.727       0.837       0.894       1.232       1.635       1.726       1.918

 Variances
    AGENTIC          1.000       1.000       1.000       1.000       1.000       1.000       1.000
    AFFILIAT         1.000       1.000       1.000       1.000       1.000       1.000       1.000
    RUNSLO           1.000       1.000       1.000       1.000       1.000       1.000       1.000
    TRIALSLO         1.000       1.000       1.000       1.000       1.000       1.000       1.000

 Residual Variances
    EXHIB            0.004       0.018       0.035       0.206       0.397       0.435       0.512
    ENTITL           0.550       0.609       0.637       0.785       0.910       0.929       0.962
    DETACH           0.004       0.010       0.015       0.108       0.260       0.292       0.349
    MPS_SPR          0.187       0.245       0.276       0.443       0.608       0.639       0.701
    MPS_SCR          0.022       0.065       0.090       0.226       0.349       0.373       0.417
    RT_INV           0.704       0.767       0.798       0.926       0.990       0.995       0.999
    CONDSLO          0.470       0.552       0.593       0.801       0.949       0.967       0.989
    PREVSLO          0.740       0.806       0.839       0.958       0.997       0.998       1.000
    ERRSLO           0.670       0.747       0.782       0.934       0.994       0.997       0.999


STDY Standardization

                  Lower .5%  Lower 2.5%    Lower 5%    Estimate    Upper 5%  Upper 2.5%   Upper .5%

Within Level

 RT_INV   ON
    BLOCK            0.000       0.022       0.000       0.066       0.000       0.113       0.000
    COND_BLOCK       0.000       0.065       0.000       0.128       0.000       0.196       0.000

 Residual Variances
    RT_INV           0.000       0.821       0.000       0.831       0.000       0.841       0.000

Between Level

 AGENTIC  BY
    MPS_SPR          0.547       0.601       0.626       0.747       0.851       0.869       0.901
    EXHIB            0.699       0.751       0.777       0.891       0.982       0.991       0.998
    ENTITL           0.195       0.266       0.300       0.463       0.603       0.626       0.671

 AFFILIAT BY
    MPS_SCR          0.763       0.792       0.807       0.880       0.954       0.967       0.989
    DETACH           0.806       0.841       0.860       0.945       0.992       0.995       0.998

 CONDSLO  ON
    AGENTIC         -0.065       0.035       0.084       0.341       0.577       0.617       0.696
    AFFILIAT         0.037       0.131       0.183       0.432       0.649       0.688       0.766

 PREVSLO  ON
    AGENTIC         -0.528      -0.442      -0.398      -0.140       0.132       0.184       0.282
    AFFILIAT        -0.470      -0.383      -0.338      -0.085       0.175       0.223       0.312

 ERRSLO   ON
    AGENTIC         -0.451      -0.341      -0.280       0.038       0.350       0.407       0.509
    AFFILIAT        -0.247      -0.147      -0.090       0.199       0.466       0.512       0.601

 RT_INV   ON
    AGENTIC         -0.572      -0.499      -0.461      -0.254      -0.035       0.006       0.083
    AFFILIAT        -0.501      -0.430      -0.394      -0.203       0.002       0.040       0.117

 CONDSLO  WITH
    RUNSLO          -0.486      -0.388      -0.335      -0.030       0.277       0.333       0.437
    TRIALSLO        -0.687      -0.610      -0.569      -0.330      -0.058      -0.006       0.098
    PREVSLO         -0.527      -0.422      -0.368      -0.059       0.260       0.319       0.427
    ERRSLO          -0.873      -0.775      -0.725      -0.412      -0.044       0.028       0.177

 RUNSLO   WITH
    TRIALSLO        -0.359      -0.264      -0.215       0.054       0.319       0.366       0.457
    PREVSLO         -0.566      -0.470      -0.422      -0.149       0.137       0.193       0.298
    ERRSLO          -0.584      -0.490      -0.437      -0.135       0.182       0.243       0.356

 TRIALSLO WITH
    PREVSLO         -0.349      -0.261      -0.216       0.034       0.278       0.322       0.405
    ERRSLO          -0.334      -0.230      -0.179       0.113       0.392       0.446       0.536

 PREVSLO  WITH
    ERRSLO          -0.131       0.000       0.067       0.403       0.676       0.722       0.802

 AGENTIC  WITH
    AFFILIAT        -0.650      -0.603      -0.578      -0.421      -0.230      -0.191      -0.113

 Means
    RUNSLO          -0.485      -0.388      -0.343      -0.110       0.120       0.166       0.252
    TRIALSLO        -0.613      -0.538      -0.501      -0.306      -0.113      -0.074      -0.005

 Intercepts
    EXHIB           -0.245      -0.182      -0.151       0.018       0.182       0.215       0.276
    ENTITL          -0.259      -0.200      -0.168      -0.004       0.161       0.193       0.255
    DETACH          -0.257      -0.199      -0.167       0.000       0.168       0.201       0.268
    MPS_SPR         -0.262      -0.200      -0.168      -0.001       0.164       0.195       0.256
    MPS_SCR         -0.273      -0.212      -0.178      -0.011       0.157       0.188       0.256
    RT_INV         -13.638     -13.070     -12.787     -11.311      -9.912      -9.661      -9.186
    CONDSLO          1.151       1.280       1.350       1.773       2.307       2.429       2.664
    PREVSLO          1.681       1.828       1.905       2.358       2.887       3.001       3.233
    ERRSLO           0.727       0.837       0.894       1.232       1.635       1.726       1.918

 Variances
    AGENTIC          1.000       1.000       1.000       1.000       1.000       1.000       1.000
    AFFILIAT         1.000       1.000       1.000       1.000       1.000       1.000       1.000
    RUNSLO           1.000       1.000       1.000       1.000       1.000       1.000       1.000
    TRIALSLO         1.000       1.000       1.000       1.000       1.000       1.000       1.000

 Residual Variances
    EXHIB            0.004       0.018       0.035       0.206       0.397       0.435       0.512
    ENTITL           0.550       0.609       0.637       0.785       0.910       0.929       0.962
    DETACH           0.004       0.010       0.015       0.108       0.260       0.292       0.349
    MPS_SPR          0.187       0.245       0.276       0.443       0.608       0.639       0.701
    MPS_SCR          0.022       0.065       0.090       0.226       0.349       0.373       0.417
    RT_INV           0.704       0.767       0.798       0.926       0.990       0.995       0.999
    CONDSLO          0.470       0.552       0.593       0.801       0.949       0.967       0.989
    PREVSLO          0.740       0.806       0.839       0.958       0.997       0.998       1.000
    ERRSLO           0.670       0.747       0.782       0.934       0.994       0.997       0.999


STD Standardization

                  Lower .5%  Lower 2.5%    Lower 5%    Estimate    Upper 5%  Upper 2.5%   Upper .5%

Within Level

 RT_INV   ON
    BLOCK            0.000       0.008       0.000       0.025       0.000       0.042       0.000
    COND_BLOCK       0.000       0.024       0.000       0.048       0.000       0.074       0.000

 Residual Variances
    RT_INV           0.000       0.114       0.000       0.117       0.000       0.119       0.000

Between Level

 AGENTIC  BY
    MPS_SPR          0.522       0.584       0.614       0.783       0.970       1.007       1.090
    EXHIB            0.668       0.734       0.765       0.937       1.112       1.144       1.209
    ENTITL           0.196       0.266       0.301       0.482       0.672       0.711       0.785

 AFFILIAT BY
    MPS_SCR          0.711       0.761       0.785       0.930       1.093       1.126       1.191
    DETACH           0.763       0.821       0.849       0.994       1.141       1.170       1.227

 CONDSLO  ON
    AGENTIC         -0.065       0.035       0.084       0.341       0.577       0.617       0.696
    AFFILIAT         0.037       0.131       0.183       0.432       0.649       0.688       0.766

 PREVSLO  ON
    AGENTIC         -0.528      -0.442      -0.398      -0.140       0.132       0.184       0.282
    AFFILIAT        -0.470      -0.383      -0.338      -0.085       0.175       0.223       0.312

 ERRSLO   ON
    AGENTIC         -0.451      -0.341      -0.280       0.038       0.350       0.407       0.509
    AFFILIAT        -0.247      -0.147      -0.090       0.199       0.466       0.512       0.601

 RT_INV   ON
    AGENTIC         -0.150      -0.127      -0.115      -0.061      -0.008       0.001       0.020
    AFFILIAT        -0.129      -0.108      -0.098      -0.049       0.000       0.010       0.029

 CONDSLO  WITH
    RUNSLO          -0.486      -0.388      -0.335      -0.030       0.277       0.333       0.437
    TRIALSLO        -0.687      -0.610      -0.569      -0.330      -0.058      -0.006       0.098
    PREVSLO         -0.527      -0.422      -0.368      -0.059       0.260       0.319       0.427
    ERRSLO          -0.873      -0.775      -0.725      -0.412      -0.044       0.028       0.177

 RUNSLO   WITH
    TRIALSLO        -0.359      -0.264      -0.215       0.054       0.319       0.366       0.457
    PREVSLO         -0.566      -0.470      -0.422      -0.149       0.137       0.193       0.298
    ERRSLO          -0.584      -0.490      -0.437      -0.135       0.182       0.243       0.356

 TRIALSLO WITH
    PREVSLO         -0.349      -0.261      -0.216       0.034       0.278       0.322       0.405
    ERRSLO          -0.334      -0.230      -0.179       0.113       0.392       0.446       0.536

 PREVSLO  WITH
    ERRSLO          -0.131       0.000       0.067       0.403       0.676       0.722       0.802

 AGENTIC  WITH
    AFFILIAT        -0.650      -0.603      -0.578      -0.421      -0.230      -0.191      -0.113

 Means
    RUNSLO          -0.485      -0.388      -0.343      -0.110       0.120       0.166       0.252
    TRIALSLO        -0.613      -0.538      -0.501      -0.306      -0.113      -0.074      -0.005

 Intercepts
    EXHIB           -0.262      -0.194      -0.159       0.019       0.192       0.226       0.296
    ENTITL          -0.275      -0.211      -0.176      -0.004       0.170       0.203       0.274
    DETACH          -0.280      -0.215      -0.178       0.000       0.179       0.215       0.286
    MPS_SPR         -0.282      -0.213      -0.178      -0.001       0.172       0.206       0.274
    MPS_SCR         -0.297      -0.227      -0.189      -0.012       0.166       0.199       0.268
    RT_INV          -2.793      -2.777      -2.769      -2.727      -2.685      -2.676      -2.660
    CONDSLO          1.151       1.280       1.350       1.773       2.307       2.429       2.664
    PREVSLO          1.681       1.828       1.905       2.358       2.887       3.001       3.233
    ERRSLO           0.727       0.837       0.894       1.232       1.635       1.726       1.918

 Variances
    AGENTIC          1.000       1.000       1.000       1.000       1.000       1.000       1.000
    AFFILIAT         1.000       1.000       1.000       1.000       1.000       1.000       1.000
    RUNSLO           1.000       1.000       1.000       1.000       1.000       1.000       1.000
    TRIALSLO         1.000       1.000       1.000       1.000       1.000       1.000       1.000

 Residual Variances
    EXHIB            0.005       0.021       0.040       0.228       0.431       0.473       0.563
    ENTITL           0.577       0.633       0.662       0.848       1.097       1.154       1.267
    DETACH           0.004       0.011       0.018       0.121       0.286       0.316       0.379
    MPS_SPR          0.218       0.285       0.316       0.485       0.677       0.717       0.803
    MPS_SCR          0.026       0.074       0.103       0.253       0.377       0.402       0.454
    RT_INV           0.036       0.039       0.041       0.053       0.069       0.073       0.080
    CONDSLO          0.470       0.552       0.593       0.801       0.949       0.967       0.989
    PREVSLO          0.740       0.806       0.839       0.958       0.997       0.998       1.000
    ERRSLO           0.670       0.747       0.782       0.934       0.994       0.997       0.999


TECHNICAL 1 OUTPUT


     PARAMETER SPECIFICATION FOR WITHIN


           NU
              RT_INV        COND          BLOCK         PREV_RT_      PREV_ERR
              ________      ________      ________      ________      ________
                    0             0             0             0             0


           NU
              TRIAL_Z       RUN_TRIA      COND_BLO
              ________      ________      ________
                    0             0             0


           LAMBDA
              RT_INV        COND          BLOCK         PREV_RT_      PREV_ERR
              ________      ________      ________      ________      ________
 RT_INV             0             0             0             0             0
 COND               0             0             0             0             0
 BLOCK              0             0             0             0             0
 PREV_RT_           0             0             0             0             0
 PREV_ERR           0             0             0             0             0
 TRIAL_Z            0             0             0             0             0
 RUN_TRIA           0             0             0             0             0
 COND_BLO           0             0             0             0             0


           LAMBDA
              TRIAL_Z       RUN_TRIA      COND_BLO
              ________      ________      ________
 RT_INV             0             0             0
 COND               0             0             0
 BLOCK              0             0             0
 PREV_RT_           0             0             0
 PREV_ERR           0             0             0
 TRIAL_Z            0             0             0
 RUN_TRIA           0             0             0
 COND_BLO           0             0             0


           THETA
              RT_INV        COND          BLOCK         PREV_RT_      PREV_ERR
              ________      ________      ________      ________      ________
 RT_INV             0
 COND               0             0
 BLOCK              0             0             0
 PREV_RT_           0             0             0             0
 PREV_ERR           0             0             0             0             0
 TRIAL_Z            0             0             0             0             0
 RUN_TRIA           0             0             0             0             0
 COND_BLO           0             0             0             0             0


           THETA
              TRIAL_Z       RUN_TRIA      COND_BLO
              ________      ________      ________
 TRIAL_Z            0
 RUN_TRIA           0             0
 COND_BLO           0             0             0


           ALPHA
              RT_INV        COND          BLOCK         PREV_RT_      PREV_ERR
              ________      ________      ________      ________      ________
                    0             0             0             0             0


           ALPHA
              TRIAL_Z       RUN_TRIA      COND_BLO
              ________      ________      ________
                    0             0             0


           BETA
              RT_INV        COND          BLOCK         PREV_RT_      PREV_ERR
              ________      ________      ________      ________      ________
 RT_INV             0             0             1             0             0
 COND               0             0             0             0             0
 BLOCK              0             0             0             0             0
 PREV_RT_           0             0             0             0             0
 PREV_ERR           0             0             0             0             0
 TRIAL_Z            0             0             0             0             0
 RUN_TRIA           0             0             0             0             0
 COND_BLO           0             0             0             0             0


           BETA
              TRIAL_Z       RUN_TRIA      COND_BLO
              ________      ________      ________
 RT_INV             0             0             2
 COND               0             0             0
 BLOCK              0             0             0
 PREV_RT_           0             0             0
 PREV_ERR           0             0             0
 TRIAL_Z            0             0             0
 RUN_TRIA           0             0             0
 COND_BLO           0             0             0


           PSI
              RT_INV        COND          BLOCK         PREV_RT_      PREV_ERR
              ________      ________      ________      ________      ________
 RT_INV             3
 COND               0             0
 BLOCK              0             0             0
 PREV_RT_           0             0             0             0
 PREV_ERR           0             0             0             0             0
 TRIAL_Z            0             0             0             0             0
 RUN_TRIA           0             0             0             0             0
 COND_BLO           0             0             0             0             0


           PSI
              TRIAL_Z       RUN_TRIA      COND_BLO
              ________      ________      ________
 TRIAL_Z            0
 RUN_TRIA           0             0
 COND_BLO           0             0             0


     PARAMETER SPECIFICATION FOR BETWEEN


           NU
              EXHIB         ENTITL        DETACH        MPS_SPR       MPS_SCR
              ________      ________      ________      ________      ________
                    4             5             6             7             8


           NU
              RT_INV
              ________
                    0


           LAMBDA
              AGENTIC       AFFILIAT      CONDSLO       PREVSLO       ERRSLO
              ________      ________      ________      ________      ________
 EXHIB              9             0             0             0             0
 ENTITL            10             0             0             0             0
 DETACH             0            11             0             0             0
 MPS_SPR           12             0             0             0             0
 MPS_SCR            0            13             0             0             0
 RT_INV             0             0             0             0             0


           LAMBDA
              RUNSLO        TRIALSLO      RT_INV
              ________      ________      ________
 EXHIB              0             0             0
 ENTITL             0             0             0
 DETACH             0             0             0
 MPS_SPR            0             0             0
 MPS_SCR            0             0             0
 RT_INV             0             0             0


           THETA
              EXHIB         ENTITL        DETACH        MPS_SPR       MPS_SCR
              ________      ________      ________      ________      ________
 EXHIB             14
 ENTITL             0            15
 DETACH             0             0            16
 MPS_SPR            0             0             0            17
 MPS_SCR            0             0             0             0            18
 RT_INV             0             0             0             0             0


           THETA
              RT_INV
              ________
 RT_INV             0


           ALPHA
              AGENTIC       AFFILIAT      CONDSLO       PREVSLO       ERRSLO
              ________      ________      ________      ________      ________
                    0             0            19            20            21


           ALPHA
              RUNSLO        TRIALSLO      RT_INV
              ________      ________      ________
                   22            23            24


           BETA
              AGENTIC       AFFILIAT      CONDSLO       PREVSLO       ERRSLO
              ________      ________      ________      ________      ________
 AGENTIC            0             0             0             0             0
 AFFILIAT           0             0             0             0             0
 CONDSLO           25            26             0             0             0
 PREVSLO           27            28             0             0             0
 ERRSLO            29            30             0             0             0
 RUNSLO             0             0             0             0             0
 TRIALSLO           0             0             0             0             0
 RT_INV            31            32             0             0             0


           BETA
              RUNSLO        TRIALSLO      RT_INV
              ________      ________      ________
 AGENTIC            0             0             0
 AFFILIAT           0             0             0
 CONDSLO            0             0             0
 PREVSLO            0             0             0
 ERRSLO             0             0             0
 RUNSLO             0             0             0
 TRIALSLO           0             0             0
 RT_INV             0             0             0


           PSI
              AGENTIC       AFFILIAT      CONDSLO       PREVSLO       ERRSLO
              ________      ________      ________      ________      ________
 AGENTIC            0
 AFFILIAT          33             0
 CONDSLO            0             0            34
 PREVSLO            0             0            35            36
 ERRSLO             0             0            37            38            39
 RUNSLO             0             0            40            41            42
 TRIALSLO           0             0            44            45            46
 RT_INV             0             0             0             0             0


           PSI
              RUNSLO        TRIALSLO      RT_INV
              ________      ________      ________
 RUNSLO            43
 TRIALSLO          47            48
 RT_INV             0             0            49


     STARTING VALUES FOR WITHIN


           NU
              RT_INV        COND          BLOCK         PREV_RT_      PREV_ERR
              ________      ________      ________      ________      ________
                0.000         0.000         0.000         0.000         0.000


           NU
              TRIAL_Z       RUN_TRIA      COND_BLO
              ________      ________      ________
                0.000         0.000         0.000


           LAMBDA
              RT_INV        COND          BLOCK         PREV_RT_      PREV_ERR
              ________      ________      ________      ________      ________
 RT_INV         1.000         0.000         0.000         0.000         0.000
 COND           0.000         1.000         0.000         0.000         0.000
 BLOCK          0.000         0.000         1.000         0.000         0.000
 PREV_RT_       0.000         0.000         0.000         1.000         0.000
 PREV_ERR       0.000         0.000         0.000         0.000         1.000
 TRIAL_Z        0.000         0.000         0.000         0.000         0.000
 RUN_TRIA       0.000         0.000         0.000         0.000         0.000
 COND_BLO       0.000         0.000         0.000         0.000         0.000


           LAMBDA
              TRIAL_Z       RUN_TRIA      COND_BLO
              ________      ________      ________
 RT_INV         0.000         0.000         0.000
 COND           0.000         0.000         0.000
 BLOCK          0.000         0.000         0.000
 PREV_RT_       0.000         0.000         0.000
 PREV_ERR       0.000         0.000         0.000
 TRIAL_Z        1.000         0.000         0.000
 RUN_TRIA       0.000         1.000         0.000
 COND_BLO       0.000         0.000         1.000


           THETA
              RT_INV        COND          BLOCK         PREV_RT_      PREV_ERR
              ________      ________      ________      ________      ________
 RT_INV         0.000
 COND           0.000         0.000
 BLOCK          0.000         0.000         0.000
 PREV_RT_       0.000         0.000         0.000         0.000
 PREV_ERR       0.000         0.000         0.000         0.000         0.000
 TRIAL_Z        0.000         0.000         0.000         0.000         0.000
 RUN_TRIA       0.000         0.000         0.000         0.000         0.000
 COND_BLO       0.000         0.000         0.000         0.000         0.000


           THETA
              TRIAL_Z       RUN_TRIA      COND_BLO
              ________      ________      ________
 TRIAL_Z        0.000
 RUN_TRIA       0.000         0.000
 COND_BLO       0.000         0.000         0.000


           ALPHA
              RT_INV        COND          BLOCK         PREV_RT_      PREV_ERR
              ________      ________      ________      ________      ________
                0.000         0.000         0.000         0.000         0.000


           ALPHA
              TRIAL_Z       RUN_TRIA      COND_BLO
              ________      ________      ________
                0.000         0.000         0.000


           BETA
              RT_INV        COND          BLOCK         PREV_RT_      PREV_ERR
              ________      ________      ________      ________      ________
 RT_INV         0.000         0.000         0.000         0.000         0.000
 COND           0.000         0.000         0.000         0.000         0.000
 BLOCK          0.000         0.000         0.000         0.000         0.000
 PREV_RT_       0.000         0.000         0.000         0.000         0.000
 PREV_ERR       0.000         0.000         0.000         0.000         0.000
 TRIAL_Z        0.000         0.000         0.000         0.000         0.000
 RUN_TRIA       0.000         0.000         0.000         0.000         0.000
 COND_BLO       0.000         0.000         0.000         0.000         0.000


           BETA
              TRIAL_Z       RUN_TRIA      COND_BLO
              ________      ________      ________
 RT_INV         0.000         0.000         0.000
 COND           0.000         0.000         0.000
 BLOCK          0.000         0.000         0.000
 PREV_RT_       0.000         0.000         0.000
 PREV_ERR       0.000         0.000         0.000
 TRIAL_Z        0.000         0.000         0.000
 RUN_TRIA       0.000         0.000         0.000
 COND_BLO       0.000         0.000         0.000


           PSI
              RT_INV        COND          BLOCK         PREV_RT_      PREV_ERR
              ________      ________      ________      ________      ________
 RT_INV         0.113
 COND           0.000         0.125
 BLOCK          0.000         0.000         0.125
 PREV_RT_       0.000         0.000         0.000         0.489
 PREV_ERR       0.000         0.000         0.000         0.000         0.017
 TRIAL_Z        0.000         0.000         0.000         0.000         0.000
 RUN_TRIA       0.000         0.000         0.000         0.000         0.000
 COND_BLO       0.000         0.000         0.000         0.000         0.000


           PSI
              TRIAL_Z       RUN_TRIA      COND_BLO
              ________      ________      ________
 TRIAL_Z        0.497
 RUN_TRIA       0.000         0.464
 COND_BLO       0.000         0.000         0.064


     STARTING VALUES FOR BETWEEN


           NU
              EXHIB         ENTITL        DETACH        MPS_SPR       MPS_SCR
              ________      ________      ________      ________      ________
                0.015        -0.007         0.007        -0.005        -0.006


           NU
              RT_INV
              ________
                0.000


           LAMBDA
              AGENTIC       AFFILIAT      CONDSLO       PREVSLO       ERRSLO
              ________      ________      ________      ________      ________
 EXHIB          1.000         0.000         0.000         0.000         0.000
 ENTITL         1.000         0.000         0.000         0.000         0.000
 DETACH         0.000         1.000         0.000         0.000         0.000
 MPS_SPR        1.000         0.000         0.000         0.000         0.000
 MPS_SCR        0.000         1.000         0.000         0.000         0.000
 RT_INV         0.000         0.000         0.000         0.000         0.000


           LAMBDA
              RUNSLO        TRIALSLO      RT_INV
              ________      ________      ________
 EXHIB          0.000         0.000         0.000
 ENTITL         0.000         0.000         0.000
 DETACH         0.000         0.000         0.000
 MPS_SPR        0.000         0.000         0.000
 MPS_SCR        0.000         0.000         0.000
 RT_INV         0.000         0.000         1.000


           THETA
              EXHIB         ENTITL        DETACH        MPS_SPR       MPS_SCR
              ________      ________      ________      ________      ________
 EXHIB          0.506
 ENTITL         0.000         0.511
 DETACH         0.000         0.000         0.512
 MPS_SPR        0.000         0.000         0.000         0.511
 MPS_SCR        0.000         0.000         0.000         0.000         0.512
 RT_INV         0.000         0.000         0.000         0.000         0.000


           THETA
              RT_INV
              ________
 RT_INV         0.000


           ALPHA
              AGENTIC       AFFILIAT      CONDSLO       PREVSLO       ERRSLO
              ________      ________      ________      ________      ________
                0.000         0.000         0.000         0.000         0.000


           ALPHA
              RUNSLO        TRIALSLO      RT_INV
              ________      ________      ________
                0.000         0.000        -2.643


           BETA
              AGENTIC       AFFILIAT      CONDSLO       PREVSLO       ERRSLO
              ________      ________      ________      ________      ________
 AGENTIC        0.000         0.000         0.000         0.000         0.000
 AFFILIAT       0.000         0.000         0.000         0.000         0.000
 CONDSLO        0.000         0.000         0.000         0.000         0.000
 PREVSLO        0.000         0.000         0.000         0.000         0.000
 ERRSLO         0.000         0.000         0.000         0.000         0.000
 RUNSLO         0.000         0.000         0.000         0.000         0.000
 TRIALSLO       0.000         0.000         0.000         0.000         0.000
 RT_INV         0.000         0.000         0.000         0.000         0.000


           BETA
              RUNSLO        TRIALSLO      RT_INV
              ________      ________      ________
 AGENTIC        0.000         0.000         0.000
 AFFILIAT       0.000         0.000         0.000
 CONDSLO        0.000         0.000         0.000
 PREVSLO        0.000         0.000         0.000
 ERRSLO         0.000         0.000         0.000
 RUNSLO         0.000         0.000         0.000
 TRIALSLO       0.000         0.000         0.000
 RT_INV         0.000         0.000         0.000


           PSI
              AGENTIC       AFFILIAT      CONDSLO       PREVSLO       ERRSLO
              ________      ________      ________      ________      ________
 AGENTIC        1.000
 AFFILIAT       0.000         1.000
 CONDSLO        0.000         0.000         1.000
 PREVSLO        0.000         0.000         0.000         1.000
 ERRSLO         0.000         0.000         0.000         0.000         1.000
 RUNSLO         0.000         0.000         0.000         0.000         0.000
 TRIALSLO       0.000         0.000         0.000         0.000         0.000
 RT_INV         0.000         0.000         0.000         0.000         0.000


           PSI
              RUNSLO        TRIALSLO      RT_INV
              ________      ________      ________
 RUNSLO         1.000
 TRIALSLO       0.000         1.000
 RT_INV         0.000         0.000         0.113



     PRIORS FOR ALL PARAMETERS            PRIOR MEAN      PRIOR VARIANCE     PRIOR STD. DEV.

     Parameter 1~N(0.000,infinity)           0.0000            infinity            infinity
     Parameter 2~N(0.000,infinity)           0.0000            infinity            infinity
     Parameter 3~IG(-1.000,0.000)          infinity            infinity            infinity
     Parameter 4~N(0.000,infinity)           0.0000            infinity            infinity
     Parameter 5~N(0.000,infinity)           0.0000            infinity            infinity
     Parameter 6~N(0.000,infinity)           0.0000            infinity            infinity
     Parameter 7~N(0.000,infinity)           0.0000            infinity            infinity
     Parameter 8~N(0.000,infinity)           0.0000            infinity            infinity
     Parameter 9~N(0.000,infinity)           0.0000            infinity            infinity
     Parameter 10~N(0.000,infinity)          0.0000            infinity            infinity
     Parameter 11~N(0.000,infinity)          0.0000            infinity            infinity
     Parameter 12~N(0.000,infinity)          0.0000            infinity            infinity
     Parameter 13~N(0.000,infinity)          0.0000            infinity            infinity
     Parameter 14~IG(-1.000,0.000)         infinity            infinity            infinity
     Parameter 15~IG(-1.000,0.000)         infinity            infinity            infinity
     Parameter 16~IG(-1.000,0.000)         infinity            infinity            infinity
     Parameter 17~IG(-1.000,0.000)         infinity            infinity            infinity
     Parameter 18~IG(-1.000,0.000)         infinity            infinity            infinity
     Parameter 19~N(0.000,infinity)          0.0000            infinity            infinity
     Parameter 20~N(0.000,infinity)          0.0000            infinity            infinity
     Parameter 21~N(0.000,infinity)          0.0000            infinity            infinity
     Parameter 22~N(0.000,infinity)          0.0000            infinity            infinity
     Parameter 23~N(0.000,infinity)          0.0000            infinity            infinity
     Parameter 24~N(0.000,infinity)          0.0000            infinity            infinity
     Parameter 25~N(0.000,infinity)          0.0000            infinity            infinity
     Parameter 26~N(0.000,infinity)          0.0000            infinity            infinity
     Parameter 27~N(0.000,infinity)          0.0000            infinity            infinity
     Parameter 28~N(0.000,infinity)          0.0000            infinity            infinity
     Parameter 29~N(0.000,infinity)          0.0000            infinity            infinity
     Parameter 30~N(0.000,infinity)          0.0000            infinity            infinity
     Parameter 31~N(0.000,infinity)          0.0000            infinity            infinity
     Parameter 32~N(0.000,infinity)          0.0000            infinity            infinity
     Parameter 33~IW(0.000,-3)
     Parameter 34~IW(0.000,-6)             infinity            infinity            infinity
     Parameter 35~IW(0.000,-6)             infinity            infinity            infinity
     Parameter 36~IW(0.000,-6)             infinity            infinity            infinity
     Parameter 37~IW(0.000,-6)             infinity            infinity            infinity
     Parameter 38~IW(0.000,-6)             infinity            infinity            infinity
     Parameter 39~IW(0.000,-6)             infinity            infinity            infinity
     Parameter 40~IW(0.000,-6)             infinity            infinity            infinity
     Parameter 41~IW(0.000,-6)             infinity            infinity            infinity
     Parameter 42~IW(0.000,-6)             infinity            infinity            infinity
     Parameter 43~IW(0.000,-6)             infinity            infinity            infinity
     Parameter 44~IW(0.000,-6)             infinity            infinity            infinity
     Parameter 45~IW(0.000,-6)             infinity            infinity            infinity
     Parameter 46~IW(0.000,-6)             infinity            infinity            infinity
     Parameter 47~IW(0.000,-6)             infinity            infinity            infinity
     Parameter 48~IW(0.000,-6)             infinity            infinity            infinity
     Parameter 49~IG(-1.000,0.000)         infinity            infinity            infinity


TECHNICAL 8 OUTPUT


   TECHNICAL 8 OUTPUT FOR BAYES ESTIMATION

     CHAIN    BSEED
     1        0
     2        285380
     3        253358
     4        93468

                     POTENTIAL       PARAMETER WITH
     ITERATION    SCALE REDUCTION      HIGHEST PSR
     100              1.090               19
     200              1.146               14
     300              1.152               16
     400              1.129               6
     500              1.145               16
     600              1.114               6
     700              1.157               6
     800              1.094               6
     900              1.083               14
     1000             1.132               14
     1100             1.139               14
     1200             1.084               14
     1300             1.084               14
     1400             1.060               14
     1500             1.044               14
     1600             1.039               6
     1700             1.043               6
     1800             1.043               6
     1900             1.036               6
     2000             1.031               14
     2100             1.032               14
     2200             1.036               14
     2300             1.027               14
     2400             1.021               6
     2500             1.018               6
     2600             1.018               6
     2700             1.017               6
     2800             1.014               6
     2900             1.009               6
     3000             1.007               6
     3100             1.008               6
     3200             1.009               14
     3300             1.008               6
     3400             1.009               13
     3500             1.014               13
     3600             1.013               13
     3700             1.024               16
     3800             1.025               16
     3900             1.022               16
     4000             1.017               16
     4100             1.019               16
     4200             1.021               16
     4300             1.025               16
     4400             1.024               16
     4500             1.023               16
     4600             1.023               16
     4700             1.023               16
     4800             1.023               16
     4900             1.027               16
     5000             1.030               16
     5100             1.029               16
     5200             1.028               16
     5300             1.029               16
     5400             1.027               16
     5500             1.024               16
     5600             1.030               16
     5700             1.031               16
     5800             1.027               16
     5900             1.021               16
     6000             1.017               16
     6100             1.017               16
     6200             1.019               16
     6300             1.018               16
     6400             1.016               16
     6500             1.014               16
     6600             1.011               16
     6700             1.010               16
     6800             1.009               16
     6900             1.010               4
     7000             1.010               4
     7100             1.010               4
     7200             1.009               4
     7300             1.008               4
     7400             1.007               4
     7500             1.005               4
     7600             1.004               18
     7700             1.005               14
     7800             1.004               16
     7900             1.004               16
     8000             1.005               16
     8100             1.006               4
     8200             1.006               4
     8300             1.006               4
     8400             1.005               4
     8500             1.005               4
     8600             1.005               4
     8700             1.005               16
     8800             1.007               16
     8900             1.007               16
     9000             1.006               16
     9100             1.006               14
     9200             1.006               14
     9300             1.006               14
     9400             1.006               14
     9500             1.005               4
     9600             1.005               4
     9700             1.005               4
     9800             1.006               4
     9900             1.007               4
     10000            1.006               4
     10100            1.005               4
     10200            1.005               4
     10300            1.005               4
     10400            1.004               4
     10500            1.004               4
     10600            1.004               4
     10700            1.003               4
     10800            1.003               18
     10900            1.004               18
     11000            1.003               18
     11100            1.003               4
     11200            1.003               4
     11300            1.002               4
     11400            1.002               19
     11500            1.002               25
     11600            1.002               25
     11700            1.002               14
     11800            1.003               14
     11900            1.003               14
     12000            1.003               9
     12100            1.003               9
     12200            1.002               14
     12300            1.002               9
     12400            1.002               9
     12500            1.002               9
     12600            1.002               9
     12700            1.002               9
     12800            1.002               9
     12900            1.001               9
     13000            1.001               9
     13100            1.001               9
     13200            1.001               9
     13300            1.001               9
     13400            1.001               6
     13500            1.001               6
     13600            1.002               6
     13700            1.002               6
     13800            1.002               6
     13900            1.003               6
     14000            1.003               6
     14100            1.002               6
     14200            1.002               6
     14300            1.002               16
     14400            1.002               16
     14500            1.003               16
     14600            1.002               16
     14700            1.003               16
     14800            1.002               16
     14900            1.003               14
     15000            1.003               14
     15100            1.003               14
     15200            1.003               14
     15300            1.003               14
     15400            1.004               14
     15500            1.004               14
     15600            1.004               14
     15700            1.004               14
     15800            1.003               14
     15900            1.003               14
     16000            1.002               14
     16100            1.002               14
     16200            1.002               14
     16300            1.002               14
     16400            1.002               11
     16500            1.002               11
     16600            1.002               16
     16700            1.002               16
     16800            1.002               16
     16900            1.002               16
     17000            1.002               16
     17100            1.002               16
     17200            1.002               16
     17300            1.001               16
     17400            1.001               11
     17500            1.002               16
     17600            1.002               16
     17700            1.002               16
     17800            1.002               16
     17900            1.002               16
     18000            1.002               16
     18100            1.002               16
     18200            1.002               16
     18300            1.002               16
     18400            1.002               16
     18500            1.002               16
     18600            1.002               16
     18700            1.002               16
     18800            1.002               16
     18900            1.002               16
     19000            1.001               16
     19100            1.002               16
     19200            1.002               16
     19300            1.002               16
     19400            1.002               16
     19500            1.002               16
     19600            1.001               16
     19700            1.001               11
     19800            1.001               11
     19900            1.001               16
     20000            1.001               11


PLOT INFORMATION

The following plots are available:

  Bayesian posterior parameter distributions
  Bayesian posterior parameter trace plots
  Bayesian autocorrelation plots

     Beginning Time:  16:43:19
        Ending Time:  16:52:37
       Elapsed Time:  00:09:18



MUTHEN & MUTHEN
3463 Stoner Ave.
Los Angeles, CA  90066

Tel: (310) 391-9971
Fax: (310) 391-8971
Web: www.StatModel.com
Support: Support@StatModel.com

Copyright (c) 1998-2019 Muthen & Muthen
