Mplus VERSION 8.4 (Mac)
MUTHEN & MUTHEN
04/08/2020   7:22 PM

INPUT INSTRUCTIONS

  TITLE:
  Antagonismesque factor and flanker
  DATA:
  FILE = "flanker_traits_mplus_d687104fdcc17051863b941980a5fc36.dat";

  VARIABLE:
  NAMES = id T_Mistrust T_Manipulativeness T_Aggression T_SelfHarm correct rt cond
       block trial trial_z rt_inv run_trial run_trial_z prev_rt;
   MISSING=.;

      WITHIN = cond block cond_block prev_rt trial_z run_trial_z;
      BETWEEN = T_Mistrust T_Manipulativeness T_Aggression T_SelfHarm;
      USEVARIABLES = id correct rt_inv cond block prev_rt trial_z run_trial_z
        T_Mistrust T_Manipulativeness T_Aggression T_SelfHarm cond_block;
      CLUSTER = id;
      CATEGORICAL = correct;

  DEFINE:

      cond = cond - 1; ! 0=congruent, 1=incongruent
      block = block - 1; ! 0=most_incon, 1=most_con
      cond_block = cond*block; ! 1=most_con, incongruent

  ANALYSIS:

      TYPE=TWOLEVEL RANDOM;
      ESTIMATOR=BAYES;
      BITERATIONS=(15000);
      BCONVERGENCE=.02;
      CHAINS=2;
      PROCESSORS=4;

  MODEL:

      %WITHIN%
      rt_inv ON block cond_block;
      condslo | rt_inv ON cond;
      runslo | rt_inv ON run_trial_z;
      trialslo | rt_inv ON trial_z;
      prevslo | rt_inv ON prev_rt;

      !treat these as fixed only (keep the model sane)
      correct ON trial_z run_trial_z block cond_block;
      b_condslo | correct ON cond;
      b_prevslo | correct ON prev_rt;

      correct WITH rt_inv; !allow RT-accuracy correlation

      %BETWEEN%

      !means of random slopes
      [condslo];
      [runslo];
      [trialslo];
      [prevslo];

      !variances of random slopes
      condslo;
      runslo;
      trialslo;
      prevslo;

      !slope correlations (removed because all n.s.)
      !condslo runslo trialslo prevslo WITH
      !   condslo runslo trialslo prevslo;

      [rt_inv]; !mean average inverse RT

      ! trait model
      antag BY T_Mistrust T_Manipulativeness T_Aggression T_SelfHarm;

      ! trait moderates flanker performance -- incongruency effect and stickiness of RT
      condslo ON antag;
      prevslo ON antag;

      !N.B. Leaving out the association of antag with rt_inv omits a hugely important relati
      !  on the between level and will lead to bizarre problems -- like factor loadings near

      !allow antag as a predictor of average RT
      rt_inv ON antag;

      ! let factor correlate with other variables on the between level
      ! omitting this for now because it leads to estimation problems at times and when adde
      !antag WITH runslo;
      !antag WITH trialslo;

      [correct$1]; !person average
      b_condslo ON antag; !whether antagonism moderates the incongruency -> accuracy relatio

      b_prevslo WITH antag; !drives the model off the rails if we attempt b_prevslo ON antag

      !allow antag as predictor of overall accuracy
      correct on antag;

      !relationship between average RT and accuracy
      correct WITH rt_inv;

      !associations between continuous and binary random slopes
      !condslo WITH b_condslo;
      !prevslo WITH b_prevslo;


  OUTPUT:
  TECH1 TECH8 STANDARDIZED CINTERVAL;
  PLOT:
  TYPE = PLOT2;



*** WARNING
  Input line exceeded 90 characters. Some input may be truncated.
      !N.B. Leaving out the association of antag with rt_inv omits a hugely important relatio
*** WARNING
  Input line exceeded 90 characters. Some input may be truncated.
      ! omitting this for now because it leads to estimation problems at times and when added
*** WARNING
  Input line exceeded 90 characters. Some input may be truncated.
      b_condslo ON antag; !whether antagonism moderates the incongruency -> accuracy relation
*** WARNING in VARIABLE command
  Note that only the first 8 characters of variable names are used in the output.
  Shorten variable names to avoid any confusion.
*** WARNING in PLOT command
  Note that only the first 8 characters of variable names are used in plots.
  If variable names are not unique within the first 8 characters, problems
  may occur.
*** WARNING
  One or more individual-level variables have no variation within a
  cluster for the following clusters.

     Variable   Cluster IDs with no within-cluster variation

      CORRECT     90 15 20 52 23 11 66 5 86 91 93 95 13 106 107 114

*** WARNING
  Data set contains cases with missing on x-variables.
  These cases were not included in the analysis.
  Number of cases with missing on x-variables:  530
   7 WARNING(S) FOUND IN THE INPUT INSTRUCTIONS




Antagonismesque factor and flanker

SUMMARY OF ANALYSIS

Number of groups                                                 1
Number of observations                                       16595

Number of dependent variables                                    6
Number of independent variables                                  6
Number of continuous latent variables                            7

Observed dependent variables

  Continuous
   T_MISTRUST  T_MANIPULA  T_AGGRESSI  T_SELFHARM  RT_INV

  Binary and ordered categorical (ordinal)
   CORRECT

Observed independent variables
   COND        BLOCK       PREV_RT     TRIAL_Z     RUN_TRIA    COND_BLO

Continuous latent variables
   ANTAG       CONDSLO     RUNSLO      TRIALSLO    PREVSLO     B_CONDSL
   B_PREVSL

Variables with special functions

  Cluster variable      ID

  Within variables
   COND        BLOCK       PREV_RT     TRIAL_Z     RUN_TRIA    COND_BLO

  Between variables
   T_MISTRU    T_MANIPU    T_AGGRES    T_SELFHA


Estimator                                                    BAYES
Specifications for Bayesian Estimation
  Point estimate                                            MEDIAN
  Number of Markov chain Monte Carlo (MCMC) chains               2
  Random seed for the first chain                                0
  Starting value information                           UNPERTURBED
  Algorithm used for Markov chain Monte Carlo           GIBBS(PX1)
  Convergence criterion                                  0.200D-01
  Maximum number of iterations                               50000
  K-th iteration used for thinning                               1
Link                                                        PROBIT

Input data file(s)
  flanker_traits_mplus_d687104fdcc17051863b941980a5fc36.dat
Input data format  FREE


SUMMARY OF DATA

     Number of clusters                        107

       Size (s)    Cluster ID with Size s

        137        62
        144        92
        146        36
        150        73 45
        151        35
        152        110
        153        90 65 42
        154        89 15 24 109 46
        155        57 58 32 33 68 34 82 18 21 22 99 102 105 14 27 113
        156        37 40 41 8 43 2 19 20 3 48 49 50 51 52 53 54 4 56 9
                   10 59 60 61 23 63 64 11 66 67 25 69 70 71 72 26 74 75
                   76 77 78 79 81 12 5 84 85 86 87 88 28 29 91 30 93 94
                   95 96 97 98 31 100 101 13 103 104 6 106 107 108 1 16
                   111 112 17 114 38



COVARIANCE COVERAGE OF DATA

Minimum covariance coverage value   0.100

     Number of missing data patterns             4


     PROPORTION OF DATA PRESENT


           Covariance Coverage
              CORRECT       T_MISTRU      T_MANIPU      T_AGGRES      T_SELFHA
              ________      ________      ________      ________      ________
 CORRECT        0.983
 T_MISTRU       0.973         0.991
 T_MANIPU       0.973         0.991         0.991
 T_AGGRES       0.973         0.991         0.991         0.991
 T_SELFHA       0.973         0.991         0.991         0.991         0.991
 RT_INV         0.983         0.986         0.986         0.986         0.986
 COND           0.983         0.991         0.991         0.991         0.991
 BLOCK          0.983         0.991         0.991         0.991         0.991
 PREV_RT        0.983         0.991         0.991         0.991         0.991
 TRIAL_Z        0.983         0.991         0.991         0.991         0.991
 RUN_TRIA       0.983         0.991         0.991         0.991         0.991
 COND_BLO       0.983         0.991         0.991         0.991         0.991


           Covariance Coverage
              RT_INV        COND          BLOCK         PREV_RT       TRIAL_Z
              ________      ________      ________      ________      ________
 RT_INV         0.996
 COND           0.996         1.000
 BLOCK          0.996         1.000         1.000
 PREV_RT        0.996         1.000         1.000         1.000
 TRIAL_Z        0.996         1.000         1.000         1.000         1.000
 RUN_TRIA       0.996         1.000         1.000         1.000         1.000
 COND_BLO       0.996         1.000         1.000         1.000         1.000


           Covariance Coverage
              RUN_TRIA      COND_BLO
              ________      ________
 RUN_TRIA       1.000
 COND_BLO       1.000         1.000


UNIVARIATE PROPORTIONS AND COUNTS FOR CATEGORICAL VARIABLES

    CORRECT
      Category 1    0.032          529.000
      Category 2    0.968        15777.000



UNIVARIATE SAMPLE STATISTICS


     UNIVARIATE HIGHER-ORDER MOMENT DESCRIPTIVE STATISTICS

         Variable/         Mean/     Skewness/   Minimum/ % with                Percentiles
        Sample Size      Variance    Kurtosis    Maximum  Min/Max      20%/60%    40%/80%    Median

     T_MISTRUST           53.507       0.946      38.780    5.66%      43.659     48.537     50.976
             106.000     114.254       0.770      85.122    1.89%      55.854     60.732
     T_MANIPULATIVEN      57.960       0.111      37.500    6.60%      46.875     56.250     59.375
             106.000     141.165      -0.471      90.625    0.94%      62.500     65.625
     T_AGGRESSION         52.970       1.230      40.571   12.26%      43.429     46.286     52.000
             106.000     129.517       1.247      92.000    0.94%      52.000     60.571
     T_SELFHARM           52.417       1.542      42.692   36.79%      42.692     46.538     46.538
             106.000     151.057       1.887      96.538    0.94%      50.385     61.923
     RT_INV               -2.661      -0.375      -6.211    0.01%      -3.058     -2.770     -2.646
           16521.000       0.278       1.649      -1.031    0.01%      -2.532     -2.252
     COND                  0.502      -0.007       0.000   49.82%       0.000      0.000      1.000
           16595.000       0.250      -2.000       1.000   50.18%       1.000      1.000
     BLOCK                 0.499       0.003       0.000   50.08%       0.000      0.000      0.000
           16595.000       0.250      -2.000       1.000   49.92%       1.000      1.000
     PREV_RT               0.394       1.584       0.161    0.01%       0.328      0.362      0.378
           16595.000       0.008       4.643       0.970    0.01%       0.396      0.446
     TRIAL_Z               0.009       0.002      -1.700    0.63%      -1.028     -0.336     -0.011
           16595.000       0.995      -1.205       1.721    0.63%       0.357      1.050
     RUN_TRIAL_Z           0.043      -0.001      -1.582    2.56%      -0.984     -0.299      0.043
           16595.000       0.927      -1.202       1.668    2.57%       0.385      1.069
     COND_BLOCK            0.151       1.954       0.000   84.94%       0.000      0.000      0.000
           16595.000       0.128       1.818       1.000   15.06%       0.000      0.000


THE MODEL ESTIMATION TERMINATED NORMALLY

     USE THE FBITERATIONS OPTION TO INCREASE THE NUMBER OF ITERATIONS BY A FACTOR
     OF AT LEAST TWO TO CHECK CONVERGENCE AND THAT THE PSR VALUE DOES NOT INCREASE.



MODEL FIT INFORMATION

Number of Free Parameters                              43



MODEL RESULTS

                                Posterior  One-Tailed         95% C.I.
                    Estimate       S.D.      P-Value   Lower 2.5%  Upper 2.5%  Significance

Within Level

 RT_INV     ON
    BLOCK              0.012       0.009      0.095      -0.006       0.030
    COND_BLOCK         0.054       0.013      0.000       0.028       0.079      *

 CORRECT    ON
    TRIAL_Z           -0.007       0.024      0.391      -0.053       0.039
    RUN_TRIAL_        -0.040       0.024      0.050      -0.086       0.007
    BLOCK             -0.017       0.082      0.422      -0.180       0.139
    COND_BLOCK        -0.120       0.100      0.116      -0.315       0.078

 CORRECT  WITH
    RT_INV             0.105       0.008      0.000       0.090       0.120      *

 Residual Variances
    RT_INV             0.149       0.002      0.000       0.146       0.152      *

Between Level

 ANTAG    BY
    T_MISTRUST         1.000       0.000      0.000       1.000       1.000
    T_MANIPULA        19.086       8.986      0.000       4.387      38.700      *
    T_AGGRESSI        17.488       8.505      0.000       3.685      36.384      *
    T_SELFHARM        13.313       6.584      0.000       3.191      28.467      *

 CONDSLO    ON
    ANTAG              0.048       0.034      0.019       0.002       0.130      *

 PREVSLO    ON
    ANTAG              0.589       0.358      0.007       0.105       1.429      *

 B_CONDSLO  ON
    ANTAG              0.203       0.245      0.134      -0.182       0.781

 RT_INV     ON
    ANTAG             -0.409       0.213      0.001      -0.899      -0.096      *

 CORRECT    ON
    ANTAG             -0.988       0.377      0.000      -1.764      -0.348      *

 B_PREVSL WITH
    ANTAG              0.223       0.525      0.033      -0.008       2.064

 CORRECT  WITH
    RT_INV            -0.007       0.015      0.316      -0.037       0.024

 Means
    RUNSLO            -0.003       0.004      0.282      -0.011       0.006
    TRIALSLO          -0.022       0.007      0.001      -0.035      -0.008      *
    B_PREVSLO          2.172       0.448      0.000       1.368       3.105      *

 Intercepts
    T_MISTRUST        53.502       1.039      0.000      51.462      55.551      *
    T_MANIPULA        57.994       1.208      0.000      55.606      60.307      *
    T_AGGRESSI        52.977       1.138      0.000      50.700      55.169      *
    T_SELFHARM        52.425       1.231      0.000      49.979      54.862      *
    RT_INV            -3.377       0.038      0.000      -3.451      -3.303      *
    CONDSLO            0.113       0.011      0.000       0.092       0.136      *
    PREVSLO            1.644       0.066      0.000       1.518       1.774      *
    B_CONDSLO         -0.407       0.101      0.000      -0.599      -0.208      *

 Thresholds
    CORRECT$1         -1.570       0.177      0.000      -1.902      -1.209      *

 Variances
    ANTAG              0.172       0.698      0.000       0.058       2.641      *
    RUNSLO             0.001       0.000      0.000       0.001       0.001      *
    TRIALSLO           0.004       0.001      0.000       0.003       0.006      *
    B_PREVSLO          1.038       0.645      0.000       0.294       2.786      *

 Residual Variances
    CORRECT            0.111       0.036      0.000       0.059       0.198      *
    T_MISTRUST       113.282      16.795      0.000      86.373     151.955      *
    T_MANIPULA        80.848      22.944      0.000      42.552     132.946      *
    T_AGGRESSI        79.485      20.998      0.000      44.807     127.560      *
    T_SELFHARM       124.318      20.891      0.000      90.509     171.498      *
    RT_INV             0.069       0.014      0.000       0.047       0.102      *
    CONDSLO            0.003       0.001      0.000       0.002       0.006      *
    PREVSLO            0.110       0.043      0.000       0.036       0.206      *
    B_CONDSLO          0.240       0.065      0.000       0.144       0.401      *


STANDARDIZED MODEL RESULTS


STDYX Standardization

                                Posterior  One-Tailed         95% C.I.
                    Estimate       S.D.      P-Value   Lower 2.5%  Upper 2.5%  Significance

Within-Level Standardized Estimates Averaged Over Clusters

 CONDSLO | RT_INV ON
    COND               0.134       0.011      0.000       0.111       0.157      *

 RUNSLO | RT_INV ON
    RUN_TRIAL_        -0.005       0.007      0.235      -0.019       0.009

 TRIALSLO | RT_INV ON
    TRIAL_Z           -0.049       0.007      0.000      -0.063      -0.034      *

 PREVSLO | RT_INV ON
    PREV_RT            0.256       0.007      0.000       0.243       0.269      *

 B_CONDSLO | CORRECT ON
    COND              -0.185       0.036      0.000      -0.255      -0.114      *

 B_PREVSLO | CORRECT ON
    PREV_RT            0.135       0.022      0.000       0.092       0.173      *

 RT_INV     ON
    BLOCK              0.014       0.011      0.076      -0.006       0.037
    COND_BLOCK         0.046       0.011      0.000       0.024       0.067      *

 CORRECT    ON
    TRIAL_Z           -0.003       0.023      0.444      -0.050       0.040
    RUN_TRIAL_        -0.038       0.021      0.056      -0.074       0.009
    BLOCK             -0.013       0.041      0.347      -0.107       0.068
    COND_BLOCK        -0.038       0.036      0.150      -0.101       0.042

 CORRECT  WITH
    RT_INV             0.272       0.020      0.000       0.236       0.313      *

 Residual Variances
    RT_INV             0.848       0.004      0.000       0.839       0.856      *

Between Level

 ANTAG    BY
    T_MISTRUST         0.039       0.033      0.000       0.022       0.157      *
    T_MANIPULA         0.673       0.119      0.000       0.380       0.851      *
    T_AGGRESSI         0.644       0.124      0.000       0.337       0.826      *
    T_SELFHARM         0.462       0.108      0.000       0.216       0.641      *

 CONDSLO    ON
    ANTAG              0.349       0.160      0.019       0.020       0.639      *

 PREVSLO    ON
    ANTAG              0.627       0.214      0.007       0.123       0.926      *

 B_CONDSLO  ON
    ANTAG              0.192       0.170      0.134      -0.144       0.515

 RT_INV     ON
    ANTAG             -0.565       0.160      0.001      -0.807      -0.200      *

 CORRECT    ON
    ANTAG             -0.798       0.118      0.000      -0.926      -0.476      *

 B_PREVSL WITH
    ANTAG              0.554       0.242      0.033      -0.039       0.893

 CORRECT  WITH
    RT_INV            -0.082       0.167      0.316      -0.394       0.250

 Means
    RUNSLO            -0.081       0.141      0.282      -0.360       0.192
    TRIALSLO          -0.340       0.113      0.001      -0.562      -0.122      *
    B_PREVSLO          2.161       0.601      0.000       1.215       3.588      *

 Intercepts
    T_MISTRUST         5.018       0.371      0.000       4.311       5.762      *
    T_MANIPULA         4.741       0.352      0.000       4.064       5.442      *
    T_AGGRESSI         4.525       0.334      0.000       3.881       5.196      *
    T_SELFHARM         4.145       0.309      0.000       3.559       4.768      *
    RT_INV           -10.384       1.051      0.000     -12.522      -8.388      *
    CONDSLO            1.807       0.314      0.000       1.294       2.523      *
    PREVSLO            3.719       0.558      0.000       2.807       4.967      *
    B_CONDSLO         -0.805       0.232      0.000      -1.275      -0.380      *

 Variances
    ANTAG              1.000       0.000      0.000       1.000       1.000
    RUNSLO             1.000       0.000      0.000       1.000       1.000
    TRIALSLO           1.000       0.000      0.000       1.000       1.000
    B_PREVSLO          1.000       0.000      0.000       1.000       1.000

 Residual Variances
    CORRECT            0.363       0.166      0.000       0.143       0.774      *
    T_MISTRUST         0.999       0.007      0.000       0.975       1.000      *
    T_MANIPULA         0.547       0.148      0.000       0.277       0.856      *
    T_AGGRESSI         0.585       0.146      0.000       0.318       0.887      *
    T_SELFHARM         0.787       0.094      0.000       0.589       0.953      *
    RT_INV             0.680       0.166      0.000       0.349       0.960      *
    CONDSLO            0.879       0.111      0.000       0.591       0.998      *
    PREVSLO            0.607       0.237      0.000       0.143       0.983      *
    B_CONDSLO          0.961       0.075      0.000       0.734       1.000      *


STDY Standardization

                                Posterior  One-Tailed         95% C.I.
                    Estimate       S.D.      P-Value   Lower 2.5%  Upper 2.5%  Significance

Within-Level Standardized Estimates Averaged Over Clusters

 CONDSLO | RT_INV ON
    COND               0.267       0.023      0.000       0.223       0.315      *

 RUNSLO | RT_INV ON
    RUN_TRIAL_        -0.006       0.007      0.237      -0.020       0.009

 TRIALSLO | RT_INV ON
    TRIAL_Z           -0.049       0.007      0.000      -0.063      -0.034      *

 PREVSLO | RT_INV ON
    PREV_RT            3.877       0.118      0.000       3.654       4.107      *

 B_CONDSLO | CORRECT ON
    COND              -0.371       0.073      0.000      -0.511      -0.228      *

 B_PREVSLO | CORRECT ON
    PREV_RT            2.133       0.352      0.000       1.438       2.732      *

 RT_INV     ON
    BLOCK              0.028       0.022      0.076      -0.012       0.074
    COND_BLOCK         0.128       0.031      0.000       0.067       0.188      *

 CORRECT    ON
    TRIAL_Z           -0.003       0.023      0.444      -0.051       0.040
    RUN_TRIAL_        -0.039       0.022      0.056      -0.077       0.010
    BLOCK             -0.027       0.081      0.347      -0.214       0.137
    COND_BLOCK        -0.106       0.100      0.150      -0.283       0.118

 CORRECT  WITH
    RT_INV             0.272       0.020      0.000       0.236       0.313      *

 Residual Variances
    RT_INV             0.848       0.004      0.000       0.839       0.856      *

Between Level

 ANTAG    BY
    T_MISTRUST         0.039       0.033      0.000       0.022       0.157      *
    T_MANIPULA         0.673       0.119      0.000       0.380       0.851      *
    T_AGGRESSI         0.644       0.124      0.000       0.337       0.826      *
    T_SELFHARM         0.462       0.108      0.000       0.216       0.641      *

 CONDSLO    ON
    ANTAG              0.349       0.160      0.019       0.020       0.639      *

 PREVSLO    ON
    ANTAG              0.627       0.214      0.007       0.123       0.926      *

 B_CONDSLO  ON
    ANTAG              0.192       0.170      0.134      -0.144       0.515

 RT_INV     ON
    ANTAG             -0.565       0.160      0.001      -0.807      -0.200      *

 CORRECT    ON
    ANTAG             -0.798       0.118      0.000      -0.926      -0.476      *

 B_PREVSL WITH
    ANTAG              0.554       0.242      0.033      -0.039       0.893

 CORRECT  WITH
    RT_INV            -0.082       0.167      0.316      -0.394       0.250

 Means
    RUNSLO            -0.081       0.141      0.282      -0.360       0.192
    TRIALSLO          -0.340       0.113      0.001      -0.562      -0.122      *
    B_PREVSLO          2.161       0.601      0.000       1.215       3.588      *

 Intercepts
    T_MISTRUST         5.018       0.371      0.000       4.311       5.762      *
    T_MANIPULA         4.741       0.352      0.000       4.064       5.442      *
    T_AGGRESSI         4.525       0.334      0.000       3.881       5.196      *
    T_SELFHARM         4.145       0.309      0.000       3.559       4.768      *
    RT_INV           -10.384       1.051      0.000     -12.522      -8.388      *
    CONDSLO            1.807       0.314      0.000       1.294       2.523      *
    PREVSLO            3.719       0.558      0.000       2.807       4.967      *
    B_CONDSLO         -0.805       0.232      0.000      -1.275      -0.380      *

 Variances
    ANTAG              1.000       0.000      0.000       1.000       1.000
    RUNSLO             1.000       0.000      0.000       1.000       1.000
    TRIALSLO           1.000       0.000      0.000       1.000       1.000
    B_PREVSLO          1.000       0.000      0.000       1.000       1.000

 Residual Variances
    CORRECT            0.363       0.166      0.000       0.143       0.774      *
    T_MISTRUST         0.999       0.007      0.000       0.975       1.000      *
    T_MANIPULA         0.547       0.148      0.000       0.277       0.856      *
    T_AGGRESSI         0.585       0.146      0.000       0.318       0.887      *
    T_SELFHARM         0.787       0.094      0.000       0.589       0.953      *
    RT_INV             0.680       0.166      0.000       0.349       0.960      *
    CONDSLO            0.879       0.111      0.000       0.591       0.998      *
    PREVSLO            0.607       0.237      0.000       0.143       0.983      *
    B_CONDSLO          0.961       0.075      0.000       0.734       1.000      *


STD Standardization

                                Posterior  One-Tailed         95% C.I.
                    Estimate       S.D.      P-Value   Lower 2.5%  Upper 2.5%  Significance

Within-Level Standardized Estimates Averaged Over Clusters

 CONDSLO | RT_INV ON
    COND               0.114       0.010      0.000       0.094       0.133      *

 RUNSLO | RT_INV ON
    RUN_TRIAL_        -0.002       0.003      0.232      -0.008       0.004

 TRIALSLO | RT_INV ON
    TRIAL_Z           -0.021       0.003      0.000      -0.028      -0.015      *

 PREVSLO | RT_INV ON
    PREV_RT            1.642       0.051      0.000       1.543       1.747      *

 B_CONDSLO | CORRECT ON
    COND              -0.416       0.080      0.000      -0.575      -0.265      *

 B_PREVSLO | CORRECT ON
    PREV_RT            2.273       0.388      0.000       1.520       2.936      *

 RT_INV     ON
    BLOCK              0.012       0.009      0.076      -0.005       0.031
    COND_BLOCK         0.054       0.013      0.000       0.028       0.079      *

 CORRECT    ON
    TRIAL_Z           -0.003       0.025      0.444      -0.054       0.043
    RUN_TRIAL_        -0.041       0.024      0.056      -0.081       0.010
    BLOCK             -0.028       0.087      0.347      -0.228       0.146
    COND_BLOCK        -0.113       0.107      0.150      -0.303       0.126

 CORRECT  WITH
    RT_INV             0.105       0.008      0.000       0.091       0.121      *

 Residual Variances
    RT_INV             0.149       0.002      0.000       0.145       0.152      *

Between Level

 ANTAG    BY
    T_MISTRUST         0.415       0.333      0.000       0.240       1.625      *
    T_MANIPULA         8.188       1.707      0.000       4.495      11.255      *
    T_AGGRESSI         7.483       1.674      0.000       3.826      10.497      *
    T_SELFHARM         5.805       1.527      0.000       2.659       8.705      *

 CONDSLO    ON
    ANTAG              0.349       0.160      0.019       0.020       0.639      *

 PREVSLO    ON
    ANTAG              0.627       0.214      0.007       0.123       0.926      *

 B_CONDSLO  ON
    ANTAG              0.192       0.170      0.134      -0.144       0.515

 RT_INV     ON
    ANTAG             -0.182       0.066      0.001      -0.316      -0.058      *

 CORRECT    ON
    ANTAG             -0.437       0.141      0.000      -0.748      -0.194      *

 B_PREVSL WITH
    ANTAG              0.554       0.242      0.033      -0.039       0.893

 CORRECT  WITH
    RT_INV            -0.007       0.015      0.316      -0.037       0.024

 Means
    RUNSLO            -0.081       0.141      0.282      -0.360       0.192
    TRIALSLO          -0.340       0.113      0.001      -0.562      -0.122      *
    B_PREVSLO          2.161       0.601      0.000       1.215       3.588      *

 Intercepts
    T_MISTRUST        53.502       1.039      0.000      51.462      55.551      *
    T_MANIPULA        57.994       1.208      0.000      55.606      60.307      *
    T_AGGRESSI        52.977       1.138      0.000      50.700      55.169      *
    T_SELFHARM        52.425       1.231      0.000      49.979      54.862      *
    RT_INV            -3.377       0.038      0.000      -3.451      -3.303      *
    CONDSLO            1.807       0.314      0.000       1.294       2.523      *
    PREVSLO            3.719       0.558      0.000       2.807       4.967      *
    B_CONDSLO         -0.805       0.232      0.000      -1.275      -0.380      *

 Variances
    ANTAG              1.000       0.000      0.000       1.000       1.000
    RUNSLO             1.000       0.000      0.000       1.000       1.000
    TRIALSLO           1.000       0.000      0.000       1.000       1.000
    B_PREVSLO          1.000       0.000      0.000       1.000       1.000

 Residual Variances
    CORRECT            0.111       0.036      0.000       0.059       0.198      *
    T_MISTRUST       113.282      16.795      0.000      86.373     151.955      *
    T_MANIPULA        80.848      22.944      0.000      42.552     132.946      *
    T_AGGRESSI        79.485      20.998      0.000      44.807     127.560      *
    T_SELFHARM       124.318      20.891      0.000      90.509     171.498      *
    RT_INV             0.069       0.014      0.000       0.047       0.102      *
    CONDSLO            0.879       0.111      0.000       0.591       0.998      *
    PREVSLO            0.607       0.237      0.000       0.143       0.983      *
    B_CONDSLO          0.961       0.075      0.000       0.734       1.000      *


R-SQUARE

Within-Level R-Square Averaged Across Clusters

                                Posterior  One-Tailed         95% C.I.
    Variable        Estimate       S.D.      P-Value   Lower 2.5%  Upper 2.5%

    CORRECT            0.112       0.014      0.000       0.085       0.141
    RT_INV             0.152       0.004      0.000       0.144       0.161

Between Level

                                Posterior  One-Tailed         95% C.I.
    Variable        Estimate       S.D.      P-Value   Lower 2.5%  Upper 2.5%

    CORRECT            0.637       0.166      0.000       0.226       0.857
    T_MISTRUST         0.001       0.007      0.000       0.000       0.025
    T_MANIPULATIVEN    0.453       0.148      0.000       0.144       0.723
    T_AGGRESSION       0.415       0.146      0.000       0.113       0.682
    T_SELFHARM         0.213       0.094      0.000       0.047       0.411
    RT_INV             0.320       0.166      0.000       0.040       0.651

                                Posterior  One-Tailed         95% C.I.
    Variable        Estimate       S.D.      P-Value   Lower 2.5%  Upper 2.5%

    CONDSLO            0.121       0.111      0.000       0.002       0.409
    PREVSLO            0.393       0.237      0.000       0.017       0.857
    B_CONDSLO          0.039       0.075      0.000       0.000       0.266


CREDIBILITY INTERVALS OF MODEL RESULTS

                  Lower .5%  Lower 2.5%    Lower 5%    Estimate    Upper 5%  Upper 2.5%   Upper .5%

Within Level

 RT_INV   ON
    BLOCK           -0.011      -0.006      -0.003       0.012       0.027       0.030       0.036
    COND_BLOCK       0.020       0.028       0.033       0.054       0.075       0.079       0.088

 CORRECT  ON
    TRIAL_Z         -0.067      -0.053      -0.046      -0.007       0.032       0.039       0.054
    RUN_TRIAL_      -0.099      -0.086      -0.079      -0.040       0.000       0.007       0.021
    BLOCK           -0.239      -0.180      -0.153      -0.017       0.114       0.139       0.183
    COND_BLOCK      -0.370      -0.315      -0.286      -0.120       0.045       0.078       0.140

 CORRECT  WITH
    RT_INV           0.086       0.090       0.092       0.105       0.118       0.120       0.125

 Thresholds
    CORRECT$1       -2.004      -1.902      -1.849      -1.570      -1.269      -1.209      -1.112

 Residual Variances
    RT_INV           0.145       0.146       0.146       0.149       0.151       0.152       0.153

Between Level

 ANTAG    BY
    T_MISTRUST       1.000       1.000       1.000       1.000       1.000       1.000       1.000
    T_MANIPULA       2.941       4.387       5.795      19.086      35.353      38.700      46.703
    T_AGGRESSI       2.461       3.685       4.983      17.488      32.923      36.384      43.232
    T_SELFHARM       1.898       3.191       4.043      13.313      25.795      28.467      33.856

 CONDSLO  ON
    ANTAG           -0.015       0.002       0.007       0.048       0.113       0.130       0.175

 PREVSLO  ON
    ANTAG           -0.023       0.105       0.152       0.589       1.280       1.429       1.806

 B_CONDSL ON
    ANTAG           -0.369      -0.182      -0.106       0.203       0.671       0.781       1.037

 RT_INV   ON
    ANTAG           -1.131      -0.899      -0.810      -0.409      -0.123      -0.096      -0.053

 CORRECT  ON
    ANTAG           -2.061      -1.764      -1.641      -0.988      -0.415      -0.348      -0.248

 B_PREVSL WITH
    ANTAG           -0.068      -0.008       0.017       0.223       1.300       2.064       3.318

 CORRECT  WITH
    RT_INV          -0.048      -0.037      -0.032      -0.007       0.018       0.024       0.035

 Means
    RUNSLO          -0.014      -0.011      -0.010      -0.003       0.005       0.006       0.009
    TRIALSLO        -0.040      -0.035      -0.033      -0.022      -0.010      -0.008      -0.004
    B_PREVSLO        1.173       1.368       1.485       2.172       2.932       3.105       3.526

 Intercepts
    T_MISTRUST      50.792      51.462      51.804      53.502      55.216      55.551      56.157
    T_MANIPULA      54.831      55.606      55.989      57.994      59.944      60.307      61.249
    T_AGGRESSI      49.993      50.700      51.067      52.977      54.817      55.169      55.938
    T_SELFHARM      49.314      49.979      50.386      52.425      54.444      54.862      55.704
    RT_INV          -3.475      -3.451      -3.439      -3.377      -3.315      -3.303      -3.278
    CONDSLO          0.086       0.092       0.096       0.113       0.132       0.136       0.143
    PREVSLO          1.474       1.518       1.538       1.644       1.753       1.774       1.815
    B_CONDSLO       -0.659      -0.599      -0.572      -0.407      -0.239      -0.208      -0.150

 Thresholds
    CORRECT$1       -2.004      -1.902      -1.849      -1.570      -1.269      -1.209      -1.112

 Variances
    ANTAG            0.046       0.058       0.067       0.172       1.521       2.641       4.541
    RUNSLO           0.001       0.001       0.001       0.001       0.001       0.001       0.002
    TRIALSLO         0.003       0.003       0.003       0.004       0.005       0.006       0.006
    B_PREVSLO        0.201       0.294       0.368       1.038       2.400       2.786       3.746

 Residual Variances
    CORRECT          0.048       0.059       0.065       0.111       0.181       0.198       0.235
    T_MISTRUST      79.497      86.373      90.210     113.282     145.127     151.955     165.669
    T_MANIPULA      32.336      42.552      48.057      80.848     124.156     132.946     153.693
    T_AGGRESSI      34.339      44.807      50.280      79.485     118.651     127.560     145.421
    T_SELFHARM      81.947      90.509      95.386     124.318     163.316     171.498     190.625
    RT_INV           0.041       0.047       0.050       0.069       0.096       0.102       0.115
    CONDSLO          0.001       0.002       0.002       0.003       0.005       0.006       0.007
    PREVSLO          0.017       0.036       0.046       0.110       0.189       0.206       0.242
    B_CONDSLO        0.120       0.144       0.156       0.240       0.367       0.401       0.460


CREDIBILITY INTERVALS OF STANDARDIZED MODEL RESULTS


STDYX Standardization

                  Lower .5%  Lower 2.5%    Lower 5%    Estimate    Upper 5%  Upper 2.5%   Upper .5%

Within Level

 RT_INV   ON
    BLOCK            0.000      -0.006       0.000       0.014       0.000       0.037       0.000
    COND_BLOCK       0.000       0.024       0.000       0.046       0.000       0.067       0.000

 CORRECT  ON
    TRIAL_Z          0.000      -0.050       0.000      -0.003       0.000       0.040       0.000
    RUN_TRIAL_       0.000      -0.074       0.000      -0.038       0.000       0.009       0.000
    BLOCK            0.000      -0.107       0.000      -0.013       0.000       0.068       0.000
    COND_BLOCK       0.000      -0.101       0.000      -0.038       0.000       0.042       0.000

 CORRECT  WITH
    RT_INV           0.000       0.236       0.000       0.272       0.000       0.313       0.000

 Residual Variances
    RT_INV           0.000       0.839       0.000       0.848       0.000       0.856       0.000

Between Level

 ANTAG    BY
    T_MISTRUST       0.019       0.022       0.024       0.039       0.118       0.157       0.214
    T_MANIPULA       0.272       0.380       0.433       0.673       0.827       0.851       0.890
    T_AGGRESSI       0.226       0.337       0.396       0.644       0.801       0.826       0.872
    T_SELFHARM       0.125       0.216       0.261       0.462       0.615       0.641       0.690

 CONDSLO  ON
    ANTAG           -0.088       0.020       0.074       0.349       0.601       0.639       0.716

 PREVSLO  ON
    ANTAG           -0.023       0.123       0.204       0.627       0.900       0.926       0.966

 B_CONDSL ON
    ANTAG           -0.249      -0.144      -0.091       0.192       0.469       0.515       0.614

 RT_INV   ON
    ANTAG           -0.842      -0.807      -0.781      -0.565      -0.263      -0.200      -0.080

 CORRECT  ON
    ANTAG           -0.945      -0.926      -0.913      -0.798      -0.541      -0.476      -0.337

 B_PREVSL WITH
    ANTAG           -0.275      -0.039       0.073       0.554       0.859       0.893       0.936

 CORRECT  WITH
    RT_INV          -0.480      -0.394      -0.353      -0.082       0.199       0.250       0.346

 Means
    RUNSLO          -0.456      -0.360      -0.313      -0.081       0.149       0.192       0.279
    TRIALSLO        -0.630      -0.562      -0.526      -0.340      -0.157      -0.122      -0.053
    B_PREVSLO        1.030       1.215       1.342       2.161       3.314       3.588       4.228

 Intercepts
    T_MISTRUST       4.110       4.311       4.420       5.018       5.633       5.762       6.001
    T_MANIPULA       3.863       4.064       4.175       4.741       5.332       5.442       5.666
    T_AGGRESSI       3.683       3.881       3.983       4.525       5.085       5.196       5.427
    T_SELFHARM       3.365       3.559       3.642       4.145       4.663       4.768       4.989
    RT_INV         -13.194     -12.522     -12.156     -10.384      -8.694      -8.388      -7.885
    CONDSLO          1.152       1.294       1.370       1.807       2.393       2.523       2.839
    PREVSLO          2.548       2.807       2.940       3.719       4.746       4.967       5.521
    B_CONDSLO       -1.458      -1.275      -1.201      -0.805      -0.443      -0.380      -0.267

 Variances
    ANTAG            1.000       1.000       1.000       1.000       1.000       1.000       1.000
    RUNSLO           1.000       1.000       1.000       1.000       1.000       1.000       1.000
    TRIALSLO         1.000       1.000       1.000       1.000       1.000       1.000       1.000
    B_PREVSLO        1.000       1.000       1.000       1.000       1.000       1.000       1.000

 Residual Variances
    CORRECT          0.106       0.143       0.166       0.363       0.708       0.774       0.886
    T_MISTRUST       0.954       0.975       0.986       0.999       0.999       1.000       1.000
    T_MANIPULA       0.209       0.277       0.315       0.547       0.813       0.856       0.926
    T_AGGRESSI       0.239       0.318       0.358       0.585       0.843       0.887       0.949
    T_SELFHARM       0.524       0.589       0.622       0.787       0.932       0.953       0.984
    RT_INV           0.291       0.349       0.390       0.680       0.931       0.960       0.993
    CONDSLO          0.487       0.591       0.639       0.879       0.993       0.998       1.000
    PREVSLO          0.067       0.143       0.189       0.607       0.958       0.983       0.999
    B_CONDSLO        0.622       0.734       0.780       0.961       1.000       1.000       1.000


STDY Standardization

                  Lower .5%  Lower 2.5%    Lower 5%    Estimate    Upper 5%  Upper 2.5%   Upper .5%

Within Level

 RT_INV   ON
    BLOCK            0.000      -0.012       0.000       0.028       0.000       0.074       0.000
    COND_BLOCK       0.000       0.067       0.000       0.128       0.000       0.188       0.000

 CORRECT  ON
    TRIAL_Z          0.000      -0.051       0.000      -0.003       0.000       0.040       0.000
    RUN_TRIAL_       0.000      -0.077       0.000      -0.039       0.000       0.010       0.000
    BLOCK            0.000      -0.214       0.000      -0.027       0.000       0.137       0.000
    COND_BLOCK       0.000      -0.283       0.000      -0.106       0.000       0.118       0.000

 CORRECT  WITH
    RT_INV           0.000       0.236       0.000       0.272       0.000       0.313       0.000

 Residual Variances
    RT_INV           0.000       0.839       0.000       0.848       0.000       0.856       0.000

Between Level

 ANTAG    BY
    T_MISTRUST       0.019       0.022       0.024       0.039       0.118       0.157       0.214
    T_MANIPULA       0.272       0.380       0.433       0.673       0.827       0.851       0.890
    T_AGGRESSI       0.226       0.337       0.396       0.644       0.801       0.826       0.872
    T_SELFHARM       0.125       0.216       0.261       0.462       0.615       0.641       0.690

 CONDSLO  ON
    ANTAG           -0.088       0.020       0.074       0.349       0.601       0.639       0.716

 PREVSLO  ON
    ANTAG           -0.023       0.123       0.204       0.627       0.900       0.926       0.966

 B_CONDSL ON
    ANTAG           -0.249      -0.144      -0.091       0.192       0.469       0.515       0.614

 RT_INV   ON
    ANTAG           -0.842      -0.807      -0.781      -0.565      -0.263      -0.200      -0.080

 CORRECT  ON
    ANTAG           -0.945      -0.926      -0.913      -0.798      -0.541      -0.476      -0.337

 B_PREVSL WITH
    ANTAG           -0.275      -0.039       0.073       0.554       0.859       0.893       0.936

 CORRECT  WITH
    RT_INV          -0.480      -0.394      -0.353      -0.082       0.199       0.250       0.346

 Means
    RUNSLO          -0.456      -0.360      -0.313      -0.081       0.149       0.192       0.279
    TRIALSLO        -0.630      -0.562      -0.526      -0.340      -0.157      -0.122      -0.053
    B_PREVSLO        1.030       1.215       1.342       2.161       3.314       3.588       4.228

 Intercepts
    T_MISTRUST       4.110       4.311       4.420       5.018       5.633       5.762       6.001
    T_MANIPULA       3.863       4.064       4.175       4.741       5.332       5.442       5.666
    T_AGGRESSI       3.683       3.881       3.983       4.525       5.085       5.196       5.427
    T_SELFHARM       3.365       3.559       3.642       4.145       4.663       4.768       4.989
    RT_INV         -13.194     -12.522     -12.156     -10.384      -8.694      -8.388      -7.885
    CONDSLO          1.152       1.294       1.370       1.807       2.393       2.523       2.839
    PREVSLO          2.548       2.807       2.940       3.719       4.746       4.967       5.521
    B_CONDSLO       -1.458      -1.275      -1.201      -0.805      -0.443      -0.380      -0.267

 Variances
    ANTAG            1.000       1.000       1.000       1.000       1.000       1.000       1.000
    RUNSLO           1.000       1.000       1.000       1.000       1.000       1.000       1.000
    TRIALSLO         1.000       1.000       1.000       1.000       1.000       1.000       1.000
    B_PREVSLO        1.000       1.000       1.000       1.000       1.000       1.000       1.000

 Residual Variances
    CORRECT          0.106       0.143       0.166       0.363       0.708       0.774       0.886
    T_MISTRUST       0.954       0.975       0.986       0.999       0.999       1.000       1.000
    T_MANIPULA       0.209       0.277       0.315       0.547       0.813       0.856       0.926
    T_AGGRESSI       0.239       0.318       0.358       0.585       0.843       0.887       0.949
    T_SELFHARM       0.524       0.589       0.622       0.787       0.932       0.953       0.984
    RT_INV           0.291       0.349       0.390       0.680       0.931       0.960       0.993
    CONDSLO          0.487       0.591       0.639       0.879       0.993       0.998       1.000
    PREVSLO          0.067       0.143       0.189       0.607       0.958       0.983       0.999
    B_CONDSLO        0.622       0.734       0.780       0.961       1.000       1.000       1.000


STD Standardization

                  Lower .5%  Lower 2.5%    Lower 5%    Estimate    Upper 5%  Upper 2.5%   Upper .5%

Within Level

 RT_INV   ON
    BLOCK            0.000      -0.005       0.000       0.012       0.000       0.031       0.000
    COND_BLOCK       0.000       0.028       0.000       0.054       0.000       0.079       0.000

 CORRECT  ON
    TRIAL_Z          0.000      -0.054       0.000      -0.003       0.000       0.043       0.000
    RUN_TRIAL_       0.000      -0.081       0.000      -0.041       0.000       0.010       0.000
    BLOCK            0.000      -0.228       0.000      -0.028       0.000       0.146       0.000
    COND_BLOCK       0.000      -0.303       0.000      -0.113       0.000       0.126       0.000

 CORRECT  WITH
    RT_INV           0.000       0.091       0.000       0.105       0.000       0.121       0.000

 Residual Variances
    RT_INV           0.000       0.145       0.000       0.149       0.000       0.152       0.000

Between Level

 ANTAG    BY
    T_MISTRUST       0.215       0.240       0.259       0.415       1.233       1.625       2.131
    T_MANIPULA       3.248       4.495       5.127       8.188      10.759      11.255      12.312
    T_AGGRESSI       2.544       3.826       4.462       7.483      10.023      10.497      11.357
    T_SELFHARM       1.533       2.659       3.196       5.805       8.214       8.705       9.787

 CONDSLO  ON
    ANTAG           -0.088       0.020       0.074       0.349       0.601       0.639       0.716

 PREVSLO  ON
    ANTAG           -0.023       0.123       0.204       0.627       0.900       0.926       0.966

 B_CONDSL ON
    ANTAG           -0.249      -0.144      -0.091       0.192       0.469       0.515       0.614

 RT_INV   ON
    ANTAG           -0.350      -0.316      -0.295      -0.182      -0.078      -0.058      -0.023

 CORRECT  ON
    ANTAG           -0.865      -0.748      -0.689      -0.437      -0.229      -0.194      -0.129

 B_PREVSL WITH
    ANTAG           -0.275      -0.039       0.073       0.554       0.859       0.893       0.936

 CORRECT  WITH
    RT_INV          -0.048      -0.037      -0.032      -0.007       0.018       0.024       0.035

 Means
    RUNSLO          -0.456      -0.360      -0.313      -0.081       0.149       0.192       0.279
    TRIALSLO        -0.630      -0.562      -0.526      -0.340      -0.157      -0.122      -0.053
    B_PREVSLO        1.030       1.215       1.342       2.161       3.314       3.588       4.228

 Intercepts
    T_MISTRUST      50.792      51.462      51.804      53.502      55.216      55.551      56.157
    T_MANIPULA      54.831      55.606      55.989      57.994      59.944      60.307      61.249
    T_AGGRESSI      49.993      50.700      51.067      52.977      54.817      55.169      55.938
    T_SELFHARM      49.314      49.979      50.386      52.425      54.444      54.862      55.704
    RT_INV          -3.475      -3.451      -3.439      -3.377      -3.315      -3.303      -3.278
    CONDSLO          1.152       1.294       1.370       1.807       2.393       2.523       2.839
    PREVSLO          2.548       2.807       2.940       3.719       4.746       4.967       5.521
    B_CONDSLO       -1.458      -1.275      -1.201      -0.805      -0.443      -0.380      -0.267

 Variances
    ANTAG            1.000       1.000       1.000       1.000       1.000       1.000       1.000
    RUNSLO           1.000       1.000       1.000       1.000       1.000       1.000       1.000
    TRIALSLO         1.000       1.000       1.000       1.000       1.000       1.000       1.000
    B_PREVSLO        1.000       1.000       1.000       1.000       1.000       1.000       1.000

 Residual Variances
    CORRECT          0.048       0.059       0.065       0.111       0.181       0.198       0.235
    T_MISTRUST      79.497      86.373      90.210     113.282     145.127     151.955     165.669
    T_MANIPULA      32.336      42.552      48.057      80.848     124.156     132.946     153.693
    T_AGGRESSI      34.339      44.807      50.280      79.485     118.651     127.560     145.421
    T_SELFHARM      81.947      90.509      95.386     124.318     163.316     171.498     190.625
    RT_INV           0.041       0.047       0.050       0.069       0.096       0.102       0.115
    CONDSLO          0.487       0.591       0.639       0.879       0.993       0.998       1.000
    PREVSLO          0.067       0.143       0.189       0.607       0.958       0.983       0.999
    B_CONDSLO        0.622       0.734       0.780       0.961       1.000       1.000       1.000


TECHNICAL 1 OUTPUT


     PARAMETER SPECIFICATION FOR WITHIN


           TAU
              CORRECT$
              ________
                    0


           NU
              CORRECT       RT_INV        COND          BLOCK         PREV_RT
              ________      ________      ________      ________      ________
                    0             0             0             0             0


           NU
              TRIAL_Z       RUN_TRIA      COND_BLO
              ________      ________      ________
                    0             0             0


           LAMBDA
              CORRECT       RT_INV        COND          BLOCK         PREV_RT
              ________      ________      ________      ________      ________
 CORRECT            0             0             0             0             0
 RT_INV             0             0             0             0             0
 COND               0             0             0             0             0
 BLOCK              0             0             0             0             0
 PREV_RT            0             0             0             0             0
 TRIAL_Z            0             0             0             0             0
 RUN_TRIA           0             0             0             0             0
 COND_BLO           0             0             0             0             0


           LAMBDA
              TRIAL_Z       RUN_TRIA      COND_BLO
              ________      ________      ________
 CORRECT            0             0             0
 RT_INV             0             0             0
 COND               0             0             0
 BLOCK              0             0             0
 PREV_RT            0             0             0
 TRIAL_Z            0             0             0
 RUN_TRIA           0             0             0
 COND_BLO           0             0             0


           THETA
              CORRECT       RT_INV        COND          BLOCK         PREV_RT
              ________      ________      ________      ________      ________
 CORRECT            0
 RT_INV             0             0
 COND               0             0             0
 BLOCK              0             0             0             0
 PREV_RT            0             0             0             0             0
 TRIAL_Z            0             0             0             0             0
 RUN_TRIA           0             0             0             0             0
 COND_BLO           0             0             0             0             0


           THETA
              TRIAL_Z       RUN_TRIA      COND_BLO
              ________      ________      ________
 TRIAL_Z            0
 RUN_TRIA           0             0
 COND_BLO           0             0             0


           ALPHA
              CORRECT       RT_INV        COND          BLOCK         PREV_RT
              ________      ________      ________      ________      ________
                    0             0             0             0             0


           ALPHA
              TRIAL_Z       RUN_TRIA      COND_BLO
              ________      ________      ________
                    0             0             0


           BETA
              CORRECT       RT_INV        COND          BLOCK         PREV_RT
              ________      ________      ________      ________      ________
 CORRECT            0             0             0             1             0
 RT_INV             0             0             0             5             0
 COND               0             0             0             0             0
 BLOCK              0             0             0             0             0
 PREV_RT            0             0             0             0             0
 TRIAL_Z            0             0             0             0             0
 RUN_TRIA           0             0             0             0             0
 COND_BLO           0             0             0             0             0


           BETA
              TRIAL_Z       RUN_TRIA      COND_BLO
              ________      ________      ________
 CORRECT            2             3             4
 RT_INV             0             0             6
 COND               0             0             0
 BLOCK              0             0             0
 PREV_RT            0             0             0
 TRIAL_Z            0             0             0
 RUN_TRIA           0             0             0
 COND_BLO           0             0             0


           PSI
              CORRECT       RT_INV        COND          BLOCK         PREV_RT
              ________      ________      ________      ________      ________
 CORRECT            0
 RT_INV             7             8
 COND               0             0             0
 BLOCK              0             0             0             0
 PREV_RT            0             0             0             0             0
 TRIAL_Z            0             0             0             0             0
 RUN_TRIA           0             0             0             0             0
 COND_BLO           0             0             0             0             0


           PSI
              TRIAL_Z       RUN_TRIA      COND_BLO
              ________      ________      ________
 TRIAL_Z            0
 RUN_TRIA           0             0
 COND_BLO           0             0             0


     PARAMETER SPECIFICATION FOR BETWEEN


           TAU
              CORRECT$
              ________
                   43


           NU
              CORRECT       T_MISTRU      T_MANIPU      T_AGGRES      T_SELFHA
              ________      ________      ________      ________      ________
                    0             9            10            11            12


           NU
              RT_INV
              ________
                    0


           LAMBDA
              ANTAG         CONDSLO       RUNSLO        TRIALSLO      PREVSLO
              ________      ________      ________      ________      ________
 CORRECT            0             0             0             0             0
 T_MISTRU           0             0             0             0             0
 T_MANIPU          13             0             0             0             0
 T_AGGRES          14             0             0             0             0
 T_SELFHA          15             0             0             0             0
 RT_INV             0             0             0             0             0


           LAMBDA
              B_CONDSL      B_PREVSL      CORRECT       RT_INV
              ________      ________      ________      ________
 CORRECT            0             0             0             0
 T_MISTRU           0             0             0             0
 T_MANIPU           0             0             0             0
 T_AGGRES           0             0             0             0
 T_SELFHA           0             0             0             0
 RT_INV             0             0             0             0


           THETA
              CORRECT       T_MISTRU      T_MANIPU      T_AGGRES      T_SELFHA
              ________      ________      ________      ________      ________
 CORRECT            0
 T_MISTRU           0            16
 T_MANIPU           0             0            17
 T_AGGRES           0             0             0            18
 T_SELFHA           0             0             0             0            19
 RT_INV             0             0             0             0             0


           THETA
              RT_INV
              ________
 RT_INV             0


           ALPHA
              ANTAG         CONDSLO       RUNSLO        TRIALSLO      PREVSLO
              ________      ________      ________      ________      ________
                    0            20            21            22            23


           ALPHA
              B_CONDSL      B_PREVSL      CORRECT       RT_INV
              ________      ________      ________      ________
                   24            25             0            26


           BETA
              ANTAG         CONDSLO       RUNSLO        TRIALSLO      PREVSLO
              ________      ________      ________      ________      ________
 ANTAG              0             0             0             0             0
 CONDSLO           27             0             0             0             0
 RUNSLO             0             0             0             0             0
 TRIALSLO           0             0             0             0             0
 PREVSLO           28             0             0             0             0
 B_CONDSL          29             0             0             0             0
 B_PREVSL           0             0             0             0             0
 CORRECT           30             0             0             0             0
 RT_INV            31             0             0             0             0


           BETA
              B_CONDSL      B_PREVSL      CORRECT       RT_INV
              ________      ________      ________      ________
 ANTAG              0             0             0             0
 CONDSLO            0             0             0             0
 RUNSLO             0             0             0             0
 TRIALSLO           0             0             0             0
 PREVSLO            0             0             0             0
 B_CONDSL           0             0             0             0
 B_PREVSL           0             0             0             0
 CORRECT            0             0             0             0
 RT_INV             0             0             0             0


           PSI
              ANTAG         CONDSLO       RUNSLO        TRIALSLO      PREVSLO
              ________      ________      ________      ________      ________
 ANTAG             32
 CONDSLO            0            33
 RUNSLO             0             0            34
 TRIALSLO           0             0             0            35
 PREVSLO            0             0             0             0            36
 B_CONDSL           0             0             0             0             0
 B_PREVSL          38             0             0             0             0
 CORRECT            0             0             0             0             0
 RT_INV             0             0             0             0             0


           PSI
              B_CONDSL      B_PREVSL      CORRECT       RT_INV
              ________      ________      ________      ________
 B_CONDSL          37
 B_PREVSL           0            39
 CORRECT            0             0            40
 RT_INV             0             0            41            42


     STARTING VALUES FOR WITHIN


           TAU
              CORRECT$
              ________
                0.000


           NU
              CORRECT       RT_INV        COND          BLOCK         PREV_RT
              ________      ________      ________      ________      ________
                0.000         0.000         0.000         0.000         0.000


           NU
              TRIAL_Z       RUN_TRIA      COND_BLO
              ________      ________      ________
                0.000         0.000         0.000


           LAMBDA
              CORRECT       RT_INV        COND          BLOCK         PREV_RT
              ________      ________      ________      ________      ________
 CORRECT        1.000         0.000         0.000         0.000         0.000
 RT_INV         0.000         1.000         0.000         0.000         0.000
 COND           0.000         0.000         1.000         0.000         0.000
 BLOCK          0.000         0.000         0.000         1.000         0.000
 PREV_RT        0.000         0.000         0.000         0.000         1.000
 TRIAL_Z        0.000         0.000         0.000         0.000         0.000
 RUN_TRIA       0.000         0.000         0.000         0.000         0.000
 COND_BLO       0.000         0.000         0.000         0.000         0.000


           LAMBDA
              TRIAL_Z       RUN_TRIA      COND_BLO
              ________      ________      ________
 CORRECT        0.000         0.000         0.000
 RT_INV         0.000         0.000         0.000
 COND           0.000         0.000         0.000
 BLOCK          0.000         0.000         0.000
 PREV_RT        0.000         0.000         0.000
 TRIAL_Z        1.000         0.000         0.000
 RUN_TRIA       0.000         1.000         0.000
 COND_BLO       0.000         0.000         1.000


           THETA
              CORRECT       RT_INV        COND          BLOCK         PREV_RT
              ________      ________      ________      ________      ________
 CORRECT        0.000
 RT_INV         0.000         0.000
 COND           0.000         0.000         0.000
 BLOCK          0.000         0.000         0.000         0.000
 PREV_RT        0.000         0.000         0.000         0.000         0.000
 TRIAL_Z        0.000         0.000         0.000         0.000         0.000
 RUN_TRIA       0.000         0.000         0.000         0.000         0.000
 COND_BLO       0.000         0.000         0.000         0.000         0.000


           THETA
              TRIAL_Z       RUN_TRIA      COND_BLO
              ________      ________      ________
 TRIAL_Z        0.000
 RUN_TRIA       0.000         0.000
 COND_BLO       0.000         0.000         0.000


           ALPHA
              CORRECT       RT_INV        COND          BLOCK         PREV_RT
              ________      ________      ________      ________      ________
                0.000         0.000         0.000         0.000         0.000


           ALPHA
              TRIAL_Z       RUN_TRIA      COND_BLO
              ________      ________      ________
                0.000         0.000         0.000


           BETA
              CORRECT       RT_INV        COND          BLOCK         PREV_RT
              ________      ________      ________      ________      ________
 CORRECT        0.000         0.000         0.000         0.000         0.000
 RT_INV         0.000         0.000         0.000         0.000         0.000
 COND           0.000         0.000         0.000         0.000         0.000
 BLOCK          0.000         0.000         0.000         0.000         0.000
 PREV_RT        0.000         0.000         0.000         0.000         0.000
 TRIAL_Z        0.000         0.000         0.000         0.000         0.000
 RUN_TRIA       0.000         0.000         0.000         0.000         0.000
 COND_BLO       0.000         0.000         0.000         0.000         0.000


           BETA
              TRIAL_Z       RUN_TRIA      COND_BLO
              ________      ________      ________
 CORRECT        0.000         0.000         0.000
 RT_INV         0.000         0.000         0.000
 COND           0.000         0.000         0.000
 BLOCK          0.000         0.000         0.000
 PREV_RT        0.000         0.000         0.000
 TRIAL_Z        0.000         0.000         0.000
 RUN_TRIA       0.000         0.000         0.000
 COND_BLO       0.000         0.000         0.000


           PSI
              CORRECT       RT_INV        COND          BLOCK         PREV_RT
              ________      ________      ________      ________      ________
 CORRECT        1.000
 RT_INV         0.000         0.139
 COND           0.000         0.000         0.125
 BLOCK          0.000         0.000         0.000         0.125
 PREV_RT        0.000         0.000         0.000         0.000         0.004
 TRIAL_Z        0.000         0.000         0.000         0.000         0.000
 RUN_TRIA       0.000         0.000         0.000         0.000         0.000
 COND_BLO       0.000         0.000         0.000         0.000         0.000


           PSI
              TRIAL_Z       RUN_TRIA      COND_BLO
              ________      ________      ________
 TRIAL_Z        0.497
 RUN_TRIA       0.000         0.464
 COND_BLO       0.000         0.000         0.064


     STARTING VALUES FOR BETWEEN


           TAU
              CORRECT$
              ________
               -1.886


           NU
              CORRECT       T_MISTRU      T_MANIPU      T_AGGRES      T_SELFHA
              ________      ________      ________      ________      ________
                0.000        53.476        57.907        52.925        52.420


           NU
              RT_INV
              ________
                0.000


           LAMBDA
              ANTAG         CONDSLO       RUNSLO        TRIALSLO      PREVSLO
              ________      ________      ________      ________      ________
 CORRECT        0.000         0.000         0.000         0.000         0.000
 T_MISTRU       1.000         0.000         0.000         0.000         0.000
 T_MANIPU       1.000         0.000         0.000         0.000         0.000
 T_AGGRES       1.000         0.000         0.000         0.000         0.000
 T_SELFHA       1.000         0.000         0.000         0.000         0.000
 RT_INV         0.000         0.000         0.000         0.000         0.000


           LAMBDA
              B_CONDSL      B_PREVSL      CORRECT       RT_INV
              ________      ________      ________      ________
 CORRECT        0.000         0.000         1.000         0.000
 T_MISTRU       0.000         0.000         0.000         0.000
 T_MANIPU       0.000         0.000         0.000         0.000
 T_AGGRES       0.000         0.000         0.000         0.000
 T_SELFHA       0.000         0.000         0.000         0.000
 RT_INV         0.000         0.000         0.000         1.000


           THETA
              CORRECT       T_MISTRU      T_MANIPU      T_AGGRES      T_SELFHA
              ________      ________      ________      ________      ________
 CORRECT        0.000
 T_MISTRU       0.000        56.955
 T_MANIPU       0.000         0.000        70.258
 T_AGGRES       0.000         0.000         0.000        64.299
 T_SELFHA       0.000         0.000         0.000         0.000        75.837
 RT_INV         0.000         0.000         0.000         0.000         0.000


           THETA
              RT_INV
              ________
 RT_INV         0.000


           ALPHA
              ANTAG         CONDSLO       RUNSLO        TRIALSLO      PREVSLO
              ________      ________      ________      ________      ________
                0.000         0.000         0.000         0.000         0.000


           ALPHA
              B_CONDSL      B_PREVSL      CORRECT       RT_INV
              ________      ________      ________      ________
                0.000         0.000         0.000        -2.661


           BETA
              ANTAG         CONDSLO       RUNSLO        TRIALSLO      PREVSLO
              ________      ________      ________      ________      ________
 ANTAG          0.000         0.000         0.000         0.000         0.000
 CONDSLO        0.000         0.000         0.000         0.000         0.000
 RUNSLO         0.000         0.000         0.000         0.000         0.000
 TRIALSLO       0.000         0.000         0.000         0.000         0.000
 PREVSLO        0.000         0.000         0.000         0.000         0.000
 B_CONDSL       0.000         0.000         0.000         0.000         0.000
 B_PREVSL       0.000         0.000         0.000         0.000         0.000
 CORRECT        0.000         0.000         0.000         0.000         0.000
 RT_INV         0.000         0.000         0.000         0.000         0.000


           BETA
              B_CONDSL      B_PREVSL      CORRECT       RT_INV
              ________      ________      ________      ________
 ANTAG          0.000         0.000         0.000         0.000
 CONDSLO        0.000         0.000         0.000         0.000
 RUNSLO         0.000         0.000         0.000         0.000
 TRIALSLO       0.000         0.000         0.000         0.000
 PREVSLO        0.000         0.000         0.000         0.000
 B_CONDSL       0.000         0.000         0.000         0.000
 B_PREVSL       0.000         0.000         0.000         0.000
 CORRECT        0.000         0.000         0.000         0.000
 RT_INV         0.000         0.000         0.000         0.000


           PSI
              ANTAG         CONDSLO       RUNSLO        TRIALSLO      PREVSLO
              ________      ________      ________      ________      ________
 ANTAG          1.000
 CONDSLO        0.000         1.000
 RUNSLO         0.000         0.000         1.000
 TRIALSLO       0.000         0.000         0.000         1.000
 PREVSLO        0.000         0.000         0.000         0.000         1.000
 B_CONDSL       0.000         0.000         0.000         0.000         0.000
 B_PREVSL       0.000         0.000         0.000         0.000         0.000
 CORRECT        0.000         0.000         0.000         0.000         0.000
 RT_INV         0.000         0.000         0.000         0.000         0.000


           PSI
              B_CONDSL      B_PREVSL      CORRECT       RT_INV
              ________      ________      ________      ________
 B_CONDSL       1.000
 B_PREVSL       0.000         1.000
 CORRECT        0.000         0.000         1.000
 RT_INV         0.000         0.000         0.000         0.139



     PRIORS FOR ALL PARAMETERS            PRIOR MEAN      PRIOR VARIANCE     PRIOR STD. DEV.

     Parameter 1~N(0.000,5.000)              0.0000              5.0000              2.2361
     Parameter 2~N(0.000,5.000)              0.0000              5.0000              2.2361
     Parameter 3~N(0.000,5.000)              0.0000              5.0000              2.2361
     Parameter 4~N(0.000,5.000)              0.0000              5.0000              2.2361
     Parameter 5~N(0.000,infinity)           0.0000            infinity            infinity
     Parameter 6~N(0.000,infinity)           0.0000            infinity            infinity
     Parameter 7~IW(0.000,3)
     Parameter 8~IW(1.000,3)
     Parameter 9~N(0.000,infinity)           0.0000            infinity            infinity
     Parameter 10~N(0.000,infinity)          0.0000            infinity            infinity
     Parameter 11~N(0.000,infinity)          0.0000            infinity            infinity
     Parameter 12~N(0.000,infinity)          0.0000            infinity            infinity
     Parameter 13~N(0.000,infinity)          0.0000            infinity            infinity
     Parameter 14~N(0.000,infinity)          0.0000            infinity            infinity
     Parameter 15~N(0.000,infinity)          0.0000            infinity            infinity
     Parameter 16~IG(-1.000,0.000)         infinity            infinity            infinity
     Parameter 17~IG(-1.000,0.000)         infinity            infinity            infinity
     Parameter 18~IG(-1.000,0.000)         infinity            infinity            infinity
     Parameter 19~IG(-1.000,0.000)         infinity            infinity            infinity
     Parameter 20~N(0.000,infinity)          0.0000            infinity            infinity
     Parameter 21~N(0.000,infinity)          0.0000            infinity            infinity
     Parameter 22~N(0.000,infinity)          0.0000            infinity            infinity
     Parameter 23~N(0.000,infinity)          0.0000            infinity            infinity
     Parameter 24~N(0.000,infinity)          0.0000            infinity            infinity
     Parameter 25~N(0.000,infinity)          0.0000            infinity            infinity
     Parameter 26~N(0.000,infinity)          0.0000            infinity            infinity
     Parameter 27~N(0.000,infinity)          0.0000            infinity            infinity
     Parameter 28~N(0.000,infinity)          0.0000            infinity            infinity
     Parameter 29~N(0.000,infinity)          0.0000            infinity            infinity
     Parameter 30~N(0.000,5.000)             0.0000              5.0000              2.2361
     Parameter 31~N(0.000,infinity)          0.0000            infinity            infinity
     Parameter 32~IW(1.000,3)              infinity            infinity            infinity
     Parameter 33~IG(-1.000,0.000)         infinity            infinity            infinity
     Parameter 34~IG(-1.000,0.000)         infinity            infinity            infinity
     Parameter 35~IG(-1.000,0.000)         infinity            infinity            infinity
     Parameter 36~IG(-1.000,0.000)         infinity            infinity            infinity
     Parameter 37~IG(-1.000,0.000)         infinity            infinity            infinity
     Parameter 38~IW(0.000,3)              infinity            infinity            infinity
     Parameter 39~IW(1.000,3)              infinity            infinity            infinity
     Parameter 40~IW(1.000,3)              infinity            infinity            infinity
     Parameter 41~IW(0.000,3)              infinity            infinity            infinity
     Parameter 42~IW(1.000,3)              infinity            infinity            infinity
     Parameter 43~N(0.000,5.000)             0.0000              5.0000              2.2361


TECHNICAL 8 OUTPUT


   TECHNICAL 8 OUTPUT FOR BAYES ESTIMATION

     CHAIN    BSEED
     1        0
     2        285380
     3        253358
     4        93468

                     POTENTIAL       PARAMETER WITH
     ITERATION    SCALE REDUCTION      HIGHEST PSR
     100              2.357               25
     200              2.268               14
     300              3.128               14
     400              2.800               30
     500              1.997               28
     600              2.185               30
     700              1.406               30
     800              1.252               24
     900              1.279               24
     1000             1.338               24
     1100             1.333               43
     1200             1.309               43
     1300             1.433               43
     1400             1.361               30
     1500             1.305               43
     1600             1.181               43
     1700             1.161               30
     1800             1.145               30
     1900             1.126               30
     2000             1.109               30
     2100             1.141               30
     2200             1.145               30
     2300             1.143               32
     2400             1.131               32
     2500             1.136               32
     2600             1.122               32
     2700             1.106               32
     2800             1.060               32
     2900             1.098               25
     3000             1.131               25
     3100             1.160               30
     3200             1.159               25
     3300             1.181               30
     3400             1.177               30
     3500             1.170               25
     3600             1.195               25
     3700             1.193               25
     3800             1.183               25
     3900             1.152               25
     4000             1.125               43
     4100             1.118               43
     4200             1.113               43
     4300             1.114               43
     4400             1.135               43
     4500             1.166               43
     4600             1.165               43
     4700             1.173               43
     4800             1.192               43
     4900             1.205               43
     5000             1.236               43
     5100             1.244               43
     5200             1.201               43
     5300             1.188               43
     5400             1.188               43
     5500             1.136               43
     5600             1.075               43
     5700             1.053               43
     5800             1.051               43
     5900             1.043               43
     6000             1.040               43
     6100             1.043               1
     6200             1.035               43
     6300             1.035               4
     6400             1.040               1
     6500             1.043               43
     6600             1.040               43
     6700             1.038               1
     6800             1.032               1
     6900             1.029               1
     7000             1.033               1
     7100             1.030               1
     7200             1.030               1
     7300             1.034               43
     7400             1.033               43
     7500             1.030               43
     7600             1.035               43
     7700             1.046               43
     7800             1.055               43
     7900             1.048               43
     8000             1.051               43
     8100             1.036               43
     8200             1.026               43
     8300             1.023               43
     8400             1.021               43
     8500             1.027               25
     8600             1.034               25
     8700             1.031               25
     8800             1.035               25
     8900             1.035               25
     9000             1.040               25
     9100             1.032               25
     9200             1.026               43
     9300             1.023               43
     9400             1.018               43
     9500             1.016               43
     9600             1.019               25
     9700             1.022               39
     9800             1.022               39
     9900             1.024               32
     10000            1.029               32
     10100            1.040               32
     10200            1.051               32
     10300            1.064               32
     10400            1.069               32
     10500            1.070               32
     10600            1.071               32
     10700            1.072               32
     10800            1.070               32
     10900            1.067               32
     11000            1.065               32
     11100            1.064               32
     11200            1.064               32
     11300            1.065               32
     11400            1.061               32
     11500            1.060               32
     11600            1.059               32
     11700            1.062               43
     11800            1.060               32
     11900            1.061               32
     12000            1.066               32
     12100            1.071               32
     12200            1.072               32
     12300            1.070               32
     12400            1.068               32
     12500            1.066               32
     12600            1.065               32
     12700            1.063               32
     12800            1.063               32
     12900            1.063               32
     13000            1.062               32
     13100            1.063               32
     13200            1.062               32
     13300            1.060               32
     13400            1.056               32
     13500            1.051               32
     13600            1.045               32
     13700            1.045               32
     13800            1.044               32
     13900            1.043               32
     14000            1.048               43
     14100            1.047               43
     14200            1.043               43
     14300            1.040               32
     14400            1.040               32
     14500            1.040               32
     14600            1.040               32
     14700            1.038               32
     14800            1.036               4
     14900            1.037               4
     15000            1.037               4


PLOT INFORMATION

The following plots are available:

  Sample proportions
  Bayesian posterior parameter distributions
  Bayesian posterior parameter trace plots
  Bayesian autocorrelation plots
  Bayesian prior parameter distributions

     Beginning Time:  19:22:37
        Ending Time:  19:26:34
       Elapsed Time:  00:03:57



MUTHEN & MUTHEN
3463 Stoner Ave.
Los Angeles, CA  90066

Tel: (310) 391-9971
Fax: (310) 391-8971
Web: www.StatModel.com
Support: Support@StatModel.com

Copyright (c) 1998-2019 Muthen & Muthen
