Mplus VERSION 8.4 (Mac)
MUTHEN & MUTHEN
04/30/2020   2:14 PM

INPUT INSTRUCTIONS

  TITLE:
  Antagonismesque factor
  DATA:
  FILE = "traits_mplus_9e246c8c1205731bf68edb1b5941641f.dat";

  VARIABLE:
  NAMES = T_Manipulativeness T_Aggression MPS_agT;
   MISSING=.;

      USEVARIABLES = T_Manipulativeness T_Aggression MPS_agT;

  ANALYSIS:

      ESTIMATOR=BAYES;
      FBITERATIONS=10000;
      CHAINS=2;
      PROCESSORS=4;

  MODEL:

      ! trait model
      antag BY T_Manipulativeness T_Aggression MPS_agT;


  OUTPUT:
  TECH1 TECH8 STANDARDIZED CINTERVAL;
  PLOT:
  TYPE = PLOT2;



*** WARNING in VARIABLE command
  Note that only the first 8 characters of variable names are used in the output.
  Shorten variable names to avoid any confusion.
*** WARNING in PLOT command
  Note that only the first 8 characters of variable names are used in plots.
  If variable names are not unique within the first 8 characters, problems
  may occur.
   2 WARNING(S) FOUND IN THE INPUT INSTRUCTIONS




Antagonismesque factor

SUMMARY OF ANALYSIS

Number of groups                                                 1
Number of observations                                        7488

Number of dependent variables                                    3
Number of independent variables                                  0
Number of continuous latent variables                            1

Observed dependent variables

  Continuous
   T_MANIPULA  T_AGGRESSI  MPS_AGT

Continuous latent variables
   ANTAG


Estimator                                                    BAYES
Specifications for Bayesian Estimation
  Point estimate                                            MEDIAN
  Number of Markov chain Monte Carlo (MCMC) chains               2
  Random seed for the first chain                                0
  Starting value information                           UNPERTURBED
  Algorithm used for Markov chain Monte Carlo           GIBBS(PX1)
  Fixed number of iterations                                 10000
  K-th iteration used for thinning                               1

Input data file(s)
  traits_mplus_9e246c8c1205731bf68edb1b5941641f.dat
Input data format  FREE


SUMMARY OF DATA



COVARIANCE COVERAGE OF DATA

Minimum covariance coverage value   0.100

     Number of missing data patterns             1


     PROPORTION OF DATA PRESENT


           Covariance Coverage
              T_MANIPU      T_AGGRES      MPS_AGT
              ________      ________      ________
 T_MANIPU       1.000
 T_AGGRES       1.000         1.000
 MPS_AGT        1.000         1.000         1.000



UNIVARIATE SAMPLE STATISTICS


     UNIVARIATE HIGHER-ORDER MOMENT DESCRIPTIVE STATISTICS

         Variable/         Mean/     Skewness/   Minimum/ % with                Percentiles
        Sample Size      Variance    Kurtosis    Maximum  Min/Max      20%/60%    40%/80%    Median

     T_MANIPULATIVEN      57.362       0.093      37.500    6.73%      46.875     53.125     59.375
            7488.000     135.013      -0.445      90.625    0.96%      62.500     65.625
     T_AGGRESSION         52.659       1.216      40.571   13.46%      43.429     46.286     49.143
            7488.000     124.369       1.308      92.000    0.96%      52.000     60.571
     MPS_AGT              54.029       0.247      38.000   11.54%      46.000     51.000     54.000
            7488.000      93.797      -0.302      78.000    2.88%      57.000     63.000


THE MODEL ESTIMATION TERMINATED NORMALLY

     USE THE FBITERATIONS OPTION TO INCREASE THE NUMBER OF ITERATIONS BY A FACTOR
     OF AT LEAST TWO TO CHECK CONVERGENCE AND THAT THE PSR VALUE DOES NOT INCREASE.



MODEL FIT INFORMATION

Number of Free Parameters                               9

Bayesian Posterior Predictive Checking using Chi-Square

          95% Confidence Interval for the Difference Between
          the Observed and the Replicated Chi-Square Values

                                -11.610            11.219

          Posterior Predictive P-Value              0.504

Information Criteria

          Deviance (DIC)                       160260.024
          Estimated Number of Parameters (pD)       8.777
          Bayesian (BIC)                       160322.754

RMSEA (Root Mean Square Error Of Approximation)

          Estimate                           0.000
          90 Percent C.I.                    0.000  0.032
          Probability RMSEA <= .05           1.000

CFI/TLI

          CFI                                1.000
          90 Percent C.I.                    0.999  1.000

          TLI                                1.000
          90 Percent C.I.                    0.998  1.000



MODEL RESULTS

                                Posterior  One-Tailed         95% C.I.
                    Estimate       S.D.      P-Value   Lower 2.5%  Upper 2.5%  Significance

 ANTAG    BY
    T_MANIPULA         1.000       0.000      0.000       1.000       1.000
    T_AGGRESSI         1.168       0.018      0.000       1.133       1.205      *
    MPS_AGT            1.138       0.018      0.000       1.105       1.174      *

 Intercepts
    T_MANIPULA        57.362       0.136      0.000      57.096      57.628      *
    T_AGGRESSI        52.661       0.131      0.000      52.405      52.923      *
    MPS_AGT           54.030       0.113      0.000      53.808      54.245      *

 Variances
    ANTAG             61.776       1.895      0.000      58.124      65.530      *

 Residual Variances
    T_MANIPULA        73.297       1.367      0.000      70.658      76.040      *
    T_AGGRESSI        40.136       1.062      0.000      38.130      42.240      *
    MPS_AGT           13.814       0.822      0.000      12.184      15.387      *


STANDARDIZED MODEL RESULTS


STDYX Standardization

                                Posterior  One-Tailed         95% C.I.
                    Estimate       S.D.      P-Value   Lower 2.5%  Upper 2.5%  Significance
 ANTAG    BY
    T_MANIPULA         0.676       0.007      0.000       0.662       0.690      *
    T_AGGRESSI         0.823       0.006      0.000       0.812       0.834      *
    MPS_AGT            0.924       0.005      0.000       0.914       0.933      *

 Intercepts
    T_MANIPULA         4.935       0.042      0.000       4.854       5.016      *
    T_AGGRESSI         4.721       0.040      0.000       4.642       4.799      *
    MPS_AGT            5.578       0.047      0.000       5.484       5.670      *

 Variances
    ANTAG              1.000       0.000      0.000       1.000       1.000

 Residual Variances
    T_MANIPULA         0.543       0.009      0.000       0.524       0.561      *
    T_AGGRESSI         0.323       0.009      0.000       0.305       0.341      *
    MPS_AGT            0.147       0.009      0.000       0.129       0.165      *


STDY Standardization

                                Posterior  One-Tailed         95% C.I.
                    Estimate       S.D.      P-Value   Lower 2.5%  Upper 2.5%  Significance
 ANTAG    BY
    T_MANIPULA         0.676       0.007      0.000       0.662       0.690      *
    T_AGGRESSI         0.823       0.006      0.000       0.812       0.834      *
    MPS_AGT            0.924       0.005      0.000       0.914       0.933      *

 Intercepts
    T_MANIPULA         4.935       0.042      0.000       4.854       5.016      *
    T_AGGRESSI         4.721       0.040      0.000       4.642       4.799      *
    MPS_AGT            5.578       0.047      0.000       5.484       5.670      *

 Variances
    ANTAG              1.000       0.000      0.000       1.000       1.000

 Residual Variances
    T_MANIPULA         0.543       0.009      0.000       0.524       0.561      *
    T_AGGRESSI         0.323       0.009      0.000       0.305       0.341      *
    MPS_AGT            0.147       0.009      0.000       0.129       0.165      *


STD Standardization

                                Posterior  One-Tailed         95% C.I.
                    Estimate       S.D.      P-Value   Lower 2.5%  Upper 2.5%  Significance
 ANTAG    BY
    T_MANIPULA         7.860       0.121      0.000       7.624       8.095      *
    T_AGGRESSI         9.182       0.114      0.000       8.958       9.404      *
    MPS_AGT            8.945       0.096      0.000       8.760       9.142      *

 Intercepts
    T_MANIPULA        57.362       0.136      0.000      57.096      57.628      *
    T_AGGRESSI        52.661       0.131      0.000      52.405      52.923      *
    MPS_AGT           54.030       0.113      0.000      53.808      54.245      *

 Variances
    ANTAG              1.000       0.000      0.000       1.000       1.000

 Residual Variances
    T_MANIPULA        73.297       1.367      0.000      70.658      76.040      *
    T_AGGRESSI        40.136       1.062      0.000      38.130      42.240      *
    MPS_AGT           13.814       0.822      0.000      12.184      15.387      *


R-SQUARE

                                Posterior  One-Tailed         95% C.I.
    Variable        Estimate       S.D.      P-Value   Lower 2.5%  Upper 2.5%

    T_MANIPULATIVEN    0.457       0.009      0.000       0.439       0.476
    T_AGGRESSION       0.677       0.009      0.000       0.659       0.695
    MPS_AGT            0.853       0.009      0.000       0.835       0.871


CREDIBILITY INTERVALS OF MODEL RESULTS

                  Lower .5%  Lower 2.5%    Lower 5%    Estimate    Upper 5%  Upper 2.5%   Upper .5%

 ANTAG    BY
    T_MANIPULA       1.000       1.000       1.000       1.000       1.000       1.000       1.000
    T_AGGRESSI       1.121       1.133       1.139       1.168       1.199       1.205       1.217
    MPS_AGT          1.094       1.105       1.111       1.138       1.169       1.174       1.184

 Intercepts
    T_MANIPULA      57.016      57.096      57.138      57.362      57.583      57.628      57.705
    T_AGGRESSI      52.317      52.405      52.448      52.661      52.878      52.923      52.998
    MPS_AGT         53.740      53.808      53.842      54.030      54.215      54.245      54.315

 Variances
    ANTAG           57.048      58.124      58.699      61.776      64.886      65.530      66.818

 Residual Variances
    T_MANIPULA      69.850      70.658      71.102      73.297      75.579      76.040      76.991
    T_AGGRESSI      37.458      38.130      38.446      40.136      41.906      42.240      42.959
    MPS_AGT         11.461      12.184      12.449      13.814      15.149      15.387      15.847


CREDIBILITY INTERVALS OF STANDARDIZED MODEL RESULTS


STDYX Standardization

                  Lower .5%  Lower 2.5%    Lower 5%    Estimate    Upper 5%  Upper 2.5%   Upper .5%

 ANTAG    BY
    T_MANIPULA       0.658       0.662       0.665       0.676       0.688       0.690       0.694
    T_AGGRESSI       0.808       0.812       0.814       0.823       0.832       0.834       0.837
    MPS_AGT          0.911       0.914       0.915       0.924       0.931       0.933       0.937

 Intercepts
    T_MANIPULA       4.826       4.854       4.868       4.935       5.004       5.016       5.042
    T_AGGRESSI       4.614       4.642       4.656       4.721       4.787       4.799       4.823
    MPS_AGT          5.454       5.484       5.500       5.578       5.655       5.670       5.701

 Variances
    ANTAG            1.000       1.000       1.000       1.000       1.000       1.000       1.000

 Residual Variances
    T_MANIPULA       0.518       0.524       0.527       0.543       0.558       0.561       0.567
    T_AGGRESSI       0.300       0.305       0.308       0.323       0.338       0.341       0.347
    MPS_AGT          0.122       0.129       0.132       0.147       0.162       0.165       0.170


STDY Standardization

                  Lower .5%  Lower 2.5%    Lower 5%    Estimate    Upper 5%  Upper 2.5%   Upper .5%

 ANTAG    BY
    T_MANIPULA       0.658       0.662       0.665       0.676       0.688       0.690       0.694
    T_AGGRESSI       0.808       0.812       0.814       0.823       0.832       0.834       0.837
    MPS_AGT          0.911       0.914       0.915       0.924       0.931       0.933       0.937

 Intercepts
    T_MANIPULA       4.826       4.854       4.868       4.935       5.004       5.016       5.042
    T_AGGRESSI       4.614       4.642       4.656       4.721       4.787       4.799       4.823
    MPS_AGT          5.454       5.484       5.500       5.578       5.655       5.670       5.701

 Variances
    ANTAG            1.000       1.000       1.000       1.000       1.000       1.000       1.000

 Residual Variances
    T_MANIPULA       0.518       0.524       0.527       0.543       0.558       0.561       0.567
    T_AGGRESSI       0.300       0.305       0.308       0.323       0.338       0.341       0.347
    MPS_AGT          0.122       0.129       0.132       0.147       0.162       0.165       0.170


STD Standardization

                  Lower .5%  Lower 2.5%    Lower 5%    Estimate    Upper 5%  Upper 2.5%   Upper .5%

 ANTAG    BY
    T_MANIPULA       7.553       7.624       7.662       7.860       8.055       8.095       8.174
    T_AGGRESSI       8.889       8.958       8.992       9.182       9.367       9.404       9.479
    MPS_AGT          8.697       8.760       8.790       8.945       9.106       9.142       9.193

 Intercepts
    T_MANIPULA      57.016      57.096      57.138      57.362      57.583      57.628      57.705
    T_AGGRESSI      52.317      52.405      52.448      52.661      52.878      52.923      52.998
    MPS_AGT         53.740      53.808      53.842      54.030      54.215      54.245      54.315

 Variances
    ANTAG            1.000       1.000       1.000       1.000       1.000       1.000       1.000

 Residual Variances
    T_MANIPULA      69.850      70.658      71.102      73.297      75.579      76.040      76.991
    T_AGGRESSI      37.458      38.130      38.446      40.136      41.906      42.240      42.959
    MPS_AGT         11.461      12.184      12.449      13.814      15.149      15.387      15.847


TECHNICAL 1 OUTPUT


     PARAMETER SPECIFICATION


           NU
              T_MANIPU      T_AGGRES      MPS_AGT
              ________      ________      ________
                    1             2             3


           LAMBDA
              ANTAG
              ________
 T_MANIPU           0
 T_AGGRES           4
 MPS_AGT            5


           THETA
              T_MANIPU      T_AGGRES      MPS_AGT
              ________      ________      ________
 T_MANIPU           6
 T_AGGRES           0             7
 MPS_AGT            0             0             8


           ALPHA
              ANTAG
              ________
                    0


           BETA
              ANTAG
              ________
 ANTAG              0


           PSI
              ANTAG
              ________
 ANTAG              9


     STARTING VALUES


           NU
              T_MANIPU      T_AGGRES      MPS_AGT
              ________      ________      ________
               57.362        52.659        54.029


           LAMBDA
              ANTAG
              ________
 T_MANIPU       1.000
 T_AGGRES       1.000
 MPS_AGT        1.000


           THETA
              T_MANIPU      T_AGGRES      MPS_AGT
              ________      ________      ________
 T_MANIPU      67.507
 T_AGGRES       0.000        62.185
 MPS_AGT        0.000         0.000        46.899


           ALPHA
              ANTAG
              ________
                0.000


           BETA
              ANTAG
              ________
 ANTAG          0.000


           PSI
              ANTAG
              ________
 ANTAG          1.000



     PRIORS FOR ALL PARAMETERS            PRIOR MEAN      PRIOR VARIANCE     PRIOR STD. DEV.

     Parameter 1~N(0.000,infinity)           0.0000            infinity            infinity
     Parameter 2~N(0.000,infinity)           0.0000            infinity            infinity
     Parameter 3~N(0.000,infinity)           0.0000            infinity            infinity
     Parameter 4~N(0.000,infinity)           0.0000            infinity            infinity
     Parameter 5~N(0.000,infinity)           0.0000            infinity            infinity
     Parameter 6~IG(-1.000,0.000)          infinity            infinity            infinity
     Parameter 7~IG(-1.000,0.000)          infinity            infinity            infinity
     Parameter 8~IG(-1.000,0.000)          infinity            infinity            infinity
     Parameter 9~IG(-1.000,0.000)          infinity            infinity            infinity


TECHNICAL 8 OUTPUT


   TECHNICAL 8 OUTPUT FOR BAYES ESTIMATION

     CHAIN    BSEED
     1        0
     2        285380
     3        253358
     4        93468

                     POTENTIAL       PARAMETER WITH
     ITERATION    SCALE REDUCTION      HIGHEST PSR
     100              1.620               7
     200              2.489               8
     300              2.673               8
     400              1.979               8
     500              1.560               8
     600              1.477               8
     700              1.494               8
     800              1.365               8
     900              1.290               8
     1000             1.203               8
     1100             1.107               8
     1200             1.043               8
     1300             1.004               8
     1400             1.036               8
     1500             1.055               8
     1600             1.078               8
     1700             1.066               5
     1800             1.083               5
     1900             1.044               5
     2000             1.066               5
     2100             1.059               5
     2200             1.028               5
     2300             1.020               5
     2400             1.023               5
     2500             1.035               5
     2600             1.018               5
     2700             1.020               5
     2800             1.020               5
     2900             1.033               5
     3000             1.039               5
     3100             1.037               5
     3200             1.030               5
     3300             1.027               5
     3400             1.025               5
     3500             1.022               5
     3600             1.026               5
     3700             1.022               5
     3800             1.027               5
     3900             1.021               5
     4000             1.015               8
     4100             1.019               8
     4200             1.026               8
     4300             1.033               8
     4400             1.043               8
     4500             1.043               8
     4600             1.065               8
     4700             1.051               8
     4800             1.042               8
     4900             1.039               8
     5000             1.035               8
     5100             1.041               8
     5200             1.046               8
     5300             1.041               8
     5400             1.032               8
     5500             1.029               8
     5600             1.031               8
     5700             1.030               8
     5800             1.021               8
     5900             1.015               8
     6000             1.015               8
     6100             1.016               8
     6200             1.013               8
     6300             1.014               8
     6400             1.014               8
     6500             1.012               8
     6600             1.011               8
     6700             1.009               8
     6800             1.006               8
     6900             1.007               8
     7000             1.007               8
     7100             1.005               8
     7200             1.004               8
     7300             1.007               8
     7400             1.008               8
     7500             1.008               8
     7600             1.007               8
     7700             1.008               8
     7800             1.010               8
     7900             1.013               8
     8000             1.012               5
     8100             1.008               8
     8200             1.009               5
     8300             1.012               8
     8400             1.011               8
     8500             1.009               8
     8600             1.009               8
     8700             1.007               5
     8800             1.005               5
     8900             1.003               8
     9000             1.003               8
     9100             1.003               8
     9200             1.003               5
     9300             1.004               5
     9400             1.004               8
     9500             1.003               8
     9600             1.003               8
     9700             1.002               8
     9800             1.002               3
     9900             1.003               8
     10000            1.003               5


PLOT INFORMATION

The following plots are available:

  Bayesian posterior parameter distributions
  Bayesian posterior parameter trace plots
  Bayesian autocorrelation plots
  Bayesian posterior predictive checking scatterplots
  Bayesian posterior predictive checking distribution plots

     Beginning Time:  14:14:52
        Ending Time:  14:15:38
       Elapsed Time:  00:00:46



MUTHEN & MUTHEN
3463 Stoner Ave.
Los Angeles, CA  90066

Tel: (310) 391-9971
Fax: (310) 391-8971
Web: www.StatModel.com
Support: Support@StatModel.com

Copyright (c) 1998-2019 Muthen & Muthen
