Mplus VERSION 8.4 (Mac)
MUTHEN & MUTHEN
06/10/2020  11:54 AM

INPUT INSTRUCTIONS

  TITLE:
  Antagonism and Disinhibition BSEM CFA 3+3 Parcels
  DATA:
  FILE = "~/Data_Analysis/PD_Inhibition_DDM/Code/factor_structure/AC_bsem_cfa_parcel.dat";

  VARIABLE:
  NAMES = subject MPS_agR AGG MISTRUST MPS_alR MANIP PROPER MPS_clR IMPUL MPS_tdR
       MPS_acR HDWK;
   MISSING=.;

      USEVARIABLES=MANIP p1 p2 p3 p4 p5;
      IDVARIABLE = subject;

  DEFINE:

      p1=MEAN(MISTRUST MPS_alR);
      p2=MEAN(PROPER MPS_tdR);
      p3=MEAN(MPS_clR IMPUL);
      p4=MEAN(MPS_acR HDWK);
      p5=MEAN(MPS_agR AGG);

  ANALYSIS:

      ESTIMATOR=BAYES;
      PROCESSORS=4;
      CHAINS=4;
      BITERATIONS=(30000);

  MODEL:

      antag BY p5* ! MPS_agR AGG
        p1        ! MISTRUST MPS_alR
        MANIP;
      antag@1;

      inhib BY
        p2*  !PROPER MPS_tdR
        p3  !MPS_clR IMPUL
        p4; !MPS_acR HDWK;
      inhib@1;

      antag WITH inhib;
  OUTPUT:

      TECH1 TECH8 STANDARDIZED MODINDICES (10);

  SAVEDATA:

      FILE = AC_bsem_cfa_parcel_fscores.dat;
      SAVE = FSCORES(5000);




*** WARNING in OUTPUT command
  MODINDICES option is not available for multiple imputation.
  Request for MODINDICES is ignored.
   1 WARNING(S) FOUND IN THE INPUT INSTRUCTIONS




Antagonism and Disinhibition BSEM CFA 3+3 Parcels

SUMMARY OF ANALYSIS

Number of groups                                                 1
Number of observations                                         104

Number of dependent variables                                    6
Number of independent variables                                  0
Number of continuous latent variables                            2

Observed dependent variables

  Continuous
   MANIP       P1          P2          P3          P4          P5

Continuous latent variables
   ANTAG       INHIB

Variables with special functions

  ID variable           SUBJECT

Estimator                                                    BAYES
Specifications for Bayesian Estimation
  Point estimate                                            MEDIAN
  Number of Markov chain Monte Carlo (MCMC) chains               4
  Random seed for the first chain                                0
  Starting value information                           UNPERTURBED
  Algorithm used for Markov chain Monte Carlo           GIBBS(PX1)
  Convergence criterion                                  0.500D-01
  Maximum number of iterations                               50000
  K-th iteration used for thinning                               1
Specifications for Bayes Factor Score Estimation
  Number of imputed data sets                                 5000
  Iteration intervals for thinning                               1

Input data file(s)
  ~/Data_Analysis/PD_Inhibition_DDM/Code/factor_structure/AC_bsem_cfa_parcel.dat
Input data format  FREE


SUMMARY OF DATA



SUMMARY OF MISSING DATA PATTERNS

     Number of missing data patterns             1


     MISSING DATA PATTERNS (x = not missing)

           1
 MANIP     x
 P1        x
 P2        x
 P3        x
 P4        x
 P5        x


     MISSING DATA PATTERN FREQUENCIES

    Pattern   Frequency
          1         104


COVARIANCE COVERAGE OF DATA

Minimum covariance coverage value   0.100


     PROPORTION OF DATA PRESENT


           Covariance Coverage
              MANIP         P1            P2            P3            P4
              ________      ________      ________      ________      ________
 MANIP          1.000
 P1             1.000         1.000
 P2             1.000         1.000         1.000
 P3             1.000         1.000         1.000         1.000
 P4             1.000         1.000         1.000         1.000         1.000
 P5             1.000         1.000         1.000         1.000         1.000


           Covariance Coverage
              P5
              ________
 P5             1.000



UNIVARIATE SAMPLE STATISTICS


     UNIVARIATE HIGHER-ORDER MOMENT DESCRIPTIVE STATISTICS

         Variable/         Mean/     Skewness/   Minimum/ % with                Percentiles
        Sample Size      Variance    Kurtosis    Maximum  Min/Max      20%/60%    40%/80%    Median

     MANIP                 0.000       0.093      -1.701    6.73%      -0.898     -0.363      0.172
             104.000       0.990      -0.445       2.849    0.96%       0.440      0.708
     P1                    0.000       1.099      -1.197    4.81%      -0.860     -0.370     -0.128
             104.000       0.876       1.213       3.011    0.96%       0.043      0.603
     P2                    0.000      -0.143      -2.240    0.96%      -0.857     -0.225      0.051
             104.000       0.824      -0.647       1.749    0.96%       0.286      0.762
     P3                    0.000      -0.844      -2.672    0.96%      -0.788     -0.041      0.206
             104.000       0.883       0.243       1.396    0.96%       0.371      0.817
     P4                    0.000       0.046      -1.799    0.96%      -0.909     -0.304      0.005
             104.000       0.873      -0.967       1.783    0.96%       0.276      0.770
     P5                    0.000       1.049      -1.149    7.69%      -0.845     -0.463     -0.199
             104.000       0.881       0.891       3.259    0.96%       0.065      0.752


THE MODEL ESTIMATION TERMINATED NORMALLY

     USE THE FBITERATIONS OPTION TO INCREASE THE NUMBER OF ITERATIONS BY A FACTOR
     OF AT LEAST TWO TO CHECK CONVERGENCE AND THAT THE PSR VALUE DOES NOT INCREASE.



MODEL FIT INFORMATION

Number of Free Parameters                              19

Bayesian Posterior Predictive Checking using Chi-Square

          95% Confidence Interval for the Difference Between
          the Observed and the Replicated Chi-Square Values

                                 -4.745            35.485

          Posterior Predictive P-Value              0.061

Information Criteria

          Deviance (DIC)                         1602.736
          Estimated Number of Parameters (pD)      18.621
          Bayesian (BIC)                         1653.589

RMSEA (Root Mean Square Error Of Approximation)

          Estimate                           0.134
          90 Percent C.I.                    0.090  0.179
          Probability RMSEA <= .05           0.002

CFI/TLI

          CFI                                0.888
          90 Percent C.I.                    0.800  0.950

          TLI                                0.800
          90 Percent C.I.                    0.642  0.911



MODEL RESULTS

                                Posterior  One-Tailed         95% C.I.
                    Estimate       S.D.      P-Value   Lower 2.5%  Upper 2.5%  Significance

 ANTAG    BY
    P5                 0.763       0.103      0.000       0.567       0.968      *
    P1                 0.558       0.102      0.000       0.366       0.765      *
    MANIP              0.822       0.110      0.000       0.611       1.044      *

 INHIB    BY
    P2                 0.619       0.130      0.000       0.371       0.877      *
    P3                 0.659       0.139      0.000       0.401       0.940      *
    P4                 0.439       0.120      0.000       0.210       0.681      *

 ANTAG    WITH
    INHIB             -0.242       0.138      0.047      -0.496       0.041

 Intercepts
    MANIP             -0.002       0.101      0.493      -0.203       0.195
    P1                -0.002       0.095      0.493      -0.188       0.185
    P2                 0.000       0.092      0.499      -0.182       0.182
    P3                 0.000       0.096      0.500      -0.188       0.187
    P4                -0.001       0.094      0.496      -0.186       0.185
    P5                -0.002       0.095      0.493      -0.191       0.184

 Variances
    ANTAG              1.000       0.000      0.000       1.000       1.000
    INHIB              1.000       0.000      0.000       1.000       1.000

 Residual Variances
    MANIP              0.372       0.126      0.000       0.128       0.629      *
    P1                 0.609       0.104      0.000       0.437       0.844      *
    P2                 0.484       0.144      0.000       0.189       0.765      *
    P3                 0.497       0.165      0.000       0.138       0.800      *
    P4                 0.719       0.125      0.000       0.507       0.997      *
    P5                 0.350       0.112      0.000       0.130       0.576      *


STANDARDIZED MODEL RESULTS


STDYX Standardization

                                Posterior  One-Tailed         95% C.I.
                    Estimate       S.D.      P-Value   Lower 2.5%  Upper 2.5%  Significance
 ANTAG    BY
    P5                 0.790       0.077      0.000       0.626       0.929      *
    P1                 0.582       0.083      0.000       0.401       0.726      *
    MANIP              0.803       0.077      0.000       0.637       0.939      *

 INHIB    BY
    P2                 0.663       0.121      0.000       0.415       0.886      *
    P3                 0.681       0.125      0.000       0.433       0.924      *
    P4                 0.459       0.112      0.000       0.225       0.661      *

 ANTAG    WITH
    INHIB             -0.242       0.138      0.047      -0.496       0.041

 Intercepts
    MANIP             -0.002       0.098      0.493      -0.196       0.189
    P1                -0.002       0.098      0.493      -0.194       0.190
    P2                 0.000       0.098      0.499      -0.194       0.192
    P3                 0.000       0.098      0.500      -0.194       0.192
    P4                -0.001       0.098      0.496      -0.193       0.190
    P5                -0.002       0.098      0.493      -0.196       0.189

 Variances
    ANTAG              1.000       0.000      0.000       1.000       1.000
    INHIB              1.000       0.000      0.000       1.000       1.000

 Residual Variances
    MANIP              0.355       0.122      0.000       0.119       0.594      *
    P1                 0.662       0.094      0.000       0.473       0.839      *
    P2                 0.560       0.158      0.000       0.215       0.828      *
    P3                 0.536       0.171      0.000       0.145       0.813      *
    P4                 0.789       0.101      0.000       0.563       0.949      *
    P5                 0.376       0.120      0.000       0.138       0.609      *


STDY Standardization

                                Posterior  One-Tailed         95% C.I.
                    Estimate       S.D.      P-Value   Lower 2.5%  Upper 2.5%  Significance
 ANTAG    BY
    P5                 0.790       0.077      0.000       0.626       0.929      *
    P1                 0.582       0.083      0.000       0.401       0.726      *
    MANIP              0.803       0.077      0.000       0.637       0.939      *

 INHIB    BY
    P2                 0.663       0.121      0.000       0.415       0.886      *
    P3                 0.681       0.125      0.000       0.433       0.924      *
    P4                 0.459       0.112      0.000       0.225       0.661      *

 ANTAG    WITH
    INHIB             -0.242       0.138      0.047      -0.496       0.041

 Intercepts
    MANIP             -0.002       0.098      0.493      -0.196       0.189
    P1                -0.002       0.098      0.493      -0.194       0.190
    P2                 0.000       0.098      0.499      -0.194       0.192
    P3                 0.000       0.098      0.500      -0.194       0.192
    P4                -0.001       0.098      0.496      -0.193       0.190
    P5                -0.002       0.098      0.493      -0.196       0.189

 Variances
    ANTAG              1.000       0.000      0.000       1.000       1.000
    INHIB              1.000       0.000      0.000       1.000       1.000

 Residual Variances
    MANIP              0.355       0.122      0.000       0.119       0.594      *
    P1                 0.662       0.094      0.000       0.473       0.839      *
    P2                 0.560       0.158      0.000       0.215       0.828      *
    P3                 0.536       0.171      0.000       0.145       0.813      *
    P4                 0.789       0.101      0.000       0.563       0.949      *
    P5                 0.376       0.120      0.000       0.138       0.609      *


STD Standardization

                                Posterior  One-Tailed         95% C.I.
                    Estimate       S.D.      P-Value   Lower 2.5%  Upper 2.5%  Significance
 ANTAG    BY
    P5                 0.763       0.103      0.000       0.567       0.968      *
    P1                 0.558       0.102      0.000       0.366       0.765      *
    MANIP              0.822       0.110      0.000       0.611       1.044      *

 INHIB    BY
    P2                 0.619       0.130      0.000       0.371       0.877      *
    P3                 0.659       0.139      0.000       0.401       0.940      *
    P4                 0.439       0.120      0.000       0.210       0.681      *

 ANTAG    WITH
    INHIB             -0.242       0.138      0.047      -0.496       0.041

 Intercepts
    MANIP             -0.002       0.101      0.493      -0.203       0.195
    P1                -0.002       0.095      0.493      -0.188       0.185
    P2                 0.000       0.092      0.499      -0.182       0.182
    P3                 0.000       0.096      0.500      -0.188       0.187
    P4                -0.001       0.094      0.496      -0.186       0.185
    P5                -0.002       0.095      0.493      -0.191       0.184

 Variances
    ANTAG              1.000       0.000      0.000       1.000       1.000
    INHIB              1.000       0.000      0.000       1.000       1.000

 Residual Variances
    MANIP              0.372       0.126      0.000       0.128       0.629      *
    P1                 0.609       0.104      0.000       0.437       0.844      *
    P2                 0.484       0.144      0.000       0.189       0.765      *
    P3                 0.497       0.165      0.000       0.138       0.800      *
    P4                 0.719       0.125      0.000       0.507       0.997      *
    P5                 0.350       0.112      0.000       0.130       0.576      *


R-SQUARE

                                Posterior  One-Tailed         95% C.I.
    Variable        Estimate       S.D.      P-Value   Lower 2.5%  Upper 2.5%

    MANIP              0.645       0.122      0.000       0.406       0.881
    P1                 0.338       0.094      0.000       0.161       0.527
    P2                 0.440       0.158      0.000       0.172       0.785
    P3                 0.464       0.171      0.000       0.187       0.855
    P4                 0.211       0.101      0.000       0.051       0.436
    P5                 0.624       0.120      0.000       0.391       0.862


TECHNICAL 1 OUTPUT


     PARAMETER SPECIFICATION


           NU
              MANIP         P1            P2            P3            P4
              ________      ________      ________      ________      ________
                    1             2             3             4             5


           NU
              P5
              ________
                    6


           LAMBDA
              ANTAG         INHIB
              ________      ________
 MANIP              7             0
 P1                 8             0
 P2                 0             9
 P3                 0            10
 P4                 0            11
 P5                12             0


           THETA
              MANIP         P1            P2            P3            P4
              ________      ________      ________      ________      ________
 MANIP             13
 P1                 0            14
 P2                 0             0            15
 P3                 0             0             0            16
 P4                 0             0             0             0            17
 P5                 0             0             0             0             0


           THETA
              P5
              ________
 P5                18


           ALPHA
              ANTAG         INHIB
              ________      ________
                    0             0


           BETA
              ANTAG         INHIB
              ________      ________
 ANTAG              0             0
 INHIB              0             0


           PSI
              ANTAG         INHIB
              ________      ________
 ANTAG              0
 INHIB             19             0


     STARTING VALUES


           NU
              MANIP         P1            P2            P3            P4
              ________      ________      ________      ________      ________
                0.000         0.000         0.000         0.000         0.000


           NU
              P5
              ________
                0.000


           LAMBDA
              ANTAG         INHIB
              ________      ________
 MANIP          1.000         0.000
 P1             1.000         0.000
 P2             0.000         1.000
 P3             0.000         1.000
 P4             0.000         1.000
 P5             1.000         0.000


           THETA
              MANIP         P1            P2            P3            P4
              ________      ________      ________      ________      ________
 MANIP          0.495
 P1             0.000         0.438
 P2             0.000         0.000         0.412
 P3             0.000         0.000         0.000         0.441
 P4             0.000         0.000         0.000         0.000         0.437
 P5             0.000         0.000         0.000         0.000         0.000


           THETA
              P5
              ________
 P5             0.441


           ALPHA
              ANTAG         INHIB
              ________      ________
                0.000         0.000


           BETA
              ANTAG         INHIB
              ________      ________
 ANTAG          0.000         0.000
 INHIB          0.000         0.000


           PSI
              ANTAG         INHIB
              ________      ________
 ANTAG          1.000
 INHIB          0.000         1.000



     PRIORS FOR ALL PARAMETERS            PRIOR MEAN      PRIOR VARIANCE     PRIOR STD. DEV.

     Parameter 1~N(0.000,infinity)           0.0000            infinity            infinity
     Parameter 2~N(0.000,infinity)           0.0000            infinity            infinity
     Parameter 3~N(0.000,infinity)           0.0000            infinity            infinity
     Parameter 4~N(0.000,infinity)           0.0000            infinity            infinity
     Parameter 5~N(0.000,infinity)           0.0000            infinity            infinity
     Parameter 6~N(0.000,infinity)           0.0000            infinity            infinity
     Parameter 7~N(0.000,infinity)           0.0000            infinity            infinity
     Parameter 8~N(0.000,infinity)           0.0000            infinity            infinity
     Parameter 9~N(0.000,infinity)           0.0000            infinity            infinity
     Parameter 10~N(0.000,infinity)          0.0000            infinity            infinity
     Parameter 11~N(0.000,infinity)          0.0000            infinity            infinity
     Parameter 12~N(0.000,infinity)          0.0000            infinity            infinity
     Parameter 13~IG(-1.000,0.000)         infinity            infinity            infinity
     Parameter 14~IG(-1.000,0.000)         infinity            infinity            infinity
     Parameter 15~IG(-1.000,0.000)         infinity            infinity            infinity
     Parameter 16~IG(-1.000,0.000)         infinity            infinity            infinity
     Parameter 17~IG(-1.000,0.000)         infinity            infinity            infinity
     Parameter 18~IG(-1.000,0.000)         infinity            infinity            infinity
     Parameter 19~IW(0.000,-3)


TECHNICAL 8 OUTPUT


   TECHNICAL 8 OUTPUT FOR BAYES ESTIMATION

     CHAIN    BSEED
     1        0
     2        285380
     3        253358
     4        93468

                     POTENTIAL       PARAMETER WITH
     ITERATION    SCALE REDUCTION      HIGHEST PSR
     100              1.206               16
     200              1.137               13
     300              1.016               14
     400              1.014               15
     500              1.026               13
     600              1.047               18
     700              1.088               18
     800              1.075               18
     900              1.081               18
     1000             1.047               13
     1100             1.068               16
     1200             1.097               16
     1300             1.099               16
     1400             1.058               16
     1500             1.032               16
     1600             1.027               16
     1700             1.044               16
     1800             1.031               16
     1900             1.028               16
     2000             1.019               16
     2100             1.012               16
     2200             1.012               13
     2300             1.011               13
     2400             1.009               16
     2500             1.009               10
     2600             1.006               6
     2700             1.007               18
     2800             1.008               18
     2900             1.006               18
     3000             1.005               18
     3100             1.005               18
     3200             1.008               13
     3300             1.007               13
     3400             1.007               13
     3500             1.008               18
     3600             1.011               13
     3700             1.016               18
     3800             1.017               18
     3900             1.016               18
     4000             1.016               18
     4100             1.016               18
     4200             1.014               18
     4300             1.011               18
     4400             1.010               18
     4500             1.010               18
     4600             1.009               18
     4700             1.009               18
     4800             1.011               15
     4900             1.018               15
     5000             1.024               15
     5100             1.034               15
     5200             1.041               15
     5300             1.047               15
     5400             1.050               15
     5500             1.051               15
     5600             1.051               15
     5700             1.048               15
     5800             1.045               15
     5900             1.044               15
     6000             1.042               15
     6100             1.038               15
     6200             1.033               15
     6300             1.031               15
     6400             1.031               15
     6500             1.029               15
     6600             1.027               15
     6700             1.027               15
     6800             1.026               15
     6900             1.024               15
     7000             1.020               15
     7100             1.018               15
     7200             1.017               15
     7300             1.018               15
     7400             1.019               15
     7500             1.019               15
     7600             1.018               15
     7700             1.017               15
     7800             1.017               15
     7900             1.016               15
     8000             1.015               15
     8100             1.013               15
     8200             1.012               15
     8300             1.012               15
     8400             1.012               15
     8500             1.010               15
     8600             1.010               15
     8700             1.010               15
     8800             1.008               15
     8900             1.008               15
     9000             1.008               15
     9100             1.007               15
     9200             1.007               15
     9300             1.006               15
     9400             1.004               15
     9500             1.004               13
     9600             1.004               13
     9700             1.004               18
     9800             1.004               18
     9900             1.004               13
     10000            1.003               13
     10100            1.003               13
     10200            1.003               13
     10300            1.004               13
     10400            1.004               13
     10500            1.003               9
     10600            1.003               16
     10700            1.003               16
     10800            1.004               13
     10900            1.004               13
     11000            1.004               13
     11100            1.005               13
     11200            1.004               13
     11300            1.005               13
     11400            1.005               13
     11500            1.005               13
     11600            1.004               13
     11700            1.004               13
     11800            1.004               13
     11900            1.004               13
     12000            1.004               13
     12100            1.004               13
     12200            1.004               13
     12300            1.005               13
     12400            1.005               13
     12500            1.005               13
     12600            1.005               13
     12700            1.005               13
     12800            1.006               13
     12900            1.006               13
     13000            1.005               13
     13100            1.005               13
     13200            1.006               13
     13300            1.005               13
     13400            1.006               18
     13500            1.005               18
     13600            1.006               13
     13700            1.007               13
     13800            1.008               13
     13900            1.008               13
     14000            1.007               13
     14100            1.006               18
     14200            1.006               18
     14300            1.006               13
     14400            1.005               18
     14500            1.005               18
     14600            1.005               18
     14700            1.005               18
     14800            1.005               18
     14900            1.004               18
     15000            1.004               18
     15100            1.003               18
     15200            1.003               18
     15300            1.003               18
     15400            1.003               18
     15500            1.002               18
     15600            1.002               18
     15700            1.003               18
     15800            1.003               18
     15900            1.003               18
     16000            1.003               13
     16100            1.003               18
     16200            1.003               13
     16300            1.003               13
     16400            1.003               13
     16500            1.003               13
     16600            1.002               13
     16700            1.002               13
     16800            1.003               13
     16900            1.003               13
     17000            1.003               13
     17100            1.003               13
     17200            1.003               13
     17300            1.003               13
     17400            1.003               13
     17500            1.003               13
     17600            1.003               18
     17700            1.003               13
     17800            1.003               18
     17900            1.003               18
     18000            1.002               18
     18100            1.002               13
     18200            1.002               13
     18300            1.001               13
     18400            1.001               13
     18500            1.001               13
     18600            1.001               6
     18700            1.001               13
     18800            1.001               13
     18900            1.001               13
     19000            1.001               13
     19100            1.001               13
     19200            1.001               13
     19300            1.001               6
     19400            1.001               13
     19500            1.001               13
     19600            1.001               13
     19700            1.001               13
     19800            1.001               13
     19900            1.001               13
     20000            1.001               13
     20100            1.001               13
     20200            1.001               13
     20300            1.001               13
     20400            1.001               13
     20500            1.001               18
     20600            1.001               18
     20700            1.001               18
     20800            1.001               18
     20900            1.001               13
     21000            1.001               13
     21100            1.001               13
     21200            1.002               13
     21300            1.001               13
     21400            1.001               13
     21500            1.001               13
     21600            1.001               13
     21700            1.001               13
     21800            1.001               13
     21900            1.001               13
     22000            1.001               13
     22100            1.001               13
     22200            1.001               12
     22300            1.001               18
     22400            1.001               18
     22500            1.001               18
     22600            1.001               18
     22700            1.001               18
     22800            1.001               18
     22900            1.001               18
     23000            1.001               18
     23100            1.001               18
     23200            1.001               18
     23300            1.000               15
     23400            1.001               15
     23500            1.001               15
     23600            1.001               15
     23700            1.001               15
     23800            1.001               15
     23900            1.001               15
     24000            1.001               15
     24100            1.000               15
     24200            1.001               15
     24300            1.001               15
     24400            1.001               15
     24500            1.001               15
     24600            1.001               15
     24700            1.000               15
     24800            1.000               15
     24900            1.001               16
     25000            1.001               16
     25100            1.001               16
     25200            1.001               15
     25300            1.001               15
     25400            1.001               15
     25500            1.001               13
     25600            1.001               13
     25700            1.001               15
     25800            1.001               15
     25900            1.001               15
     26000            1.001               15
     26100            1.001               15
     26200            1.000               15
     26300            1.000               15
     26400            1.000               15
     26500            1.001               16
     26600            1.001               15
     26700            1.001               15
     26800            1.001               15
     26900            1.000               7
     27000            1.000               15
     27100            1.000               18
     27200            1.000               18
     27300            1.000               18
     27400            1.000               18
     27500            1.000               18
     27600            1.000               18
     27700            1.000               18
     27800            1.001               18
     27900            1.000               18
     28000            1.000               15
     28100            1.000               15
     28200            1.001               15
     28300            1.001               15
     28400            1.001               15
     28500            1.001               15
     28600            1.000               15
     28700            1.001               15
     28800            1.001               15
     28900            1.001               15
     29000            1.001               15
     29100            1.001               15
     29200            1.001               15
     29300            1.000               15
     29400            1.001               15
     29500            1.001               15
     29600            1.001               15
     29700            1.000               15
     29800            1.000               15
     29900            1.000               15
     30000            1.000               15


SUMMARIES OF PLAUSIBLE VALUES (N = NUMBER OF OBSERVATIONS * NUMBER OF IMPUTATIONS)


     SAMPLE STATISTICS


           Means
              ANTAG         INHIB
              ________      ________
               -0.004        -0.001


           Covariances
              ANTAG         INHIB
              ________      ________
 ANTAG          0.952
 INHIB         -0.221         0.958


           Correlations
              ANTAG         INHIB
              ________      ________
 ANTAG          1.000
 INHIB         -0.232         1.000


SUMMARY OF PLAUSIBLE STANDARD DEVIATION (N = NUMBER OF OBSERVATIONS)


     SAMPLE STATISTICS


           Means
              ANTAG_SD      INHIB_SD
              ________      ________
                0.456         0.586


           Covariances
              ANTAG_SD      INHIB_SD
              ________      ________
 ANTAG_SD       0.001
 INHIB_SD       0.000         0.001


           Correlations
              ANTAG_SD      INHIB_SD
              ________      ________
 ANTAG_SD       1.000
 INHIB_SD       0.069         1.000


SAVEDATA INFORMATION


  Save file
    AC_bsem_cfa_parcel_fscores.dat

  Order and format of variables

    MANIP                            F10.3
    P1                               F10.3
    P2                               F10.3
    P3                               F10.3
    P4                               F10.3
    P5                               F10.3
    ANTAG Mean                       F10.3
    ANTAG Median                     F10.3
    ANTAG Standard Deviation         F10.3
    ANTAG 2.5% Value                 F10.3
    ANTAG 97.5% Value                F10.3
    INHIB Mean                       F10.3
    INHIB Median                     F10.3
    INHIB Standard Deviation         F10.3
    INHIB 2.5% Value                 F10.3
    INHIB 97.5% Value                F10.3
    SUBJECT                          I4

  Save file format
    16F10.3 I4

  Save file record length    10000


     Beginning Time:  11:54:52
        Ending Time:  11:55:02
       Elapsed Time:  00:00:10



MUTHEN & MUTHEN
3463 Stoner Ave.
Los Angeles, CA  90066

Tel: (310) 391-9971
Fax: (310) 391-8971
Web: www.StatModel.com
Support: Support@StatModel.com

Copyright (c) 1998-2019 Muthen & Muthen
