Mplus VERSION 8.4 (Mac)
MUTHEN & MUTHEN
06/25/2020  11:32 AM

INPUT INSTRUCTIONS

  TITLE:
  Antagonism and Disinhibition BSEM CFA 3+3 Parcels Modindex
  DATA:
  FILE = "~/Data_Analysis/PD_Inhibition_DDM/Code/factor_structure/AC_bsem_cfa_parcel_mod.dat

  VARIABLE:
  NAMES = subject MPS_agR AGG MISTRUST MPS_alR MANIP PROPER MPS_clR IMPUL MPS_tdR
       MPS_acR HDWK;
   MISSING=.;

      USEVARIABLES=MANIP p1 p2 p3 p4 p5;
      IDVARIABLE = subject;

  DEFINE:

      p1=MEAN(MISTRUST MPS_alR);
      p2=MEAN(PROPER MPS_tdR);
      p3=MEAN(MPS_clR IMPUL);
      p4=MEAN(MPS_acR HDWK);
      p5=MEAN(MPS_agR AGG);

  ANALYSIS:

      ESTIMATOR=BAYES;
      PROCESSORS=4;
      CHAINS=4;
      BITERATIONS=(30000);

  MODEL:

      antag BY p5* ! MPS_agR AGG
        p1        ! MISTRUST MPS_alR
        MANIP;
      antag@1;

      disinhib BY
        p2*  !PROPER MPS_tdR
        p3  !MPS_clR IMPUL
        p4; !MPS_acR HDWK;
      disinhib@1;

      antag WITH disinhib;

      disinhib BY P1; !sig mod index

  OUTPUT:

      TECH1 TECH8 STANDARDIZED MODINDICES (10);

  SAVEDATA:

      FILE = AC_bsem_cfa_parcel_mod_fscores.dat;
      SAVE = FSCORES(5000);




*** WARNING
  Input line exceeded 90 characters. Some input may be truncated.
  FILE = "~/Data_Analysis/PD_Inhibition_DDM/Code/factor_structure/AC_bsem_cfa_parcel_mod.dat"
*** WARNING in DATA command
  Statement not terminated by a semicolon:
  FILE = "~/Data_Analysis/PD_Inhibition_DDM/Code/factor_structure/AC_bsem_cfa_parcel_mod.dat"
*** WARNING in OUTPUT command
  MODINDICES option is not available for multiple imputation.
  Request for MODINDICES is ignored.
   3 WARNING(S) FOUND IN THE INPUT INSTRUCTIONS




Antagonism and Disinhibition BSEM CFA 3+3 Parcels Modindex

SUMMARY OF ANALYSIS

Number of groups                                                 1
Number of observations                                         104

Number of dependent variables                                    6
Number of independent variables                                  0
Number of continuous latent variables                            2

Observed dependent variables

  Continuous
   MANIP       P1          P2          P3          P4          P5

Continuous latent variables
   ANTAG       DISINHIB

Variables with special functions

  ID variable           SUBJECT

Estimator                                                    BAYES
Specifications for Bayesian Estimation
  Point estimate                                            MEDIAN
  Number of Markov chain Monte Carlo (MCMC) chains               4
  Random seed for the first chain                                0
  Starting value information                           UNPERTURBED
  Algorithm used for Markov chain Monte Carlo           GIBBS(PX1)
  Convergence criterion                                  0.500D-01
  Maximum number of iterations                               50000
  K-th iteration used for thinning                               1
Specifications for Bayes Factor Score Estimation
  Number of imputed data sets                                 5000
  Iteration intervals for thinning                               1

Input data file(s)
  ~/Data_Analysis/PD_Inhibition_DDM/Code/factor_structure/AC_bsem_cfa_parcel_mod
Input data format  FREE


SUMMARY OF DATA



SUMMARY OF MISSING DATA PATTERNS

     Number of missing data patterns             1


     MISSING DATA PATTERNS (x = not missing)

           1
 MANIP     x
 P1        x
 P2        x
 P3        x
 P4        x
 P5        x


     MISSING DATA PATTERN FREQUENCIES

    Pattern   Frequency
          1         104


COVARIANCE COVERAGE OF DATA

Minimum covariance coverage value   0.100


     PROPORTION OF DATA PRESENT


           Covariance Coverage
              MANIP         P1            P2            P3            P4
              ________      ________      ________      ________      ________
 MANIP          1.000
 P1             1.000         1.000
 P2             1.000         1.000         1.000
 P3             1.000         1.000         1.000         1.000
 P4             1.000         1.000         1.000         1.000         1.000
 P5             1.000         1.000         1.000         1.000         1.000


           Covariance Coverage
              P5
              ________
 P5             1.000



UNIVARIATE SAMPLE STATISTICS


     UNIVARIATE HIGHER-ORDER MOMENT DESCRIPTIVE STATISTICS

         Variable/         Mean/     Skewness/   Minimum/ % with                Percentiles
        Sample Size      Variance    Kurtosis    Maximum  Min/Max      20%/60%    40%/80%    Median

     MANIP                 0.000       0.093      -1.701    6.73%      -0.898     -0.363      0.172
             104.000       0.990      -0.445       2.849    0.96%       0.440      0.708
     P1                    0.000       1.099      -1.197    4.81%      -0.860     -0.370     -0.128
             104.000       0.876       1.213       3.011    0.96%       0.043      0.603
     P2                    0.000       0.143      -1.749    0.96%      -0.801     -0.289     -0.051
             104.000       0.824      -0.647       2.240    0.96%       0.186      0.857
     P3                    0.000       0.844      -1.396    0.96%      -0.866     -0.371     -0.206
             104.000       0.883       0.243       2.672    0.96%       0.027      0.753
     P4                    0.000      -0.046      -1.783    0.96%      -0.795     -0.313     -0.005
             104.000       0.873      -0.967       1.799    0.96%       0.255      0.909
     P5                    0.000       1.049      -1.149    7.69%      -0.845     -0.463     -0.199
             104.000       0.881       0.891       3.259    0.96%       0.065      0.752


THE MODEL ESTIMATION TERMINATED NORMALLY

     USE THE FBITERATIONS OPTION TO INCREASE THE NUMBER OF ITERATIONS BY A FACTOR
     OF AT LEAST TWO TO CHECK CONVERGENCE AND THAT THE PSR VALUE DOES NOT INCREASE.



MODEL FIT INFORMATION

Number of Free Parameters                              20

Bayesian Posterior Predictive Checking using Chi-Square

          95% Confidence Interval for the Difference Between
          the Observed and the Replicated Chi-Square Values

                                -11.972            28.080

          Posterior Predictive P-Value              0.188

Information Criteria

          Deviance (DIC)                         1597.134
          Estimated Number of Parameters (pD)      20.036
          Bayesian (BIC)                         1649.684

RMSEA (Root Mean Square Error Of Approximation)

          Estimate                           0.108
          90 Percent C.I.                    0.000  0.172
          Probability RMSEA <= .05           0.125

CFI/TLI

          CFI                                0.939
          90 Percent C.I.                    0.846  1.000

          TLI                                0.869
          90 Percent C.I.                    0.669  1.000



MODEL RESULTS

                                Posterior  One-Tailed         95% C.I.
                    Estimate       S.D.      P-Value   Lower 2.5%  Upper 2.5%  Significance

 ANTAG    BY
    P5                 0.767       0.098      0.000       0.578       0.963      *
    P1                 0.669       0.114      0.000       0.459       0.909      *
    MANIP              0.805       0.106      0.000       0.607       1.023      *

 DISINHIB BY
    P2                 0.609       0.119      0.000       0.380       0.850      *
    P3                 0.636       0.125      0.000       0.396       0.885      *
    P4                 0.487       0.123      0.000       0.250       0.734      *
    P1                -0.309       0.119      0.003      -0.553      -0.084      *

 ANTAG    WITH
    DISINHIB           0.301       0.140      0.020       0.014       0.559      *

 Intercepts
    MANIP              0.001       0.102      0.498      -0.200       0.200
    P1                 0.000       0.096      0.499      -0.187       0.188
    P2                -0.001       0.092      0.497      -0.180       0.181
    P3                 0.000       0.096      0.499      -0.188       0.188
    P4                -0.001       0.095      0.497      -0.187       0.187
    P5                 0.000       0.096      0.499      -0.190       0.188

 Variances
    ANTAG              1.000       0.000      0.000       1.000       1.000
    DISINHIB           1.000       0.000      0.000       1.000       1.000

 Residual Variances
    MANIP              0.398       0.114      0.000       0.182       0.634      *
    P1                 0.506       0.107      0.000       0.319       0.742      *
    P2                 0.498       0.127      0.000       0.255       0.757      *
    P3                 0.527       0.140      0.000       0.246       0.806      *
    P4                 0.679       0.128      0.000       0.456       0.959      *
    P5                 0.345       0.101      0.000       0.153       0.552      *


STANDARDIZED MODEL RESULTS


STDYX Standardization

                                Posterior  One-Tailed         95% C.I.
                    Estimate       S.D.      P-Value   Lower 2.5%  Upper 2.5%  Significance
 ANTAG    BY
    P5                 0.794       0.070      0.000       0.640       0.917      *
    P1                 0.690       0.097      0.000       0.500       0.883      *
    MANIP              0.788       0.071      0.000       0.634       0.913      *

 DISINHIB BY
    P2                 0.653       0.107      0.000       0.426       0.845      *
    P3                 0.657       0.109      0.000       0.428       0.862      *
    P4                 0.508       0.113      0.000       0.269       0.711      *
    P1                -0.319       0.121      0.003      -0.560      -0.087      *

 ANTAG    WITH
    DISINHIB           0.301       0.140      0.020       0.014       0.559      *

 Intercepts
    MANIP              0.001       0.099      0.498      -0.193       0.194
    P1                 0.000       0.098      0.499      -0.192       0.193
    P2                -0.001       0.098      0.497      -0.192       0.192
    P3                 0.000       0.098      0.499      -0.192       0.192
    P4                -0.001       0.098      0.497      -0.193       0.193
    P5                 0.000       0.098      0.499      -0.194       0.193

 Variances
    ANTAG              1.000       0.000      0.000       1.000       1.000
    DISINHIB           1.000       0.000      0.000       1.000       1.000

 Residual Variances
    MANIP              0.379       0.110      0.000       0.167       0.598      *
    P1                 0.544       0.108      0.000       0.332       0.752      *
    P2                 0.574       0.138      0.000       0.285       0.819      *
    P3                 0.568       0.141      0.000       0.258       0.817      *
    P4                 0.742       0.113      0.000       0.494       0.927      *
    P5                 0.370       0.109      0.000       0.158       0.590      *


STDY Standardization

                                Posterior  One-Tailed         95% C.I.
                    Estimate       S.D.      P-Value   Lower 2.5%  Upper 2.5%  Significance
 ANTAG    BY
    P5                 0.794       0.070      0.000       0.640       0.917      *
    P1                 0.690       0.097      0.000       0.500       0.883      *
    MANIP              0.788       0.071      0.000       0.634       0.913      *

 DISINHIB BY
    P2                 0.653       0.107      0.000       0.426       0.845      *
    P3                 0.657       0.109      0.000       0.428       0.862      *
    P4                 0.508       0.113      0.000       0.269       0.711      *
    P1                -0.319       0.121      0.003      -0.560      -0.087      *

 ANTAG    WITH
    DISINHIB           0.301       0.140      0.020       0.014       0.559      *

 Intercepts
    MANIP              0.001       0.099      0.498      -0.193       0.194
    P1                 0.000       0.098      0.499      -0.192       0.193
    P2                -0.001       0.098      0.497      -0.192       0.192
    P3                 0.000       0.098      0.499      -0.192       0.192
    P4                -0.001       0.098      0.497      -0.193       0.193
    P5                 0.000       0.098      0.499      -0.194       0.193

 Variances
    ANTAG              1.000       0.000      0.000       1.000       1.000
    DISINHIB           1.000       0.000      0.000       1.000       1.000

 Residual Variances
    MANIP              0.379       0.110      0.000       0.167       0.598      *
    P1                 0.544       0.108      0.000       0.332       0.752      *
    P2                 0.574       0.138      0.000       0.285       0.819      *
    P3                 0.568       0.141      0.000       0.258       0.817      *
    P4                 0.742       0.113      0.000       0.494       0.927      *
    P5                 0.370       0.109      0.000       0.158       0.590      *


STD Standardization

                                Posterior  One-Tailed         95% C.I.
                    Estimate       S.D.      P-Value   Lower 2.5%  Upper 2.5%  Significance
 ANTAG    BY
    P5                 0.767       0.098      0.000       0.578       0.963      *
    P1                 0.669       0.114      0.000       0.459       0.909      *
    MANIP              0.805       0.106      0.000       0.607       1.023      *

 DISINHIB BY
    P2                 0.609       0.119      0.000       0.380       0.850      *
    P3                 0.636       0.125      0.000       0.396       0.885      *
    P4                 0.487       0.123      0.000       0.250       0.734      *
    P1                -0.309       0.119      0.003      -0.553      -0.084      *

 ANTAG    WITH
    DISINHIB           0.301       0.140      0.020       0.014       0.559      *

 Intercepts
    MANIP              0.001       0.102      0.498      -0.200       0.200
    P1                 0.000       0.096      0.499      -0.187       0.188
    P2                -0.001       0.092      0.497      -0.180       0.181
    P3                 0.000       0.096      0.499      -0.188       0.188
    P4                -0.001       0.095      0.497      -0.187       0.187
    P5                 0.000       0.096      0.499      -0.190       0.188

 Variances
    ANTAG              1.000       0.000      0.000       1.000       1.000
    DISINHIB           1.000       0.000      0.000       1.000       1.000

 Residual Variances
    MANIP              0.398       0.114      0.000       0.182       0.634      *
    P1                 0.506       0.107      0.000       0.319       0.742      *
    P2                 0.498       0.127      0.000       0.255       0.757      *
    P3                 0.527       0.140      0.000       0.246       0.806      *
    P4                 0.679       0.128      0.000       0.456       0.959      *
    P5                 0.345       0.101      0.000       0.153       0.552      *


R-SQUARE

                                Posterior  One-Tailed         95% C.I.
    Variable        Estimate       S.D.      P-Value   Lower 2.5%  Upper 2.5%

    MANIP              0.621       0.110      0.000       0.402       0.833
    P1                 0.456       0.108      0.000       0.248       0.668
    P2                 0.426       0.138      0.000       0.181       0.715
    P3                 0.432       0.141      0.000       0.183       0.742
    P4                 0.258       0.113      0.000       0.073       0.506
    P5                 0.630       0.109      0.000       0.410       0.842


TECHNICAL 1 OUTPUT


     PARAMETER SPECIFICATION


           NU
              MANIP         P1            P2            P3            P4
              ________      ________      ________      ________      ________
                    1             2             3             4             5


           NU
              P5
              ________
                    6


           LAMBDA
              ANTAG         DISINHIB
              ________      ________
 MANIP              7             0
 P1                 8             9
 P2                 0            10
 P3                 0            11
 P4                 0            12
 P5                13             0


           THETA
              MANIP         P1            P2            P3            P4
              ________      ________      ________      ________      ________
 MANIP             14
 P1                 0            15
 P2                 0             0            16
 P3                 0             0             0            17
 P4                 0             0             0             0            18
 P5                 0             0             0             0             0


           THETA
              P5
              ________
 P5                19


           ALPHA
              ANTAG         DISINHIB
              ________      ________
                    0             0


           BETA
              ANTAG         DISINHIB
              ________      ________
 ANTAG              0             0
 DISINHIB           0             0


           PSI
              ANTAG         DISINHIB
              ________      ________
 ANTAG              0
 DISINHIB          20             0


     STARTING VALUES


           NU
              MANIP         P1            P2            P3            P4
              ________      ________      ________      ________      ________
                0.000         0.000         0.000         0.000         0.000


           NU
              P5
              ________
                0.000


           LAMBDA
              ANTAG         DISINHIB
              ________      ________
 MANIP          1.000         0.000
 P1             1.000         1.000
 P2             0.000         1.000
 P3             0.000         1.000
 P4             0.000         1.000
 P5             1.000         0.000


           THETA
              MANIP         P1            P2            P3            P4
              ________      ________      ________      ________      ________
 MANIP          0.495
 P1             0.000         0.438
 P2             0.000         0.000         0.412
 P3             0.000         0.000         0.000         0.441
 P4             0.000         0.000         0.000         0.000         0.437
 P5             0.000         0.000         0.000         0.000         0.000


           THETA
              P5
              ________
 P5             0.441


           ALPHA
              ANTAG         DISINHIB
              ________      ________
                0.000         0.000


           BETA
              ANTAG         DISINHIB
              ________      ________
 ANTAG          0.000         0.000
 DISINHIB       0.000         0.000


           PSI
              ANTAG         DISINHIB
              ________      ________
 ANTAG          1.000
 DISINHIB       0.000         1.000



     PRIORS FOR ALL PARAMETERS            PRIOR MEAN      PRIOR VARIANCE     PRIOR STD. DEV.

     Parameter 1~N(0.000,infinity)           0.0000            infinity            infinity
     Parameter 2~N(0.000,infinity)           0.0000            infinity            infinity
     Parameter 3~N(0.000,infinity)           0.0000            infinity            infinity
     Parameter 4~N(0.000,infinity)           0.0000            infinity            infinity
     Parameter 5~N(0.000,infinity)           0.0000            infinity            infinity
     Parameter 6~N(0.000,infinity)           0.0000            infinity            infinity
     Parameter 7~N(0.000,infinity)           0.0000            infinity            infinity
     Parameter 8~N(0.000,infinity)           0.0000            infinity            infinity
     Parameter 9~N(0.000,infinity)           0.0000            infinity            infinity
     Parameter 10~N(0.000,infinity)          0.0000            infinity            infinity
     Parameter 11~N(0.000,infinity)          0.0000            infinity            infinity
     Parameter 12~N(0.000,infinity)          0.0000            infinity            infinity
     Parameter 13~N(0.000,infinity)          0.0000            infinity            infinity
     Parameter 14~IG(-1.000,0.000)         infinity            infinity            infinity
     Parameter 15~IG(-1.000,0.000)         infinity            infinity            infinity
     Parameter 16~IG(-1.000,0.000)         infinity            infinity            infinity
     Parameter 17~IG(-1.000,0.000)         infinity            infinity            infinity
     Parameter 18~IG(-1.000,0.000)         infinity            infinity            infinity
     Parameter 19~IG(-1.000,0.000)         infinity            infinity            infinity
     Parameter 20~IW(0.000,-3)


TECHNICAL 8 OUTPUT


   TECHNICAL 8 OUTPUT FOR BAYES ESTIMATION

     CHAIN    BSEED
     1        0
     2        285380
     3        253358
     4        93468

                     POTENTIAL       PARAMETER WITH
     ITERATION    SCALE REDUCTION      HIGHEST PSR
     100              1.495               19
     200              1.105               16
     300              1.027               7
     400              1.019               8
     500              1.015               12
     600              1.023               19
     700              1.015               17
     800              1.016               11
     900              1.015               19
     1000             1.018               19
     1100             1.017               19
     1200             1.020               19
     1300             1.016               19
     1400             1.006               19
     1500             1.007               14
     1600             1.011               14
     1700             1.008               7
     1800             1.007               10
     1900             1.008               2
     2000             1.011               6
     2100             1.009               19
     2200             1.011               19
     2300             1.012               19
     2400             1.010               19
     2500             1.005               2
     2600             1.005               19
     2700             1.006               19
     2800             1.010               19
     2900             1.009               19
     3000             1.010               19
     3100             1.009               19
     3200             1.009               19
     3300             1.011               19
     3400             1.008               19
     3500             1.008               19
     3600             1.007               19
     3700             1.009               14
     3800             1.009               14
     3900             1.012               14
     4000             1.014               14
     4100             1.012               14
     4200             1.010               14
     4300             1.009               14
     4400             1.009               14
     4500             1.008               14
     4600             1.008               14
     4700             1.009               14
     4800             1.008               14
     4900             1.006               14
     5000             1.007               14
     5100             1.008               14
     5200             1.009               14
     5300             1.008               14
     5400             1.008               14
     5500             1.006               14
     5600             1.007               14
     5700             1.007               14
     5800             1.006               14
     5900             1.005               14
     6000             1.004               14
     6100             1.004               19
     6200             1.004               19
     6300             1.004               19
     6400             1.004               19
     6500             1.004               19
     6600             1.003               19
     6700             1.003               19
     6800             1.003               19
     6900             1.003               19
     7000             1.002               19
     7100             1.003               19
     7200             1.003               19
     7300             1.004               17
     7400             1.004               17
     7500             1.004               17
     7600             1.006               17
     7700             1.006               17
     7800             1.006               17
     7900             1.006               17
     8000             1.005               17
     8100             1.005               17
     8200             1.006               17
     8300             1.006               17
     8400             1.006               17
     8500             1.005               17
     8600             1.006               17
     8700             1.005               17
     8800             1.005               17
     8900             1.005               17
     9000             1.005               17
     9100             1.004               17
     9200             1.005               17
     9300             1.005               17
     9400             1.005               17
     9500             1.005               17
     9600             1.005               17
     9700             1.005               17
     9800             1.005               17
     9900             1.005               17
     10000            1.005               17
     10100            1.004               17
     10200            1.004               17
     10300            1.004               17
     10400            1.004               17
     10500            1.004               17
     10600            1.004               17
     10700            1.003               17
     10800            1.003               17
     10900            1.003               17
     11000            1.003               17
     11100            1.003               17
     11200            1.003               17
     11300            1.003               17
     11400            1.003               17
     11500            1.003               17
     11600            1.002               17
     11700            1.002               17
     11800            1.002               17
     11900            1.002               17
     12000            1.002               17
     12100            1.002               17
     12200            1.002               10
     12300            1.002               16
     12400            1.002               16
     12500            1.002               16
     12600            1.002               16
     12700            1.003               16
     12800            1.003               16
     12900            1.003               16
     13000            1.002               16
     13100            1.002               16
     13200            1.002               10
     13300            1.002               10
     13400            1.003               10
     13500            1.003               10
     13600            1.003               16
     13700            1.003               16
     13800            1.003               16
     13900            1.002               16
     14000            1.002               16
     14100            1.002               16
     14200            1.002               10
     14300            1.002               16
     14400            1.001               10
     14500            1.001               10
     14600            1.001               10
     14700            1.001               10
     14800            1.001               14
     14900            1.001               14
     15000            1.001               14
     15100            1.001               14
     15200            1.001               14
     15300            1.001               14
     15400            1.001               14
     15500            1.002               19
     15600            1.002               19
     15700            1.002               19
     15800            1.002               19
     15900            1.001               19
     16000            1.001               19
     16100            1.001               19
     16200            1.001               19
     16300            1.001               19
     16400            1.001               16
     16500            1.001               16
     16600            1.001               16
     16700            1.001               16
     16800            1.001               16
     16900            1.001               19
     17000            1.001               19
     17100            1.001               19
     17200            1.001               19
     17300            1.002               19
     17400            1.002               19
     17500            1.002               19
     17600            1.002               19
     17700            1.001               19
     17800            1.001               19
     17900            1.002               19
     18000            1.002               19
     18100            1.002               19
     18200            1.001               19
     18300            1.001               19
     18400            1.001               19
     18500            1.001               19
     18600            1.001               19
     18700            1.001               19
     18800            1.002               19
     18900            1.002               19
     19000            1.001               19
     19100            1.001               19
     19200            1.001               19
     19300            1.001               19
     19400            1.001               19
     19500            1.001               19
     19600            1.001               19
     19700            1.001               19
     19800            1.001               19
     19900            1.001               19
     20000            1.001               19
     20100            1.001               19
     20200            1.001               19
     20300            1.001               19
     20400            1.001               19
     20500            1.001               19
     20600            1.001               19
     20700            1.001               19
     20800            1.001               19
     20900            1.001               19
     21000            1.001               19
     21100            1.001               19
     21200            1.001               19
     21300            1.001               19
     21400            1.001               19
     21500            1.001               19
     21600            1.001               19
     21700            1.001               19
     21800            1.001               19
     21900            1.001               19
     22000            1.001               19
     22100            1.001               19
     22200            1.001               19
     22300            1.001               19
     22400            1.001               19
     22500            1.001               19
     22600            1.001               19
     22700            1.000               19
     22800            1.001               19
     22900            1.001               19
     23000            1.001               19
     23100            1.001               19
     23200            1.001               19
     23300            1.001               19
     23400            1.001               19
     23500            1.001               19
     23600            1.001               19
     23700            1.001               16
     23800            1.001               16
     23900            1.001               16
     24000            1.001               16
     24100            1.001               16
     24200            1.001               16
     24300            1.001               16
     24400            1.001               16
     24500            1.001               16
     24600            1.001               16
     24700            1.001               16
     24800            1.001               16
     24900            1.001               16
     25000            1.000               16
     25100            1.001               16
     25200            1.000               16
     25300            1.000               16
     25400            1.000               16
     25500            1.000               16
     25600            1.000               16
     25700            1.001               16
     25800            1.001               16
     25900            1.001               16
     26000            1.001               20
     26100            1.001               16
     26200            1.001               20
     26300            1.001               16
     26400            1.001               16
     26500            1.001               16
     26600            1.001               16
     26700            1.001               16
     26800            1.001               16
     26900            1.001               16
     27000            1.001               16
     27100            1.001               16
     27200            1.001               16
     27300            1.001               16
     27400            1.001               16
     27500            1.001               16
     27600            1.001               16
     27700            1.001               16
     27800            1.001               16
     27900            1.001               16
     28000            1.001               16
     28100            1.001               16
     28200            1.001               16
     28300            1.001               16
     28400            1.001               16
     28500            1.001               16
     28600            1.001               16
     28700            1.001               16
     28800            1.001               8
     28900            1.001               8
     29000            1.001               16
     29100            1.001               8
     29200            1.001               16
     29300            1.001               16
     29400            1.001               8
     29500            1.001               8
     29600            1.000               16
     29700            1.000               8
     29800            1.000               20
     29900            1.000               8
     30000            1.001               8


SUMMARIES OF PLAUSIBLE VALUES (N = NUMBER OF OBSERVATIONS * NUMBER OF IMPUTATIONS)


     SAMPLE STATISTICS


           Means
              ANTAG         DISINHIB
              ________      ________
                0.005         0.000


           Covariances
              ANTAG         DISINHIB
              ________      ________
 ANTAG          0.959
 DISINHIB       0.286         0.950


           Correlations
              ANTAG         DISINHIB
              ________      ________
 ANTAG          1.000
 DISINHIB       0.300         1.000


SUMMARY OF PLAUSIBLE STANDARD DEVIATION (N = NUMBER OF OBSERVATIONS)


     SAMPLE STATISTICS


           Means
              ANTAG_SD      DISINHIB
              ________      ________
                0.457         0.582


           Covariances
              ANTAG_SD      DISINHIB
              ________      ________
 ANTAG_SD       0.000
 DISINHIB       0.000         0.000


           Correlations
              ANTAG_SD      DISINHIB
              ________      ________
 ANTAG_SD       1.000
 DISINHIB       0.211         1.000


SAVEDATA INFORMATION


  Save file
    AC_bsem_cfa_parcel_mod_fscores.dat

  Order and format of variables

    MANIP                            F10.3
    P1                               F10.3
    P2                               F10.3
    P3                               F10.3
    P4                               F10.3
    P5                               F10.3
    ANTAG Mean                       F10.3
    ANTAG Median                     F10.3
    ANTAG Standard Deviation         F10.3
    ANTAG 2.5% Value                 F10.3
    ANTAG 97.5% Value                F10.3
    DISINHIB Mean                    F10.3
    DISINHIB Median                  F10.3
    DISINHIB Standard Deviation      F10.3
    DISINHIB 2.5% Value              F10.3
    DISINHIB 97.5% Value             F10.3
    SUBJECT                          I4

  Save file format
    16F10.3 I4

  Save file record length    10000


     Beginning Time:  11:32:19
        Ending Time:  11:32:34
       Elapsed Time:  00:00:15



MUTHEN & MUTHEN
3463 Stoner Ave.
Los Angeles, CA  90066

Tel: (310) 391-9971
Fax: (310) 391-8971
Web: www.StatModel.com
Support: Support@StatModel.com

Copyright (c) 1998-2019 Muthen & Muthen
