Mplus VERSION 8.4 (Mac)
MUTHEN & MUTHEN
06/09/2020   7:39 PM

INPUT INSTRUCTIONS

  TITLE:
  Agentic Extraversion, Antag, Inhib combination
  DATA:
  FILE = "~/Data_Analysis/PD_Inhibition_DDM/Code/factor_structure/Antag_addAgen.dat";

  VARIABLE:
  NAMES = subject EXHIB ENTITL MPS_spR MPS_agR AGG MISTRUST MPS_alR MANIP PROPER
       MPS_clR IMPUL MPS_tdR MPS_acR HDWK;
   MISSING=.;

      USEVARIABLES = MANIP MPS_spR EXHIB ENTITL
        p1 p2 p3 p4 p5;
      IDVARIABLE = subject;

  DEFINE:

      p1=MEAN(MISTRUST MPS_alR);
      p2=MEAN(PROPER MPS_tdR);
      p3=MEAN(MPS_clR IMPUL);
      p4=MEAN(MPS_acR HDWK);
      p5=MEAN(MPS_agR AGG);

  ANALYSIS:

      ESTIMATOR=BAYES;
      PROCESSORS=4;
      CHAINS=4;
      BITERATIONS=(35000);

  MODEL:

      agentic BY MPS_spR* EXHIB ENTITL;
      agentic@1;

      antag BY p5* ! MPS_agR AGG
        p1        ! MISTRUST MPS_alR
        MANIP;
      antag@1;

      inhib BY
        p2*  !PROPER MPS_tdR
        p3   !MPS_clR IMPUL
        p4;  !MPS_acR HDWK;
      inhib@1;

      antag inhib agentic WITH
        antag inhib agentic;

      !two cross-loadings for Inhib suggested by MLR
      INHIB BY ENTITL;
      INHIB BY P1;

  OUTPUT:

      TECH1 TECH8 STANDARDIZED MODINDICES (10);




*** WARNING in OUTPUT command
  MODINDICES option is not available for ESTIMATOR=BAYES.
  Request for MODINDICES is ignored.
   1 WARNING(S) FOUND IN THE INPUT INSTRUCTIONS




Agentic Extraversion, Antag, Inhib combination

SUMMARY OF ANALYSIS

Number of groups                                                 1
Number of observations                                         104

Number of dependent variables                                    9
Number of independent variables                                  0
Number of continuous latent variables                            3

Observed dependent variables

  Continuous
   MANIP       MPS_SPR     EXHIB       ENTITL      P1          P2
   P3          P4          P5

Continuous latent variables
   AGENTIC     ANTAG       INHIB

Variables with special functions

  ID variable           SUBJECT

Estimator                                                    BAYES
Specifications for Bayesian Estimation
  Point estimate                                            MEDIAN
  Number of Markov chain Monte Carlo (MCMC) chains               4
  Random seed for the first chain                                0
  Starting value information                           UNPERTURBED
  Algorithm used for Markov chain Monte Carlo           GIBBS(PX1)
  Convergence criterion                                  0.500D-01
  Maximum number of iterations                               50000
  K-th iteration used for thinning                               1

Input data file(s)
  ~/Data_Analysis/PD_Inhibition_DDM/Code/factor_structure/Antag_addAgen.dat
Input data format  FREE


SUMMARY OF DATA



COVARIANCE COVERAGE OF DATA

Minimum covariance coverage value   0.100

     Number of missing data patterns             1


     PROPORTION OF DATA PRESENT


           Covariance Coverage
              MANIP         MPS_SPR       EXHIB         ENTITL        P1
              ________      ________      ________      ________      ________
 MANIP          1.000
 MPS_SPR        1.000         1.000
 EXHIB          1.000         1.000         1.000
 ENTITL         1.000         1.000         1.000         1.000
 P1             1.000         1.000         1.000         1.000         1.000
 P2             1.000         1.000         1.000         1.000         1.000
 P3             1.000         1.000         1.000         1.000         1.000
 P4             1.000         1.000         1.000         1.000         1.000
 P5             1.000         1.000         1.000         1.000         1.000


           Covariance Coverage
              P2            P3            P4            P5
              ________      ________      ________      ________
 P2             1.000
 P3             1.000         1.000
 P4             1.000         1.000         1.000
 P5             1.000         1.000         1.000         1.000



UNIVARIATE SAMPLE STATISTICS


     UNIVARIATE HIGHER-ORDER MOMENT DESCRIPTIVE STATISTICS

         Variable/         Mean/     Skewness/   Minimum/ % with                Percentiles
        Sample Size      Variance    Kurtosis    Maximum  Min/Max      20%/60%    40%/80%    Median

     MANIP                 0.000       0.093      -1.701    6.73%      -0.898     -0.363      0.172
             104.000       0.990      -0.445       2.849    0.96%       0.440      0.708
     MPS_SPR               0.000      -0.635      -2.222    3.85%      -0.954     -0.003      0.155
             104.000       0.990      -0.513       1.582    2.88%       0.314      0.948
     EXHIB                 0.000      -0.003      -1.771    4.81%      -1.023     -0.276     -0.026
             104.000       0.990      -0.957       1.968    1.92%       0.223      0.971
     ENTITL                0.000      -0.184      -2.089    0.96%      -1.024     -0.225      0.041
             104.000       0.990      -0.730       2.171    0.96%       0.307      0.840
     P1                    0.000       1.099      -1.197    4.81%      -0.860     -0.370     -0.128
             104.000       0.876       1.213       3.011    0.96%       0.043      0.603
     P2                    0.000      -0.143      -2.240    0.96%      -0.857     -0.225      0.051
             104.000       0.824      -0.647       1.749    0.96%       0.286      0.762
     P3                    0.000      -0.844      -2.672    0.96%      -0.788     -0.041      0.206
             104.000       0.883       0.243       1.396    0.96%       0.371      0.817
     P4                    0.000       0.046      -1.799    0.96%      -0.909     -0.304      0.005
             104.000       0.873      -0.967       1.783    0.96%       0.276      0.770
     P5                    0.000       1.049      -1.149    7.69%      -0.845     -0.463     -0.199
             104.000       0.881       0.891       3.259    0.96%       0.065      0.752


THE MODEL ESTIMATION TERMINATED NORMALLY

     USE THE FBITERATIONS OPTION TO INCREASE THE NUMBER OF ITERATIONS BY A FACTOR
     OF AT LEAST TWO TO CHECK CONVERGENCE AND THAT THE PSR VALUE DOES NOT INCREASE.



MODEL FIT INFORMATION

Number of Free Parameters                              32

Bayesian Posterior Predictive Checking using Chi-Square

          95% Confidence Interval for the Difference Between
          the Observed and the Replicated Chi-Square Values

                                 -0.306            53.615

          Posterior Predictive P-Value              0.026

Information Criteria

          Deviance (DIC)                         2396.864
          Estimated Number of Parameters (pD)      31.638
          Bayesian (BIC)                         2481.624

RMSEA (Root Mean Square Error Of Approximation)

          Estimate                           0.110
          90 Percent C.I.                    0.082  0.138
          Probability RMSEA <= .05           0.000

CFI/TLI

          CFI                                0.892
          90 Percent C.I.                    0.830  0.939

          TLI                                0.827
          90 Percent C.I.                    0.727  0.902



MODEL RESULTS

                                Posterior  One-Tailed         95% C.I.
                    Estimate       S.D.      P-Value   Lower 2.5%  Upper 2.5%  Significance

 AGENTIC  BY
    MPS_SPR            0.799       0.102      0.000       0.603       1.005      *
    EXHIB              0.855       0.104      0.000       0.655       1.063      *
    ENTITL             0.654       0.128      0.000       0.420       0.924      *

 ANTAG    BY
    P5                 0.771       0.100      0.000       0.579       0.970      *
    P1                 0.650       0.112      0.000       0.439       0.881      *
    MANIP              0.817       0.105      0.000       0.617       1.032      *

 INHIB    BY
    P2                 0.640       0.111      0.000       0.426       0.865      *
    P3                 0.647       0.115      0.000       0.426       0.879      *
    P4                 0.455       0.115      0.000       0.232       0.683      *
    ENTITL             0.497       0.131      0.000       0.252       0.768      *
    P1                 0.303       0.114      0.003       0.085       0.535      *

 ANTAG    WITH
    INHIB             -0.279       0.136      0.025      -0.530       0.001
    AGENTIC            0.375       0.116      0.001       0.133       0.585      *

 INHIB    WITH
    AGENTIC           -0.352       0.134      0.007      -0.596      -0.074      *

 Intercepts
    MANIP             -0.002       0.102      0.494      -0.200       0.200
    MPS_SPR           -0.001       0.102      0.494      -0.201       0.199
    EXHIB              0.000       0.102      0.499      -0.202       0.199
    ENTITL            -0.001       0.102      0.495      -0.203       0.198
    P1                 0.000       0.096      0.498      -0.190       0.187
    P2                -0.001       0.093      0.498      -0.183       0.182
    P3                 0.000       0.096      0.500      -0.189       0.189
    P4                -0.001       0.095      0.497      -0.185       0.186
    P5                -0.001       0.096      0.494      -0.189       0.187

 Variances
    AGENTIC            1.000       0.000      0.000       1.000       1.000
    ANTAG              1.000       0.000      0.000       1.000       1.000
    INHIB              1.000       0.000      0.000       1.000       1.000

 Residual Variances
    MANIP              0.386       0.117      0.000       0.155       0.623      *
    MPS_SPR            0.415       0.108      0.000       0.213       0.641      *
    EXHIB              0.326       0.113      0.000       0.103       0.557      *
    ENTITL             0.606       0.125      0.000       0.390       0.881      *
    P1                 0.525       0.105      0.000       0.348       0.760      *
    P2                 0.469       0.114      0.000       0.259       0.708      *
    P3                 0.521       0.121      0.000       0.301       0.780      *
    P4                 0.712       0.120      0.000       0.515       0.986      *
    P5                 0.342       0.102      0.000       0.153       0.557      *


STANDARDIZED MODEL RESULTS


STDYX Standardization

                                Posterior  One-Tailed         95% C.I.
                    Estimate       S.D.      P-Value   Lower 2.5%  Upper 2.5%  Significance
 AGENTIC  BY
    MPS_SPR            0.778       0.068      0.000       0.631       0.896      *
    EXHIB              0.832       0.067      0.000       0.685       0.951      *
    ENTITL             0.633       0.108      0.000       0.423       0.850      *

 ANTAG    BY
    P5                 0.797       0.071      0.000       0.641       0.917      *
    P1                 0.670       0.094      0.000       0.477       0.848      *
    MANIP              0.796       0.071      0.000       0.643       0.926      *

 INHIB    BY
    P2                 0.682       0.094      0.000       0.479       0.846      *
    P3                 0.667       0.094      0.000       0.462       0.831      *
    P4                 0.474       0.105      0.000       0.249       0.657      *
    ENTITL             0.480       0.119      0.000       0.250       0.720      *
    P1                 0.312       0.114      0.003       0.088       0.537      *

 ANTAG    WITH
    INHIB             -0.279       0.136      0.025      -0.530       0.001
    AGENTIC            0.375       0.116      0.001       0.133       0.585      *

 INHIB    WITH
    AGENTIC           -0.352       0.134      0.007      -0.596      -0.074      *

 Intercepts
    MANIP             -0.001       0.098      0.494      -0.194       0.193
    MPS_SPR           -0.001       0.098      0.494      -0.193       0.192
    EXHIB              0.000       0.098      0.499      -0.194       0.191
    ENTITL            -0.001       0.098      0.495      -0.194       0.190
    P1                 0.000       0.098      0.498      -0.194       0.190
    P2                -0.001       0.098      0.498      -0.193       0.191
    P3                 0.000       0.098      0.500      -0.193       0.192
    P4                -0.001       0.097      0.497      -0.190       0.192
    P5                -0.002       0.098      0.494      -0.194       0.192

 Variances
    AGENTIC            1.000       0.000      0.000       1.000       1.000
    ANTAG              1.000       0.000      0.000       1.000       1.000
    INHIB              1.000       0.000      0.000       1.000       1.000

 Residual Variances
    MANIP              0.366       0.112      0.000       0.142       0.586      *
    MPS_SPR            0.394       0.104      0.000       0.197       0.601      *
    EXHIB              0.308       0.110      0.000       0.095       0.531      *
    ENTITL             0.572       0.110      0.000       0.356       0.783      *
    P1                 0.561       0.105      0.000       0.360       0.768      *
    P2                 0.534       0.125      0.000       0.284       0.770      *
    P3                 0.555       0.122      0.000       0.309       0.786      *
    P4                 0.775       0.096      0.000       0.568       0.938      *
    P5                 0.365       0.110      0.000       0.158       0.589      *


STDY Standardization

                                Posterior  One-Tailed         95% C.I.
                    Estimate       S.D.      P-Value   Lower 2.5%  Upper 2.5%  Significance
 AGENTIC  BY
    MPS_SPR            0.778       0.068      0.000       0.631       0.896      *
    EXHIB              0.832       0.067      0.000       0.685       0.951      *
    ENTITL             0.633       0.108      0.000       0.423       0.850      *

 ANTAG    BY
    P5                 0.797       0.071      0.000       0.641       0.917      *
    P1                 0.670       0.094      0.000       0.477       0.848      *
    MANIP              0.796       0.071      0.000       0.643       0.926      *

 INHIB    BY
    P2                 0.682       0.094      0.000       0.479       0.846      *
    P3                 0.667       0.094      0.000       0.462       0.831      *
    P4                 0.474       0.105      0.000       0.249       0.657      *
    ENTITL             0.480       0.119      0.000       0.250       0.720      *
    P1                 0.312       0.114      0.003       0.088       0.537      *

 ANTAG    WITH
    INHIB             -0.279       0.136      0.025      -0.530       0.001
    AGENTIC            0.375       0.116      0.001       0.133       0.585      *

 INHIB    WITH
    AGENTIC           -0.352       0.134      0.007      -0.596      -0.074      *

 Intercepts
    MANIP             -0.001       0.098      0.494      -0.194       0.193
    MPS_SPR           -0.001       0.098      0.494      -0.193       0.192
    EXHIB              0.000       0.098      0.499      -0.194       0.191
    ENTITL            -0.001       0.098      0.495      -0.194       0.190
    P1                 0.000       0.098      0.498      -0.194       0.190
    P2                -0.001       0.098      0.498      -0.193       0.191
    P3                 0.000       0.098      0.500      -0.193       0.192
    P4                -0.001       0.097      0.497      -0.190       0.192
    P5                -0.002       0.098      0.494      -0.194       0.192

 Variances
    AGENTIC            1.000       0.000      0.000       1.000       1.000
    ANTAG              1.000       0.000      0.000       1.000       1.000
    INHIB              1.000       0.000      0.000       1.000       1.000

 Residual Variances
    MANIP              0.366       0.112      0.000       0.142       0.586      *
    MPS_SPR            0.394       0.104      0.000       0.197       0.601      *
    EXHIB              0.308       0.110      0.000       0.095       0.531      *
    ENTITL             0.572       0.110      0.000       0.356       0.783      *
    P1                 0.561       0.105      0.000       0.360       0.768      *
    P2                 0.534       0.125      0.000       0.284       0.770      *
    P3                 0.555       0.122      0.000       0.309       0.786      *
    P4                 0.775       0.096      0.000       0.568       0.938      *
    P5                 0.365       0.110      0.000       0.158       0.589      *


STD Standardization

                                Posterior  One-Tailed         95% C.I.
                    Estimate       S.D.      P-Value   Lower 2.5%  Upper 2.5%  Significance
 AGENTIC  BY
    MPS_SPR            0.799       0.102      0.000       0.603       1.005      *
    EXHIB              0.855       0.104      0.000       0.655       1.063      *
    ENTITL             0.654       0.128      0.000       0.420       0.924      *

 ANTAG    BY
    P5                 0.771       0.100      0.000       0.579       0.970      *
    P1                 0.650       0.112      0.000       0.439       0.881      *
    MANIP              0.817       0.105      0.000       0.617       1.032      *

 INHIB    BY
    P2                 0.640       0.111      0.000       0.426       0.865      *
    P3                 0.647       0.115      0.000       0.426       0.879      *
    P4                 0.455       0.115      0.000       0.232       0.683      *
    ENTITL             0.497       0.131      0.000       0.252       0.768      *
    P1                 0.303       0.114      0.003       0.085       0.535      *

 ANTAG    WITH
    INHIB             -0.279       0.136      0.025      -0.530       0.001
    AGENTIC            0.375       0.116      0.001       0.133       0.585      *

 INHIB    WITH
    AGENTIC           -0.352       0.134      0.007      -0.596      -0.074      *

 Intercepts
    MANIP             -0.002       0.102      0.494      -0.200       0.200
    MPS_SPR           -0.001       0.102      0.494      -0.201       0.199
    EXHIB              0.000       0.102      0.499      -0.202       0.199
    ENTITL            -0.001       0.102      0.495      -0.203       0.198
    P1                 0.000       0.096      0.498      -0.190       0.187
    P2                -0.001       0.093      0.498      -0.183       0.182
    P3                 0.000       0.096      0.500      -0.189       0.189
    P4                -0.001       0.095      0.497      -0.185       0.186
    P5                -0.001       0.096      0.494      -0.189       0.187

 Variances
    AGENTIC            1.000       0.000      0.000       1.000       1.000
    ANTAG              1.000       0.000      0.000       1.000       1.000
    INHIB              1.000       0.000      0.000       1.000       1.000

 Residual Variances
    MANIP              0.386       0.117      0.000       0.155       0.623      *
    MPS_SPR            0.415       0.108      0.000       0.213       0.641      *
    EXHIB              0.326       0.113      0.000       0.103       0.557      *
    ENTITL             0.606       0.125      0.000       0.390       0.881      *
    P1                 0.525       0.105      0.000       0.348       0.760      *
    P2                 0.469       0.114      0.000       0.259       0.708      *
    P3                 0.521       0.121      0.000       0.301       0.780      *
    P4                 0.712       0.120      0.000       0.515       0.986      *
    P5                 0.342       0.102      0.000       0.153       0.557      *


R-SQUARE

                                Posterior  One-Tailed         95% C.I.
    Variable        Estimate       S.D.      P-Value   Lower 2.5%  Upper 2.5%

    MANIP              0.634       0.112      0.000       0.414       0.857
    MPS_SPR            0.606       0.104      0.000       0.399       0.803
    EXHIB              0.692       0.110      0.000       0.469       0.905
    ENTITL             0.428       0.110      0.000       0.217       0.644
    P1                 0.439       0.105      0.000       0.232       0.640
    P2                 0.466       0.125      0.000       0.230       0.716
    P3                 0.445       0.122      0.000       0.214       0.691
    P4                 0.225       0.096      0.000       0.062       0.432
    P5                 0.635       0.110      0.000       0.411       0.842


TECHNICAL 1 OUTPUT


     PARAMETER SPECIFICATION


           NU
              MANIP         MPS_SPR       EXHIB         ENTITL        P1
              ________      ________      ________      ________      ________
                    1             2             3             4             5


           NU
              P2            P3            P4            P5
              ________      ________      ________      ________
                    6             7             8             9


           LAMBDA
              AGENTIC       ANTAG         INHIB
              ________      ________      ________
 MANIP              0            10             0
 MPS_SPR           11             0             0
 EXHIB             12             0             0
 ENTITL            13             0            14
 P1                 0            15            16
 P2                 0             0            17
 P3                 0             0            18
 P4                 0             0            19
 P5                 0            20             0


           THETA
              MANIP         MPS_SPR       EXHIB         ENTITL        P1
              ________      ________      ________      ________      ________
 MANIP             21
 MPS_SPR            0            22
 EXHIB              0             0            23
 ENTITL             0             0             0            24
 P1                 0             0             0             0            25
 P2                 0             0             0             0             0
 P3                 0             0             0             0             0
 P4                 0             0             0             0             0
 P5                 0             0             0             0             0


           THETA
              P2            P3            P4            P5
              ________      ________      ________      ________
 P2                26
 P3                 0            27
 P4                 0             0            28
 P5                 0             0             0            29


           ALPHA
              AGENTIC       ANTAG         INHIB
              ________      ________      ________
                    0             0             0


           BETA
              AGENTIC       ANTAG         INHIB
              ________      ________      ________
 AGENTIC            0             0             0
 ANTAG              0             0             0
 INHIB              0             0             0


           PSI
              AGENTIC       ANTAG         INHIB
              ________      ________      ________
 AGENTIC            0
 ANTAG             30             0
 INHIB             31            32             0


     STARTING VALUES


           NU
              MANIP         MPS_SPR       EXHIB         ENTITL        P1
              ________      ________      ________      ________      ________
                0.000         0.000         0.000         0.000         0.000


           NU
              P2            P3            P4            P5
              ________      ________      ________      ________
                0.000         0.000         0.000         0.000


           LAMBDA
              AGENTIC       ANTAG         INHIB
              ________      ________      ________
 MANIP          0.000         1.000         0.000
 MPS_SPR        1.000         0.000         0.000
 EXHIB          1.000         0.000         0.000
 ENTITL         1.000         0.000         1.000
 P1             0.000         1.000         1.000
 P2             0.000         0.000         1.000
 P3             0.000         0.000         1.000
 P4             0.000         0.000         1.000
 P5             0.000         1.000         0.000


           THETA
              MANIP         MPS_SPR       EXHIB         ENTITL        P1
              ________      ________      ________      ________      ________
 MANIP          0.495
 MPS_SPR        0.000         0.495
 EXHIB          0.000         0.000         0.495
 ENTITL         0.000         0.000         0.000         0.495
 P1             0.000         0.000         0.000         0.000         0.438
 P2             0.000         0.000         0.000         0.000         0.000
 P3             0.000         0.000         0.000         0.000         0.000
 P4             0.000         0.000         0.000         0.000         0.000
 P5             0.000         0.000         0.000         0.000         0.000


           THETA
              P2            P3            P4            P5
              ________      ________      ________      ________
 P2             0.412
 P3             0.000         0.441
 P4             0.000         0.000         0.437
 P5             0.000         0.000         0.000         0.441


           ALPHA
              AGENTIC       ANTAG         INHIB
              ________      ________      ________
                0.000         0.000         0.000


           BETA
              AGENTIC       ANTAG         INHIB
              ________      ________      ________
 AGENTIC        0.000         0.000         0.000
 ANTAG          0.000         0.000         0.000
 INHIB          0.000         0.000         0.000


           PSI
              AGENTIC       ANTAG         INHIB
              ________      ________      ________
 AGENTIC        1.000
 ANTAG          0.000         1.000
 INHIB          0.000         0.000         1.000



     PRIORS FOR ALL PARAMETERS            PRIOR MEAN      PRIOR VARIANCE     PRIOR STD. DEV.

     Parameter 1~N(0.000,infinity)           0.0000            infinity            infinity
     Parameter 2~N(0.000,infinity)           0.0000            infinity            infinity
     Parameter 3~N(0.000,infinity)           0.0000            infinity            infinity
     Parameter 4~N(0.000,infinity)           0.0000            infinity            infinity
     Parameter 5~N(0.000,infinity)           0.0000            infinity            infinity
     Parameter 6~N(0.000,infinity)           0.0000            infinity            infinity
     Parameter 7~N(0.000,infinity)           0.0000            infinity            infinity
     Parameter 8~N(0.000,infinity)           0.0000            infinity            infinity
     Parameter 9~N(0.000,infinity)           0.0000            infinity            infinity
     Parameter 10~N(0.000,infinity)          0.0000            infinity            infinity
     Parameter 11~N(0.000,infinity)          0.0000            infinity            infinity
     Parameter 12~N(0.000,infinity)          0.0000            infinity            infinity
     Parameter 13~N(0.000,infinity)          0.0000            infinity            infinity
     Parameter 14~N(0.000,infinity)          0.0000            infinity            infinity
     Parameter 15~N(0.000,infinity)          0.0000            infinity            infinity
     Parameter 16~N(0.000,infinity)          0.0000            infinity            infinity
     Parameter 17~N(0.000,infinity)          0.0000            infinity            infinity
     Parameter 18~N(0.000,infinity)          0.0000            infinity            infinity
     Parameter 19~N(0.000,infinity)          0.0000            infinity            infinity
     Parameter 20~N(0.000,infinity)          0.0000            infinity            infinity
     Parameter 21~IG(-1.000,0.000)         infinity            infinity            infinity
     Parameter 22~IG(-1.000,0.000)         infinity            infinity            infinity
     Parameter 23~IG(-1.000,0.000)         infinity            infinity            infinity
     Parameter 24~IG(-1.000,0.000)         infinity            infinity            infinity
     Parameter 25~IG(-1.000,0.000)         infinity            infinity            infinity
     Parameter 26~IG(-1.000,0.000)         infinity            infinity            infinity
     Parameter 27~IG(-1.000,0.000)         infinity            infinity            infinity
     Parameter 28~IG(-1.000,0.000)         infinity            infinity            infinity
     Parameter 29~IG(-1.000,0.000)         infinity            infinity            infinity
     Parameter 30~IW(0.000,-4)
     Parameter 31~IW(0.000,-4)
     Parameter 32~IW(0.000,-4)


TECHNICAL 8 OUTPUT


   TECHNICAL 8 OUTPUT FOR BAYES ESTIMATION

     CHAIN    BSEED
     1        0
     2        285380
     3        253358
     4        93468

                     POTENTIAL       PARAMETER WITH
     ITERATION    SCALE REDUCTION      HIGHEST PSR
     100              1.157               1
     200              1.117               9
     300              1.077               14
     400              1.054               23
     500              1.046               21
     600              1.095               23
     700              1.047               23
     800              1.038               23
     900              1.047               23
     1000             1.032               23
     1100             1.046               23
     1200             1.039               23
     1300             1.022               23
     1400             1.020               9
     1500             1.022               9
     1600             1.017               9
     1700             1.012               9
     1800             1.012               9
     1900             1.010               21
     2000             1.011               21
     2100             1.011               21
     2200             1.010               21
     2300             1.007               21
     2400             1.008               23
     2500             1.006               20
     2600             1.007               12
     2700             1.008               12
     2800             1.007               12
     2900             1.008               12
     3000             1.009               12
     3100             1.008               12
     3200             1.008               12
     3300             1.009               23
     3400             1.011               29
     3500             1.010               29
     3600             1.008               29
     3700             1.009               29
     3800             1.008               29
     3900             1.007               29
     4000             1.006               29
     4100             1.005               29
     4200             1.005               29
     4300             1.006               29
     4400             1.006               29
     4500             1.005               29
     4600             1.006               23
     4700             1.005               23
     4800             1.005               23
     4900             1.005               23
     5000             1.004               23
     5100             1.003               23
     5200             1.004               23
     5300             1.004               23
     5400             1.003               23
     5500             1.003               29
     5600             1.003               21
     5700             1.004               23
     5800             1.004               21
     5900             1.008               29
     6000             1.012               29
     6100             1.010               29
     6200             1.008               29
     6300             1.008               29
     6400             1.007               29
     6500             1.006               23
     6600             1.007               29
     6700             1.006               29
     6800             1.006               29
     6900             1.006               29
     7000             1.006               29
     7100             1.005               29
     7200             1.005               29
     7300             1.005               29
     7400             1.005               29
     7500             1.005               29
     7600             1.006               29
     7700             1.005               29
     7800             1.005               29
     7900             1.006               29
     8000             1.005               29
     8100             1.006               29
     8200             1.007               29
     8300             1.006               29
     8400             1.005               29
     8500             1.005               29
     8600             1.005               29
     8700             1.005               29
     8800             1.005               29
     8900             1.005               29
     9000             1.005               29
     9100             1.004               29
     9200             1.004               29
     9300             1.005               29
     9400             1.005               29
     9500             1.005               29
     9600             1.004               29
     9700             1.004               29
     9800             1.004               29
     9900             1.005               29
     10000            1.005               29
     10100            1.004               29
     10200            1.003               29
     10300            1.002               29
     10400            1.002               29
     10500            1.002               29
     10600            1.002               29
     10700            1.002               29
     10800            1.002               29
     10900            1.002               29
     11000            1.001               29
     11100            1.001               29
     11200            1.001               11
     11300            1.001               13
     11400            1.001               29
     11500            1.002               29
     11600            1.001               29
     11700            1.001               23
     11800            1.001               23
     11900            1.001               23
     12000            1.001               23
     12100            1.002               23
     12200            1.002               23
     12300            1.002               23
     12400            1.002               23
     12500            1.002               23
     12600            1.001               23
     12700            1.001               23
     12800            1.002               23
     12900            1.002               23
     13000            1.002               23
     13100            1.002               23
     13200            1.002               23
     13300            1.002               23
     13400            1.002               23
     13500            1.002               23
     13600            1.002               23
     13700            1.002               23
     13800            1.002               23
     13900            1.002               23
     14000            1.002               23
     14100            1.002               23
     14200            1.002               23
     14300            1.002               23
     14400            1.002               23
     14500            1.002               23
     14600            1.002               23
     14700            1.002               23
     14800            1.001               23
     14900            1.001               23
     15000            1.001               23
     15100            1.001               23
     15200            1.001               23
     15300            1.002               23
     15400            1.002               23
     15500            1.002               23
     15600            1.002               23
     15700            1.002               23
     15800            1.002               23
     15900            1.002               23
     16000            1.001               23
     16100            1.001               23
     16200            1.001               23
     16300            1.001               23
     16400            1.002               23
     16500            1.002               23
     16600            1.002               23
     16700            1.002               23
     16800            1.002               23
     16900            1.002               23
     17000            1.002               23
     17100            1.002               23
     17200            1.002               23
     17300            1.002               23
     17400            1.002               23
     17500            1.002               23
     17600            1.002               23
     17700            1.002               23
     17800            1.002               23
     17900            1.002               23
     18000            1.002               23
     18100            1.002               23
     18200            1.002               23
     18300            1.002               23
     18400            1.002               23
     18500            1.001               23
     18600            1.001               23
     18700            1.001               23
     18800            1.001               23
     18900            1.001               23
     19000            1.001               23
     19100            1.001               23
     19200            1.001               23
     19300            1.001               23
     19400            1.002               23
     19500            1.002               23
     19600            1.002               23
     19700            1.002               23
     19800            1.002               23
     19900            1.002               23
     20000            1.002               23
     20100            1.002               23
     20200            1.002               23
     20300            1.001               23
     20400            1.002               23
     20500            1.002               23
     20600            1.002               23
     20700            1.002               23
     20800            1.002               23
     20900            1.002               23
     21000            1.003               23
     21100            1.003               23
     21200            1.002               23
     21300            1.002               23
     21400            1.002               23
     21500            1.002               23
     21600            1.002               23
     21700            1.002               23
     21800            1.002               23
     21900            1.002               23
     22000            1.002               23
     22100            1.002               23
     22200            1.002               23
     22300            1.002               23
     22400            1.002               23
     22500            1.002               23
     22600            1.002               23
     22700            1.002               23
     22800            1.001               23
     22900            1.001               23
     23000            1.001               23
     23100            1.001               23
     23200            1.001               21
     23300            1.001               21
     23400            1.002               21
     23500            1.002               21
     23600            1.002               21
     23700            1.002               21
     23800            1.002               21
     23900            1.002               21
     24000            1.002               21
     24100            1.002               21
     24200            1.002               21
     24300            1.002               21
     24400            1.002               21
     24500            1.002               21
     24600            1.002               21
     24700            1.002               21
     24800            1.002               21
     24900            1.002               21
     25000            1.002               21
     25100            1.002               21
     25200            1.002               21
     25300            1.002               21
     25400            1.002               21
     25500            1.002               21
     25600            1.002               21
     25700            1.002               21
     25800            1.002               21
     25900            1.002               21
     26000            1.002               21
     26100            1.002               21
     26200            1.002               21
     26300            1.002               21
     26400            1.002               21
     26500            1.002               21
     26600            1.002               21
     26700            1.002               21
     26800            1.002               21
     26900            1.002               21
     27000            1.002               21
     27100            1.002               21
     27200            1.002               21
     27300            1.002               21
     27400            1.002               21
     27500            1.002               21
     27600            1.002               21
     27700            1.002               21
     27800            1.002               21
     27900            1.002               21
     28000            1.002               21
     28100            1.002               21
     28200            1.002               21
     28300            1.002               21
     28400            1.002               21
     28500            1.002               21
     28600            1.002               21
     28700            1.002               21
     28800            1.002               21
     28900            1.002               21
     29000            1.002               21
     29100            1.002               21
     29200            1.002               21
     29300            1.002               21
     29400            1.002               21
     29500            1.002               21
     29600            1.002               21
     29700            1.002               21
     29800            1.002               21
     29900            1.002               21
     30000            1.002               21
     30100            1.002               21
     30200            1.002               21
     30300            1.001               21
     30400            1.001               21
     30500            1.001               21
     30600            1.001               21
     30700            1.002               21
     30800            1.001               21
     30900            1.001               21
     31000            1.001               21
     31100            1.001               21
     31200            1.001               21
     31300            1.001               21
     31400            1.001               21
     31500            1.001               21
     31600            1.001               21
     31700            1.001               21
     31800            1.001               21
     31900            1.001               21
     32000            1.001               21
     32100            1.001               21
     32200            1.001               21
     32300            1.001               21
     32400            1.001               21
     32500            1.001               21
     32600            1.001               21
     32700            1.001               21
     32800            1.001               21
     32900            1.001               21
     33000            1.001               21
     33100            1.001               21
     33200            1.001               21
     33300            1.001               21
     33400            1.001               21
     33500            1.001               21
     33600            1.001               21
     33700            1.001               21
     33800            1.001               21
     33900            1.001               21
     34000            1.001               21
     34100            1.001               21
     34200            1.001               21
     34300            1.001               21
     34400            1.001               21
     34500            1.001               21
     34600            1.001               21
     34700            1.001               21
     34800            1.001               21
     34900            1.001               21
     35000            1.001               21


     Beginning Time:  19:39:51
        Ending Time:  19:40:10
       Elapsed Time:  00:00:19



MUTHEN & MUTHEN
3463 Stoner Ave.
Los Angeles, CA  90066

Tel: (310) 391-9971
Fax: (310) 391-8971
Web: www.StatModel.com
Support: Support@StatModel.com

Copyright (c) 1998-2019 Muthen & Muthen
