Mplus VERSION 8.4 (Mac)
MUTHEN & MUTHEN
06/01/2020   3:04 PM

INPUT INSTRUCTIONS

  TITLE:
  Extraversion, Antag, Consc combination
  DATA:
  FILE = "~/Data_Analysis/PD_Inhibition_DDM/Code/factor_structure/Combo_bsem_cfa.dat";

  VARIABLE:
  NAMES = subject EXHIB ENTITL DETACH MPS_spR MPS_scR MPS_agR AGG MISTRUST MPS_alR
       MANIP PROPER MPS_clR IMPUL MPS_tdR MPS_acR HDWK;
   MISSING=.;

      USEVARIABLES=EXHIB ENTITL DETACH MPS_spR MPS_scR
        MANIP p1 p2 p3 p4 p5;
      IDVARIABLE = subject;

  DEFINE:

      p1=MEAN(MISTRUST MPS_alR);
      p2=MEAN(PROPER MPS_tdR);
      p3=MEAN(MPS_clR IMPUL);
      p4=MEAN(MPS_acR HDWK);
      p5=MEAN(MPS_agR AGG);

  ANALYSIS:

      ESTIMATOR=BAYES;
      PROCESSORS=4;
      CHAINS=4;
      BITERATIONS=(35000);

  MODEL:

      agentic BY MPS_spR* EXHIB ENTITL;
      agentic@1;

      affiliat BY MPS_scR* DETACH;
      affiliat@1;

      antag BY p5* ! MPS_agR AGG
        p1        ! MISTRUST MPS_alR
        MANIP;
      antag@1;

      inhib BY
        p2*  !PROPER MPS_tdR
        p3   !MPS_clR IMPUL
        p4;  !MPS_acR HDWK;
      inhib@1;

      antag inhib agentic affiliat WITH
        antag inhib agentic affiliat;

  OUTPUT:

      TECH1 TECH8 STANDARDIZED MODINDICES (10);

  SAVEDATA:

      FILE = Combined_cfa_modela_fscores.dat;
      SAVE = FSCORES(5000);




*** WARNING in OUTPUT command
  MODINDICES option is not available for multiple imputation.
  Request for MODINDICES is ignored.
   1 WARNING(S) FOUND IN THE INPUT INSTRUCTIONS




Extraversion, Antag, Consc combination

SUMMARY OF ANALYSIS

Number of groups                                                 1
Number of observations                                         104

Number of dependent variables                                   11
Number of independent variables                                  0
Number of continuous latent variables                            4

Observed dependent variables

  Continuous
   EXHIB       ENTITL      DETACH      MPS_SPR     MPS_SCR     MANIP
   P1          P2          P3          P4          P5

Continuous latent variables
   AGENTIC     AFFILIAT    ANTAG       INHIB

Variables with special functions

  ID variable           SUBJECT

Estimator                                                    BAYES
Specifications for Bayesian Estimation
  Point estimate                                            MEDIAN
  Number of Markov chain Monte Carlo (MCMC) chains               4
  Random seed for the first chain                                0
  Starting value information                           UNPERTURBED
  Algorithm used for Markov chain Monte Carlo           GIBBS(PX1)
  Convergence criterion                                  0.500D-01
  Maximum number of iterations                               50000
  K-th iteration used for thinning                               1
Specifications for Bayes Factor Score Estimation
  Number of imputed data sets                                 5000
  Iteration intervals for thinning                               1

Input data file(s)
  ~/Data_Analysis/PD_Inhibition_DDM/Code/factor_structure/Combo_bsem_cfa.dat
Input data format  FREE


SUMMARY OF DATA



SUMMARY OF MISSING DATA PATTERNS

     Number of missing data patterns             1


     MISSING DATA PATTERNS (x = not missing)

           1
 EXHIB     x
 ENTITL    x
 DETACH    x
 MPS_SPR   x
 MPS_SCR   x
 MANIP     x
 P1        x
 P2        x
 P3        x
 P4        x
 P5        x


     MISSING DATA PATTERN FREQUENCIES

    Pattern   Frequency
          1         104


COVARIANCE COVERAGE OF DATA

Minimum covariance coverage value   0.100


     PROPORTION OF DATA PRESENT


           Covariance Coverage
              EXHIB         ENTITL        DETACH        MPS_SPR       MPS_SCR
              ________      ________      ________      ________      ________
 EXHIB          1.000
 ENTITL         1.000         1.000
 DETACH         1.000         1.000         1.000
 MPS_SPR        1.000         1.000         1.000         1.000
 MPS_SCR        1.000         1.000         1.000         1.000         1.000
 MANIP          1.000         1.000         1.000         1.000         1.000
 P1             1.000         1.000         1.000         1.000         1.000
 P2             1.000         1.000         1.000         1.000         1.000
 P3             1.000         1.000         1.000         1.000         1.000
 P4             1.000         1.000         1.000         1.000         1.000
 P5             1.000         1.000         1.000         1.000         1.000


           Covariance Coverage
              MANIP         P1            P2            P3            P4
              ________      ________      ________      ________      ________
 MANIP          1.000
 P1             1.000         1.000
 P2             1.000         1.000         1.000
 P3             1.000         1.000         1.000         1.000
 P4             1.000         1.000         1.000         1.000         1.000
 P5             1.000         1.000         1.000         1.000         1.000


           Covariance Coverage
              P5
              ________
 P5             1.000



UNIVARIATE SAMPLE STATISTICS


     UNIVARIATE HIGHER-ORDER MOMENT DESCRIPTIVE STATISTICS

         Variable/         Mean/     Skewness/   Minimum/ % with                Percentiles
        Sample Size      Variance    Kurtosis    Maximum  Min/Max      20%/60%    40%/80%    Median

     EXHIB                 0.000      -0.003      -1.771    4.81%      -1.023     -0.276     -0.026
             104.000       0.990      -0.957       1.968    1.92%       0.223      0.971
     ENTITL                0.000      -0.184      -2.089    0.96%      -1.024     -0.225      0.041
             104.000       0.990      -0.730       2.171    0.96%       0.307      0.840
     DETACH                0.000       1.200      -1.074    9.62%      -0.841     -0.373     -0.373
             104.000       0.990       0.758       3.133    0.96%      -0.139      0.796
     MPS_SPR               0.000      -0.635      -2.222    3.85%      -0.954     -0.003      0.155
             104.000       0.990      -0.513       1.582    2.88%       0.314      0.948
     MPS_SCR               0.000       1.387      -1.228    1.92%      -0.843     -0.459     -0.459
             104.000       0.990       1.216       3.003    2.88%      -0.074      0.695
     MANIP                 0.000       0.093      -1.701    6.73%      -0.898     -0.363      0.172
             104.000       0.990      -0.445       2.849    0.96%       0.440      0.708
     P1                    0.000       1.099      -1.197    4.81%      -0.860     -0.370     -0.128
             104.000       0.876       1.213       3.011    0.96%       0.043      0.603
     P2                    0.000      -0.143      -2.240    0.96%      -0.857     -0.225      0.051
             104.000       0.824      -0.647       1.749    0.96%       0.286      0.762
     P3                    0.000      -0.844      -2.672    0.96%      -0.788     -0.041      0.206
             104.000       0.883       0.243       1.396    0.96%       0.371      0.817
     P4                    0.000       0.046      -1.799    0.96%      -0.909     -0.304      0.005
             104.000       0.873      -0.967       1.783    0.96%       0.276      0.770
     P5                    0.000       1.049      -1.149    7.69%      -0.845     -0.463     -0.199
             104.000       0.881       0.891       3.259    0.96%       0.065      0.752


THE MODEL ESTIMATION TERMINATED NORMALLY

     USE THE FBITERATIONS OPTION TO INCREASE THE NUMBER OF ITERATIONS BY A FACTOR
     OF AT LEAST TWO TO CHECK CONVERGENCE AND THAT THE PSR VALUE DOES NOT INCREASE.



MODEL FIT INFORMATION

Number of Free Parameters                              39

Bayesian Posterior Predictive Checking using Chi-Square

          95% Confidence Interval for the Difference Between
          the Observed and the Replicated Chi-Square Values

                                 32.500           112.950

          Posterior Predictive P-Value              0.000

Information Criteria

          Deviance (DIC)                         2860.419
          Estimated Number of Parameters (pD)      44.665
          Bayesian (BIC)                         2950.675

RMSEA (Root Mean Square Error Of Approximation)

          Estimate                           0.144
          90 Percent C.I.                    0.122  0.174
          Probability RMSEA <= .05           0.000

CFI/TLI

          CFI                                0.844
          90 Percent C.I.                    0.772  0.887

          TLI                                0.735
          90 Percent C.I.                    0.612  0.808



MODEL RESULTS

                                Posterior  One-Tailed         95% C.I.
                    Estimate       S.D.      P-Value   Lower 2.5%  Upper 2.5%  Significance

 AGENTIC  BY
    MPS_SPR            0.779       0.099      0.000       0.591       0.981      *
    EXHIB              0.869       0.101      0.000       0.676       1.071      *
    ENTITL             0.453       0.111      0.000       0.238       0.675      *

 AFFILIAT BY
    MPS_SCR            0.880       0.079      0.000       0.734       1.046      *
    DETACH             0.997       0.071      0.000       0.861       1.140      *

 ANTAG    BY
    P5                 0.696       0.105      0.000       0.481       0.893      *
    P1                 0.628       0.098      0.000       0.438       0.823      *
    MANIP              0.802       0.109      0.000       0.581       1.006      *

 INHIB    BY
    P2                 0.547       0.161      0.006       0.127       0.810      *
    P3                 0.713       0.174      0.003       0.267       0.984      *
    P4                 0.388       0.152      0.024       0.005       0.642      *

 ANTAG    WITH
    INHIB             -0.251       0.207      0.071      -0.812       0.107
    AGENTIC            0.352       0.149      0.011       0.059       0.640      *
    AFFILIAT           0.493       0.129      0.000       0.246       0.755      *

 INHIB    WITH
    AGENTIC           -0.316       0.179      0.026      -0.746       0.005
    AFFILIAT           0.241       0.193      0.050      -0.085       0.637

 AGENTIC  WITH
    AFFILIAT          -0.447       0.106      0.000      -0.640      -0.222      *

 Intercepts
    EXHIB              0.001       0.101      0.495      -0.196       0.197
    ENTITL             0.000       0.101      0.499      -0.197       0.199
    DETACH            -0.002       0.100      0.493      -0.196       0.196
    MPS_SPR            0.001       0.100      0.494      -0.196       0.199
    MPS_SCR           -0.001       0.100      0.495      -0.195       0.195
    MANIP              0.000       0.101      0.500      -0.199       0.196
    P1                 0.000       0.095      0.499      -0.185       0.187
    P2                 0.000       0.092      0.498      -0.183       0.180
    P3                 0.000       0.095      0.500      -0.189       0.185
    P4                -0.001       0.095      0.497      -0.188       0.184
    P5                 0.000       0.095      0.499      -0.188       0.187

 Variances
    AGENTIC            1.000       0.000      0.000       1.000       1.000
    AFFILIAT           1.000       0.000      0.000       1.000       1.000
    ANTAG              1.000       0.000      0.000       1.000       1.000
    INHIB              1.000       0.000      0.000       1.000       1.000

 Residual Variances
    EXHIB              0.306       0.114      0.000       0.088       0.542      *
    ENTITL             0.836       0.130      0.000       0.628       1.137      *
    DETACH             0.075       0.052      0.000       0.006       0.198      *
    MPS_SPR            0.449       0.099      0.000       0.277       0.666      *
    MPS_SCR            0.289       0.057      0.000       0.188       0.411      *
    MANIP              0.413       0.117      0.000       0.225       0.684      *
    P1                 0.533       0.100      0.000       0.369       0.760      *
    P2                 0.570       0.151      0.000       0.305       0.914      *
    P3                 0.432       0.196      0.000       0.083       0.879      *
    P4                 0.764       0.134      0.000       0.544       1.070      *
    P5                 0.452       0.103      0.000       0.293       0.696      *


STANDARDIZED MODEL RESULTS


STDYX Standardization

                                Posterior  One-Tailed         95% C.I.
                    Estimate       S.D.      P-Value   Lower 2.5%  Upper 2.5%  Significance
 AGENTIC  BY
    MPS_SPR            0.758       0.063      0.000       0.617       0.864      *
    EXHIB              0.843       0.065      0.000       0.701       0.959      *
    ENTITL             0.444       0.094      0.000       0.240       0.609      *

 AFFILIAT BY
    MPS_SCR            0.854       0.034      0.000       0.780       0.912      *
    DETACH             0.965       0.026      0.000       0.900       0.997      *

 ANTAG    BY
    P5                 0.720       0.081      0.000       0.526       0.837      *
    P1                 0.652       0.076      0.000       0.480       0.779      *
    MANIP              0.781       0.076      0.000       0.600       0.892      *

 INHIB    BY
    P2                 0.587       0.158      0.006       0.137       0.812      *
    P3                 0.736       0.164      0.003       0.281       0.957      *
    P4                 0.406       0.149      0.024       0.005       0.625      *

 ANTAG    WITH
    INHIB             -0.251       0.207      0.071      -0.812       0.107
    AGENTIC            0.352       0.149      0.011       0.059       0.640      *
    AFFILIAT           0.493       0.129      0.000       0.246       0.755      *

 INHIB    WITH
    AGENTIC           -0.316       0.179      0.026      -0.746       0.005
    AFFILIAT           0.241       0.193      0.050      -0.085       0.637

 AGENTIC  WITH
    AFFILIAT          -0.447       0.106      0.000      -0.640      -0.222      *

 Intercepts
    EXHIB              0.001       0.097      0.495      -0.189       0.191
    ENTITL             0.000       0.097      0.499      -0.190       0.192
    DETACH            -0.002       0.095      0.493      -0.187       0.187
    MPS_SPR            0.001       0.097      0.494      -0.189       0.192
    MPS_SCR           -0.001       0.096      0.495      -0.187       0.187
    MANIP              0.000       0.097      0.500      -0.190       0.190
    P1                 0.000       0.097      0.499      -0.189       0.191
    P2                 0.000       0.098      0.498      -0.193       0.191
    P3                 0.000       0.098      0.500      -0.192       0.189
    P4                -0.001       0.098      0.497      -0.194       0.191
    P5                 0.000       0.097      0.499      -0.192       0.190

 Variances
    AGENTIC            1.000       0.000      0.000       1.000       1.000
    AFFILIAT           1.000       0.000      0.000       1.000       1.000
    ANTAG              1.000       0.000      0.000       1.000       1.000
    INHIB              1.000       0.000      0.000       1.000       1.000

 Residual Variances
    EXHIB              0.289       0.108      0.000       0.080       0.508      *
    ENTITL             0.803       0.081      0.000       0.630       0.942      *
    DETACH             0.069       0.049      0.000       0.006       0.189      *
    MPS_SPR            0.425       0.094      0.000       0.253       0.619      *
    MPS_SCR            0.272       0.057      0.000       0.168       0.391      *
    MANIP              0.390       0.112      0.000       0.204       0.640      *
    P1                 0.574       0.096      0.000       0.394       0.770      *
    P2                 0.656       0.157      0.000       0.341       0.981      *
    P3                 0.459       0.203      0.000       0.085       0.921      *
    P4                 0.835       0.102      0.000       0.609       0.997      *
    P5                 0.482       0.108      0.000       0.299       0.723      *


STDY Standardization

                                Posterior  One-Tailed         95% C.I.
                    Estimate       S.D.      P-Value   Lower 2.5%  Upper 2.5%  Significance
 AGENTIC  BY
    MPS_SPR            0.758       0.063      0.000       0.617       0.864      *
    EXHIB              0.843       0.065      0.000       0.701       0.959      *
    ENTITL             0.444       0.094      0.000       0.240       0.609      *

 AFFILIAT BY
    MPS_SCR            0.854       0.034      0.000       0.780       0.912      *
    DETACH             0.965       0.026      0.000       0.900       0.997      *

 ANTAG    BY
    P5                 0.720       0.081      0.000       0.526       0.837      *
    P1                 0.652       0.076      0.000       0.480       0.779      *
    MANIP              0.781       0.076      0.000       0.600       0.892      *

 INHIB    BY
    P2                 0.587       0.158      0.006       0.137       0.812      *
    P3                 0.736       0.164      0.003       0.281       0.957      *
    P4                 0.406       0.149      0.024       0.005       0.625      *

 ANTAG    WITH
    INHIB             -0.251       0.207      0.071      -0.812       0.107
    AGENTIC            0.352       0.149      0.011       0.059       0.640      *
    AFFILIAT           0.493       0.129      0.000       0.246       0.755      *

 INHIB    WITH
    AGENTIC           -0.316       0.179      0.026      -0.746       0.005
    AFFILIAT           0.241       0.193      0.050      -0.085       0.637

 AGENTIC  WITH
    AFFILIAT          -0.447       0.106      0.000      -0.640      -0.222      *

 Intercepts
    EXHIB              0.001       0.097      0.495      -0.189       0.191
    ENTITL             0.000       0.097      0.499      -0.190       0.192
    DETACH            -0.002       0.095      0.493      -0.187       0.187
    MPS_SPR            0.001       0.097      0.494      -0.189       0.192
    MPS_SCR           -0.001       0.096      0.495      -0.187       0.187
    MANIP              0.000       0.097      0.500      -0.190       0.190
    P1                 0.000       0.097      0.499      -0.189       0.191
    P2                 0.000       0.098      0.498      -0.193       0.191
    P3                 0.000       0.098      0.500      -0.192       0.189
    P4                -0.001       0.098      0.497      -0.194       0.191
    P5                 0.000       0.097      0.499      -0.192       0.190

 Variances
    AGENTIC            1.000       0.000      0.000       1.000       1.000
    AFFILIAT           1.000       0.000      0.000       1.000       1.000
    ANTAG              1.000       0.000      0.000       1.000       1.000
    INHIB              1.000       0.000      0.000       1.000       1.000

 Residual Variances
    EXHIB              0.289       0.108      0.000       0.080       0.508      *
    ENTITL             0.803       0.081      0.000       0.630       0.942      *
    DETACH             0.069       0.049      0.000       0.006       0.189      *
    MPS_SPR            0.425       0.094      0.000       0.253       0.619      *
    MPS_SCR            0.272       0.057      0.000       0.168       0.391      *
    MANIP              0.390       0.112      0.000       0.204       0.640      *
    P1                 0.574       0.096      0.000       0.394       0.770      *
    P2                 0.656       0.157      0.000       0.341       0.981      *
    P3                 0.459       0.203      0.000       0.085       0.921      *
    P4                 0.835       0.102      0.000       0.609       0.997      *
    P5                 0.482       0.108      0.000       0.299       0.723      *


STD Standardization

                                Posterior  One-Tailed         95% C.I.
                    Estimate       S.D.      P-Value   Lower 2.5%  Upper 2.5%  Significance
 AGENTIC  BY
    MPS_SPR            0.779       0.099      0.000       0.591       0.981      *
    EXHIB              0.869       0.101      0.000       0.676       1.071      *
    ENTITL             0.453       0.111      0.000       0.238       0.675      *

 AFFILIAT BY
    MPS_SCR            0.880       0.079      0.000       0.734       1.046      *
    DETACH             0.997       0.071      0.000       0.861       1.140      *

 ANTAG    BY
    P5                 0.696       0.105      0.000       0.481       0.893      *
    P1                 0.628       0.098      0.000       0.438       0.823      *
    MANIP              0.802       0.109      0.000       0.581       1.006      *

 INHIB    BY
    P2                 0.547       0.161      0.006       0.127       0.810      *
    P3                 0.713       0.174      0.003       0.267       0.984      *
    P4                 0.388       0.152      0.024       0.005       0.642      *

 ANTAG    WITH
    INHIB             -0.251       0.207      0.071      -0.812       0.107
    AGENTIC            0.352       0.149      0.011       0.059       0.640      *
    AFFILIAT           0.493       0.129      0.000       0.246       0.755      *

 INHIB    WITH
    AGENTIC           -0.316       0.179      0.026      -0.746       0.005
    AFFILIAT           0.241       0.193      0.050      -0.085       0.637

 AGENTIC  WITH
    AFFILIAT          -0.447       0.106      0.000      -0.640      -0.222      *

 Intercepts
    EXHIB              0.001       0.101      0.495      -0.196       0.197
    ENTITL             0.000       0.101      0.499      -0.197       0.199
    DETACH            -0.002       0.100      0.493      -0.196       0.196
    MPS_SPR            0.001       0.100      0.494      -0.196       0.199
    MPS_SCR           -0.001       0.100      0.495      -0.195       0.195
    MANIP              0.000       0.101      0.500      -0.199       0.196
    P1                 0.000       0.095      0.499      -0.185       0.187
    P2                 0.000       0.092      0.498      -0.183       0.180
    P3                 0.000       0.095      0.500      -0.189       0.185
    P4                -0.001       0.095      0.497      -0.188       0.184
    P5                 0.000       0.095      0.499      -0.188       0.187

 Variances
    AGENTIC            1.000       0.000      0.000       1.000       1.000
    AFFILIAT           1.000       0.000      0.000       1.000       1.000
    ANTAG              1.000       0.000      0.000       1.000       1.000
    INHIB              1.000       0.000      0.000       1.000       1.000

 Residual Variances
    EXHIB              0.306       0.114      0.000       0.088       0.542      *
    ENTITL             0.836       0.130      0.000       0.628       1.137      *
    DETACH             0.075       0.052      0.000       0.006       0.198      *
    MPS_SPR            0.449       0.099      0.000       0.277       0.666      *
    MPS_SCR            0.289       0.057      0.000       0.188       0.411      *
    MANIP              0.413       0.117      0.000       0.225       0.684      *
    P1                 0.533       0.100      0.000       0.369       0.760      *
    P2                 0.570       0.151      0.000       0.305       0.914      *
    P3                 0.432       0.196      0.000       0.083       0.879      *
    P4                 0.764       0.134      0.000       0.544       1.070      *
    P5                 0.452       0.103      0.000       0.293       0.696      *


R-SQUARE

                                Posterior  One-Tailed         95% C.I.
    Variable        Estimate       S.D.      P-Value   Lower 2.5%  Upper 2.5%

    EXHIB              0.711       0.108      0.000       0.492       0.920
    ENTITL             0.197       0.081      0.000       0.058       0.370
    DETACH             0.931       0.049      0.000       0.811       0.994
    MPS_SPR            0.575       0.094      0.000       0.380       0.747
    MPS_SCR            0.728       0.057      0.000       0.609       0.832
    MANIP              0.610       0.112      0.000       0.360       0.796
    P1                 0.426       0.096      0.000       0.230       0.606
    P2                 0.344       0.157      0.000       0.019       0.659
    P3                 0.541       0.203      0.000       0.079       0.915
    P4                 0.165       0.102      0.000       0.003       0.391
    P5                 0.518       0.108      0.000       0.277       0.701


TECHNICAL 1 OUTPUT


     PARAMETER SPECIFICATION


           NU
              EXHIB         ENTITL        DETACH        MPS_SPR       MPS_SCR
              ________      ________      ________      ________      ________
                    1             2             3             4             5


           NU
              MANIP         P1            P2            P3            P4
              ________      ________      ________      ________      ________
                    6             7             8             9            10


           NU
              P5
              ________
                   11


           LAMBDA
              AGENTIC       AFFILIAT      ANTAG         INHIB
              ________      ________      ________      ________
 EXHIB             12             0             0             0
 ENTITL            13             0             0             0
 DETACH             0            14             0             0
 MPS_SPR           15             0             0             0
 MPS_SCR            0            16             0             0
 MANIP              0             0            17             0
 P1                 0             0            18             0
 P2                 0             0             0            19
 P3                 0             0             0            20
 P4                 0             0             0            21
 P5                 0             0            22             0


           THETA
              EXHIB         ENTITL        DETACH        MPS_SPR       MPS_SCR
              ________      ________      ________      ________      ________
 EXHIB             23
 ENTITL             0            24
 DETACH             0             0            25
 MPS_SPR            0             0             0            26
 MPS_SCR            0             0             0             0            27
 MANIP              0             0             0             0             0
 P1                 0             0             0             0             0
 P2                 0             0             0             0             0
 P3                 0             0             0             0             0
 P4                 0             0             0             0             0
 P5                 0             0             0             0             0


           THETA
              MANIP         P1            P2            P3            P4
              ________      ________      ________      ________      ________
 MANIP             28
 P1                 0            29
 P2                 0             0            30
 P3                 0             0             0            31
 P4                 0             0             0             0            32
 P5                 0             0             0             0             0


           THETA
              P5
              ________
 P5                33


           ALPHA
              AGENTIC       AFFILIAT      ANTAG         INHIB
              ________      ________      ________      ________
                    0             0             0             0


           BETA
              AGENTIC       AFFILIAT      ANTAG         INHIB
              ________      ________      ________      ________
 AGENTIC            0             0             0             0
 AFFILIAT           0             0             0             0
 ANTAG              0             0             0             0
 INHIB              0             0             0             0


           PSI
              AGENTIC       AFFILIAT      ANTAG         INHIB
              ________      ________      ________      ________
 AGENTIC            0
 AFFILIAT          34             0
 ANTAG             35            36             0
 INHIB             37            38            39             0


     STARTING VALUES


           NU
              EXHIB         ENTITL        DETACH        MPS_SPR       MPS_SCR
              ________      ________      ________      ________      ________
                0.000         0.000         0.000         0.000         0.000


           NU
              MANIP         P1            P2            P3            P4
              ________      ________      ________      ________      ________
                0.000         0.000         0.000         0.000         0.000


           NU
              P5
              ________
                0.000


           LAMBDA
              AGENTIC       AFFILIAT      ANTAG         INHIB
              ________      ________      ________      ________
 EXHIB          1.000         0.000         0.000         0.000
 ENTITL         1.000         0.000         0.000         0.000
 DETACH         0.000         1.000         0.000         0.000
 MPS_SPR        1.000         0.000         0.000         0.000
 MPS_SCR        0.000         1.000         0.000         0.000
 MANIP          0.000         0.000         1.000         0.000
 P1             0.000         0.000         1.000         0.000
 P2             0.000         0.000         0.000         1.000
 P3             0.000         0.000         0.000         1.000
 P4             0.000         0.000         0.000         1.000
 P5             0.000         0.000         1.000         0.000


           THETA
              EXHIB         ENTITL        DETACH        MPS_SPR       MPS_SCR
              ________      ________      ________      ________      ________
 EXHIB          0.495
 ENTITL         0.000         0.495
 DETACH         0.000         0.000         0.495
 MPS_SPR        0.000         0.000         0.000         0.495
 MPS_SCR        0.000         0.000         0.000         0.000         0.495
 MANIP          0.000         0.000         0.000         0.000         0.000
 P1             0.000         0.000         0.000         0.000         0.000
 P2             0.000         0.000         0.000         0.000         0.000
 P3             0.000         0.000         0.000         0.000         0.000
 P4             0.000         0.000         0.000         0.000         0.000
 P5             0.000         0.000         0.000         0.000         0.000


           THETA
              MANIP         P1            P2            P3            P4
              ________      ________      ________      ________      ________
 MANIP          0.495
 P1             0.000         0.438
 P2             0.000         0.000         0.412
 P3             0.000         0.000         0.000         0.441
 P4             0.000         0.000         0.000         0.000         0.437
 P5             0.000         0.000         0.000         0.000         0.000


           THETA
              P5
              ________
 P5             0.441


           ALPHA
              AGENTIC       AFFILIAT      ANTAG         INHIB
              ________      ________      ________      ________
                0.000         0.000         0.000         0.000


           BETA
              AGENTIC       AFFILIAT      ANTAG         INHIB
              ________      ________      ________      ________
 AGENTIC        0.000         0.000         0.000         0.000
 AFFILIAT       0.000         0.000         0.000         0.000
 ANTAG          0.000         0.000         0.000         0.000
 INHIB          0.000         0.000         0.000         0.000


           PSI
              AGENTIC       AFFILIAT      ANTAG         INHIB
              ________      ________      ________      ________
 AGENTIC        1.000
 AFFILIAT       0.000         1.000
 ANTAG          0.000         0.000         1.000
 INHIB          0.000         0.000         0.000         1.000



     PRIORS FOR ALL PARAMETERS            PRIOR MEAN      PRIOR VARIANCE     PRIOR STD. DEV.

     Parameter 1~N(0.000,infinity)           0.0000            infinity            infinity
     Parameter 2~N(0.000,infinity)           0.0000            infinity            infinity
     Parameter 3~N(0.000,infinity)           0.0000            infinity            infinity
     Parameter 4~N(0.000,infinity)           0.0000            infinity            infinity
     Parameter 5~N(0.000,infinity)           0.0000            infinity            infinity
     Parameter 6~N(0.000,infinity)           0.0000            infinity            infinity
     Parameter 7~N(0.000,infinity)           0.0000            infinity            infinity
     Parameter 8~N(0.000,infinity)           0.0000            infinity            infinity
     Parameter 9~N(0.000,infinity)           0.0000            infinity            infinity
     Parameter 10~N(0.000,infinity)          0.0000            infinity            infinity
     Parameter 11~N(0.000,infinity)          0.0000            infinity            infinity
     Parameter 12~N(0.000,infinity)          0.0000            infinity            infinity
     Parameter 13~N(0.000,infinity)          0.0000            infinity            infinity
     Parameter 14~N(0.000,infinity)          0.0000            infinity            infinity
     Parameter 15~N(0.000,infinity)          0.0000            infinity            infinity
     Parameter 16~N(0.000,infinity)          0.0000            infinity            infinity
     Parameter 17~N(0.000,infinity)          0.0000            infinity            infinity
     Parameter 18~N(0.000,infinity)          0.0000            infinity            infinity
     Parameter 19~N(0.000,infinity)          0.0000            infinity            infinity
     Parameter 20~N(0.000,infinity)          0.0000            infinity            infinity
     Parameter 21~N(0.000,infinity)          0.0000            infinity            infinity
     Parameter 22~N(0.000,infinity)          0.0000            infinity            infinity
     Parameter 23~IG(-1.000,0.000)         infinity            infinity            infinity
     Parameter 24~IG(-1.000,0.000)         infinity            infinity            infinity
     Parameter 25~IG(-1.000,0.000)         infinity            infinity            infinity
     Parameter 26~IG(-1.000,0.000)         infinity            infinity            infinity
     Parameter 27~IG(-1.000,0.000)         infinity            infinity            infinity
     Parameter 28~IG(-1.000,0.000)         infinity            infinity            infinity
     Parameter 29~IG(-1.000,0.000)         infinity            infinity            infinity
     Parameter 30~IG(-1.000,0.000)         infinity            infinity            infinity
     Parameter 31~IG(-1.000,0.000)         infinity            infinity            infinity
     Parameter 32~IG(-1.000,0.000)         infinity            infinity            infinity
     Parameter 33~IG(-1.000,0.000)         infinity            infinity            infinity
     Parameter 34~IW(0.000,-5)
     Parameter 35~IW(0.000,-5)
     Parameter 36~IW(0.000,-5)
     Parameter 37~IW(0.000,-5)
     Parameter 38~IW(0.000,-5)
     Parameter 39~IW(0.000,-5)


TECHNICAL 8 OUTPUT


   TECHNICAL 8 OUTPUT FOR BAYES ESTIMATION

     CHAIN    BSEED
     1        0
     2        285380
     3        253358
     4        93468

                     POTENTIAL       PARAMETER WITH
     ITERATION    SCALE REDUCTION      HIGHEST PSR
     100              1.545               25
     200              1.192               31
     300              1.148               31
     400              1.302               25
     500              1.228               25
     600              1.164               31
     700              1.146               31
     800              1.110               31
     900              1.057               31
     1000             1.025               31
     1100             1.022               3
     1200             1.028               3
     1300             1.050               3
     1400             1.057               3
     1500             1.083               3
     1600             1.094               3
     1700             1.092               3
     1800             1.096               3
     1900             1.111               3
     2000             1.080               3
     2100             1.078               25
     2200             1.082               31
     2300             1.105               31
     2400             1.109               31
     2500             1.115               31
     2600             1.114               31
     2700             1.095               31
     2800             1.090               31
     2900             1.088               31
     3000             1.073               20
     3100             1.079               31
     3200             1.077               20
     3300             1.062               20
     3400             1.060               20
     3500             1.059               20
     3600             1.056               20
     3700             1.046               20
     3800             1.036               20
     3900             1.026               20
     4000             1.018               20
     4100             1.018               23
     4200             1.015               23
     4300             1.017               23
     4400             1.020               23
     4500             1.022               23
     4600             1.021               23
     4700             1.024               23
     4800             1.027               23
     4900             1.027               23
     5000             1.030               23
     5100             1.030               23
     5200             1.030               23
     5300             1.032               23
     5400             1.035               23
     5500             1.039               23
     5600             1.038               23
     5700             1.038               23
     5800             1.039               23
     5900             1.039               23
     6000             1.038               23
     6100             1.036               23
     6200             1.034               23
     6300             1.032               23
     6400             1.029               23
     6500             1.029               23
     6600             1.030               23
     6700             1.029               23
     6800             1.029               23
     6900             1.032               23
     7000             1.029               23
     7100             1.028               23
     7200             1.029               23
     7300             1.030               23
     7400             1.028               23
     7500             1.030               23
     7600             1.033               23
     7700             1.033               23
     7800             1.033               23
     7900             1.032               23
     8000             1.030               23
     8100             1.029               23
     8200             1.030               23
     8300             1.030               23
     8400             1.030               23
     8500             1.028               23
     8600             1.026               28
     8700             1.027               28
     8800             1.028               28
     8900             1.026               28
     9000             1.025               28
     9100             1.023               28
     9200             1.020               28
     9300             1.018               28
     9400             1.019               25
     9500             1.021               25
     9600             1.022               25
     9700             1.022               25
     9800             1.021               25
     9900             1.022               25
     10000            1.021               25
     10100            1.019               25
     10200            1.020               25
     10300            1.018               25
     10400            1.017               25
     10500            1.015               25
     10600            1.015               25
     10700            1.017               25
     10800            1.018               25
     10900            1.019               25
     11000            1.020               25
     11100            1.020               25
     11200            1.018               25
     11300            1.019               25
     11400            1.017               25
     11500            1.017               25
     11600            1.017               25
     11700            1.016               25
     11800            1.014               25
     11900            1.012               25
     12000            1.011               25
     12100            1.012               25
     12200            1.012               25
     12300            1.011               25
     12400            1.011               25
     12500            1.011               25
     12600            1.012               25
     12700            1.013               25
     12800            1.013               25
     12900            1.014               25
     13000            1.014               25
     13100            1.013               25
     13200            1.013               25
     13300            1.012               25
     13400            1.012               25
     13500            1.012               25
     13600            1.012               25
     13700            1.012               25
     13800            1.013               25
     13900            1.014               25
     14000            1.015               25
     14100            1.016               25
     14200            1.016               25
     14300            1.017               25
     14400            1.017               25
     14500            1.017               25
     14600            1.018               25
     14700            1.018               25
     14800            1.018               37
     14900            1.022               37
     15000            1.025               37
     15100            1.027               37
     15200            1.028               37
     15300            1.028               37
     15400            1.027               37
     15500            1.026               37
     15600            1.026               37
     15700            1.025               37
     15800            1.025               37
     15900            1.025               37
     16000            1.025               37
     16100            1.025               37
     16200            1.024               37
     16300            1.024               37
     16400            1.024               37
     16500            1.024               37
     16600            1.024               37
     16700            1.023               37
     16800            1.023               37
     16900            1.023               37
     17000            1.023               37
     17100            1.024               37
     17200            1.024               37
     17300            1.025               37
     17400            1.024               37
     17500            1.024               37
     17600            1.024               37
     17700            1.024               37
     17800            1.024               37
     17900            1.023               37
     18000            1.023               37
     18100            1.023               37
     18200            1.023               37
     18300            1.023               37
     18400            1.022               37
     18500            1.022               37
     18600            1.022               37
     18700            1.022               37
     18800            1.021               37
     18900            1.021               37
     19000            1.021               37
     19100            1.020               37
     19200            1.020               37
     19300            1.019               37
     19400            1.019               37
     19500            1.020               37
     19600            1.020               37
     19700            1.020               37
     19800            1.019               37
     19900            1.019               37
     20000            1.019               37
     20100            1.018               37
     20200            1.018               37
     20300            1.018               37
     20400            1.018               37
     20500            1.018               37
     20600            1.017               37
     20700            1.018               37
     20800            1.018               37
     20900            1.018               37
     21000            1.018               37
     21100            1.018               37
     21200            1.018               37
     21300            1.017               37
     21400            1.017               37
     21500            1.017               37
     21600            1.017               37
     21700            1.017               37
     21800            1.017               37
     21900            1.017               37
     22000            1.017               37
     22100            1.016               37
     22200            1.016               37
     22300            1.016               37
     22400            1.015               37
     22500            1.015               37
     22600            1.015               37
     22700            1.015               37
     22800            1.015               37
     22900            1.015               37
     23000            1.015               37
     23100            1.014               37
     23200            1.014               37
     23300            1.014               37
     23400            1.014               37
     23500            1.014               37
     23600            1.014               37
     23700            1.014               37
     23800            1.013               37
     23900            1.013               37
     24000            1.013               37
     24100            1.013               37
     24200            1.013               37
     24300            1.013               37
     24400            1.013               37
     24500            1.012               37
     24600            1.012               37
     24700            1.012               37
     24800            1.011               37
     24900            1.011               37
     25000            1.011               37
     25100            1.012               37
     25200            1.013               38
     25300            1.015               38
     25400            1.017               38
     25500            1.018               38
     25600            1.019               39
     25700            1.020               39
     25800            1.020               39
     25900            1.021               39
     26000            1.021               39
     26100            1.022               39
     26200            1.024               39
     26300            1.024               39
     26400            1.025               39
     26500            1.025               39
     26600            1.025               39
     26700            1.025               39
     26800            1.025               39
     26900            1.025               39
     27000            1.026               39
     27100            1.026               39
     27200            1.025               39
     27300            1.025               39
     27400            1.024               39
     27500            1.023               39
     27600            1.023               39
     27700            1.022               39
     27800            1.022               39
     27900            1.022               39
     28000            1.022               39
     28100            1.022               39
     28200            1.022               39
     28300            1.021               39
     28400            1.021               39
     28500            1.020               39
     28600            1.019               39
     28700            1.019               39
     28800            1.019               39
     28900            1.018               39
     29000            1.018               39
     29100            1.018               39
     29200            1.018               39
     29300            1.019               39
     29400            1.019               39
     29500            1.019               39
     29600            1.019               39
     29700            1.019               39
     29800            1.019               39
     29900            1.019               39
     30000            1.018               39
     30100            1.019               39
     30200            1.018               39
     30300            1.018               39
     30400            1.018               39
     30500            1.018               39
     30600            1.018               39
     30700            1.017               39
     30800            1.017               39
     30900            1.017               39
     31000            1.017               39
     31100            1.016               39
     31200            1.016               39
     31300            1.016               39
     31400            1.015               39
     31500            1.015               39
     31600            1.015               39
     31700            1.015               39
     31800            1.015               39
     31900            1.015               39
     32000            1.014               39
     32100            1.014               39
     32200            1.014               39
     32300            1.014               39
     32400            1.013               39
     32500            1.013               39
     32600            1.013               39
     32700            1.012               39
     32800            1.012               39
     32900            1.012               39
     33000            1.011               39
     33100            1.011               39
     33200            1.011               39
     33300            1.011               39
     33400            1.011               39
     33500            1.011               39
     33600            1.011               39
     33700            1.012               39
     33800            1.011               39
     33900            1.011               39
     34000            1.011               39
     34100            1.012               39
     34200            1.012               38
     34300            1.012               38
     34400            1.012               38
     34500            1.012               37
     34600            1.012               37
     34700            1.012               38
     34800            1.012               38
     34900            1.012               38
     35000            1.012               38


SUMMARIES OF PLAUSIBLE VALUES (N = NUMBER OF OBSERVATIONS * NUMBER OF IMPUTATIONS)


     SAMPLE STATISTICS


           Means
              AGENTIC       AFFILIAT      ANTAG         INHIB
              ________      ________      ________      ________
                0.004        -0.006         0.001        -0.001


           Covariances
              AGENTIC       AFFILIAT      ANTAG         INHIB
              ________      ________      ________      ________
 AGENTIC        0.928
 AFFILIAT      -0.405         0.915
 ANTAG          0.329         0.441         0.931
 INHIB         -0.272         0.214        -0.221         0.940


           Correlations
              AGENTIC       AFFILIAT      ANTAG         INHIB
              ________      ________      ________      ________
 AGENTIC        1.000
 AFFILIAT      -0.440         1.000
 ANTAG          0.353         0.478         1.000
 INHIB         -0.291         0.230        -0.236         1.000


SUMMARY OF PLAUSIBLE STANDARD DEVIATION (N = NUMBER OF OBSERVATIONS)


     SAMPLE STATISTICS


           Means
              AGENTIC_      AFFILIAT      ANTAG_SD      INHIB_SD
              ________      ________      ________      ________
                0.426         0.254         0.437         0.559


           Covariances
              AGENTIC_      AFFILIAT      ANTAG_SD      INHIB_SD
              ________      ________      ________      ________
 AGENTIC_       0.000
 AFFILIAT       0.000         0.000
 ANTAG_SD       0.000         0.000         0.001
 INHIB_SD       0.000         0.000         0.000         0.001


           Correlations
              AGENTIC_      AFFILIAT      ANTAG_SD      INHIB_SD
              ________      ________      ________      ________
 AGENTIC_       1.000
 AFFILIAT       0.307         1.000
 ANTAG_SD       0.670         0.446         1.000
 INHIB_SD       0.239         0.244         0.312         1.000


SAVEDATA INFORMATION


  Save file
    Combined_cfa_modela_fscores.dat

  Order and format of variables

    EXHIB                            F10.3
    ENTITL                           F10.3
    DETACH                           F10.3
    MPS_SPR                          F10.3
    MPS_SCR                          F10.3
    MANIP                            F10.3
    P1                               F10.3
    P2                               F10.3
    P3                               F10.3
    P4                               F10.3
    P5                               F10.3
    AGENTIC Mean                     F10.3
    AGENTIC Median                   F10.3
    AGENTIC Standard Deviation       F10.3
    AGENTIC 2.5% Value               F10.3
    AGENTIC 97.5% Value              F10.3
    AFFILIAT Mean                    F10.3
    AFFILIAT Median                  F10.3
    AFFILIAT Standard Deviation      F10.3
    AFFILIAT 2.5% Value              F10.3
    AFFILIAT 97.5% Value             F10.3
    ANTAG Mean                       F10.3
    ANTAG Median                     F10.3
    ANTAG Standard Deviation         F10.3
    ANTAG 2.5% Value                 F10.3
    ANTAG 97.5% Value                F10.3
    INHIB Mean                       F10.3
    INHIB Median                     F10.3
    INHIB Standard Deviation         F10.3
    INHIB 2.5% Value                 F10.3
    INHIB 97.5% Value                F10.3
    SUBJECT                          I4

  Save file format
    31F10.3 I4

  Save file record length    10000


     Beginning Time:  15:04:46
        Ending Time:  15:05:03
       Elapsed Time:  00:00:17



MUTHEN & MUTHEN
3463 Stoner Ave.
Los Angeles, CA  90066

Tel: (310) 391-9971
Fax: (310) 391-8971
Web: www.StatModel.com
Support: Support@StatModel.com

Copyright (c) 1998-2019 Muthen & Muthen
