Mplus VERSION 8.4
MUTHEN & MUTHEN
05/30/2020   1:06 PM

INPUT INSTRUCTIONS

  TITLE:
  Dominance BSEM CFA Parceled
  DATA:
  FILE = "~/Data_Analysis/PD_Inhibition_DDM/Code/factor_structure/Dom_bsem_cfa_parcel.dat";

  VARIABLE:
  NAMES = subject POSTEMP EXHIB ENTITL DETACH MPS_wbR MPS_spR MPS_scR;
   MISSING=.;

      USEVARIABLES=ENTITL DETACH MPS_scR p1 p2;
      IDVARIABLE = subject;

  DEFINE:

      p1 = MEAN(MPS_spR EXHIB);
      p2 = MEAN(POSTEMP MPS_wbR);

  ANALYSIS:

      ESTIMATOR=BAYES;
      PROCESSORS=4;
      CHAINS=4;
      BITERATIONS=(15000);

  MODEL:

      f1 BY p1* ENTITL p2;
      f1@1;
      f2 BY MPS_scR* DETACH;
      f2@1;
      f1 WITH f2;
      !DETACH@0;  !heywood case in MLR, okay in Bayes (force positive variance)

  OUTPUT:

      TECH1 TECH8 STANDARDIZED;

  SAVEDATA:

      FILE = Dom_bsem_cfa_parcel_fscores.dat;
      SAVE = FSCORES(5000);




INPUT READING TERMINATED NORMALLY




Dominance BSEM CFA Parceled

SUMMARY OF ANALYSIS

Number of groups                                                 1
Number of observations                                         104

Number of dependent variables                                    5
Number of independent variables                                  0
Number of continuous latent variables                            2

Observed dependent variables

  Continuous
   ENTITL      DETACH      MPS_SCR     P1          P2

Continuous latent variables
   F1          F2

Variables with special functions

  ID variable           SUBJECT

Estimator                                                    BAYES
Specifications for Bayesian Estimation
  Point estimate                                            MEDIAN
  Number of Markov chain Monte Carlo (MCMC) chains               4
  Random seed for the first chain                                0
  Starting value information                           UNPERTURBED
  Algorithm used for Markov chain Monte Carlo           GIBBS(PX1)
  Convergence criterion                                  0.500D-01
  Maximum number of iterations                               50000
  K-th iteration used for thinning                               1
Specifications for Bayes Factor Score Estimation
  Number of imputed data sets                                 5000
  Iteration intervals for thinning                               1

Input data file(s)
  ~/Data_Analysis/PD_Inhibition_DDM/Code/factor_structure/Dom_bsem_cfa_parcel.da
Input data format  FREE


SUMMARY OF DATA



SUMMARY OF MISSING DATA PATTERNS

     Number of missing data patterns             1


     MISSING DATA PATTERNS (x = not missing)

           1
 ENTITL    x
 DETACH    x
 MPS_SCR   x
 P1        x
 P2        x


     MISSING DATA PATTERN FREQUENCIES

    Pattern   Frequency
          1         104


COVARIANCE COVERAGE OF DATA

Minimum covariance coverage value   0.100


     PROPORTION OF DATA PRESENT


           Covariance Coverage
              ENTITL        DETACH        MPS_SCR       P1            P2
              ________      ________      ________      ________      ________
 ENTITL         1.000
 DETACH         1.000         1.000
 MPS_SCR        1.000         1.000         1.000
 P1             1.000         1.000         1.000         1.000
 P2             1.000         1.000         1.000         1.000         1.000



UNIVARIATE SAMPLE STATISTICS


     UNIVARIATE HIGHER-ORDER MOMENT DESCRIPTIVE STATISTICS

         Variable/         Mean/     Skewness/   Minimum/ % with                Percentiles
        Sample Size      Variance    Kurtosis    Maximum  Min/Max      20%/60%    40%/80%    Median

     ENTITL                0.000      -0.184      -2.089    0.96%      -1.024     -0.225      0.041
             104.000       0.990      -0.730       2.171    0.96%       0.307      0.840
     DETACH                0.000       1.200      -1.074    9.62%      -0.841     -0.373     -0.373
             104.000       0.990       0.758       3.133    0.96%      -0.139      0.796
     MPS_SCR               0.000       1.387      -1.228    1.92%      -0.843     -0.459     -0.459
             104.000       0.990       1.216       3.003    2.88%      -0.074      0.695
     P1                    0.000      -0.332      -1.997    0.96%      -0.864     -0.162      0.093
             104.000       0.818      -0.839       1.526    0.96%       0.336      0.835
     P2                    0.000      -0.878      -2.447    0.96%      -0.991      0.028      0.370
             104.000       0.888      -0.223       1.229    2.88%       0.530      0.712


THE MODEL ESTIMATION TERMINATED NORMALLY

     USE THE FBITERATIONS OPTION TO INCREASE THE NUMBER OF ITERATIONS BY A FACTOR
     OF AT LEAST TWO TO CHECK CONVERGENCE AND THAT THE PSR VALUE DOES NOT INCREASE.



MODEL FIT INFORMATION

Number of Free Parameters                              16

Bayesian Posterior Predictive Checking using Chi-Square

          95% Confidence Interval for the Difference Between
          the Observed and the Replicated Chi-Square Values

                                 -4.001            38.755

          Posterior Predictive P-Value              0.067

Information Criteria

          Deviance (DIC)                         1283.206
          Estimated Number of Parameters (pD)      16.745
          Bayesian (BIC)                         1323.172

RMSEA (Root Mean Square Error Of Approximation)

          Estimate                           0.198
          90 Percent C.I.                    0.113  0.311
          Probability RMSEA <= .05           0.002

CFI/TLI

          CFI                                0.933
          90 Percent C.I.                    0.835  0.978

          TLI                                0.794
          90 Percent C.I.                    0.493  0.933



MODEL RESULTS

                                Posterior  One-Tailed         95% C.I.
                    Estimate       S.D.      P-Value   Lower 2.5%  Upper 2.5%  Significance

 F1       BY
    P1                 0.579       0.125      0.000       0.313       0.817      *
    ENTITL             0.414       0.150      0.011       0.058       0.671      *
    P2                 0.711       0.130      0.000       0.439       0.953      *

 F2       BY
    MPS_SCR            0.863       0.083      0.000       0.712       1.036      *
    DETACH             1.005       0.077      0.000       0.861       1.160      *

 F1       WITH
    F2                -0.620       0.145      0.000      -0.990      -0.397      *

 Intercepts
    ENTITL             0.000       0.101      0.498      -0.197       0.197
    DETACH            -0.001       0.101      0.498      -0.199       0.195
    MPS_SCR            0.000       0.101      0.498      -0.197       0.199
    P1                 0.000       0.092      0.498      -0.178       0.180
    P2                 0.001       0.095      0.497      -0.187       0.190

 Variances
    F1                 1.000       0.000      0.000       1.000       1.000
    F2                 1.000       0.000      0.000       1.000       1.000

 Residual Variances
    ENTITL             0.863       0.148      0.000       0.625       1.205      *
    DETACH             0.036       0.045      0.000       0.001       0.162      *
    MPS_SCR            0.307       0.056      0.000       0.202       0.427      *
    P1                 0.520       0.130      0.000       0.291       0.807      *
    P2                 0.425       0.153      0.000       0.132       0.750      *


STANDARDIZED MODEL RESULTS


STDYX Standardization

                                Posterior  One-Tailed         95% C.I.
                    Estimate       S.D.      P-Value   Lower 2.5%  Upper 2.5%  Significance
 F1       BY
    P1                 0.627       0.117      0.000       0.348       0.819      *
    ENTITL             0.407       0.138      0.011       0.059       0.614      *
    P2                 0.737       0.113      0.000       0.473       0.929      *

 F2       BY
    MPS_SCR            0.842       0.035      0.000       0.767       0.903      *
    DETACH             0.983       0.023      0.000       0.917       1.000      *

 F1       WITH
    F2                -0.620       0.145      0.000      -0.990      -0.397      *

 Intercepts
    ENTITL             0.000       0.098      0.498      -0.191       0.191
    DETACH            -0.001       0.098      0.498      -0.195       0.190
    MPS_SCR            0.000       0.098      0.498      -0.191       0.194
    P1                 0.000       0.098      0.498      -0.191       0.193
    P2                 0.001       0.098      0.497      -0.191       0.194

 Variances
    F1                 1.000       0.000      0.000       1.000       1.000
    F2                 1.000       0.000      0.000       1.000       1.000

 Residual Variances
    ENTITL             0.834       0.098      0.000       0.623       0.995      *
    DETACH             0.035       0.044      0.000       0.001       0.160      *
    MPS_SCR            0.291       0.058      0.000       0.184       0.412      *
    P1                 0.607       0.139      0.000       0.329       0.879      *
    P2                 0.457       0.160      0.000       0.136       0.776      *


STDY Standardization

                                Posterior  One-Tailed         95% C.I.
                    Estimate       S.D.      P-Value   Lower 2.5%  Upper 2.5%  Significance
 F1       BY
    P1                 0.627       0.117      0.000       0.348       0.819      *
    ENTITL             0.407       0.138      0.011       0.059       0.614      *
    P2                 0.737       0.113      0.000       0.473       0.929      *

 F2       BY
    MPS_SCR            0.842       0.035      0.000       0.767       0.903      *
    DETACH             0.983       0.023      0.000       0.917       1.000      *

 F1       WITH
    F2                -0.620       0.145      0.000      -0.990      -0.397      *

 Intercepts
    ENTITL             0.000       0.098      0.498      -0.191       0.191
    DETACH            -0.001       0.098      0.498      -0.195       0.190
    MPS_SCR            0.000       0.098      0.498      -0.191       0.194
    P1                 0.000       0.098      0.498      -0.191       0.193
    P2                 0.001       0.098      0.497      -0.191       0.194

 Variances
    F1                 1.000       0.000      0.000       1.000       1.000
    F2                 1.000       0.000      0.000       1.000       1.000

 Residual Variances
    ENTITL             0.834       0.098      0.000       0.623       0.995      *
    DETACH             0.035       0.044      0.000       0.001       0.160      *
    MPS_SCR            0.291       0.058      0.000       0.184       0.412      *
    P1                 0.607       0.139      0.000       0.329       0.879      *
    P2                 0.457       0.160      0.000       0.136       0.776      *


STD Standardization

                                Posterior  One-Tailed         95% C.I.
                    Estimate       S.D.      P-Value   Lower 2.5%  Upper 2.5%  Significance
 F1       BY
    P1                 0.579       0.125      0.000       0.313       0.817      *
    ENTITL             0.414       0.150      0.011       0.058       0.671      *
    P2                 0.711       0.130      0.000       0.439       0.953      *

 F2       BY
    MPS_SCR            0.863       0.083      0.000       0.712       1.036      *
    DETACH             1.005       0.077      0.000       0.861       1.160      *

 F1       WITH
    F2                -0.620       0.145      0.000      -0.990      -0.397      *

 Intercepts
    ENTITL             0.000       0.101      0.498      -0.197       0.197
    DETACH            -0.001       0.101      0.498      -0.199       0.195
    MPS_SCR            0.000       0.101      0.498      -0.197       0.199
    P1                 0.000       0.092      0.498      -0.178       0.180
    P2                 0.001       0.095      0.497      -0.187       0.190

 Variances
    F1                 1.000       0.000      0.000       1.000       1.000
    F2                 1.000       0.000      0.000       1.000       1.000

 Residual Variances
    ENTITL             0.863       0.148      0.000       0.625       1.205      *
    DETACH             0.036       0.045      0.000       0.001       0.162      *
    MPS_SCR            0.307       0.056      0.000       0.202       0.427      *
    P1                 0.520       0.130      0.000       0.291       0.807      *
    P2                 0.425       0.153      0.000       0.132       0.750      *


R-SQUARE

                                Posterior  One-Tailed         95% C.I.
    Variable        Estimate       S.D.      P-Value   Lower 2.5%  Upper 2.5%

    ENTITL             0.166       0.098      0.000       0.005       0.376
    DETACH             0.965       0.044      0.000       0.840       0.999
    MPS_SCR            0.709       0.058      0.000       0.588       0.815
    P1                 0.393       0.139      0.000       0.121       0.671
    P2                 0.543       0.160      0.000       0.224       0.863


TECHNICAL 1 OUTPUT


     PARAMETER SPECIFICATION


           NU
              ENTITL        DETACH        MPS_SCR       P1            P2
              ________      ________      ________      ________      ________
                    1             2             3             4             5


           LAMBDA
              F1            F2
              ________      ________
 ENTITL             6             0
 DETACH             0             7
 MPS_SCR            0             8
 P1                 9             0
 P2                10             0


           THETA
              ENTITL        DETACH        MPS_SCR       P1            P2
              ________      ________      ________      ________      ________
 ENTITL            11
 DETACH             0            12
 MPS_SCR            0             0            13
 P1                 0             0             0            14
 P2                 0             0             0             0            15


           ALPHA
              F1            F2
              ________      ________
                    0             0


           BETA
              F1            F2
              ________      ________
 F1                 0             0
 F2                 0             0


           PSI
              F1            F2
              ________      ________
 F1                 0
 F2                16             0


     STARTING VALUES


           NU
              ENTITL        DETACH        MPS_SCR       P1            P2
              ________      ________      ________      ________      ________
                0.000         0.000         0.000         0.000         0.000


           LAMBDA
              F1            F2
              ________      ________
 ENTITL         1.000         0.000
 DETACH         0.000         1.000
 MPS_SCR        0.000         1.000
 P1             1.000         0.000
 P2             1.000         0.000


           THETA
              ENTITL        DETACH        MPS_SCR       P1            P2
              ________      ________      ________      ________      ________
 ENTITL         0.495
 DETACH         0.000         0.495
 MPS_SCR        0.000         0.000         0.495
 P1             0.000         0.000         0.000         0.409
 P2             0.000         0.000         0.000         0.000         0.444


           ALPHA
              F1            F2
              ________      ________
                0.000         0.000


           BETA
              F1            F2
              ________      ________
 F1             0.000         0.000
 F2             0.000         0.000


           PSI
              F1            F2
              ________      ________
 F1             1.000
 F2             0.000         1.000



     PRIORS FOR ALL PARAMETERS            PRIOR MEAN      PRIOR VARIANCE     PRIOR STD. DEV.

     Parameter 1~N(0.000,infinity)           0.0000            infinity            infinity
     Parameter 2~N(0.000,infinity)           0.0000            infinity            infinity
     Parameter 3~N(0.000,infinity)           0.0000            infinity            infinity
     Parameter 4~N(0.000,infinity)           0.0000            infinity            infinity
     Parameter 5~N(0.000,infinity)           0.0000            infinity            infinity
     Parameter 6~N(0.000,infinity)           0.0000            infinity            infinity
     Parameter 7~N(0.000,infinity)           0.0000            infinity            infinity
     Parameter 8~N(0.000,infinity)           0.0000            infinity            infinity
     Parameter 9~N(0.000,infinity)           0.0000            infinity            infinity
     Parameter 10~N(0.000,infinity)          0.0000            infinity            infinity
     Parameter 11~IG(-1.000,0.000)         infinity            infinity            infinity
     Parameter 12~IG(-1.000,0.000)         infinity            infinity            infinity
     Parameter 13~IG(-1.000,0.000)         infinity            infinity            infinity
     Parameter 14~IG(-1.000,0.000)         infinity            infinity            infinity
     Parameter 15~IG(-1.000,0.000)         infinity            infinity            infinity
     Parameter 16~IW(0.000,-3)


TECHNICAL 8 OUTPUT


   TECHNICAL 8 OUTPUT FOR BAYES ESTIMATION

     CHAIN    BSEED
     1        0
     2        285380
     3        253358
     4        93468

                     POTENTIAL       PARAMETER WITH
     ITERATION    SCALE REDUCTION      HIGHEST PSR
     100              1.488               14
     200              1.391               2
     300              1.210               12
     400              1.249               12
     500              1.114               12
     600              1.048               15
     700              1.050               14
     800              1.026               15
     900              1.018               2
     1000             1.021               7
     1100             1.030               15
     1200             1.027               12
     1300             1.024               12
     1400             1.041               2
     1500             1.059               2
     1600             1.047               2
     1700             1.067               2
     1800             1.077               2
     1900             1.052               2
     2000             1.033               2
     2100             1.036               2
     2200             1.039               6
     2300             1.061               16
     2400             1.090               16
     2500             1.106               16
     2600             1.099               16
     2700             1.095               16
     2800             1.088               16
     2900             1.085               16
     3000             1.087               16
     3100             1.085               16
     3200             1.079               16
     3300             1.079               16
     3400             1.080               16
     3500             1.093               16
     3600             1.117               16
     3700             1.129               16
     3800             1.152               16
     3900             1.164               16
     4000             1.167               16
     4100             1.147               16
     4200             1.122               16
     4300             1.103               16
     4400             1.079               16
     4500             1.061               16
     4600             1.049               16
     4700             1.041               16
     4800             1.033               16
     4900             1.025               16
     5000             1.024               16
     5100             1.023               16
     5200             1.021               16
     5300             1.020               16
     5400             1.018               16
     5500             1.017               16
     5600             1.016               16
     5700             1.017               16
     5800             1.017               16
     5900             1.015               16
     6000             1.014               16
     6100             1.013               16
     6200             1.013               16
     6300             1.014               16
     6400             1.015               16
     6500             1.015               16
     6600             1.015               15
     6700             1.016               16
     6800             1.020               16
     6900             1.021               16
     7000             1.014               16
     7100             1.011               16
     7200             1.008               14
     7300             1.009               14
     7400             1.010               14
     7500             1.008               12
     7600             1.008               14
     7700             1.007               14
     7800             1.006               14
     7900             1.006               14
     8000             1.005               12
     8100             1.008               12
     8200             1.010               12
     8300             1.011               12
     8400             1.012               12
     8500             1.013               12
     8600             1.012               12
     8700             1.011               12
     8800             1.011               12
     8900             1.011               12
     9000             1.012               12
     9100             1.012               12
     9200             1.014               12
     9300             1.014               12
     9400             1.013               12
     9500             1.012               12
     9600             1.012               12
     9700             1.015               12
     9800             1.019               12
     9900             1.020               12
     10000            1.019               12
     10100            1.019               12
     10200            1.018               12
     10300            1.018               12
     10400            1.018               12
     10500            1.018               12
     10600            1.020               12
     10700            1.020               12
     10800            1.022               12
     10900            1.023               12
     11000            1.025               12
     11100            1.024               12
     11200            1.022               12
     11300            1.020               12
     11400            1.016               12
     11500            1.017               12
     11600            1.017               12
     11700            1.018               12
     11800            1.017               12
     11900            1.016               12
     12000            1.016               12
     12100            1.018               12
     12200            1.020               12
     12300            1.024               12
     12400            1.023               12
     12500            1.022               12
     12600            1.021               12
     12700            1.020               12
     12800            1.021               12
     12900            1.022               12
     13000            1.023               12
     13100            1.022               12
     13200            1.022               12
     13300            1.024               12
     13400            1.023               12
     13500            1.024               12
     13600            1.025               12
     13700            1.024               12
     13800            1.023               12
     13900            1.023               12
     14000            1.022               12
     14100            1.022               12
     14200            1.023               12
     14300            1.024               12
     14400            1.023               12
     14500            1.024               12
     14600            1.025               12
     14700            1.023               12
     14800            1.024               12
     14900            1.024               12
     15000            1.023               12


SUMMARIES OF PLAUSIBLE VALUES (N = NUMBER OF OBSERVATIONS * NUMBER OF IMPUTATIONS)


     SAMPLE STATISTICS


           Means
              F1            F2
              ________      ________
               -0.001         0.000


           Covariances
              F1            F2
              ________      ________
 F1             0.958
 F2            -0.583         0.964


           Correlations
              F1            F2
              ________      ________
 F1             1.000
 F2            -0.607         1.000


SUMMARY OF PLAUSIBLE STANDARD DEVIATION (N = NUMBER OF OBSERVATIONS)


     SAMPLE STATISTICS


           Means
              F1_SD         F2_SD
              ________      ________
                0.529         0.245


           Covariances
              F1_SD         F2_SD
              ________      ________
 F1_SD          0.002
 F2_SD          0.000         0.000


           Correlations
              F1_SD         F2_SD
              ________      ________
 F1_SD          1.000
 F2_SD          0.339         1.000


SAVEDATA INFORMATION


  Save file
    Dom_bsem_cfa_parcel_fscores.dat

  Order and format of variables

    ENTITL                           F10.3
    DETACH                           F10.3
    MPS_SCR                          F10.3
    P1                               F10.3
    P2                               F10.3
    F1 Mean                          F10.3
    F1 Median                        F10.3
    F1 Standard Deviation            F10.3
    F1 2.5% Value                    F10.3
    F1 97.5% Value                   F10.3
    F2 Mean                          F10.3
    F2 Median                        F10.3
    F2 Standard Deviation            F10.3
    F2 2.5% Value                    F10.3
    F2 97.5% Value                   F10.3
    SUBJECT                          I4

  Save file format
    15F10.3 I4

  Save file record length    10000


DIAGRAM INFORMATION

  Use View Diagram under the Diagram menu in the Mplus Editor to view the diagram.
  If running Mplus from the Mplus Diagrammer, the diagram opens automatically.

  Diagram output
    c:\users\timot\documents\github\pd_inhibition_ddm\code\factor_structure\dom_bsem_cfa_parcel.dgm

     Beginning Time:  13:06:44
        Ending Time:  13:06:57
       Elapsed Time:  00:00:13



MUTHEN & MUTHEN
3463 Stoner Ave.
Los Angeles, CA  90066

Tel: (310) 391-9971
Fax: (310) 391-8971
Web: www.StatModel.com
Support: Support@StatModel.com

Copyright (c) 1998-2019 Muthen & Muthen
