Mplus VERSION 8.4 (Mac)
MUTHEN & MUTHEN
06/10/2020  11:55 AM

INPUT INSTRUCTIONS

  TITLE:
  Dominance BSEM CFA Model A amendment
  DATA:
  FILE = "~/Data_Analysis/PD_Inhibition_DDM/Code/factor_structure/Dom_bsem_cfa_modela.dat";

  VARIABLE:
  NAMES = subject EXHIB ENTITL DETACH MPS_spR MPS_scR;
   MISSING=.;

      USEVARIABLES=EXHIB ENTITL DETACH MPS_spR MPS_scR;
      IDVARIABLE = subject;

  ANALYSIS:

      ESTIMATOR=BAYES;
      PROCESSORS=4;
      CHAINS=4;
      BITERATIONS=(35000);

  MODEL:

      agentic BY MPS_spR* EXHIB ENTITL;
      agentic@1;

      affiliat BY MPS_scR* DETACH;
      affiliat@1;

      agentic WITH affiliat;

  OUTPUT:

      TECH1 TECH8 STANDARDIZED MODINDICES (10);

  SAVEDATA:

      FILE = Dom_bsem_cfa_modela_fscores.dat;
      SAVE = FSCORES(5000);




*** WARNING in OUTPUT command
  MODINDICES option is not available for multiple imputation.
  Request for MODINDICES is ignored.
   1 WARNING(S) FOUND IN THE INPUT INSTRUCTIONS




Dominance BSEM CFA Model A amendment

SUMMARY OF ANALYSIS

Number of groups                                                 1
Number of observations                                         104

Number of dependent variables                                    5
Number of independent variables                                  0
Number of continuous latent variables                            2

Observed dependent variables

  Continuous
   EXHIB       ENTITL      DETACH      MPS_SPR     MPS_SCR

Continuous latent variables
   AGENTIC     AFFILIAT

Variables with special functions

  ID variable           SUBJECT

Estimator                                                    BAYES
Specifications for Bayesian Estimation
  Point estimate                                            MEDIAN
  Number of Markov chain Monte Carlo (MCMC) chains               4
  Random seed for the first chain                                0
  Starting value information                           UNPERTURBED
  Algorithm used for Markov chain Monte Carlo           GIBBS(PX1)
  Convergence criterion                                  0.500D-01
  Maximum number of iterations                               50000
  K-th iteration used for thinning                               1
Specifications for Bayes Factor Score Estimation
  Number of imputed data sets                                 5000
  Iteration intervals for thinning                               1

Input data file(s)
  ~/Data_Analysis/PD_Inhibition_DDM/Code/factor_structure/Dom_bsem_cfa_modela.da
Input data format  FREE


SUMMARY OF DATA



SUMMARY OF MISSING DATA PATTERNS

     Number of missing data patterns             1


     MISSING DATA PATTERNS (x = not missing)

           1
 EXHIB     x
 ENTITL    x
 DETACH    x
 MPS_SPR   x
 MPS_SCR   x


     MISSING DATA PATTERN FREQUENCIES

    Pattern   Frequency
          1         104


COVARIANCE COVERAGE OF DATA

Minimum covariance coverage value   0.100


     PROPORTION OF DATA PRESENT


           Covariance Coverage
              EXHIB         ENTITL        DETACH        MPS_SPR       MPS_SCR
              ________      ________      ________      ________      ________
 EXHIB          1.000
 ENTITL         1.000         1.000
 DETACH         1.000         1.000         1.000
 MPS_SPR        1.000         1.000         1.000         1.000
 MPS_SCR        1.000         1.000         1.000         1.000         1.000



UNIVARIATE SAMPLE STATISTICS


     UNIVARIATE HIGHER-ORDER MOMENT DESCRIPTIVE STATISTICS

         Variable/         Mean/     Skewness/   Minimum/ % with                Percentiles
        Sample Size      Variance    Kurtosis    Maximum  Min/Max      20%/60%    40%/80%    Median

     EXHIB                 0.000      -0.003      -1.771    4.81%      -1.023     -0.276     -0.026
             104.000       0.990      -0.957       1.968    1.92%       0.223      0.971
     ENTITL                0.000      -0.184      -2.089    0.96%      -1.024     -0.225      0.041
             104.000       0.990      -0.730       2.171    0.96%       0.307      0.840
     DETACH                0.000       1.200      -1.074    9.62%      -0.841     -0.373     -0.373
             104.000       0.990       0.758       3.133    0.96%      -0.139      0.796
     MPS_SPR               0.000      -0.635      -2.222    3.85%      -0.954     -0.003      0.155
             104.000       0.990      -0.513       1.582    2.88%       0.314      0.948
     MPS_SCR               0.000       1.387      -1.228    1.92%      -0.843     -0.459     -0.459
             104.000       0.990       1.216       3.003    2.88%      -0.074      0.695


THE MODEL ESTIMATION TERMINATED NORMALLY

     USE THE FBITERATIONS OPTION TO INCREASE THE NUMBER OF ITERATIONS BY A FACTOR
     OF AT LEAST TWO TO CHECK CONVERGENCE AND THAT THE PSR VALUE DOES NOT INCREASE.



MODEL FIT INFORMATION

Number of Free Parameters                              16

Bayesian Posterior Predictive Checking using Chi-Square

          95% Confidence Interval for the Difference Between
          the Observed and the Replicated Chi-Square Values

                                -15.551            20.203

          Posterior Predictive P-Value              0.381

Information Criteria

          Deviance (DIC)                         1286.750
          Estimated Number of Parameters (pD)      14.784
          Bayesian (BIC)                         1330.580

RMSEA (Root Mean Square Error Of Approximation)

          Estimate                           0.063
          90 Percent C.I.                    0.000  0.161
          Probability RMSEA <= .05           0.446

CFI/TLI

          CFI                                0.990
          90 Percent C.I.                    0.934  1.000

          TLI                                0.980
          90 Percent C.I.                    0.873  1.000



MODEL RESULTS

                                Posterior  One-Tailed         95% C.I.
                    Estimate       S.D.      P-Value   Lower 2.5%  Upper 2.5%  Significance

 AGENTIC  BY
    MPS_SPR            0.727       0.101      0.000       0.539       0.937      *
    EXHIB              0.939       0.096      0.000       0.740       1.119      *
    ENTITL             0.452       0.106      0.000       0.251       0.668      *

 AFFILIAT BY
    MPS_SCR            0.863       0.085      0.000       0.712       1.045      *
    DETACH             0.985       0.077      0.000       0.840       1.141      *

 AGENTIC  WITH
    AFFILIAT          -0.438       0.095      0.000      -0.605      -0.235      *

 Intercepts
    EXHIB              0.000       0.100      0.499      -0.197       0.195
    ENTITL            -0.001       0.101      0.497      -0.200       0.197
    DETACH             0.000       0.103      0.499      -0.197       0.211
    MPS_SPR           -0.001       0.101      0.497      -0.198       0.197
    MPS_SCR            0.001       0.103      0.498      -0.199       0.206

 Variances
    AGENTIC            1.000       0.000      0.000       1.000       1.000
    AFFILIAT           1.000       0.000      0.000       1.000       1.000

 Residual Variances
    EXHIB              0.163       0.111      0.000       0.009       0.417      *
    ENTITL             0.833       0.127      0.000       0.628       1.125      *
    DETACH             0.053       0.061      0.000       0.002       0.227      *
    MPS_SPR            0.514       0.105      0.000       0.318       0.733      *
    MPS_SCR            0.294       0.067      0.000       0.150       0.417      *


STANDARDIZED MODEL RESULTS


STDYX Standardization

                                Posterior  One-Tailed         95% C.I.
                    Estimate       S.D.      P-Value   Lower 2.5%  Upper 2.5%  Significance
 AGENTIC  BY
    MPS_SPR            0.712       0.069      0.000       0.567       0.837      *
    EXHIB              0.920       0.060      0.000       0.771       0.996      *
    ENTITL             0.443       0.089      0.000       0.255       0.604      *

 AFFILIAT BY
    MPS_SCR            0.847       0.040      0.000       0.768       0.928      *
    DETACH             0.974       0.032      0.000       0.882       0.999      *

 AGENTIC  WITH
    AFFILIAT          -0.438       0.095      0.000      -0.605      -0.235      *

 Intercepts
    EXHIB              0.000       0.097      0.499      -0.191       0.188
    ENTITL            -0.001       0.098      0.497      -0.194       0.190
    DETACH             0.000       0.100      0.499      -0.192       0.204
    MPS_SPR           -0.001       0.098      0.497      -0.192       0.191
    MPS_SCR            0.001       0.100      0.498      -0.194       0.201

 Variances
    AGENTIC            1.000       0.000      0.000       1.000       1.000
    AFFILIAT           1.000       0.000      0.000       1.000       1.000

 Residual Variances
    EXHIB              0.154       0.107      0.000       0.009       0.405      *
    ENTITL             0.804       0.077      0.000       0.636       0.935      *
    DETACH             0.051       0.060      0.000       0.002       0.222      *
    MPS_SPR            0.494       0.097      0.000       0.299       0.679      *
    MPS_SCR            0.283       0.068      0.000       0.138       0.410      *


STDY Standardization

                                Posterior  One-Tailed         95% C.I.
                    Estimate       S.D.      P-Value   Lower 2.5%  Upper 2.5%  Significance
 AGENTIC  BY
    MPS_SPR            0.712       0.069      0.000       0.567       0.837      *
    EXHIB              0.920       0.060      0.000       0.771       0.996      *
    ENTITL             0.443       0.089      0.000       0.255       0.604      *

 AFFILIAT BY
    MPS_SCR            0.847       0.040      0.000       0.768       0.928      *
    DETACH             0.974       0.032      0.000       0.882       0.999      *

 AGENTIC  WITH
    AFFILIAT          -0.438       0.095      0.000      -0.605      -0.235      *

 Intercepts
    EXHIB              0.000       0.097      0.499      -0.191       0.188
    ENTITL            -0.001       0.098      0.497      -0.194       0.190
    DETACH             0.000       0.100      0.499      -0.192       0.204
    MPS_SPR           -0.001       0.098      0.497      -0.192       0.191
    MPS_SCR            0.001       0.100      0.498      -0.194       0.201

 Variances
    AGENTIC            1.000       0.000      0.000       1.000       1.000
    AFFILIAT           1.000       0.000      0.000       1.000       1.000

 Residual Variances
    EXHIB              0.154       0.107      0.000       0.009       0.405      *
    ENTITL             0.804       0.077      0.000       0.636       0.935      *
    DETACH             0.051       0.060      0.000       0.002       0.222      *
    MPS_SPR            0.494       0.097      0.000       0.299       0.679      *
    MPS_SCR            0.283       0.068      0.000       0.138       0.410      *


STD Standardization

                                Posterior  One-Tailed         95% C.I.
                    Estimate       S.D.      P-Value   Lower 2.5%  Upper 2.5%  Significance
 AGENTIC  BY
    MPS_SPR            0.727       0.101      0.000       0.539       0.937      *
    EXHIB              0.939       0.096      0.000       0.740       1.119      *
    ENTITL             0.452       0.106      0.000       0.251       0.668      *

 AFFILIAT BY
    MPS_SCR            0.863       0.085      0.000       0.712       1.045      *
    DETACH             0.985       0.077      0.000       0.840       1.141      *

 AGENTIC  WITH
    AFFILIAT          -0.438       0.095      0.000      -0.605      -0.235      *

 Intercepts
    EXHIB              0.000       0.100      0.499      -0.197       0.195
    ENTITL            -0.001       0.101      0.497      -0.200       0.197
    DETACH             0.000       0.103      0.499      -0.197       0.211
    MPS_SPR           -0.001       0.101      0.497      -0.198       0.197
    MPS_SCR            0.001       0.103      0.498      -0.199       0.206

 Variances
    AGENTIC            1.000       0.000      0.000       1.000       1.000
    AFFILIAT           1.000       0.000      0.000       1.000       1.000

 Residual Variances
    EXHIB              0.163       0.111      0.000       0.009       0.417      *
    ENTITL             0.833       0.127      0.000       0.628       1.125      *
    DETACH             0.053       0.061      0.000       0.002       0.227      *
    MPS_SPR            0.514       0.105      0.000       0.318       0.733      *
    MPS_SCR            0.294       0.067      0.000       0.150       0.417      *


R-SQUARE

                                Posterior  One-Tailed         95% C.I.
    Variable        Estimate       S.D.      P-Value   Lower 2.5%  Upper 2.5%

    EXHIB              0.846       0.107      0.000       0.595       0.991
    ENTITL             0.196       0.077      0.000       0.065       0.364
    DETACH             0.949       0.060      0.000       0.778       0.998
    MPS_SPR            0.506       0.097      0.000       0.321       0.701
    MPS_SCR            0.717       0.068      0.000       0.590       0.862


TECHNICAL 1 OUTPUT


     PARAMETER SPECIFICATION


           NU
              EXHIB         ENTITL        DETACH        MPS_SPR       MPS_SCR
              ________      ________      ________      ________      ________
                    1             2             3             4             5


           LAMBDA
              AGENTIC       AFFILIAT
              ________      ________
 EXHIB              6             0
 ENTITL             7             0
 DETACH             0             8
 MPS_SPR            9             0
 MPS_SCR            0            10


           THETA
              EXHIB         ENTITL        DETACH        MPS_SPR       MPS_SCR
              ________      ________      ________      ________      ________
 EXHIB             11
 ENTITL             0            12
 DETACH             0             0            13
 MPS_SPR            0             0             0            14
 MPS_SCR            0             0             0             0            15


           ALPHA
              AGENTIC       AFFILIAT
              ________      ________
                    0             0


           BETA
              AGENTIC       AFFILIAT
              ________      ________
 AGENTIC            0             0
 AFFILIAT           0             0


           PSI
              AGENTIC       AFFILIAT
              ________      ________
 AGENTIC            0
 AFFILIAT          16             0


     STARTING VALUES


           NU
              EXHIB         ENTITL        DETACH        MPS_SPR       MPS_SCR
              ________      ________      ________      ________      ________
                0.000         0.000         0.000         0.000         0.000


           LAMBDA
              AGENTIC       AFFILIAT
              ________      ________
 EXHIB          1.000         0.000
 ENTITL         1.000         0.000
 DETACH         0.000         1.000
 MPS_SPR        1.000         0.000
 MPS_SCR        0.000         1.000


           THETA
              EXHIB         ENTITL        DETACH        MPS_SPR       MPS_SCR
              ________      ________      ________      ________      ________
 EXHIB          0.495
 ENTITL         0.000         0.495
 DETACH         0.000         0.000         0.495
 MPS_SPR        0.000         0.000         0.000         0.495
 MPS_SCR        0.000         0.000         0.000         0.000         0.495


           ALPHA
              AGENTIC       AFFILIAT
              ________      ________
                0.000         0.000


           BETA
              AGENTIC       AFFILIAT
              ________      ________
 AGENTIC        0.000         0.000
 AFFILIAT       0.000         0.000


           PSI
              AGENTIC       AFFILIAT
              ________      ________
 AGENTIC        1.000
 AFFILIAT       0.000         1.000



     PRIORS FOR ALL PARAMETERS            PRIOR MEAN      PRIOR VARIANCE     PRIOR STD. DEV.

     Parameter 1~N(0.000,infinity)           0.0000            infinity            infinity
     Parameter 2~N(0.000,infinity)           0.0000            infinity            infinity
     Parameter 3~N(0.000,infinity)           0.0000            infinity            infinity
     Parameter 4~N(0.000,infinity)           0.0000            infinity            infinity
     Parameter 5~N(0.000,infinity)           0.0000            infinity            infinity
     Parameter 6~N(0.000,infinity)           0.0000            infinity            infinity
     Parameter 7~N(0.000,infinity)           0.0000            infinity            infinity
     Parameter 8~N(0.000,infinity)           0.0000            infinity            infinity
     Parameter 9~N(0.000,infinity)           0.0000            infinity            infinity
     Parameter 10~N(0.000,infinity)          0.0000            infinity            infinity
     Parameter 11~IG(-1.000,0.000)         infinity            infinity            infinity
     Parameter 12~IG(-1.000,0.000)         infinity            infinity            infinity
     Parameter 13~IG(-1.000,0.000)         infinity            infinity            infinity
     Parameter 14~IG(-1.000,0.000)         infinity            infinity            infinity
     Parameter 15~IG(-1.000,0.000)         infinity            infinity            infinity
     Parameter 16~IW(0.000,-3)


TECHNICAL 8 OUTPUT


   TECHNICAL 8 OUTPUT FOR BAYES ESTIMATION

     CHAIN    BSEED
     1        0
     2        285380
     3        253358
     4        93468

                     POTENTIAL       PARAMETER WITH
     ITERATION    SCALE REDUCTION      HIGHEST PSR
     100              1.820               11
     200              1.443               11
     300              1.358               11
     400              1.137               11
     500              1.068               11
     600              1.084               13
     700              1.082               13
     800              1.081               3
     900              1.067               3
     1000             1.047               3
     1100             1.021               3
     1200             1.035               3
     1300             1.037               13
     1400             1.049               11
     1500             1.089               11
     1600             1.140               11
     1700             1.124               11
     1800             1.138               11
     1900             1.134               11
     2000             1.089               11
     2100             1.090               11
     2200             1.109               11
     2300             1.108               11
     2400             1.089               11
     2500             1.087               11
     2600             1.083               11
     2700             1.080               11
     2800             1.075               11
     2900             1.060               11
     3000             1.063               11
     3100             1.044               11
     3200             1.034               11
     3300             1.024               11
     3400             1.021               13
     3500             1.022               13
     3600             1.016               13
     3700             1.014               3
     3800             1.017               3
     3900             1.014               3
     4000             1.016               3
     4100             1.015               3
     4200             1.018               3
     4300             1.016               3
     4400             1.013               3
     4500             1.011               3
     4600             1.008               3
     4700             1.007               3
     4800             1.007               13
     4900             1.008               13
     5000             1.006               13
     5100             1.006               1
     5200             1.008               11
     5300             1.013               11
     5400             1.014               11
     5500             1.013               11
     5600             1.010               11
     5700             1.009               11
     5800             1.009               11
     5900             1.010               11
     6000             1.009               11
     6100             1.009               11
     6200             1.011               11
     6300             1.014               11
     6400             1.016               11
     6500             1.018               11
     6600             1.015               11
     6700             1.013               11
     6800             1.016               11
     6900             1.014               11
     7000             1.012               11
     7100             1.012               13
     7200             1.011               11
     7300             1.010               11
     7400             1.012               11
     7500             1.015               11
     7600             1.018               11
     7700             1.017               11
     7800             1.015               11
     7900             1.013               11
     8000             1.011               11
     8100             1.010               11
     8200             1.010               11
     8300             1.008               11
     8400             1.008               11
     8500             1.007               11
     8600             1.006               11
     8700             1.006               11
     8800             1.006               8
     8900             1.006               8
     9000             1.006               8
     9100             1.007               11
     9200             1.006               11
     9300             1.006               11
     9400             1.006               11
     9500             1.005               11
     9600             1.005               11
     9700             1.004               8
     9800             1.004               11
     9900             1.003               11
     10000            1.004               11
     10100            1.005               11
     10200            1.005               11
     10300            1.005               11
     10400            1.005               11
     10500            1.006               11
     10600            1.007               11
     10700            1.007               11
     10800            1.007               11
     10900            1.006               11
     11000            1.007               11
     11100            1.006               11
     11200            1.007               11
     11300            1.006               11
     11400            1.005               11
     11500            1.004               11
     11600            1.003               11
     11700            1.003               11
     11800            1.004               11
     11900            1.004               11
     12000            1.004               11
     12100            1.005               11
     12200            1.005               11
     12300            1.005               11
     12400            1.006               11
     12500            1.006               11
     12600            1.006               11
     12700            1.007               11
     12800            1.008               11
     12900            1.008               11
     13000            1.008               11
     13100            1.008               11
     13200            1.007               11
     13300            1.008               11
     13400            1.009               11
     13500            1.009               11
     13600            1.009               11
     13700            1.008               11
     13800            1.008               11
     13900            1.007               11
     14000            1.007               11
     14100            1.006               11
     14200            1.006               11
     14300            1.005               11
     14400            1.005               11
     14500            1.005               11
     14600            1.005               11
     14700            1.005               11
     14800            1.005               11
     14900            1.005               11
     15000            1.005               13
     15100            1.005               13
     15200            1.004               13
     15300            1.004               11
     15400            1.005               11
     15500            1.005               11
     15600            1.004               11
     15700            1.005               11
     15800            1.004               11
     15900            1.005               11
     16000            1.005               13
     16100            1.005               13
     16200            1.005               13
     16300            1.005               13
     16400            1.005               13
     16500            1.004               13
     16600            1.004               13
     16700            1.005               13
     16800            1.005               13
     16900            1.005               13
     17000            1.005               13
     17100            1.005               13
     17200            1.005               13
     17300            1.005               13
     17400            1.005               13
     17500            1.005               13
     17600            1.005               11
     17700            1.005               11
     17800            1.005               11
     17900            1.005               11
     18000            1.004               11
     18100            1.005               13
     18200            1.004               3
     18300            1.005               3
     18400            1.005               3
     18500            1.005               3
     18600            1.005               3
     18700            1.004               11
     18800            1.004               3
     18900            1.004               3
     19000            1.005               3
     19100            1.005               11
     19200            1.005               3
     19300            1.005               3
     19400            1.006               3
     19500            1.006               3
     19600            1.006               3
     19700            1.006               3
     19800            1.006               3
     19900            1.006               11
     20000            1.006               11
     20100            1.006               11
     20200            1.006               11
     20300            1.007               11
     20400            1.007               11
     20500            1.007               11
     20600            1.007               11
     20700            1.006               11
     20800            1.006               11
     20900            1.006               3
     21000            1.006               3
     21100            1.007               3
     21200            1.007               3
     21300            1.007               3
     21400            1.007               3
     21500            1.006               3
     21600            1.006               3
     21700            1.005               3
     21800            1.005               3
     21900            1.005               3
     22000            1.005               3
     22100            1.005               3
     22200            1.006               3
     22300            1.006               3
     22400            1.006               3
     22500            1.006               3
     22600            1.006               3
     22700            1.006               13
     22800            1.005               13
     22900            1.005               3
     23000            1.005               3
     23100            1.005               3
     23200            1.006               3
     23300            1.006               3
     23400            1.005               3
     23500            1.005               3
     23600            1.005               3
     23700            1.005               3
     23800            1.005               3
     23900            1.005               3
     24000            1.005               3
     24100            1.005               3
     24200            1.006               3
     24300            1.006               3
     24400            1.006               3
     24500            1.006               3
     24600            1.006               3
     24700            1.006               11
     24800            1.006               11
     24900            1.006               11
     25000            1.006               3
     25100            1.006               3
     25200            1.005               3
     25300            1.005               11
     25400            1.005               3
     25500            1.005               3
     25600            1.005               3
     25700            1.005               3
     25800            1.005               3
     25900            1.005               3
     26000            1.005               3
     26100            1.005               3
     26200            1.005               3
     26300            1.004               3
     26400            1.004               13
     26500            1.005               13
     26600            1.005               13
     26700            1.005               13
     26800            1.004               13
     26900            1.004               13
     27000            1.005               13
     27100            1.005               13
     27200            1.005               13
     27300            1.005               13
     27400            1.005               13
     27500            1.005               13
     27600            1.005               13
     27700            1.005               13
     27800            1.005               13
     27900            1.005               13
     28000            1.005               13
     28100            1.004               13
     28200            1.004               13
     28300            1.004               13
     28400            1.004               13
     28500            1.003               13
     28600            1.003               13
     28700            1.004               13
     28800            1.004               13
     28900            1.004               13
     29000            1.004               13
     29100            1.004               13
     29200            1.003               13
     29300            1.003               13
     29400            1.003               13
     29500            1.004               13
     29600            1.004               13
     29700            1.004               13
     29800            1.004               13
     29900            1.004               13
     30000            1.004               13
     30100            1.004               13
     30200            1.004               13
     30300            1.003               13
     30400            1.003               13
     30500            1.003               13
     30600            1.003               13
     30700            1.003               13
     30800            1.003               13
     30900            1.004               13
     31000            1.004               13
     31100            1.004               13
     31200            1.004               13
     31300            1.004               13
     31400            1.004               13
     31500            1.004               13
     31600            1.005               13
     31700            1.005               13
     31800            1.005               13
     31900            1.005               13
     32000            1.006               13
     32100            1.006               13
     32200            1.005               13
     32300            1.006               13
     32400            1.006               13
     32500            1.006               13
     32600            1.006               13
     32700            1.006               13
     32800            1.005               13
     32900            1.005               13
     33000            1.006               13
     33100            1.006               13
     33200            1.006               13
     33300            1.006               13
     33400            1.007               13
     33500            1.007               13
     33600            1.006               13
     33700            1.006               13
     33800            1.006               13
     33900            1.006               13
     34000            1.006               13
     34100            1.006               13
     34200            1.006               13
     34300            1.007               13
     34400            1.006               13
     34500            1.006               13
     34600            1.006               13
     34700            1.006               13
     34800            1.006               13
     34900            1.006               13
     35000            1.007               13


SUMMARIES OF PLAUSIBLE VALUES (N = NUMBER OF OBSERVATIONS * NUMBER OF IMPUTATIONS)


     SAMPLE STATISTICS


           Means
              AGENTIC       AFFILIAT
              ________      ________
                0.014        -0.019


           Covariances
              AGENTIC       AFFILIAT
              ________      ________
 AGENTIC        0.959
 AFFILIAT      -0.420         0.953


           Correlations
              AGENTIC       AFFILIAT
              ________      ________
 AGENTIC        1.000
 AFFILIAT      -0.439         1.000


SUMMARY OF PLAUSIBLE STANDARD DEVIATION (N = NUMBER OF OBSERVATIONS)


     SAMPLE STATISTICS


           Means
              AGENTIC_      AFFILIAT
              ________      ________
                0.387         0.228


           Covariances
              AGENTIC_      AFFILIAT
              ________      ________
 AGENTIC_       0.001
 AFFILIAT       0.000         0.001


           Correlations
              AGENTIC_      AFFILIAT
              ________      ________
 AGENTIC_       1.000
 AFFILIAT       0.029         1.000


SAVEDATA INFORMATION


  Save file
    Dom_bsem_cfa_modela_fscores.dat

  Order and format of variables

    EXHIB                            F10.3
    ENTITL                           F10.3
    DETACH                           F10.3
    MPS_SPR                          F10.3
    MPS_SCR                          F10.3
    AGENTIC Mean                     F10.3
    AGENTIC Median                   F10.3
    AGENTIC Standard Deviation       F10.3
    AGENTIC 2.5% Value               F10.3
    AGENTIC 97.5% Value              F10.3
    AFFILIAT Mean                    F10.3
    AFFILIAT Median                  F10.3
    AFFILIAT Standard Deviation      F10.3
    AFFILIAT 2.5% Value              F10.3
    AFFILIAT 97.5% Value             F10.3
    SUBJECT                          I4

  Save file format
    15F10.3 I4

  Save file record length    10000


     Beginning Time:  11:55:26
        Ending Time:  11:55:36
       Elapsed Time:  00:00:10



MUTHEN & MUTHEN
3463 Stoner Ave.
Los Angeles, CA  90066

Tel: (310) 391-9971
Fax: (310) 391-8971
Web: www.StatModel.com
Support: Support@StatModel.com

Copyright (c) 1998-2019 Muthen & Muthen
