Mplus VERSION 8.4 (Mac)
MUTHEN & MUTHEN
06/10/2020  11:55 AM

INPUT INSTRUCTIONS

  TITLE:
  Dominance BSEM CFA
  DATA:
  FILE = "~/Data_Analysis/PD_Inhibition_DDM/Code/factor_structure/Dom_bsem_cfa.dat";

  VARIABLE:
  NAMES = subject POSTEMP EXHIB ENTITL DETACH MPS_wbR MPS_spR MPS_scR;
   MISSING=.;

      USEVARIABLES=POSTEMP EXHIB ENTITL DETACH MPS_wbR MPS_spR MPS_scR;
      IDVARIABLE = subject;

  ANALYSIS:

      ESTIMATOR=BAYES;
      PROCESSORS=4;
      CHAINS=4;
      BITERATIONS=(15000);

  MODEL:

      agentic BY MPS_spR* EXHIB ENTITL POSTEMP MPS_wbR;
      agentic@1;

      affiliat BY MPS_scR* DETACH;
      affiliat@1;

      agentic WITH affiliat;

      MPS_SPR WITH EXHIB;
      !DETACH@0;  !heywood case in MLR, okay in Bayes (force positive variance)

  OUTPUT:

      TECH1 TECH8 STANDARDIZED MODINDICES (10);

  SAVEDATA:

      FILE = Dom_bsem_cfa_fscores.dat;
      SAVE = FSCORES(5000);




*** WARNING in OUTPUT command
  MODINDICES option is not available for multiple imputation.
  Request for MODINDICES is ignored.
   1 WARNING(S) FOUND IN THE INPUT INSTRUCTIONS




Dominance BSEM CFA

SUMMARY OF ANALYSIS

Number of groups                                                 1
Number of observations                                         104

Number of dependent variables                                    7
Number of independent variables                                  0
Number of continuous latent variables                            2

Observed dependent variables

  Continuous
   POSTEMP     EXHIB       ENTITL      DETACH      MPS_WBR     MPS_SPR
   MPS_SCR

Continuous latent variables
   AGENTIC     AFFILIAT

Variables with special functions

  ID variable           SUBJECT

Estimator                                                    BAYES
Specifications for Bayesian Estimation
  Point estimate                                            MEDIAN
  Number of Markov chain Monte Carlo (MCMC) chains               4
  Random seed for the first chain                                0
  Starting value information                           UNPERTURBED
  Algorithm used for Markov chain Monte Carlo           GIBBS(PX1)
  Convergence criterion                                  0.500D-01
  Maximum number of iterations                               50000
  K-th iteration used for thinning                               1
Specifications for Bayes Factor Score Estimation
  Number of imputed data sets                                 5000
  Iteration intervals for thinning                               1

Input data file(s)
  ~/Data_Analysis/PD_Inhibition_DDM/Code/factor_structure/Dom_bsem_cfa.dat
Input data format  FREE


SUMMARY OF DATA



SUMMARY OF MISSING DATA PATTERNS

     Number of missing data patterns             1


     MISSING DATA PATTERNS (x = not missing)

           1
 POSTEMP   x
 EXHIB     x
 ENTITL    x
 DETACH    x
 MPS_WBR   x
 MPS_SPR   x
 MPS_SCR   x


     MISSING DATA PATTERN FREQUENCIES

    Pattern   Frequency
          1         104


COVARIANCE COVERAGE OF DATA

Minimum covariance coverage value   0.100


     PROPORTION OF DATA PRESENT


           Covariance Coverage
              POSTEMP       EXHIB         ENTITL        DETACH        MPS_WBR
              ________      ________      ________      ________      ________
 POSTEMP        1.000
 EXHIB          1.000         1.000
 ENTITL         1.000         1.000         1.000
 DETACH         1.000         1.000         1.000         1.000
 MPS_WBR        1.000         1.000         1.000         1.000         1.000
 MPS_SPR        1.000         1.000         1.000         1.000         1.000
 MPS_SCR        1.000         1.000         1.000         1.000         1.000


           Covariance Coverage
              MPS_SPR       MPS_SCR
              ________      ________
 MPS_SPR        1.000
 MPS_SCR        1.000         1.000



UNIVARIATE SAMPLE STATISTICS


     UNIVARIATE HIGHER-ORDER MOMENT DESCRIPTIVE STATISTICS

         Variable/         Mean/     Skewness/   Minimum/ % with                Percentiles
        Sample Size      Variance    Kurtosis    Maximum  Min/Max      20%/60%    40%/80%    Median

     POSTEMP               0.000      -0.680      -2.499    0.96%      -0.927     -0.054      0.208
             104.000       0.990      -0.404       1.344    8.65%       0.470      0.820
     EXHIB                 0.000      -0.003      -1.771    4.81%      -1.023     -0.276     -0.026
             104.000       0.990      -0.957       1.968    1.92%       0.223      0.971
     ENTITL                0.000      -0.184      -2.089    0.96%      -1.024     -0.225      0.041
             104.000       0.990      -0.730       2.171    0.96%       0.307      0.840
     DETACH                0.000       1.200      -1.074    9.62%      -0.841     -0.373     -0.373
             104.000       0.990       0.758       3.133    0.96%      -0.139      0.796
     MPS_WBR               0.000      -0.922      -2.569    2.88%      -1.230      0.109      0.444
             104.000       0.990      -0.126       1.114   15.38%       0.444      0.779
     MPS_SPR               0.000      -0.635      -2.222    3.85%      -0.954     -0.003      0.155
             104.000       0.990      -0.513       1.582    2.88%       0.314      0.948
     MPS_SCR               0.000       1.387      -1.228    1.92%      -0.843     -0.459     -0.459
             104.000       0.990       1.216       3.003    2.88%      -0.074      0.695


THE MODEL ESTIMATION TERMINATED NORMALLY

     USE THE FBITERATIONS OPTION TO INCREASE THE NUMBER OF ITERATIONS BY A FACTOR
     OF AT LEAST TWO TO CHECK CONVERGENCE AND THAT THE PSR VALUE DOES NOT INCREASE.



MODEL FIT INFORMATION

Number of Free Parameters                              23

Bayesian Posterior Predictive Checking using Chi-Square

          95% Confidence Interval for the Difference Between
          the Observed and the Replicated Chi-Square Values

                                 -6.374            38.178

          Posterior Predictive P-Value              0.084

Information Criteria

          Deviance (DIC)                         1757.377
          Estimated Number of Parameters (pD)      22.021
          Bayesian (BIC)                         1819.135

RMSEA (Root Mean Square Error Of Approximation)

          Estimate                           0.110
          90 Percent C.I.                    0.066  0.151
          Probability RMSEA <= .05           0.011

CFI/TLI

          CFI                                0.954
          90 Percent C.I.                    0.914  0.983

          TLI                                0.926
          90 Percent C.I.                    0.860  0.973



MODEL RESULTS

                                Posterior  One-Tailed         95% C.I.
                    Estimate       S.D.      P-Value   Lower 2.5%  Upper 2.5%  Significance

 AGENTIC  BY
    MPS_SPR            0.464       0.105      0.000       0.264       0.680      *
    EXHIB              0.468       0.105      0.000       0.269       0.682      *
    ENTITL             0.366       0.107      0.000       0.163       0.582      *
    POSTEMP            0.937       0.086      0.000       0.780       1.116      *
    MPS_WBR            0.891       0.087      0.000       0.732       1.072      *

 AFFILIAT BY
    MPS_SCR            0.865       0.084      0.000       0.716       1.047      *
    DETACH             0.992       0.075      0.000       0.852       1.148      *

 AGENTIC  WITH
    AFFILIAT          -0.556       0.080      0.000      -0.693      -0.380      *

 MPS_SPR  WITH
    EXHIB              0.471       0.106      0.000       0.298       0.712      *

 Intercepts
    POSTEMP            0.004       0.103      0.486      -0.199       0.203
    EXHIB              0.001       0.102      0.498      -0.201       0.200
    ENTITL             0.001       0.102      0.498      -0.199       0.201
    DETACH            -0.005       0.105      0.480      -0.207       0.206
    MPS_WBR            0.003       0.103      0.487      -0.201       0.203
    MPS_SPR            0.001       0.103      0.496      -0.202       0.203
    MPS_SCR           -0.003       0.104      0.486      -0.202       0.203

 Variances
    AGENTIC            1.000       0.000      0.000       1.000       1.000
    AFFILIAT           1.000       0.000      0.000       1.000       1.000

 Residual Variances
    POSTEMP            0.182       0.072      0.000       0.049       0.329      *
    EXHIB              0.837       0.129      0.000       0.633       1.138      *
    ENTITL             0.906       0.136      0.000       0.690       1.218      *
    DETACH             0.050       0.053      0.000       0.002       0.199      *
    MPS_WBR            0.266       0.071      0.000       0.137       0.417      *
    MPS_SPR            0.842       0.128      0.000       0.640       1.139      *
    MPS_SCR            0.297       0.061      0.000       0.175       0.418      *


STANDARDIZED MODEL RESULTS


STDYX Standardization

                                Posterior  One-Tailed         95% C.I.
                    Estimate       S.D.      P-Value   Lower 2.5%  Upper 2.5%  Significance
 AGENTIC  BY
    MPS_SPR            0.451       0.086      0.000       0.266       0.605      *
    EXHIB              0.456       0.087      0.000       0.272       0.610      *
    ENTITL             0.359       0.094      0.000       0.162       0.530      *
    POSTEMP            0.911       0.039      0.000       0.824       0.978      *
    MPS_WBR            0.866       0.041      0.000       0.777       0.936      *

 AFFILIAT BY
    MPS_SCR            0.846       0.038      0.000       0.769       0.916      *
    DETACH             0.976       0.027      0.000       0.899       0.999      *

 AGENTIC  WITH
    AFFILIAT          -0.556       0.080      0.000      -0.693      -0.380      *

 MPS_SPR  WITH
    EXHIB              0.565       0.071      0.000       0.408       0.688      *

 Intercepts
    POSTEMP            0.004       0.099      0.486      -0.192       0.196
    EXHIB              0.001       0.098      0.498      -0.194       0.191
    ENTITL             0.001       0.099      0.498      -0.193       0.195
    DETACH            -0.005       0.102      0.480      -0.199       0.202
    MPS_WBR            0.003       0.099      0.487      -0.193       0.196
    MPS_SPR            0.001       0.099      0.496      -0.194       0.195
    MPS_SCR           -0.003       0.101      0.486      -0.196       0.195

 Variances
    AGENTIC            1.000       0.000      0.000       1.000       1.000
    AFFILIAT           1.000       0.000      0.000       1.000       1.000

 Residual Variances
    POSTEMP            0.171       0.071      0.000       0.044       0.321      *
    EXHIB              0.792       0.077      0.000       0.628       0.926      *
    ENTITL             0.871       0.066      0.000       0.719       0.974      *
    DETACH             0.047       0.051      0.000       0.002       0.192      *
    MPS_WBR            0.251       0.070      0.000       0.124       0.397      *
    MPS_SPR            0.796       0.076      0.000       0.634       0.929      *
    MPS_SCR            0.284       0.063      0.000       0.161       0.409      *


STDY Standardization

                                Posterior  One-Tailed         95% C.I.
                    Estimate       S.D.      P-Value   Lower 2.5%  Upper 2.5%  Significance
 AGENTIC  BY
    MPS_SPR            0.451       0.086      0.000       0.266       0.605      *
    EXHIB              0.456       0.087      0.000       0.272       0.610      *
    ENTITL             0.359       0.094      0.000       0.162       0.530      *
    POSTEMP            0.911       0.039      0.000       0.824       0.978      *
    MPS_WBR            0.866       0.041      0.000       0.777       0.936      *

 AFFILIAT BY
    MPS_SCR            0.846       0.038      0.000       0.769       0.916      *
    DETACH             0.976       0.027      0.000       0.899       0.999      *

 AGENTIC  WITH
    AFFILIAT          -0.556       0.080      0.000      -0.693      -0.380      *

 MPS_SPR  WITH
    EXHIB              0.565       0.071      0.000       0.408       0.688      *

 Intercepts
    POSTEMP            0.004       0.099      0.486      -0.192       0.196
    EXHIB              0.001       0.098      0.498      -0.194       0.191
    ENTITL             0.001       0.099      0.498      -0.193       0.195
    DETACH            -0.005       0.102      0.480      -0.199       0.202
    MPS_WBR            0.003       0.099      0.487      -0.193       0.196
    MPS_SPR            0.001       0.099      0.496      -0.194       0.195
    MPS_SCR           -0.003       0.101      0.486      -0.196       0.195

 Variances
    AGENTIC            1.000       0.000      0.000       1.000       1.000
    AFFILIAT           1.000       0.000      0.000       1.000       1.000

 Residual Variances
    POSTEMP            0.171       0.071      0.000       0.044       0.321      *
    EXHIB              0.792       0.077      0.000       0.628       0.926      *
    ENTITL             0.871       0.066      0.000       0.719       0.974      *
    DETACH             0.047       0.051      0.000       0.002       0.192      *
    MPS_WBR            0.251       0.070      0.000       0.124       0.397      *
    MPS_SPR            0.796       0.076      0.000       0.634       0.929      *
    MPS_SCR            0.284       0.063      0.000       0.161       0.409      *


STD Standardization

                                Posterior  One-Tailed         95% C.I.
                    Estimate       S.D.      P-Value   Lower 2.5%  Upper 2.5%  Significance
 AGENTIC  BY
    MPS_SPR            0.464       0.105      0.000       0.264       0.680      *
    EXHIB              0.468       0.105      0.000       0.269       0.682      *
    ENTITL             0.366       0.107      0.000       0.163       0.582      *
    POSTEMP            0.937       0.086      0.000       0.780       1.116      *
    MPS_WBR            0.891       0.087      0.000       0.732       1.072      *

 AFFILIAT BY
    MPS_SCR            0.865       0.084      0.000       0.716       1.047      *
    DETACH             0.992       0.075      0.000       0.852       1.148      *

 AGENTIC  WITH
    AFFILIAT          -0.556       0.080      0.000      -0.693      -0.380      *

 MPS_SPR  WITH
    EXHIB              0.471       0.106      0.000       0.298       0.712      *

 Intercepts
    POSTEMP            0.004       0.103      0.486      -0.199       0.203
    EXHIB              0.001       0.102      0.498      -0.201       0.200
    ENTITL             0.001       0.102      0.498      -0.199       0.201
    DETACH            -0.005       0.105      0.480      -0.207       0.206
    MPS_WBR            0.003       0.103      0.487      -0.201       0.203
    MPS_SPR            0.001       0.103      0.496      -0.202       0.203
    MPS_SCR           -0.003       0.104      0.486      -0.202       0.203

 Variances
    AGENTIC            1.000       0.000      0.000       1.000       1.000
    AFFILIAT           1.000       0.000      0.000       1.000       1.000

 Residual Variances
    POSTEMP            0.182       0.072      0.000       0.049       0.329      *
    EXHIB              0.837       0.129      0.000       0.633       1.138      *
    ENTITL             0.906       0.136      0.000       0.690       1.218      *
    DETACH             0.050       0.053      0.000       0.002       0.199      *
    MPS_WBR            0.266       0.071      0.000       0.137       0.417      *
    MPS_SPR            0.842       0.128      0.000       0.640       1.139      *
    MPS_SCR            0.297       0.061      0.000       0.175       0.418      *


R-SQUARE

                                Posterior  One-Tailed         95% C.I.
    Variable        Estimate       S.D.      P-Value   Lower 2.5%  Upper 2.5%

    POSTEMP            0.829       0.071      0.000       0.679       0.956
    EXHIB              0.208       0.077      0.000       0.074       0.372
    ENTITL             0.129       0.066      0.000       0.026       0.281
    DETACH             0.953       0.051      0.000       0.808       0.998
    MPS_WBR            0.749       0.070      0.000       0.603       0.876
    MPS_SPR            0.204       0.076      0.000       0.071       0.366
    MPS_SCR            0.716       0.063      0.000       0.591       0.839


TECHNICAL 1 OUTPUT


     PARAMETER SPECIFICATION


           NU
              POSTEMP       EXHIB         ENTITL        DETACH        MPS_WBR
              ________      ________      ________      ________      ________
                    1             2             3             4             5


           NU
              MPS_SPR       MPS_SCR
              ________      ________
                    6             7


           LAMBDA
              AGENTIC       AFFILIAT
              ________      ________
 POSTEMP            8             0
 EXHIB              9             0
 ENTITL            10             0
 DETACH             0            11
 MPS_WBR           12             0
 MPS_SPR           13             0
 MPS_SCR            0            14


           THETA
              POSTEMP       EXHIB         ENTITL        DETACH        MPS_WBR
              ________      ________      ________      ________      ________
 POSTEMP           15
 EXHIB              0            16
 ENTITL             0             0            17
 DETACH             0             0             0            18
 MPS_WBR            0             0             0             0            19
 MPS_SPR            0            20             0             0             0
 MPS_SCR            0             0             0             0             0


           THETA
              MPS_SPR       MPS_SCR
              ________      ________
 MPS_SPR           21
 MPS_SCR            0            22


           ALPHA
              AGENTIC       AFFILIAT
              ________      ________
                    0             0


           BETA
              AGENTIC       AFFILIAT
              ________      ________
 AGENTIC            0             0
 AFFILIAT           0             0


           PSI
              AGENTIC       AFFILIAT
              ________      ________
 AGENTIC            0
 AFFILIAT          23             0


     STARTING VALUES


           NU
              POSTEMP       EXHIB         ENTITL        DETACH        MPS_WBR
              ________      ________      ________      ________      ________
                0.000         0.000         0.000         0.000         0.000


           NU
              MPS_SPR       MPS_SCR
              ________      ________
                0.000         0.000


           LAMBDA
              AGENTIC       AFFILIAT
              ________      ________
 POSTEMP        1.000         0.000
 EXHIB          1.000         0.000
 ENTITL         1.000         0.000
 DETACH         0.000         1.000
 MPS_WBR        1.000         0.000
 MPS_SPR        1.000         0.000
 MPS_SCR        0.000         1.000


           THETA
              POSTEMP       EXHIB         ENTITL        DETACH        MPS_WBR
              ________      ________      ________      ________      ________
 POSTEMP        0.495
 EXHIB          0.000         0.495
 ENTITL         0.000         0.000         0.495
 DETACH         0.000         0.000         0.000         0.495
 MPS_WBR        0.000         0.000         0.000         0.000         0.495
 MPS_SPR        0.000         0.000         0.000         0.000         0.000
 MPS_SCR        0.000         0.000         0.000         0.000         0.000


           THETA
              MPS_SPR       MPS_SCR
              ________      ________
 MPS_SPR        0.495
 MPS_SCR        0.000         0.495


           ALPHA
              AGENTIC       AFFILIAT
              ________      ________
                0.000         0.000


           BETA
              AGENTIC       AFFILIAT
              ________      ________
 AGENTIC        0.000         0.000
 AFFILIAT       0.000         0.000


           PSI
              AGENTIC       AFFILIAT
              ________      ________
 AGENTIC        1.000
 AFFILIAT       0.000         1.000



     PRIORS FOR ALL PARAMETERS            PRIOR MEAN      PRIOR VARIANCE     PRIOR STD. DEV.

     Parameter 1~N(0.000,infinity)           0.0000            infinity            infinity
     Parameter 2~N(0.000,infinity)           0.0000            infinity            infinity
     Parameter 3~N(0.000,infinity)           0.0000            infinity            infinity
     Parameter 4~N(0.000,infinity)           0.0000            infinity            infinity
     Parameter 5~N(0.000,infinity)           0.0000            infinity            infinity
     Parameter 6~N(0.000,infinity)           0.0000            infinity            infinity
     Parameter 7~N(0.000,infinity)           0.0000            infinity            infinity
     Parameter 8~N(0.000,infinity)           0.0000            infinity            infinity
     Parameter 9~N(0.000,infinity)           0.0000            infinity            infinity
     Parameter 10~N(0.000,infinity)          0.0000            infinity            infinity
     Parameter 11~N(0.000,infinity)          0.0000            infinity            infinity
     Parameter 12~N(0.000,infinity)          0.0000            infinity            infinity
     Parameter 13~N(0.000,infinity)          0.0000            infinity            infinity
     Parameter 14~N(0.000,infinity)          0.0000            infinity            infinity
     Parameter 15~IG(-1.000,0.000)         infinity            infinity            infinity
     Parameter 16~IW(0.000,-3)             infinity            infinity            infinity
     Parameter 17~IG(-1.000,0.000)         infinity            infinity            infinity
     Parameter 18~IG(-1.000,0.000)         infinity            infinity            infinity
     Parameter 19~IG(-1.000,0.000)         infinity            infinity            infinity
     Parameter 20~IW(0.000,-3)             infinity            infinity            infinity
     Parameter 21~IW(0.000,-3)             infinity            infinity            infinity
     Parameter 22~IG(-1.000,0.000)         infinity            infinity            infinity
     Parameter 23~IW(0.000,-3)


TECHNICAL 8 OUTPUT


   TECHNICAL 8 OUTPUT FOR BAYES ESTIMATION

     CHAIN    BSEED
     1        0
     2        285380
     3        253358
     4        93468

                     POTENTIAL       PARAMETER WITH
     ITERATION    SCALE REDUCTION      HIGHEST PSR
     100              1.641               18
     200              1.487               15
     300              1.100               1
     400              1.065               18
     500              1.120               1
     600              1.080               18
     700              1.048               18
     800              1.061               11
     900              1.044               11
     1000             1.035               11
     1100             1.050               11
     1200             1.058               4
     1300             1.031               11
     1400             1.030               18
     1500             1.035               18
     1600             1.039               18
     1700             1.046               11
     1800             1.051               18
     1900             1.034               18
     2000             1.027               11
     2100             1.023               18
     2200             1.023               18
     2300             1.019               11
     2400             1.025               11
     2500             1.023               11
     2600             1.027               11
     2700             1.019               11
     2800             1.016               11
     2900             1.015               4
     3000             1.025               4
     3100             1.030               4
     3200             1.029               4
     3300             1.028               4
     3400             1.024               4
     3500             1.014               4
     3600             1.013               4
     3700             1.019               18
     3800             1.022               18
     3900             1.019               18
     4000             1.015               14
     4100             1.016               4
     4200             1.016               14
     4300             1.016               11
     4400             1.015               14
     4500             1.014               14
     4600             1.015               14
     4700             1.016               14
     4800             1.017               14
     4900             1.016               14
     5000             1.014               14
     5100             1.013               11
     5200             1.013               11
     5300             1.012               11
     5400             1.013               14
     5500             1.013               11
     5600             1.012               14
     5700             1.013               14
     5800             1.012               14
     5900             1.013               14
     6000             1.013               11
     6100             1.013               11
     6200             1.013               18
     6300             1.013               18
     6400             1.012               18
     6500             1.011               11
     6600             1.010               18
     6700             1.010               18
     6800             1.008               18
     6900             1.007               11
     7000             1.009               11
     7100             1.010               11
     7200             1.010               11
     7300             1.009               11
     7400             1.008               11
     7500             1.006               11
     7600             1.006               11
     7700             1.006               11
     7800             1.007               11
     7900             1.007               11
     8000             1.006               11
     8100             1.007               11
     8200             1.008               4
     8300             1.007               4
     8400             1.006               4
     8500             1.004               11
     8600             1.005               1
     8700             1.005               18
     8800             1.006               18
     8900             1.005               1
     9000             1.007               1
     9100             1.007               4
     9200             1.007               1
     9300             1.006               1
     9400             1.006               1
     9500             1.006               1
     9600             1.008               18
     9700             1.009               18
     9800             1.010               18
     9900             1.009               18
     10000            1.008               18
     10100            1.007               18
     10200            1.007               18
     10300            1.007               18
     10400            1.008               18
     10500            1.008               18
     10600            1.007               18
     10700            1.005               18
     10800            1.005               18
     10900            1.004               18
     11000            1.005               18
     11100            1.007               18
     11200            1.008               18
     11300            1.007               18
     11400            1.006               18
     11500            1.005               18
     11600            1.006               18
     11700            1.006               18
     11800            1.006               18
     11900            1.007               18
     12000            1.008               18
     12100            1.009               18
     12200            1.012               18
     12300            1.013               18
     12400            1.012               18
     12500            1.010               18
     12600            1.010               18
     12700            1.010               18
     12800            1.010               18
     12900            1.008               18
     13000            1.008               18
     13100            1.009               18
     13200            1.007               18
     13300            1.007               15
     13400            1.007               18
     13500            1.008               18
     13600            1.008               18
     13700            1.007               18
     13800            1.007               18
     13900            1.007               18
     14000            1.008               18
     14100            1.007               18
     14200            1.006               4
     14300            1.006               4
     14400            1.006               4
     14500            1.005               4
     14600            1.006               4
     14700            1.006               4
     14800            1.006               4
     14900            1.005               4
     15000            1.006               4


SUMMARIES OF PLAUSIBLE VALUES (N = NUMBER OF OBSERVATIONS * NUMBER OF IMPUTATIONS)


     SAMPLE STATISTICS


           Means
              AGENTIC       AFFILIAT
              ________      ________
                0.012        -0.019


           Covariances
              AGENTIC       AFFILIAT
              ________      ________
 AGENTIC        0.941
 AFFILIAT      -0.525         0.963


           Correlations
              AGENTIC       AFFILIAT
              ________      ________
 AGENTIC        1.000
 AFFILIAT      -0.551         1.000


SUMMARY OF PLAUSIBLE STANDARD DEVIATION (N = NUMBER OF OBSERVATIONS)


     SAMPLE STATISTICS


           Means
              AGENTIC_      AFFILIAT
              ________      ________
                0.341         0.252


           Covariances
              AGENTIC_      AFFILIAT
              ________      ________
 AGENTIC_       0.000
 AFFILIAT       0.000         0.000


           Correlations
              AGENTIC_      AFFILIAT
              ________      ________
 AGENTIC_       1.000
 AFFILIAT       0.200         1.000


SAVEDATA INFORMATION


  Save file
    Dom_bsem_cfa_fscores.dat

  Order and format of variables

    POSTEMP                          F10.3
    EXHIB                            F10.3
    ENTITL                           F10.3
    DETACH                           F10.3
    MPS_WBR                          F10.3
    MPS_SPR                          F10.3
    MPS_SCR                          F10.3
    AGENTIC Mean                     F10.3
    AGENTIC Median                   F10.3
    AGENTIC Standard Deviation       F10.3
    AGENTIC 2.5% Value               F10.3
    AGENTIC 97.5% Value              F10.3
    AFFILIAT Mean                    F10.3
    AFFILIAT Median                  F10.3
    AFFILIAT Standard Deviation      F10.3
    AFFILIAT 2.5% Value              F10.3
    AFFILIAT 97.5% Value             F10.3
    SUBJECT                          I4

  Save file format
    17F10.3 I4

  Save file record length    10000


     Beginning Time:  11:55:12
        Ending Time:  11:55:19
       Elapsed Time:  00:00:07



MUTHEN & MUTHEN
3463 Stoner Ave.
Los Angeles, CA  90066

Tel: (310) 391-9971
Fax: (310) 391-8971
Web: www.StatModel.com
Support: Support@StatModel.com

Copyright (c) 1998-2019 Muthen & Muthen
